# ["--data_set_name=dim[4, 4, 4]_dist10-0_scale10_upsampleTrue_balancedFalse.ds", "--n_epochs=60", "--batch_size=32", "--learning_rate=0.0005", "--hidden_size=128", "--temperature=1.5", "--temp_update=0.97", "--length_cost=0.0", "--vocab_size_factor=3"]
data loaded from: ../zoo/intentional_game/data/dim[4, 4, 4]_dist10-0_scale10_upsampleTrue_balancedFalse.ds

opts
 Namespace(batch_size=32, checkpoint_dir=None, checkpoint_freq=0, cuda=True, data_set_name='dim[4, 4, 4]_dist10-0_scale10_upsampleTrue_balancedFalse.ds', device=device(type='cuda'), distributed_context=DistributedContext(is_distributed=False, rank=0, local_rank=0, world_size=1, mode='none'), distributed_port=18363, fp16=False, hidden_size=128, learning_rate=0.0005, length_cost=0.0, load_from_checkpoint=None, lr=0.01, max_len=1, mode='gs', n_epochs=60, no_cuda=False, optimizer='adam', preemptable=False, random_seed=2050511946, receiver_cell='gru', save_interaction_freq=0, sender_cell='gru', temp_update=0.97, temperature=1.5, tensorboard=False, tensorboard_dir='runs/', update_freq=1, validation_freq=1, vocab_size=10, vocab_size_factor=3)
{"loss": 2.4074833393096924, "acc": 0.07041706889867783, "length": 3.6010873317718506, "mode": "train", "epoch": 1}
{"loss": 2.399578332901001, "acc": 0.08877284824848175, "length": 1.0, "mode": "test", "epoch": 1}
{"loss": 2.404446840286255, "acc": 0.0944051742553711, "length": 3.3303723335266113, "mode": "train", "epoch": 2}
{"loss": 2.394075393676758, "acc": 0.08877284824848175, "length": 1.0, "mode": "test", "epoch": 2}
{"loss": 2.389375686645508, "acc": 0.09255534410476685, "length": 2.2094953060150146, "mode": "train", "epoch": 3}
{"loss": 2.367600202560425, "acc": 0.09138381481170654, "length": 2.182767629623413, "mode": "test", "epoch": 3}
{"loss": 2.3626716136932373, "acc": 0.10365080833435059, "length": 2.4141788482666016, "mode": "train", "epoch": 4}
{"loss": 2.3448684215545654, "acc": 0.1436031311750412, "length": 1.9399477243423462, "mode": "test", "epoch": 4}
{"loss": 2.309703826904297, "acc": 0.14076727628707886, "length": 2.1420042514801025, "mode": "train", "epoch": 5}
{"loss": 2.3262453079223633, "acc": 0.1409921646118164, "length": 1.6788511276245117, "mode": "test", "epoch": 5}
{"loss": 2.265948534011841, "acc": 0.14594347774982452, "length": 2.215404510498047, "mode": "train", "epoch": 6}
{"loss": 2.257925033569336, "acc": 0.18276762962341309, "length": 2.1279373168945312, "mode": "test", "epoch": 6}
{"loss": 2.2275431156158447, "acc": 0.1798601895570755, "length": 2.255204200744629, "mode": "train", "epoch": 7}
{"loss": 2.228023052215576, "acc": 0.19321148097515106, "length": 2.088772773742676, "mode": "test", "epoch": 7}
{"loss": 2.1989850997924805, "acc": 0.19299696385860443, "length": 2.2994143962860107, "mode": "train", "epoch": 8}
{"loss": 2.203054189682007, "acc": 0.20626631379127502, "length": 2.1174933910369873, "mode": "test", "epoch": 8}
{"loss": 2.1558821201324463, "acc": 0.18626858294010162, "length": 2.2992794513702393, "mode": "train", "epoch": 9}
{"loss": 2.1364810466766357, "acc": 0.23759791254997253, "length": 2.3133158683776855, "mode": "test", "epoch": 9}
{"loss": 2.115183115005493, "acc": 0.2068493813276291, "length": 2.5137014389038086, "mode": "train", "epoch": 10}
{"loss": 2.132927894592285, "acc": 0.23498694598674774, "length": 2.785900831222534, "mode": "test", "epoch": 10}
{"loss": 2.094381332397461, "acc": 0.21457768976688385, "length": 2.662653684616089, "mode": "train", "epoch": 11}
{"loss": 2.162794589996338, "acc": 0.2480417788028717, "length": 2.885117530822754, "mode": "test", "epoch": 11}
{"loss": 2.057079792022705, "acc": 0.23691649734973907, "length": 2.682162284851074, "mode": "train", "epoch": 12}
{"loss": 2.1545958518981934, "acc": 0.23237597942352295, "length": 2.7467362880706787, "mode": "test", "epoch": 12}
{"loss": 2.02813458442688, "acc": 0.247092604637146, "length": 2.8083291053771973, "mode": "train", "epoch": 13}
{"loss": 2.128918409347534, "acc": 0.23498694598674774, "length": 2.5274150371551514, "mode": "test", "epoch": 13}
{"loss": 2.0066921710968018, "acc": 0.2512269914150238, "length": 2.743544101715088, "mode": "train", "epoch": 14}
{"loss": 2.0698318481445312, "acc": 0.2584856450557709, "length": 2.762402057647705, "mode": "test", "epoch": 14}
{"loss": 1.9565563201904297, "acc": 0.2687110900878906, "length": 2.8201828002929688, "mode": "train", "epoch": 15}
{"loss": 2.050896644592285, "acc": 0.2506527304649353, "length": 2.545691967010498, "mode": "test", "epoch": 15}
{"loss": 1.9192475080490112, "acc": 0.30076080560684204, "length": 2.730736017227173, "mode": "train", "epoch": 16}
{"loss": 2.0580508708953857, "acc": 0.31070494651794434, "length": 2.809399366378784, "mode": "test", "epoch": 16}
{"loss": 1.8763872385025024, "acc": 0.339686781167984, "length": 2.808621883392334, "mode": "train", "epoch": 17}
{"loss": 1.9478867053985596, "acc": 0.30026111006736755, "length": 2.853785991668701, "mode": "test", "epoch": 17}
{"loss": 1.8337726593017578, "acc": 0.33040228486061096, "length": 2.869354248046875, "mode": "train", "epoch": 18}
{"loss": 1.8927323818206787, "acc": 0.30548304319381714, "length": 2.783289909362793, "mode": "test", "epoch": 18}
{"loss": 1.799803376197815, "acc": 0.36441004276275635, "length": 2.856091260910034, "mode": "train", "epoch": 19}
{"loss": 1.8541672229766846, "acc": 0.3211488127708435, "length": 2.7545692920684814, "mode": "test", "epoch": 19}
{"loss": 1.750882863998413, "acc": 0.38368847966194153, "length": 2.9489450454711914, "mode": "train", "epoch": 20}
{"loss": 1.8116706609725952, "acc": 0.3263707458972931, "length": 2.7206265926361084, "mode": "test", "epoch": 20}
{"loss": 1.7439507246017456, "acc": 0.40186402201652527, "length": 2.854316234588623, "mode": "train", "epoch": 21}
{"loss": 1.7973544597625732, "acc": 0.352480411529541, "length": 2.6501305103302, "mode": "test", "epoch": 21}
{"loss": 1.6969711780548096, "acc": 0.3995710015296936, "length": 2.8095877170562744, "mode": "train", "epoch": 22}
{"loss": 1.7730201482772827, "acc": 0.37075719237327576, "length": 2.762402057647705, "mode": "test", "epoch": 22}
{"loss": 1.664131760597229, "acc": 0.4059874415397644, "length": 2.8148155212402344, "mode": "train", "epoch": 23}
{"loss": 1.747316598892212, "acc": 0.37075719237327576, "length": 2.6501305103302, "mode": "test", "epoch": 23}
{"loss": 1.6235824823379517, "acc": 0.4210115671157837, "length": 2.7758381366729736, "mode": "train", "epoch": 24}
{"loss": 1.7549360990524292, "acc": 0.3942558765411377, "length": 2.7101826667785645, "mode": "test", "epoch": 24}
{"loss": 1.5716402530670166, "acc": 0.43263691663742065, "length": 2.7769999504089355, "mode": "train", "epoch": 25}
{"loss": 1.7146062850952148, "acc": 0.41775456070899963, "length": 2.6736292839050293, "mode": "test", "epoch": 25}
{"loss": 1.5261272192001343, "acc": 0.4573745131492615, "length": 2.774592161178589, "mode": "train", "epoch": 26}
{"loss": 1.651465654373169, "acc": 0.4281984269618988, "length": 2.681462049484253, "mode": "test", "epoch": 26}
{"loss": 1.4958510398864746, "acc": 0.45923706889152527, "length": 2.8230082988739014, "mode": "train", "epoch": 27}
{"loss": 1.5925545692443848, "acc": 0.45430809259414673, "length": 2.647519588470459, "mode": "test", "epoch": 27}
{"loss": 1.4733633995056152, "acc": 0.4772321879863739, "length": 2.758023262023926, "mode": "train", "epoch": 28}
{"loss": 1.62535560131073, "acc": 0.438642293214798, "length": 2.8328981399536133, "mode": "test", "epoch": 28}
{"loss": 1.417487382888794, "acc": 0.4867101311683655, "length": 2.826526165008545, "mode": "train", "epoch": 29}
{"loss": 1.5125410556793213, "acc": 0.4595300257205963, "length": 2.7467362880706787, "mode": "test", "epoch": 29}
{"loss": 1.3927921056747437, "acc": 0.488152414560318, "length": 2.780651569366455, "mode": "train", "epoch": 30}
{"loss": 1.4638245105743408, "acc": 0.4725848436355591, "length": 2.8015666007995605, "mode": "test", "epoch": 30}
{"loss": 1.3759523630142212, "acc": 0.5102715492248535, "length": 2.8334946632385254, "mode": "train", "epoch": 31}
{"loss": 1.4722933769226074, "acc": 0.4908616244792938, "length": 2.793733596801758, "mode": "test", "epoch": 31}
{"loss": 1.3407261371612549, "acc": 0.5125938057899475, "length": 2.833080291748047, "mode": "train", "epoch": 32}
{"loss": 1.4558709859848022, "acc": 0.5039164423942566, "length": 2.7362923622131348, "mode": "test", "epoch": 32}
{"loss": 1.328961730003357, "acc": 0.5076300501823425, "length": 2.750777244567871, "mode": "train", "epoch": 33}
{"loss": 1.3875744342803955, "acc": 0.522193193435669, "length": 2.759791135787964, "mode": "test", "epoch": 33}
{"loss": 1.3081003427505493, "acc": 0.5207926630973816, "length": 2.79825758934021, "mode": "train", "epoch": 34}
{"loss": 1.4263691902160645, "acc": 0.5248041749000549, "length": 2.718015670776367, "mode": "test", "epoch": 34}
{"loss": 1.2777572870254517, "acc": 0.5395478010177612, "length": 2.7953133583068848, "mode": "train", "epoch": 35}
{"loss": 1.395078182220459, "acc": 0.5300261378288269, "length": 2.7571802139282227, "mode": "test", "epoch": 35}
{"loss": 1.2915879487991333, "acc": 0.5239266157150269, "length": 2.8052573204040527, "mode": "train", "epoch": 36}
{"loss": 1.403691053390503, "acc": 0.522193193435669, "length": 2.759791135787964, "mode": "test", "epoch": 36}
{"loss": 1.2573477029800415, "acc": 0.5312408208847046, "length": 2.7849507331848145, "mode": "train", "epoch": 37}
{"loss": 1.3447027206420898, "acc": 0.5404699444770813, "length": 2.7754569053649902, "mode": "test", "epoch": 37}
{"loss": 1.229170322418213, "acc": 0.555989682674408, "length": 2.817173480987549, "mode": "train", "epoch": 38}
{"loss": 1.3468774557113647, "acc": 0.5639686584472656, "length": 2.7911226749420166, "mode": "test", "epoch": 38}
{"loss": 1.2553129196166992, "acc": 0.5511602163314819, "length": 2.791226387023926, "mode": "train", "epoch": 39}
{"loss": 1.3490936756134033, "acc": 0.5430809259414673, "length": 2.7676241397857666, "mode": "test", "epoch": 39}
{"loss": 1.2213337421417236, "acc": 0.5566403865814209, "length": 2.8309643268585205, "mode": "train", "epoch": 40}
{"loss": 1.3346962928771973, "acc": 0.5456919074058533, "length": 2.817232370376587, "mode": "test", "epoch": 40}
{"loss": 1.1963512897491455, "acc": 0.560554027557373, "length": 2.861968994140625, "mode": "train", "epoch": 41}
{"loss": 1.3334221839904785, "acc": 0.5430809259414673, "length": 2.7989556789398193, "mode": "test", "epoch": 41}
{"loss": 1.1766201257705688, "acc": 0.5701430439949036, "length": 2.8386142253875732, "mode": "train", "epoch": 42}
{"loss": 1.2590439319610596, "acc": 0.5744125247001648, "length": 2.8146214485168457, "mode": "test", "epoch": 42}
{"loss": 1.1359513998031616, "acc": 0.586857259273529, "length": 2.846346616744995, "mode": "train", "epoch": 43}
{"loss": 1.2638869285583496, "acc": 0.5509138107299805, "length": 2.7806787490844727, "mode": "test", "epoch": 43}
{"loss": 1.1498218774795532, "acc": 0.5648789405822754, "length": 2.8238861560821533, "mode": "train", "epoch": 44}
{"loss": 1.2354283332824707, "acc": 0.5770235061645508, "length": 2.7885117530822754, "mode": "test", "epoch": 44}
{"loss": 1.1872305870056152, "acc": 0.5774792432785034, "length": 2.853511333465576, "mode": "train", "epoch": 45}
{"loss": 1.2913336753845215, "acc": 0.5587467551231384, "length": 2.759791135787964, "mode": "test", "epoch": 45}
{"loss": 1.134802222251892, "acc": 0.5732311606407166, "length": 2.8075029850006104, "mode": "train", "epoch": 46}
{"loss": 1.2741206884384155, "acc": 0.5613576769828796, "length": 2.8224542140960693, "mode": "test", "epoch": 46}
{"loss": 1.1145917177200317, "acc": 0.5929293632507324, "length": 2.880269765853882, "mode": "train", "epoch": 47}
{"loss": 1.2484475374221802, "acc": 0.5900783538818359, "length": 2.806788444519043, "mode": "test", "epoch": 47}
{"loss": 1.1358418464660645, "acc": 0.5938845276832581, "length": 2.8797760009765625, "mode": "train", "epoch": 48}
{"loss": 1.1890168190002441, "acc": 0.582245409488678, "length": 2.8798954486846924, "mode": "test", "epoch": 48}
{"loss": 1.0948054790496826, "acc": 0.6070958971977234, "length": 2.8918685913085938, "mode": "train", "epoch": 49}
{"loss": 1.1737618446350098, "acc": 0.58746737241745, "length": 2.7650129795074463, "mode": "test", "epoch": 49}
{"loss": 1.0605045557022095, "acc": 0.6124604940414429, "length": 2.8380022048950195, "mode": "train", "epoch": 50}
{"loss": 1.1166765689849854, "acc": 0.6057441234588623, "length": 2.8459529876708984, "mode": "test", "epoch": 50}
{"loss": 1.041896939277649, "acc": 0.622423529624939, "length": 2.849806547164917, "mode": "train", "epoch": 51}
{"loss": 1.1028183698654175, "acc": 0.6057441234588623, "length": 2.8433420658111572, "mode": "test", "epoch": 51}
{"loss": 1.0152344703674316, "acc": 0.6270388960838318, "length": 2.9176979064941406, "mode": "train", "epoch": 52}
{"loss": 1.1554244756698608, "acc": 0.5979112386703491, "length": 2.851174831390381, "mode": "test", "epoch": 52}
{"loss": 0.9927891492843628, "acc": 0.6400263905525208, "length": 2.8999431133270264, "mode": "train", "epoch": 53}
{"loss": 1.1138036251068115, "acc": 0.6292428374290466, "length": 2.8720626831054688, "mode": "test", "epoch": 53}
{"loss": 1.0123827457427979, "acc": 0.6429828405380249, "length": 2.891805410385132, "mode": "train", "epoch": 54}
{"loss": 1.1461929082870483, "acc": 0.6214098930358887, "length": 2.8798954486846924, "mode": "test", "epoch": 54}
{"loss": 1.0308022499084473, "acc": 0.6237665414810181, "length": 2.8759946823120117, "mode": "train", "epoch": 55}
{"loss": 1.1209534406661987, "acc": 0.6240208745002747, "length": 2.8720626831054688, "mode": "test", "epoch": 55}
{"loss": 1.0328679084777832, "acc": 0.6208086013793945, "length": 2.87190842628479, "mode": "train", "epoch": 56}
{"loss": 1.1296675205230713, "acc": 0.6031331419944763, "length": 2.838120222091675, "mode": "test", "epoch": 56}
{"loss": 0.978908121585846, "acc": 0.6460497975349426, "length": 2.8753139972686768, "mode": "train", "epoch": 57}
{"loss": 1.1768653392791748, "acc": 0.6083551049232483, "length": 2.8694517612457275, "mode": "test", "epoch": 57}
{"loss": 0.9666261672973633, "acc": 0.6483401656150818, "length": 2.8491697311401367, "mode": "train", "epoch": 58}
{"loss": 1.1100809574127197, "acc": 0.6318537592887878, "length": 2.9138381481170654, "mode": "test", "epoch": 58}
{"loss": 0.977533221244812, "acc": 0.651673436164856, "length": 2.8951377868652344, "mode": "train", "epoch": 59}
{"loss": 1.0638067722320557, "acc": 0.6266318559646606, "length": 2.9060051441192627, "mode": "test", "epoch": 59}
{"loss": 0.9955155253410339, "acc": 0.6401973366737366, "length": 2.910849094390869, "mode": "train", "epoch": 60}
{"loss": 1.1590862274169922, "acc": 0.6057441234588623, "length": 2.9138381481170654, "mode": "test", "epoch": 60}
test accuracy: 0.3205128312110901
