# ["--data_set_name=dim[4, 4, 4]_dist10-0_scale10_upsampleTrue_balancedFalse.ds", "--n_epochs=60", "--batch_size=32", "--learning_rate=0.0005", "--hidden_size=128", "--temperature=1.5", "--temp_update=0.99", "--length_cost=0.0", "--vocab_size_factor=3"]
data loaded from: ../zoo/intentional_game/data/dim[4, 4, 4]_dist10-0_scale10_upsampleTrue_balancedFalse.ds

opts
 Namespace(batch_size=32, checkpoint_dir=None, checkpoint_freq=0, cuda=True, data_set_name='dim[4, 4, 4]_dist10-0_scale10_upsampleTrue_balancedFalse.ds', device=device(type='cuda'), distributed_context=DistributedContext(is_distributed=False, rank=0, local_rank=0, world_size=1, mode='none'), distributed_port=18363, fp16=False, hidden_size=128, learning_rate=0.0005, length_cost=0.0, load_from_checkpoint=None, lr=0.01, max_len=1, mode='gs', n_epochs=60, no_cuda=False, optimizer='adam', preemptable=False, random_seed=3825933, receiver_cell='gru', save_interaction_freq=0, sender_cell='gru', temp_update=0.99, temperature=1.5, tensorboard=False, tensorboard_dir='runs/', update_freq=1, validation_freq=1, vocab_size=10, vocab_size_factor=3)
{"loss": 2.4092729091644287, "acc": 0.06715348362922668, "length": 3.614656686782837, "mode": "train", "epoch": 1}
{"loss": 2.3939831256866455, "acc": 0.09138381481170654, "length": 1.0, "mode": "test", "epoch": 1}
{"loss": 2.398366928100586, "acc": 0.07780187577009201, "length": 3.4624404907226562, "mode": "train", "epoch": 2}
{"loss": 2.3900845050811768, "acc": 0.12532636523246765, "length": 1.4543081521987915, "mode": "test", "epoch": 2}
{"loss": 2.3874478340148926, "acc": 0.10356064140796661, "length": 3.19209885597229, "mode": "train", "epoch": 3}
{"loss": 2.3579330444335938, "acc": 0.10182767361402512, "length": 3.2637076377868652, "mode": "test", "epoch": 3}
{"loss": 2.312859535217285, "acc": 0.1396825611591339, "length": 3.6952996253967285, "mode": "train", "epoch": 4}
{"loss": 2.4025089740753174, "acc": 0.10443864017724991, "length": 4.0, "mode": "test", "epoch": 4}
{"loss": 2.269200325012207, "acc": 0.14466774463653564, "length": 3.7168450355529785, "mode": "train", "epoch": 5}
{"loss": 2.3739712238311768, "acc": 0.13054829835891724, "length": 3.9138381481170654, "mode": "test", "epoch": 5}
{"loss": 2.249807834625244, "acc": 0.16107183694839478, "length": 3.752702474594116, "mode": "train", "epoch": 6}
{"loss": 2.457209348678589, "acc": 0.13315926492214203, "length": 4.0, "mode": "test", "epoch": 6}
{"loss": 2.2377259731292725, "acc": 0.1755516082048416, "length": 3.8301663398742676, "mode": "train", "epoch": 7}
{"loss": 2.499392032623291, "acc": 0.11227153986692429, "length": 4.0, "mode": "test", "epoch": 7}
{"loss": 2.2137291431427, "acc": 0.17814765870571136, "length": 3.8583600521087646, "mode": "train", "epoch": 8}
{"loss": 2.4926276206970215, "acc": 0.1409921646118164, "length": 4.0, "mode": "test", "epoch": 8}
{"loss": 2.187455415725708, "acc": 0.19530197978019714, "length": 3.8812003135681152, "mode": "train", "epoch": 9}
{"loss": 2.457667350769043, "acc": 0.15404699742794037, "length": 4.0, "mode": "test", "epoch": 9}
{"loss": 2.157543659210205, "acc": 0.20993420481681824, "length": 3.89206862449646, "mode": "train", "epoch": 10}
{"loss": 2.3600001335144043, "acc": 0.1801566630601883, "length": 4.0, "mode": "test", "epoch": 10}
{"loss": 2.0893516540527344, "acc": 0.2698066830635071, "length": 3.911652088165283, "mode": "train", "epoch": 11}
{"loss": 2.2887377738952637, "acc": 0.2167101800441742, "length": 4.0, "mode": "test", "epoch": 11}
{"loss": 1.9826174974441528, "acc": 0.3235936462879181, "length": 3.9264771938323975, "mode": "train", "epoch": 12}
{"loss": 2.1782374382019043, "acc": 0.2845953106880188, "length": 4.0, "mode": "test", "epoch": 12}
{"loss": 1.8887865543365479, "acc": 0.3288392722606659, "length": 3.9125115871429443, "mode": "train", "epoch": 13}
{"loss": 2.097097158432007, "acc": 0.30809399485588074, "length": 3.989556074142456, "mode": "test", "epoch": 13}
{"loss": 1.780486822128296, "acc": 0.36149734258651733, "length": 3.926018714904785, "mode": "train", "epoch": 14}
{"loss": 2.013261318206787, "acc": 0.31070494651794434, "length": 4.0, "mode": "test", "epoch": 14}
{"loss": 1.7039105892181396, "acc": 0.38724541664123535, "length": 3.956653118133545, "mode": "train", "epoch": 15}
{"loss": 1.9555772542953491, "acc": 0.3237597942352295, "length": 4.0, "mode": "test", "epoch": 15}
{"loss": 1.627470850944519, "acc": 0.44358909130096436, "length": 3.9662818908691406, "mode": "train", "epoch": 16}
{"loss": 1.9500164985656738, "acc": 0.34725847840309143, "length": 4.0, "mode": "test", "epoch": 16}
{"loss": 1.6120980978012085, "acc": 0.4389600157737732, "length": 3.974536180496216, "mode": "train", "epoch": 17}
{"loss": 1.901186227798462, "acc": 0.37075719237327576, "length": 4.0, "mode": "test", "epoch": 17}
{"loss": 1.5346301794052124, "acc": 0.45895159244537354, "length": 3.979043960571289, "mode": "train", "epoch": 18}
{"loss": 1.8291456699371338, "acc": 0.3942558765411377, "length": 4.0, "mode": "test", "epoch": 18}
{"loss": 1.5239685773849487, "acc": 0.4719194173812866, "length": 3.975879192352295, "mode": "train", "epoch": 19}
{"loss": 1.8174303770065308, "acc": 0.40731069445610046, "length": 4.0, "mode": "test", "epoch": 19}
{"loss": 1.4563218355178833, "acc": 0.5044721364974976, "length": 3.9838638305664062, "mode": "train", "epoch": 20}
{"loss": 1.7926437854766846, "acc": 0.4229764938354492, "length": 4.0, "mode": "test", "epoch": 20}
{"loss": 1.4280411005020142, "acc": 0.5073859095573425, "length": 3.986578941345215, "mode": "train", "epoch": 21}
{"loss": 1.6150293350219727, "acc": 0.4699738919734955, "length": 4.0, "mode": "test", "epoch": 21}
{"loss": 1.3793238401412964, "acc": 0.521129310131073, "length": 3.9894731044769287, "mode": "train", "epoch": 22}
{"loss": 1.6468291282653809, "acc": 0.4621409773826599, "length": 4.0, "mode": "test", "epoch": 22}
{"loss": 1.3648313283920288, "acc": 0.5234252214431763, "length": 3.9913952350616455, "mode": "train", "epoch": 23}
{"loss": 1.5937633514404297, "acc": 0.48825064301490784, "length": 4.0, "mode": "test", "epoch": 23}
{"loss": 1.3315391540527344, "acc": 0.5239831805229187, "length": 3.990619659423828, "mode": "train", "epoch": 24}
{"loss": 1.566636323928833, "acc": 0.4699738919734955, "length": 4.0, "mode": "test", "epoch": 24}
{"loss": 1.3049037456512451, "acc": 0.5491407513618469, "length": 3.9930882453918457, "mode": "train", "epoch": 25}
{"loss": 1.5291551351547241, "acc": 0.4934725761413574, "length": 4.0, "mode": "test", "epoch": 25}
{"loss": 1.2583180665969849, "acc": 0.547153651714325, "length": 3.994020462036133, "mode": "train", "epoch": 26}
{"loss": 1.4969818592071533, "acc": 0.4908616244792938, "length": 4.0, "mode": "test", "epoch": 26}
{"loss": 1.216424584388733, "acc": 0.5784674882888794, "length": 3.9950358867645264, "mode": "train", "epoch": 27}
{"loss": 1.430891752243042, "acc": 0.5039164423942566, "length": 4.0, "mode": "test", "epoch": 27}
{"loss": 1.184574007987976, "acc": 0.5830705761909485, "length": 3.997056245803833, "mode": "train", "epoch": 28}
{"loss": 1.4542813301086426, "acc": 0.5143603086471558, "length": 4.0, "mode": "test", "epoch": 28}
{"loss": 1.178186058998108, "acc": 0.5900446176528931, "length": 3.997307538986206, "mode": "train", "epoch": 29}
{"loss": 1.3959670066833496, "acc": 0.5065274238586426, "length": 4.0, "mode": "test", "epoch": 29}
{"loss": 1.152635097503662, "acc": 0.5856992602348328, "length": 3.996783494949341, "mode": "train", "epoch": 30}
{"loss": 1.3977630138397217, "acc": 0.5248041749000549, "length": 4.0, "mode": "test", "epoch": 30}
{"loss": 1.1047167778015137, "acc": 0.6153357625007629, "length": 3.9978604316711426, "mode": "train", "epoch": 31}
{"loss": 1.353350043296814, "acc": 0.5561357736587524, "length": 4.0, "mode": "test", "epoch": 31}
{"loss": 1.088623285293579, "acc": 0.5961012840270996, "length": 3.997979164123535, "mode": "train", "epoch": 32}
{"loss": 1.3554290533065796, "acc": 0.5561357736587524, "length": 4.0, "mode": "test", "epoch": 32}
{"loss": 1.0809048414230347, "acc": 0.6186830401420593, "length": 3.9970614910125732, "mode": "train", "epoch": 33}
{"loss": 1.3633167743682861, "acc": 0.5430809259414673, "length": 4.0, "mode": "test", "epoch": 33}
{"loss": 1.039420247077942, "acc": 0.6249091029167175, "length": 3.9987881183624268, "mode": "train", "epoch": 34}
{"loss": 1.356670618057251, "acc": 0.5665796399116516, "length": 4.0, "mode": "test", "epoch": 34}
{"loss": 1.0657594203948975, "acc": 0.6241660714149475, "length": 3.9989752769470215, "mode": "train", "epoch": 35}
{"loss": 1.2914233207702637, "acc": 0.58746737241745, "length": 4.0, "mode": "test", "epoch": 35}
{"loss": 1.057631015777588, "acc": 0.6276441812515259, "length": 3.996674060821533, "mode": "train", "epoch": 36}
{"loss": 1.3327094316482544, "acc": 0.5639686584472656, "length": 4.0, "mode": "test", "epoch": 36}
{"loss": 0.9861319065093994, "acc": 0.6424607634544373, "length": 3.998971939086914, "mode": "train", "epoch": 37}
{"loss": 1.3795298337936401, "acc": 0.5639686584472656, "length": 4.0, "mode": "test", "epoch": 37}
{"loss": 1.0085386037826538, "acc": 0.6390038132667542, "length": 3.9992358684539795, "mode": "train", "epoch": 38}
{"loss": 1.341120958328247, "acc": 0.5744125247001648, "length": 4.0, "mode": "test", "epoch": 38}
{"loss": 0.9991999864578247, "acc": 0.6400585174560547, "length": 3.9974470138549805, "mode": "train", "epoch": 39}
{"loss": 1.3329497575759888, "acc": 0.5718015432357788, "length": 4.0, "mode": "test", "epoch": 39}
{"loss": 0.9409223198890686, "acc": 0.6608214974403381, "length": 3.999319314956665, "mode": "train", "epoch": 40}
{"loss": 1.3179869651794434, "acc": 0.582245409488678, "length": 4.0, "mode": "test", "epoch": 40}
{"loss": 0.9582384824752808, "acc": 0.6668946146965027, "length": 3.9994657039642334, "mode": "train", "epoch": 41}
{"loss": 1.272014856338501, "acc": 0.6083551049232483, "length": 4.0, "mode": "test", "epoch": 41}
{"loss": 0.9099552631378174, "acc": 0.666614830493927, "length": 3.998932361602783, "mode": "train", "epoch": 42}
{"loss": 1.327280879020691, "acc": 0.5770235061645508, "length": 4.0, "mode": "test", "epoch": 42}
{"loss": 0.9014418125152588, "acc": 0.6877374053001404, "length": 3.999310255050659, "mode": "train", "epoch": 43}
{"loss": 1.2777161598205566, "acc": 0.5953002572059631, "length": 4.0, "mode": "test", "epoch": 43}
{"loss": 0.8887636065483093, "acc": 0.6808522939682007, "length": 3.999635934829712, "mode": "train", "epoch": 44}
{"loss": 1.306485891342163, "acc": 0.6005222201347351, "length": 4.0, "mode": "test", "epoch": 44}
{"loss": 0.8733729720115662, "acc": 0.6983080506324768, "length": 3.9994001388549805, "mode": "train", "epoch": 45}
{"loss": 1.2261048555374146, "acc": 0.6109660863876343, "length": 4.0, "mode": "test", "epoch": 45}
{"loss": 0.8469684720039368, "acc": 0.6739112138748169, "length": 3.9996049404144287, "mode": "train", "epoch": 46}
{"loss": 1.196140170097351, "acc": 0.6318537592887878, "length": 4.0, "mode": "test", "epoch": 46}
{"loss": 0.8129599690437317, "acc": 0.7148578763008118, "length": 3.9993274211883545, "mode": "train", "epoch": 47}
{"loss": 1.2307541370391846, "acc": 0.6214098930358887, "length": 4.0, "mode": "test", "epoch": 47}
{"loss": 0.844549298286438, "acc": 0.6956779956817627, "length": 3.9997057914733887, "mode": "train", "epoch": 48}
{"loss": 1.2392785549163818, "acc": 0.6187989711761475, "length": 4.0, "mode": "test", "epoch": 48}
{"loss": 0.8044269680976868, "acc": 0.714865505695343, "length": 3.9996888637542725, "mode": "train", "epoch": 49}
{"loss": 1.2231216430664062, "acc": 0.6292428374290466, "length": 4.0, "mode": "test", "epoch": 49}
{"loss": 0.7638857960700989, "acc": 0.7340691089630127, "length": 3.9998178482055664, "mode": "train", "epoch": 50}
{"loss": 1.2309807538986206, "acc": 0.6344647407531738, "length": 4.0, "mode": "test", "epoch": 50}
{"loss": 0.7663728594779968, "acc": 0.7270609736442566, "length": 3.999695301055908, "mode": "train", "epoch": 51}
{"loss": 1.1878814697265625, "acc": 0.647519588470459, "length": 4.0, "mode": "test", "epoch": 51}
{"loss": 0.7612503170967102, "acc": 0.7419169545173645, "length": 3.9999046325683594, "mode": "train", "epoch": 52}
{"loss": 1.1391327381134033, "acc": 0.647519588470459, "length": 4.0, "mode": "test", "epoch": 52}
{"loss": 0.729889988899231, "acc": 0.732330322265625, "length": 3.999671459197998, "mode": "train", "epoch": 53}
{"loss": 1.118012547492981, "acc": 0.644908607006073, "length": 4.0, "mode": "test", "epoch": 53}
{"loss": 0.7297796607017517, "acc": 0.754136860370636, "length": 3.9996678829193115, "mode": "train", "epoch": 54}
{"loss": 1.114271879196167, "acc": 0.650130569934845, "length": 4.0, "mode": "test", "epoch": 54}
{"loss": 0.684615433216095, "acc": 0.7593587636947632, "length": 3.9999024868011475, "mode": "train", "epoch": 55}
{"loss": 1.137925624847412, "acc": 0.6631853580474854, "length": 4.0, "mode": "test", "epoch": 55}
{"loss": 0.7173460125923157, "acc": 0.7576174736022949, "length": 3.9998841285705566, "mode": "train", "epoch": 56}
{"loss": 1.1659882068634033, "acc": 0.6631853580474854, "length": 4.0, "mode": "test", "epoch": 56}
{"loss": 0.730479896068573, "acc": 0.7488928437232971, "length": 3.999732732772827, "mode": "train", "epoch": 57}
{"loss": 1.2000278234481812, "acc": 0.6579634547233582, "length": 4.0, "mode": "test", "epoch": 57}
{"loss": 0.7072680592536926, "acc": 0.7602314352989197, "length": 3.999765396118164, "mode": "train", "epoch": 58}
{"loss": 1.0914700031280518, "acc": 0.702349841594696, "length": 4.0, "mode": "test", "epoch": 58}
{"loss": 0.6567248702049255, "acc": 0.7802687287330627, "length": 3.999866008758545, "mode": "train", "epoch": 59}
{"loss": 1.0720744132995605, "acc": 0.702349841594696, "length": 4.0, "mode": "test", "epoch": 59}
{"loss": 0.6644957065582275, "acc": 0.7759150862693787, "length": 3.9998619556427, "mode": "train", "epoch": 60}
{"loss": 1.2012608051300049, "acc": 0.647519588470459, "length": 4.0, "mode": "test", "epoch": 60}
test accuracy: 0.3717948794364929
