# ["--data_set_name=dim[4, 4, 4]_dist10-0_scale10_upsampleTrue_balancedFalse.ds", "--n_epochs=60", "--batch_size=64", "--learning_rate=0.0005", "--hidden_size=256", "--temperature=1.5", "--temp_update=0.97", "--length_cost=0.0", "--vocab_size_factor=3"]
data loaded from: ../zoo/intentional_game/data/dim[4, 4, 4]_dist10-0_scale10_upsampleTrue_balancedFalse.ds

opts
 Namespace(batch_size=64, checkpoint_dir=None, checkpoint_freq=0, cuda=True, data_set_name='dim[4, 4, 4]_dist10-0_scale10_upsampleTrue_balancedFalse.ds', device=device(type='cuda'), distributed_context=DistributedContext(is_distributed=False, rank=0, local_rank=0, world_size=1, mode='none'), distributed_port=18363, fp16=False, hidden_size=256, learning_rate=0.0005, length_cost=0.0, load_from_checkpoint=None, lr=0.01, max_len=1, mode='gs', n_epochs=60, no_cuda=False, optimizer='adam', preemptable=False, random_seed=1127469970, receiver_cell='gru', save_interaction_freq=0, sender_cell='gru', temp_update=0.97, temperature=1.5, tensorboard=False, tensorboard_dir='runs/', update_freq=1, validation_freq=1, vocab_size=10, vocab_size_factor=3)
{"loss": 2.4156744480133057, "acc": 0.07517259567975998, "length": 3.4401021003723145, "mode": "train", "epoch": 1}
{"loss": 2.403193950653076, "acc": 0.09921670705080032, "length": 1.0, "mode": "test", "epoch": 1}
{"loss": 2.400463581085205, "acc": 0.0927908718585968, "length": 2.439317464828491, "mode": "train", "epoch": 2}
{"loss": 2.3962643146514893, "acc": 0.07832898199558258, "length": 1.0, "mode": "test", "epoch": 2}
{"loss": 2.385605812072754, "acc": 0.0973479375243187, "length": 1.9574344158172607, "mode": "train", "epoch": 3}
{"loss": 2.3698692321777344, "acc": 0.12793733179569244, "length": 1.2193211317062378, "mode": "test", "epoch": 3}
{"loss": 2.340546131134033, "acc": 0.13500744104385376, "length": 1.9367811679840088, "mode": "train", "epoch": 4}
{"loss": 2.3503589630126953, "acc": 0.1383811980485916, "length": 1.532637119293213, "mode": "test", "epoch": 4}
{"loss": 2.2842793464660645, "acc": 0.16815868020057678, "length": 2.0242245197296143, "mode": "train", "epoch": 5}
{"loss": 2.296560287475586, "acc": 0.15143603086471558, "length": 1.892950415611267, "mode": "test", "epoch": 5}
{"loss": 2.2249257564544678, "acc": 0.19142048060894012, "length": 2.206472396850586, "mode": "train", "epoch": 6}
{"loss": 2.149318218231201, "acc": 0.2140992134809494, "length": 2.227154016494751, "mode": "test", "epoch": 6}
{"loss": 2.07855224609375, "acc": 0.24829673767089844, "length": 2.316533327102661, "mode": "train", "epoch": 7}
{"loss": 2.118821144104004, "acc": 0.2480417788028717, "length": 2.214099168777466, "mode": "test", "epoch": 7}
{"loss": 1.9929531812667847, "acc": 0.2771446406841278, "length": 2.467956304550171, "mode": "train", "epoch": 8}
{"loss": 1.9858629703521729, "acc": 0.2584856450557709, "length": 2.5300261974334717, "mode": "test", "epoch": 8}
{"loss": 1.906748652458191, "acc": 0.2896232008934021, "length": 2.4971282482147217, "mode": "train", "epoch": 9}
{"loss": 1.992405891418457, "acc": 0.2872062623500824, "length": 2.5874674320220947, "mode": "test", "epoch": 9}
{"loss": 1.8635705709457397, "acc": 0.3177204132080078, "length": 2.4611806869506836, "mode": "train", "epoch": 10}
{"loss": 1.9171583652496338, "acc": 0.29503917694091797, "length": 2.308094024658203, "mode": "test", "epoch": 10}
{"loss": 1.8404793739318848, "acc": 0.31262704730033875, "length": 2.3908066749572754, "mode": "train", "epoch": 11}
{"loss": 1.8951101303100586, "acc": 0.30809399485588074, "length": 2.2898173332214355, "mode": "test", "epoch": 11}
{"loss": 1.8134626150131226, "acc": 0.32055607438087463, "length": 2.405543565750122, "mode": "train", "epoch": 12}
{"loss": 1.8755762577056885, "acc": 0.30809399485588074, "length": 2.2663185596466064, "mode": "test", "epoch": 12}
{"loss": 1.775835633277893, "acc": 0.35146671533584595, "length": 2.3979480266571045, "mode": "train", "epoch": 13}
{"loss": 1.814779281616211, "acc": 0.34725847840309143, "length": 2.3107049465179443, "mode": "test", "epoch": 13}
{"loss": 1.7898313999176025, "acc": 0.33634164929389954, "length": 2.472498655319214, "mode": "train", "epoch": 14}
{"loss": 1.941738486289978, "acc": 0.30548304319381714, "length": 2.4960834980010986, "mode": "test", "epoch": 14}
{"loss": 1.7729339599609375, "acc": 0.3554651737213135, "length": 2.424741506576538, "mode": "train", "epoch": 15}
{"loss": 1.8379039764404297, "acc": 0.34203654527664185, "length": 2.4856395721435547, "mode": "test", "epoch": 15}
{"loss": 1.7201621532440186, "acc": 0.3647087514400482, "length": 2.5503435134887695, "mode": "train", "epoch": 16}
{"loss": 1.8421223163604736, "acc": 0.33681461215019226, "length": 2.4386422634124756, "mode": "test", "epoch": 16}
{"loss": 1.7092564105987549, "acc": 0.3654894232749939, "length": 2.4613990783691406, "mode": "train", "epoch": 17}
{"loss": 1.7676104307174683, "acc": 0.37859007716178894, "length": 2.422976493835449, "mode": "test", "epoch": 17}
{"loss": 1.693053960800171, "acc": 0.38404449820518494, "length": 2.4949934482574463, "mode": "train", "epoch": 18}
{"loss": 1.8166701793670654, "acc": 0.3498694598674774, "length": 2.409921646118164, "mode": "test", "epoch": 18}
{"loss": 1.647074580192566, "acc": 0.4014696180820465, "length": 2.5819172859191895, "mode": "train", "epoch": 19}
{"loss": 1.7413294315338135, "acc": 0.40469974279403687, "length": 2.5195822715759277, "mode": "test", "epoch": 19}
{"loss": 1.6090832948684692, "acc": 0.43090155720710754, "length": 2.6048059463500977, "mode": "train", "epoch": 20}
{"loss": 1.7252225875854492, "acc": 0.4020887613296509, "length": 2.477806806564331, "mode": "test", "epoch": 20}
{"loss": 1.5756011009216309, "acc": 0.4415596127510071, "length": 2.669019937515259, "mode": "train", "epoch": 21}
{"loss": 1.6816134452819824, "acc": 0.3838120102882385, "length": 2.6840732097625732, "mode": "test", "epoch": 21}
{"loss": 1.5326569080352783, "acc": 0.4549790918827057, "length": 2.7272064685821533, "mode": "train", "epoch": 22}
{"loss": 1.653334617614746, "acc": 0.3942558765411377, "length": 2.6736292839050293, "mode": "test", "epoch": 22}
{"loss": 1.4848076105117798, "acc": 0.47325563430786133, "length": 2.7225191593170166, "mode": "train", "epoch": 23}
{"loss": 1.6380271911621094, "acc": 0.40992167592048645, "length": 2.718015670776367, "mode": "test", "epoch": 23}
{"loss": 1.480951189994812, "acc": 0.46969079971313477, "length": 2.7609691619873047, "mode": "train", "epoch": 24}
{"loss": 1.6079070568084717, "acc": 0.4255874752998352, "length": 2.72584867477417, "mode": "test", "epoch": 24}
{"loss": 1.4564363956451416, "acc": 0.4928443729877472, "length": 2.6868808269500732, "mode": "train", "epoch": 25}
{"loss": 1.6007897853851318, "acc": 0.438642293214798, "length": 2.7232375144958496, "mode": "test", "epoch": 25}
{"loss": 1.3975688219070435, "acc": 0.49764299392700195, "length": 2.749391555786133, "mode": "train", "epoch": 26}
{"loss": 1.5645670890808105, "acc": 0.4725848436355591, "length": 2.7806787490844727, "mode": "test", "epoch": 26}
{"loss": 1.40966796875, "acc": 0.5040443539619446, "length": 2.700509548187256, "mode": "train", "epoch": 27}
{"loss": 1.5750120878219604, "acc": 0.4647519588470459, "length": 2.592689275741577, "mode": "test", "epoch": 27}
{"loss": 1.3647505044937134, "acc": 0.506718099117279, "length": 2.6903889179229736, "mode": "train", "epoch": 28}
{"loss": 1.582858920097351, "acc": 0.4621409773826599, "length": 2.6997389793395996, "mode": "test", "epoch": 28}
{"loss": 1.3071773052215576, "acc": 0.5366210341453552, "length": 2.8588473796844482, "mode": "train", "epoch": 29}
{"loss": 1.4356002807617188, "acc": 0.5091384053230286, "length": 2.7232375144958496, "mode": "test", "epoch": 29}
{"loss": 1.2759867906570435, "acc": 0.540489912033081, "length": 2.7413926124572754, "mode": "train", "epoch": 30}
{"loss": 1.4563708305358887, "acc": 0.5326370596885681, "length": 2.7310705184936523, "mode": "test", "epoch": 30}
{"loss": 1.2570844888687134, "acc": 0.5426245927810669, "length": 2.8074424266815186, "mode": "train", "epoch": 31}
{"loss": 1.3733195066452026, "acc": 0.5639686584472656, "length": 2.785900831222534, "mode": "test", "epoch": 31}
{"loss": 1.2380396127700806, "acc": 0.5621441602706909, "length": 2.8128223419189453, "mode": "train", "epoch": 32}
{"loss": 1.4347485303878784, "acc": 0.5639686584472656, "length": 2.751958131790161, "mode": "test", "epoch": 32}
{"loss": 1.2101070880889893, "acc": 0.5710265040397644, "length": 2.8092241287231445, "mode": "train", "epoch": 33}
{"loss": 1.410895586013794, "acc": 0.5483028888702393, "length": 2.877284526824951, "mode": "test", "epoch": 33}
{"loss": 1.2097452878952026, "acc": 0.5833709239959717, "length": 2.90521502494812, "mode": "train", "epoch": 34}
{"loss": 1.346548080444336, "acc": 0.5561357736587524, "length": 2.8120105266571045, "mode": "test", "epoch": 34}
{"loss": 1.1647998094558716, "acc": 0.6059005856513977, "length": 2.8619558811187744, "mode": "train", "epoch": 35}
{"loss": 1.3671340942382812, "acc": 0.5535247921943665, "length": 2.911227226257324, "mode": "test", "epoch": 35}
{"loss": 1.1631821393966675, "acc": 0.5989457964897156, "length": 2.8271045684814453, "mode": "train", "epoch": 36}
{"loss": 1.4215019941329956, "acc": 0.5587467551231384, "length": 2.7127938270568848, "mode": "test", "epoch": 36}
{"loss": 1.1657692193984985, "acc": 0.5940569043159485, "length": 2.8168928623199463, "mode": "train", "epoch": 37}
{"loss": 1.2900059223175049, "acc": 0.5900783538818359, "length": 2.7989556789398193, "mode": "test", "epoch": 37}
{"loss": 1.1566466093063354, "acc": 0.6078318357467651, "length": 2.8198773860931396, "mode": "train", "epoch": 38}
{"loss": 1.3125543594360352, "acc": 0.5796344876289368, "length": 2.7780678272247314, "mode": "test", "epoch": 38}
{"loss": 1.114723801612854, "acc": 0.6104828715324402, "length": 2.8425447940826416, "mode": "train", "epoch": 39}
{"loss": 1.2929151058197021, "acc": 0.5953002572059631, "length": 2.8250653743743896, "mode": "test", "epoch": 39}
{"loss": 1.1150826215744019, "acc": 0.6123542785644531, "length": 2.83394193649292, "mode": "train", "epoch": 40}
{"loss": 1.2412155866622925, "acc": 0.6005222201347351, "length": 2.8250653743743896, "mode": "test", "epoch": 40}
{"loss": 1.1365214586257935, "acc": 0.6177610754966736, "length": 2.84770131111145, "mode": "train", "epoch": 41}
{"loss": 1.3697748184204102, "acc": 0.5926892757415771, "length": 2.9007833003997803, "mode": "test", "epoch": 41}
{"loss": 1.217344880104065, "acc": 0.5936918258666992, "length": 2.949101686477661, "mode": "train", "epoch": 42}
{"loss": 1.3096928596496582, "acc": 0.6031331419944763, "length": 2.929503917694092, "mode": "test", "epoch": 42}
{"loss": 1.2135807275772095, "acc": 0.5887842774391174, "length": 2.951033115386963, "mode": "train", "epoch": 43}
{"loss": 1.3561320304870605, "acc": 0.5665796399116516, "length": 2.955613613128662, "mode": "test", "epoch": 43}
{"loss": 1.1455751657485962, "acc": 0.6199190616607666, "length": 3.0274312496185303, "mode": "train", "epoch": 44}
{"loss": 1.3110630512237549, "acc": 0.6187989711761475, "length": 2.9921669960021973, "mode": "test", "epoch": 44}
{"loss": 1.069953441619873, "acc": 0.6510496139526367, "length": 2.92814040184021, "mode": "train", "epoch": 45}
{"loss": 1.4285706281661987, "acc": 0.582245409488678, "length": 2.9399478435516357, "mode": "test", "epoch": 45}
{"loss": 1.057865023612976, "acc": 0.6503624320030212, "length": 2.891723871231079, "mode": "train", "epoch": 46}
{"loss": 1.2578259706497192, "acc": 0.6344647407531738, "length": 2.8120105266571045, "mode": "test", "epoch": 46}
{"loss": 1.061452865600586, "acc": 0.6536690592765808, "length": 2.917529582977295, "mode": "train", "epoch": 47}
{"loss": 1.2535638809204102, "acc": 0.6396867036819458, "length": 2.9921669960021973, "mode": "test", "epoch": 47}
{"loss": 1.0362179279327393, "acc": 0.6663295030593872, "length": 2.9800894260406494, "mode": "train", "epoch": 48}
{"loss": 1.3446717262268066, "acc": 0.6240208745002747, "length": 3.0313315391540527, "mode": "test", "epoch": 48}
{"loss": 1.0050137042999268, "acc": 0.6648133397102356, "length": 2.938781499862671, "mode": "train", "epoch": 49}
{"loss": 1.301896572113037, "acc": 0.5953002572059631, "length": 2.919059991836548, "mode": "test", "epoch": 49}
{"loss": 0.9650023579597473, "acc": 0.6875247955322266, "length": 2.946092367172241, "mode": "train", "epoch": 50}
{"loss": 1.2395110130310059, "acc": 0.6240208745002747, "length": 2.895561456680298, "mode": "test", "epoch": 50}
{"loss": 0.9319942593574524, "acc": 0.6866633296012878, "length": 2.966217517852783, "mode": "train", "epoch": 51}
{"loss": 1.25429368019104, "acc": 0.6370757222175598, "length": 2.9477806091308594, "mode": "test", "epoch": 51}
{"loss": 0.971410870552063, "acc": 0.6856046915054321, "length": 2.9417457580566406, "mode": "train", "epoch": 52}
{"loss": 1.1812485456466675, "acc": 0.642297625541687, "length": 2.9373369216918945, "mode": "test", "epoch": 52}
{"loss": 0.9565044045448303, "acc": 0.6857590079307556, "length": 2.940434217453003, "mode": "train", "epoch": 53}
{"loss": 1.310369849205017, "acc": 0.6187989711761475, "length": 2.9582245349884033, "mode": "test", "epoch": 53}
{"loss": 1.0360318422317505, "acc": 0.6526334285736084, "length": 2.995393753051758, "mode": "train", "epoch": 54}
{"loss": 1.2826552391052246, "acc": 0.6214098930358887, "length": 2.9399478435516357, "mode": "test", "epoch": 54}
{"loss": 0.9527606964111328, "acc": 0.6937883496284485, "length": 2.945117950439453, "mode": "train", "epoch": 55}
{"loss": 1.1664445400238037, "acc": 0.6788511872291565, "length": 2.976501226425171, "mode": "test", "epoch": 55}
{"loss": 0.9221899509429932, "acc": 0.699817955493927, "length": 2.9603726863861084, "mode": "train", "epoch": 56}
{"loss": 1.1426615715026855, "acc": 0.6710183024406433, "length": 2.9373369216918945, "mode": "test", "epoch": 56}
{"loss": 0.8941574096679688, "acc": 0.7093948125839233, "length": 2.976357936859131, "mode": "train", "epoch": 57}
{"loss": 1.1077167987823486, "acc": 0.6814621686935425, "length": 2.976501226425171, "mode": "test", "epoch": 57}
{"loss": 0.9009929299354553, "acc": 0.6936795115470886, "length": 2.947213649749756, "mode": "train", "epoch": 58}
{"loss": 1.0980170965194702, "acc": 0.6788511872291565, "length": 2.908616304397583, "mode": "test", "epoch": 58}
{"loss": 0.909384548664093, "acc": 0.6997870802879333, "length": 2.9701731204986572, "mode": "train", "epoch": 59}
{"loss": 1.1197104454040527, "acc": 0.6657963395118713, "length": 2.9242820739746094, "mode": "test", "epoch": 59}
{"loss": 0.9092761278152466, "acc": 0.708753764629364, "length": 2.97491455078125, "mode": "train", "epoch": 60}
{"loss": 1.1085691452026367, "acc": 0.6605744361877441, "length": 2.8694517612457275, "mode": "test", "epoch": 60}
test accuracy: 0.3333333432674408
