# ["--data_set_name=dim[4, 4, 4]_dist10-0_scale10_upsampleTrue_balancedFalse.ds", "--n_epochs=60", "--batch_size=64", "--learning_rate=0.0005", "--hidden_size=256", "--temperature=1.5", "--temp_update=0.99", "--length_cost=0.0", "--vocab_size_factor=3"]
data loaded from: ../zoo/intentional_game/data/dim[4, 4, 4]_dist10-0_scale10_upsampleTrue_balancedFalse.ds

opts
 Namespace(batch_size=64, checkpoint_dir=None, checkpoint_freq=0, cuda=True, data_set_name='dim[4, 4, 4]_dist10-0_scale10_upsampleTrue_balancedFalse.ds', device=device(type='cuda'), distributed_context=DistributedContext(is_distributed=False, rank=0, local_rank=0, world_size=1, mode='none'), distributed_port=18363, fp16=False, hidden_size=256, learning_rate=0.0005, length_cost=0.0, load_from_checkpoint=None, lr=0.01, max_len=1, mode='gs', n_epochs=60, no_cuda=False, optimizer='adam', preemptable=False, random_seed=85392497, receiver_cell='gru', save_interaction_freq=0, sender_cell='gru', temp_update=0.99, temperature=1.5, tensorboard=False, tensorboard_dir='runs/', update_freq=1, validation_freq=1, vocab_size=10, vocab_size_factor=3)
{"loss": 2.4177896976470947, "acc": 0.09250419586896896, "length": 3.3422446250915527, "mode": "train", "epoch": 1}
{"loss": 2.4013476371765137, "acc": 0.08355091512203217, "length": 1.0, "mode": "test", "epoch": 1}
{"loss": 2.4096696376800537, "acc": 0.08601444214582443, "length": 1.5933053493499756, "mode": "train", "epoch": 2}
{"loss": 2.4015767574310303, "acc": 0.08355091512203217, "length": 1.0, "mode": "test", "epoch": 2}
{"loss": 2.3978629112243652, "acc": 0.08644938468933105, "length": 1.1006072759628296, "mode": "train", "epoch": 3}
{"loss": 2.3923065662384033, "acc": 0.1070496067404747, "length": 1.0, "mode": "test", "epoch": 3}
{"loss": 2.392855405807495, "acc": 0.09080614149570465, "length": 1.3125778436660767, "mode": "train", "epoch": 4}
{"loss": 2.39509654045105, "acc": 0.09399478137493134, "length": 1.0, "mode": "test", "epoch": 4}
{"loss": 2.3705813884735107, "acc": 0.11770350486040115, "length": 1.8152711391448975, "mode": "train", "epoch": 5}
{"loss": 2.3656837940216064, "acc": 0.1096605733036995, "length": 1.3342036008834839, "mode": "test", "epoch": 5}
{"loss": 2.317136526107788, "acc": 0.14307981729507446, "length": 1.7536098957061768, "mode": "train", "epoch": 6}
{"loss": 2.3587417602539062, "acc": 0.12793733179569244, "length": 1.3838120698928833, "mode": "test", "epoch": 6}
{"loss": 2.2831592559814453, "acc": 0.15181836485862732, "length": 1.8951691389083862, "mode": "train", "epoch": 7}
{"loss": 2.3495497703552246, "acc": 0.18276762962341309, "length": 1.5195822715759277, "mode": "test", "epoch": 7}
{"loss": 2.2421600818634033, "acc": 0.1767401099205017, "length": 2.1047303676605225, "mode": "train", "epoch": 8}
{"loss": 2.2538723945617676, "acc": 0.20626631379127502, "length": 1.7597911357879639, "mode": "test", "epoch": 8}
{"loss": 2.159595251083374, "acc": 0.2166128009557724, "length": 2.342259407043457, "mode": "train", "epoch": 9}
{"loss": 2.115316867828369, "acc": 0.219321146607399, "length": 2.0522193908691406, "mode": "test", "epoch": 9}
{"loss": 2.0406577587127686, "acc": 0.2530747950077057, "length": 2.4816503524780273, "mode": "train", "epoch": 10}
{"loss": 2.0615997314453125, "acc": 0.2898172438144684, "length": 2.6292428970336914, "mode": "test", "epoch": 10}
{"loss": 1.9263627529144287, "acc": 0.2941482663154602, "length": 2.6705522537231445, "mode": "train", "epoch": 11}
{"loss": 1.9187982082366943, "acc": 0.3289817273616791, "length": 2.6840732097625732, "mode": "test", "epoch": 11}
{"loss": 1.7784943580627441, "acc": 0.3573457598686218, "length": 2.88373064994812, "mode": "train", "epoch": 12}
{"loss": 1.8608694076538086, "acc": 0.3577023446559906, "length": 3.112271547317505, "mode": "test", "epoch": 12}
{"loss": 1.7278038263320923, "acc": 0.3787490725517273, "length": 2.8682196140289307, "mode": "train", "epoch": 13}
{"loss": 1.8124070167541504, "acc": 0.3603133261203766, "length": 3.033942461013794, "mode": "test", "epoch": 13}
{"loss": 1.6710046529769897, "acc": 0.39182794094085693, "length": 2.849630832672119, "mode": "train", "epoch": 14}
{"loss": 1.9106056690216064, "acc": 0.3498694598674774, "length": 2.7571802139282227, "mode": "test", "epoch": 14}
{"loss": 1.5721232891082764, "acc": 0.4461906850337982, "length": 2.7399344444274902, "mode": "train", "epoch": 15}
{"loss": 1.77926766872406, "acc": 0.4229764938354492, "length": 2.62402081489563, "mode": "test", "epoch": 15}
{"loss": 1.5135053396224976, "acc": 0.46927687525749207, "length": 2.76843523979187, "mode": "train", "epoch": 16}
{"loss": 1.6382837295532227, "acc": 0.4621409773826599, "length": 2.660574436187744, "mode": "test", "epoch": 16}
{"loss": 1.4448922872543335, "acc": 0.4852578938007355, "length": 2.7784762382507324, "mode": "train", "epoch": 17}
{"loss": 1.7460459470748901, "acc": 0.40469974279403687, "length": 2.7780678272247314, "mode": "test", "epoch": 17}
{"loss": 1.3914273977279663, "acc": 0.49943268299102783, "length": 2.790623426437378, "mode": "train", "epoch": 18}
{"loss": 1.738095998764038, "acc": 0.44647520780563354, "length": 2.6997389793395996, "mode": "test", "epoch": 18}
{"loss": 1.3202317953109741, "acc": 0.5437374711036682, "length": 2.8159303665161133, "mode": "train", "epoch": 19}
{"loss": 1.6101468801498413, "acc": 0.4934725761413574, "length": 2.7754569053649902, "mode": "test", "epoch": 19}
{"loss": 1.2911487817764282, "acc": 0.5545355677604675, "length": 2.851752996444702, "mode": "train", "epoch": 20}
{"loss": 1.5928863286972046, "acc": 0.5065274238586426, "length": 2.7754569053649902, "mode": "test", "epoch": 20}
{"loss": 1.2419450283050537, "acc": 0.5753642916679382, "length": 2.8716819286346436, "mode": "train", "epoch": 21}
{"loss": 1.4502509832382202, "acc": 0.5300261378288269, "length": 2.9138381481170654, "mode": "test", "epoch": 21}
{"loss": 1.1963573694229126, "acc": 0.5916504859924316, "length": 2.914898633956909, "mode": "train", "epoch": 22}
{"loss": 1.483862280845642, "acc": 0.5248041749000549, "length": 2.895561456680298, "mode": "test", "epoch": 22}
{"loss": 1.1640363931655884, "acc": 0.6105665564537048, "length": 2.922938585281372, "mode": "train", "epoch": 23}
{"loss": 1.4380310773849487, "acc": 0.5665796399116516, "length": 3.0156657695770264, "mode": "test", "epoch": 23}
{"loss": 1.1534805297851562, "acc": 0.6130158305168152, "length": 2.923495054244995, "mode": "train", "epoch": 24}
{"loss": 1.3471468687057495, "acc": 0.5456919074058533, "length": 2.8798954486846924, "mode": "test", "epoch": 24}
{"loss": 1.0994031429290771, "acc": 0.6445330381393433, "length": 2.933591842651367, "mode": "train", "epoch": 25}
{"loss": 1.309360146522522, "acc": 0.5926892757415771, "length": 2.9686684608459473, "mode": "test", "epoch": 25}
{"loss": 1.0542958974838257, "acc": 0.6431180238723755, "length": 2.9478909969329834, "mode": "train", "epoch": 26}
{"loss": 1.2297407388687134, "acc": 0.6135770082473755, "length": 3.0835509300231934, "mode": "test", "epoch": 26}
{"loss": 1.0655657052993774, "acc": 0.6483026742935181, "length": 3.0004446506500244, "mode": "train", "epoch": 27}
{"loss": 1.4312591552734375, "acc": 0.5691906213760376, "length": 3.0156657695770264, "mode": "test", "epoch": 27}
{"loss": 1.0031561851501465, "acc": 0.6676276922225952, "length": 3.1073408126831055, "mode": "train", "epoch": 28}
{"loss": 1.165440559387207, "acc": 0.647519588470459, "length": 3.0600521564483643, "mode": "test", "epoch": 28}
{"loss": 0.8985072374343872, "acc": 0.7066381573677063, "length": 3.1022541522979736, "mode": "train", "epoch": 29}
{"loss": 1.1833223104476929, "acc": 0.6161879897117615, "length": 3.2532637119293213, "mode": "test", "epoch": 29}
{"loss": 0.8626036643981934, "acc": 0.7124247550964355, "length": 3.1541125774383545, "mode": "train", "epoch": 30}
{"loss": 1.0984529256820679, "acc": 0.647519588470459, "length": 3.1671018600463867, "mode": "test", "epoch": 30}
{"loss": 0.8413316011428833, "acc": 0.7232857942581177, "length": 3.1452670097351074, "mode": "train", "epoch": 31}
{"loss": 1.1678712368011475, "acc": 0.6527414917945862, "length": 3.1070497035980225, "mode": "test", "epoch": 31}
{"loss": 0.7770335078239441, "acc": 0.7607498168945312, "length": 3.1490137577056885, "mode": "train", "epoch": 32}
{"loss": 1.038651943206787, "acc": 0.6814621686935425, "length": 3.2219321727752686, "mode": "test", "epoch": 32}
{"loss": 0.7162609696388245, "acc": 0.7677619457244873, "length": 3.200263023376465, "mode": "train", "epoch": 33}
{"loss": 1.032071590423584, "acc": 0.6919060349464417, "length": 3.203655242919922, "mode": "test", "epoch": 33}
{"loss": 0.6925392150878906, "acc": 0.7871754765510559, "length": 3.1735410690307617, "mode": "train", "epoch": 34}
{"loss": 0.999726414680481, "acc": 0.707571804523468, "length": 3.237597942352295, "mode": "test", "epoch": 34}
{"loss": 0.6548898816108704, "acc": 0.8005210757255554, "length": 3.1982555389404297, "mode": "train", "epoch": 35}
{"loss": 0.962751030921936, "acc": 0.7493472695350647, "length": 3.2793734073638916, "mode": "test", "epoch": 35}
{"loss": 0.5963695645332336, "acc": 0.8250724673271179, "length": 3.237420082092285, "mode": "train", "epoch": 36}
{"loss": 0.8752394914627075, "acc": 0.7650130391120911, "length": 3.27415132522583, "mode": "test", "epoch": 36}
{"loss": 0.5892720222473145, "acc": 0.8385521173477173, "length": 3.202512502670288, "mode": "train", "epoch": 37}
{"loss": 1.0442248582839966, "acc": 0.7519582509994507, "length": 3.2584855556488037, "mode": "test", "epoch": 37}
{"loss": 0.6048487424850464, "acc": 0.8228866457939148, "length": 3.2228715419769287, "mode": "train", "epoch": 38}
{"loss": 0.8647778034210205, "acc": 0.7519582509994507, "length": 3.227154016494751, "mode": "test", "epoch": 38}
{"loss": 0.5848748683929443, "acc": 0.835731029510498, "length": 3.2203691005706787, "mode": "train", "epoch": 39}
{"loss": 0.8833744525909424, "acc": 0.7467362880706787, "length": 3.3107049465179443, "mode": "test", "epoch": 39}
{"loss": 0.5532359480857849, "acc": 0.8320171236991882, "length": 3.2453548908233643, "mode": "train", "epoch": 40}
{"loss": 0.7977780699729919, "acc": 0.770235002040863, "length": 3.3211488723754883, "mode": "test", "epoch": 40}
{"loss": 0.48198094964027405, "acc": 0.867950975894928, "length": 3.243896722793579, "mode": "train", "epoch": 41}
{"loss": 0.8420644998550415, "acc": 0.7832897901535034, "length": 3.3159267902374268, "mode": "test", "epoch": 41}
{"loss": 0.4104486405849457, "acc": 0.887242317199707, "length": 3.2839064598083496, "mode": "train", "epoch": 42}
{"loss": 0.6266406774520874, "acc": 0.8537858724594116, "length": 3.339425563812256, "mode": "test", "epoch": 42}
{"loss": 0.39150509238243103, "acc": 0.896791398525238, "length": 3.2737698554992676, "mode": "train", "epoch": 43}
{"loss": 0.6551703214645386, "acc": 0.8485639691352844, "length": 3.339425563812256, "mode": "test", "epoch": 43}
{"loss": 0.37685808539390564, "acc": 0.9012323617935181, "length": 3.2895703315734863, "mode": "train", "epoch": 44}
{"loss": 0.5789836645126343, "acc": 0.8668407201766968, "length": 3.352480411529541, "mode": "test", "epoch": 44}
{"loss": 0.3537601828575134, "acc": 0.8981496095657349, "length": 3.2824509143829346, "mode": "train", "epoch": 45}
{"loss": 0.5580195188522339, "acc": 0.8616188168525696, "length": 3.342036485671997, "mode": "test", "epoch": 45}
{"loss": 0.3288654088973999, "acc": 0.9101130366325378, "length": 3.271468162536621, "mode": "train", "epoch": 46}
{"loss": 0.5234395861625671, "acc": 0.8694517016410828, "length": 3.365535259246826, "mode": "test", "epoch": 46}
{"loss": 0.2888040542602539, "acc": 0.9131494760513306, "length": 3.293592929840088, "mode": "train", "epoch": 47}
{"loss": 0.5202829837799072, "acc": 0.877284586429596, "length": 3.3681461811065674, "mode": "test", "epoch": 47}
{"loss": 0.2835518419742584, "acc": 0.9256719350814819, "length": 3.2956199645996094, "mode": "train", "epoch": 48}
{"loss": 0.417261004447937, "acc": 0.9007833003997803, "length": 3.3603134155273438, "mode": "test", "epoch": 48}
{"loss": 0.26382970809936523, "acc": 0.9264196753501892, "length": 3.2908596992492676, "mode": "train", "epoch": 49}
{"loss": 0.3922979533672333, "acc": 0.9112271666526794, "length": 3.3681461811065674, "mode": "test", "epoch": 49}
{"loss": 0.23089462518692017, "acc": 0.9404807686805725, "length": 3.28450608253479, "mode": "train", "epoch": 50}
{"loss": 0.38861554861068726, "acc": 0.8877284526824951, "length": 3.3498694896698, "mode": "test", "epoch": 50}
{"loss": 0.2276500016450882, "acc": 0.9402168393135071, "length": 3.313129425048828, "mode": "train", "epoch": 51}
{"loss": 0.35283589363098145, "acc": 0.8851174712181091, "length": 3.373368263244629, "mode": "test", "epoch": 51}
{"loss": 0.21201471984386444, "acc": 0.9494761824607849, "length": 3.301048755645752, "mode": "train", "epoch": 52}
{"loss": 0.3201231360435486, "acc": 0.9086161851882935, "length": 3.373368263244629, "mode": "test", "epoch": 52}
{"loss": 0.21030151844024658, "acc": 0.9427455067634583, "length": 3.319160223007202, "mode": "train", "epoch": 53}
{"loss": 0.4723493754863739, "acc": 0.8825065493583679, "length": 3.3812010288238525, "mode": "test", "epoch": 53}
{"loss": 0.21582137048244476, "acc": 0.9457047581672668, "length": 3.307345390319824, "mode": "train", "epoch": 54}
{"loss": 0.38505563139915466, "acc": 0.8929504156112671, "length": 3.37597918510437, "mode": "test", "epoch": 54}
{"loss": 0.1811249852180481, "acc": 0.9477167725563049, "length": 3.333268642425537, "mode": "train", "epoch": 55}
{"loss": 0.3575676381587982, "acc": 0.9164490699768066, "length": 3.4020888805389404, "mode": "test", "epoch": 55}
{"loss": 0.16609415411949158, "acc": 0.9552375674247742, "length": 3.318418502807617, "mode": "train", "epoch": 56}
{"loss": 0.3181374967098236, "acc": 0.9033942818641663, "length": 3.3707571029663086, "mode": "test", "epoch": 56}
{"loss": 0.18008507788181305, "acc": 0.9475206136703491, "length": 3.2988336086273193, "mode": "train", "epoch": 57}
{"loss": 0.34564298391342163, "acc": 0.9190600514411926, "length": 3.362924337387085, "mode": "test", "epoch": 57}
{"loss": 0.1679261028766632, "acc": 0.9544852375984192, "length": 3.308422088623047, "mode": "train", "epoch": 58}
{"loss": 0.25512292981147766, "acc": 0.9216710329055786, "length": 3.3707571029663086, "mode": "test", "epoch": 58}
{"loss": 0.17899076640605927, "acc": 0.9565137028694153, "length": 3.302936553955078, "mode": "train", "epoch": 59}
{"loss": 0.38427120447158813, "acc": 0.9138381481170654, "length": 3.3577022552490234, "mode": "test", "epoch": 59}
{"loss": 0.16301997005939484, "acc": 0.9632645845413208, "length": 3.3071975708007812, "mode": "train", "epoch": 60}
{"loss": 0.31354019045829773, "acc": 0.9086161851882935, "length": 3.3472585678100586, "mode": "test", "epoch": 60}
test accuracy: 0.7820512652397156
