# ["--data_set_name=dim[4, 4, 4]_dist10-0_scale10_upsampleTrue_balancedFalse.ds", "--n_epochs=60", "--batch_size=64", "--learning_rate=0.001", "--hidden_size=128", "--temperature=1.5", "--temp_update=0.97", "--length_cost=0.0", "--vocab_size_factor=3"]
data loaded from: ../zoo/intentional_game/data/dim[4, 4, 4]_dist10-0_scale10_upsampleTrue_balancedFalse.ds

opts
 Namespace(batch_size=64, checkpoint_dir=None, checkpoint_freq=0, cuda=True, data_set_name='dim[4, 4, 4]_dist10-0_scale10_upsampleTrue_balancedFalse.ds', device=device(type='cuda'), distributed_context=DistributedContext(is_distributed=False, rank=0, local_rank=0, world_size=1, mode='none'), distributed_port=18363, fp16=False, hidden_size=128, learning_rate=0.001, length_cost=0.0, load_from_checkpoint=None, lr=0.01, max_len=1, mode='gs', n_epochs=60, no_cuda=False, optimizer='adam', preemptable=False, random_seed=1810115912, receiver_cell='gru', save_interaction_freq=0, sender_cell='gru', temp_update=0.97, temperature=1.5, tensorboard=False, tensorboard_dir='runs/', update_freq=1, validation_freq=1, vocab_size=10, vocab_size_factor=3)
{"loss": 2.4159939289093018, "acc": 0.07643788307905197, "length": 3.5767452716827393, "mode": "train", "epoch": 1}
{"loss": 2.395209789276123, "acc": 0.07832898199558258, "length": 1.0, "mode": "test", "epoch": 1}
{"loss": 2.4003684520721436, "acc": 0.08529522269964218, "length": 2.745530366897583, "mode": "train", "epoch": 2}
{"loss": 2.396787405014038, "acc": 0.1096605733036995, "length": 1.0, "mode": "test", "epoch": 2}
{"loss": 2.3886802196502686, "acc": 0.09143561124801636, "length": 2.291996717453003, "mode": "train", "epoch": 3}
{"loss": 2.3856632709503174, "acc": 0.09921670705080032, "length": 1.1409921646118164, "mode": "test", "epoch": 3}
{"loss": 2.3493759632110596, "acc": 0.1361055076122284, "length": 2.2267115116119385, "mode": "train", "epoch": 4}
{"loss": 2.315938949584961, "acc": 0.1383811980485916, "length": 1.6736292839050293, "mode": "test", "epoch": 4}
{"loss": 2.269083261489868, "acc": 0.1733507663011551, "length": 2.049057722091675, "mode": "train", "epoch": 5}
{"loss": 2.24269962310791, "acc": 0.19582244753837585, "length": 1.9686684608459473, "mode": "test", "epoch": 5}
{"loss": 2.17903208732605, "acc": 0.2102336287498474, "length": 2.3022055625915527, "mode": "train", "epoch": 6}
{"loss": 2.236894130706787, "acc": 0.22193211317062378, "length": 2.7101826667785645, "mode": "test", "epoch": 6}
{"loss": 2.1363227367401123, "acc": 0.2107239067554474, "length": 2.3828437328338623, "mode": "train", "epoch": 7}
{"loss": 2.170107364654541, "acc": 0.26370757818222046, "length": 2.422976493835449, "mode": "test", "epoch": 7}
{"loss": 2.0945470333099365, "acc": 0.23467347025871277, "length": 2.3910162448883057, "mode": "train", "epoch": 8}
{"loss": 2.1363863945007324, "acc": 0.2506527304649353, "length": 2.318537950515747, "mode": "test", "epoch": 8}
{"loss": 2.057936429977417, "acc": 0.24257981777191162, "length": 2.427933931350708, "mode": "train", "epoch": 9}
{"loss": 2.075141429901123, "acc": 0.2845953106880188, "length": 2.4125325679779053, "mode": "test", "epoch": 9}
{"loss": 2.0089786052703857, "acc": 0.2713664472103119, "length": 2.600287675857544, "mode": "train", "epoch": 10}
{"loss": 2.039680004119873, "acc": 0.27154046297073364, "length": 2.5065274238586426, "mode": "test", "epoch": 10}
{"loss": 1.9553964138031006, "acc": 0.2746264338493347, "length": 2.6634368896484375, "mode": "train", "epoch": 11}
{"loss": 2.023780345916748, "acc": 0.2872062623500824, "length": 2.5744125843048096, "mode": "test", "epoch": 11}
{"loss": 1.9118618965148926, "acc": 0.30366507172584534, "length": 2.73421311378479, "mode": "train", "epoch": 12}
{"loss": 1.954789161682129, "acc": 0.33681461215019226, "length": 2.9373369216918945, "mode": "test", "epoch": 12}
{"loss": 1.8456968069076538, "acc": 0.3418802320957184, "length": 3.0430679321289062, "mode": "train", "epoch": 13}
{"loss": 1.955484390258789, "acc": 0.3159268796443939, "length": 3.002610921859741, "mode": "test", "epoch": 13}
{"loss": 1.7797361612319946, "acc": 0.36863940954208374, "length": 3.068314790725708, "mode": "train", "epoch": 14}
{"loss": 1.9255465269088745, "acc": 0.3577023446559906, "length": 3.240208864212036, "mode": "test", "epoch": 14}
{"loss": 1.7188624143600464, "acc": 0.38382676243782043, "length": 3.185514211654663, "mode": "train", "epoch": 15}
{"loss": 1.8836355209350586, "acc": 0.3603133261203766, "length": 2.9817233085632324, "mode": "test", "epoch": 15}
{"loss": 1.690921664237976, "acc": 0.3942910134792328, "length": 2.994495153427124, "mode": "train", "epoch": 16}
{"loss": 1.816250205039978, "acc": 0.3603133261203766, "length": 3.0626630783081055, "mode": "test", "epoch": 16}
{"loss": 1.6431152820587158, "acc": 0.4072928726673126, "length": 3.111002206802368, "mode": "train", "epoch": 17}
{"loss": 1.7577540874481201, "acc": 0.40731069445610046, "length": 2.9947781562805176, "mode": "test", "epoch": 17}
{"loss": 1.59770929813385, "acc": 0.43994221091270447, "length": 3.0115885734558105, "mode": "train", "epoch": 18}
{"loss": 1.7951033115386963, "acc": 0.3812010586261749, "length": 2.9373369216918945, "mode": "test", "epoch": 18}
{"loss": 1.5880364179611206, "acc": 0.43888765573501587, "length": 3.034843683242798, "mode": "train", "epoch": 19}
{"loss": 1.7194827795028687, "acc": 0.41775456070899963, "length": 3.0417754650115967, "mode": "test", "epoch": 19}
{"loss": 1.5580300092697144, "acc": 0.45605915784835815, "length": 3.0692474842071533, "mode": "train", "epoch": 20}
{"loss": 1.7212202548980713, "acc": 0.3864229619503021, "length": 2.9947781562805176, "mode": "test", "epoch": 20}
{"loss": 1.5637238025665283, "acc": 0.4546579420566559, "length": 3.0450031757354736, "mode": "train", "epoch": 21}
{"loss": 1.749951720237732, "acc": 0.40469974279403687, "length": 2.885117530822754, "mode": "test", "epoch": 21}
{"loss": 1.532365322113037, "acc": 0.47056588530540466, "length": 3.021709680557251, "mode": "train", "epoch": 22}
{"loss": 1.7226972579956055, "acc": 0.45430809259414673, "length": 3.0365536212921143, "mode": "test", "epoch": 22}
{"loss": 1.5126066207885742, "acc": 0.4907990097999573, "length": 3.082916259765625, "mode": "train", "epoch": 23}
{"loss": 1.7060084342956543, "acc": 0.4281984269618988, "length": 3.0313315391540527, "mode": "test", "epoch": 23}
{"loss": 1.4764875173568726, "acc": 0.49530455470085144, "length": 3.15159010887146, "mode": "train", "epoch": 24}
{"loss": 1.6737356185913086, "acc": 0.4229764938354492, "length": 3.0052218437194824, "mode": "test", "epoch": 24}
{"loss": 1.4600709676742554, "acc": 0.506148099899292, "length": 3.063547134399414, "mode": "train", "epoch": 25}
{"loss": 1.6384882926940918, "acc": 0.4360313415527344, "length": 3.0156657695770264, "mode": "test", "epoch": 25}
{"loss": 1.4660882949829102, "acc": 0.5089829564094543, "length": 3.080280303955078, "mode": "train", "epoch": 26}
{"loss": 1.5826215744018555, "acc": 0.48041775822639465, "length": 2.9817233085632324, "mode": "test", "epoch": 26}
{"loss": 1.4294925928115845, "acc": 0.5200644135475159, "length": 3.0870165824890137, "mode": "train", "epoch": 27}
{"loss": 1.6133244037628174, "acc": 0.48563969135284424, "length": 3.0287206172943115, "mode": "test", "epoch": 27}
{"loss": 1.4314007759094238, "acc": 0.5197324752807617, "length": 3.0383381843566895, "mode": "train", "epoch": 28}
{"loss": 1.6813898086547852, "acc": 0.4308094084262848, "length": 2.919059991836548, "mode": "test", "epoch": 28}
{"loss": 1.4423189163208008, "acc": 0.5089255571365356, "length": 3.075875997543335, "mode": "train", "epoch": 29}
{"loss": 1.546915888786316, "acc": 0.4960835576057434, "length": 2.9686684608459473, "mode": "test", "epoch": 29}
{"loss": 1.3950564861297607, "acc": 0.5483278036117554, "length": 3.042207717895508, "mode": "train", "epoch": 30}
{"loss": 1.5512428283691406, "acc": 0.5248041749000549, "length": 3.020887613296509, "mode": "test", "epoch": 30}
{"loss": 1.3709889650344849, "acc": 0.5402770042419434, "length": 3.0487372875213623, "mode": "train", "epoch": 31}
{"loss": 1.5516985654830933, "acc": 0.5248041749000549, "length": 2.934725761413574, "mode": "test", "epoch": 31}
{"loss": 1.3578039407730103, "acc": 0.5467779636383057, "length": 3.0368592739105225, "mode": "train", "epoch": 32}
{"loss": 1.5501410961151123, "acc": 0.5378590226173401, "length": 2.9921669960021973, "mode": "test", "epoch": 32}
{"loss": 1.3508563041687012, "acc": 0.561771810054779, "length": 3.021986961364746, "mode": "train", "epoch": 33}
{"loss": 1.510075330734253, "acc": 0.522193193435669, "length": 2.976501226425171, "mode": "test", "epoch": 33}
{"loss": 1.339760422706604, "acc": 0.5582029223442078, "length": 3.0207409858703613, "mode": "train", "epoch": 34}
{"loss": 1.5224608182907104, "acc": 0.5248041749000549, "length": 2.9060051441192627, "mode": "test", "epoch": 34}
{"loss": 1.3497555255889893, "acc": 0.5515092611312866, "length": 3.007014036178589, "mode": "train", "epoch": 35}
{"loss": 1.4990639686584473, "acc": 0.5039164423942566, "length": 2.934725761413574, "mode": "test", "epoch": 35}
{"loss": 1.3095163106918335, "acc": 0.5688226222991943, "length": 2.9639832973480225, "mode": "train", "epoch": 36}
{"loss": 1.4970674514770508, "acc": 0.5326370596885681, "length": 2.921670913696289, "mode": "test", "epoch": 36}
{"loss": 1.307963252067566, "acc": 0.5667077302932739, "length": 2.91721248626709, "mode": "train", "epoch": 37}
{"loss": 1.4857730865478516, "acc": 0.5483028888702393, "length": 2.8903393745422363, "mode": "test", "epoch": 37}
{"loss": 1.2963104248046875, "acc": 0.572475254535675, "length": 2.927506685256958, "mode": "train", "epoch": 38}
{"loss": 1.4943273067474365, "acc": 0.5352480411529541, "length": 2.806788444519043, "mode": "test", "epoch": 38}
{"loss": 1.2729066610336304, "acc": 0.5842836499214172, "length": 2.9041192531585693, "mode": "train", "epoch": 39}
{"loss": 1.4291919469833374, "acc": 0.5352480411529541, "length": 2.8485639095306396, "mode": "test", "epoch": 39}
{"loss": 1.2482727766036987, "acc": 0.5913622379302979, "length": 2.920128583908081, "mode": "train", "epoch": 40}
{"loss": 1.371840476989746, "acc": 0.5665796399116516, "length": 2.87467360496521, "mode": "test", "epoch": 40}
{"loss": 1.2305216789245605, "acc": 0.5966955423355103, "length": 2.9629170894622803, "mode": "train", "epoch": 41}
{"loss": 1.3423489332199097, "acc": 0.5718015432357788, "length": 2.908616304397583, "mode": "test", "epoch": 41}
{"loss": 1.2470415830612183, "acc": 0.5964810252189636, "length": 2.9776060581207275, "mode": "train", "epoch": 42}
{"loss": 1.3583927154541016, "acc": 0.5744125247001648, "length": 2.877284526824951, "mode": "test", "epoch": 42}
{"loss": 1.2087897062301636, "acc": 0.592217206954956, "length": 2.942976474761963, "mode": "train", "epoch": 43}
{"loss": 1.4329317808151245, "acc": 0.5613576769828796, "length": 2.796344757080078, "mode": "test", "epoch": 43}
{"loss": 1.2215181589126587, "acc": 0.5953831672668457, "length": 2.853060722351074, "mode": "train", "epoch": 44}
{"loss": 1.5124826431274414, "acc": 0.522193193435669, "length": 2.6396865844726562, "mode": "test", "epoch": 44}
{"loss": 1.3075846433639526, "acc": 0.570904552936554, "length": 2.807264804840088, "mode": "train", "epoch": 45}
{"loss": 1.3962458372116089, "acc": 0.5561357736587524, "length": 2.911227226257324, "mode": "test", "epoch": 45}
{"loss": 1.2403321266174316, "acc": 0.5914334654808044, "length": 2.9766290187835693, "mode": "train", "epoch": 46}
{"loss": 1.4035727977752686, "acc": 0.5352480411529541, "length": 2.9634463787078857, "mode": "test", "epoch": 46}
{"loss": 1.1799815893173218, "acc": 0.5975086092948914, "length": 2.9595682621002197, "mode": "train", "epoch": 47}
{"loss": 1.3095698356628418, "acc": 0.5691906213760376, "length": 3.0313315391540527, "mode": "test", "epoch": 47}
{"loss": 1.1756532192230225, "acc": 0.6006488800048828, "length": 3.0354726314544678, "mode": "train", "epoch": 48}
{"loss": 1.3300776481628418, "acc": 0.5718015432357788, "length": 2.976501226425171, "mode": "test", "epoch": 48}
{"loss": 1.1331340074539185, "acc": 0.6231478452682495, "length": 2.9611568450927734, "mode": "train", "epoch": 49}
{"loss": 1.293976068496704, "acc": 0.5900783538818359, "length": 2.8590078353881836, "mode": "test", "epoch": 49}
{"loss": 1.1352437734603882, "acc": 0.610602080821991, "length": 2.9562854766845703, "mode": "train", "epoch": 50}
{"loss": 1.2832683324813843, "acc": 0.5926892757415771, "length": 2.898172378540039, "mode": "test", "epoch": 50}
{"loss": 1.1301556825637817, "acc": 0.6298326849937439, "length": 2.9262936115264893, "mode": "train", "epoch": 51}
{"loss": 1.2895311117172241, "acc": 0.5796344876289368, "length": 2.9503915309906006, "mode": "test", "epoch": 51}
{"loss": 1.1527758836746216, "acc": 0.6188610196113586, "length": 2.9294357299804688, "mode": "train", "epoch": 52}
{"loss": 1.2432799339294434, "acc": 0.6083551049232483, "length": 2.921670913696289, "mode": "test", "epoch": 52}
{"loss": 1.160622477531433, "acc": 0.6125380992889404, "length": 3.0053622722625732, "mode": "train", "epoch": 53}
{"loss": 1.2616963386535645, "acc": 0.5744125247001648, "length": 2.9033942222595215, "mode": "test", "epoch": 53}
{"loss": 1.1111820936203003, "acc": 0.6374205946922302, "length": 2.9925358295440674, "mode": "train", "epoch": 54}
{"loss": 1.3036842346191406, "acc": 0.5926892757415771, "length": 2.934725761413574, "mode": "test", "epoch": 54}
{"loss": 1.1954200267791748, "acc": 0.6134743094444275, "length": 2.9431912899017334, "mode": "train", "epoch": 55}
{"loss": 1.3919591903686523, "acc": 0.5456919074058533, "length": 2.9582245349884033, "mode": "test", "epoch": 55}
{"loss": 1.2111660242080688, "acc": 0.5915405750274658, "length": 2.9435417652130127, "mode": "train", "epoch": 56}
{"loss": 1.3085877895355225, "acc": 0.5456919074058533, "length": 2.911227226257324, "mode": "test", "epoch": 56}
{"loss": 1.1378741264343262, "acc": 0.6173792481422424, "length": 2.9458396434783936, "mode": "train", "epoch": 57}
{"loss": 1.2430394887924194, "acc": 0.6135770082473755, "length": 2.9843342304229736, "mode": "test", "epoch": 57}
{"loss": 1.1873395442962646, "acc": 0.6134443879127502, "length": 3.0557305812835693, "mode": "train", "epoch": 58}
{"loss": 1.28169846534729, "acc": 0.5744125247001648, "length": 2.986945152282715, "mode": "test", "epoch": 58}
{"loss": 1.1551661491394043, "acc": 0.6131635308265686, "length": 3.0719923973083496, "mode": "train", "epoch": 59}
{"loss": 1.2352714538574219, "acc": 0.5979112386703491, "length": 2.9477806091308594, "mode": "test", "epoch": 59}
{"loss": 1.144544243812561, "acc": 0.6114440560340881, "length": 2.9601223468780518, "mode": "train", "epoch": 60}
{"loss": 1.2118829488754272, "acc": 0.6031331419944763, "length": 2.911227226257324, "mode": "test", "epoch": 60}
test accuracy: 0.28717949986457825
