# ["--data_set_name=dim[4, 4, 4]_dist10-0_scale10_upsampleTrue_balancedFalse.ds", "--n_epochs=60", "--batch_size=64", "--learning_rate=0.001", "--hidden_size=128", "--temperature=1.5", "--temp_update=0.99", "--length_cost=0.0", "--vocab_size_factor=3"]
data loaded from: ../zoo/intentional_game/data/dim[4, 4, 4]_dist10-0_scale10_upsampleTrue_balancedFalse.ds

opts
 Namespace(batch_size=64, checkpoint_dir=None, checkpoint_freq=0, cuda=True, data_set_name='dim[4, 4, 4]_dist10-0_scale10_upsampleTrue_balancedFalse.ds', device=device(type='cuda'), distributed_context=DistributedContext(is_distributed=False, rank=0, local_rank=0, world_size=1, mode='none'), distributed_port=18363, fp16=False, hidden_size=128, learning_rate=0.001, length_cost=0.0, load_from_checkpoint=None, lr=0.01, max_len=1, mode='gs', n_epochs=60, no_cuda=False, optimizer='adam', preemptable=False, random_seed=1034809954, receiver_cell='gru', save_interaction_freq=0, sender_cell='gru', temp_update=0.99, temperature=1.5, tensorboard=False, tensorboard_dir='runs/', update_freq=1, validation_freq=1, vocab_size=10, vocab_size_factor=3)
{"loss": 2.4108963012695312, "acc": 0.08416792750358582, "length": 3.4583399295806885, "mode": "train", "epoch": 1}
{"loss": 2.394418478012085, "acc": 0.1070496067404747, "length": 1.0, "mode": "test", "epoch": 1}
{"loss": 2.3984756469726562, "acc": 0.09615729749202728, "length": 2.523224353790283, "mode": "train", "epoch": 2}
{"loss": 2.391996383666992, "acc": 0.09921670705080032, "length": 1.0, "mode": "test", "epoch": 2}
{"loss": 2.3875935077667236, "acc": 0.09465938061475754, "length": 1.8543342351913452, "mode": "train", "epoch": 3}
{"loss": 2.364948034286499, "acc": 0.13315926492214203, "length": 1.540470004081726, "mode": "test", "epoch": 3}
{"loss": 2.3472652435302734, "acc": 0.13574232161045074, "length": 1.9915608167648315, "mode": "train", "epoch": 4}
{"loss": 2.342088222503662, "acc": 0.1096605733036995, "length": 1.885117530822754, "mode": "test", "epoch": 4}
{"loss": 2.276948928833008, "acc": 0.15548893809318542, "length": 1.922931432723999, "mode": "train", "epoch": 5}
{"loss": 2.2559781074523926, "acc": 0.1409921646118164, "length": 2.057441234588623, "mode": "test", "epoch": 5}
{"loss": 2.1877543926239014, "acc": 0.17960123717784882, "length": 2.111525535583496, "mode": "train", "epoch": 6}
{"loss": 2.1605701446533203, "acc": 0.2140992134809494, "length": 2.3002610206604004, "mode": "test", "epoch": 6}
{"loss": 2.1037707328796387, "acc": 0.2285933494567871, "length": 2.2135508060455322, "mode": "train", "epoch": 7}
{"loss": 2.1226320266723633, "acc": 0.1749347299337387, "length": 1.9973890781402588, "mode": "test", "epoch": 7}
{"loss": 2.0628929138183594, "acc": 0.23408536612987518, "length": 2.1012749671936035, "mode": "train", "epoch": 8}
{"loss": 2.06870698928833, "acc": 0.2454308122396469, "length": 2.0417754650115967, "mode": "test", "epoch": 8}
{"loss": 2.053175210952759, "acc": 0.23040013015270233, "length": 2.0649149417877197, "mode": "train", "epoch": 9}
{"loss": 2.0712733268737793, "acc": 0.2114882469177246, "length": 1.9712793827056885, "mode": "test", "epoch": 9}
{"loss": 2.0327672958374023, "acc": 0.2211233675479889, "length": 2.0667080879211426, "mode": "train", "epoch": 10}
{"loss": 2.0503740310668945, "acc": 0.2454308122396469, "length": 2.1305482387542725, "mode": "test", "epoch": 10}
{"loss": 2.026697874069214, "acc": 0.24311348795890808, "length": 2.1125614643096924, "mode": "train", "epoch": 11}
{"loss": 2.051020860671997, "acc": 0.24281984567642212, "length": 2.091383695602417, "mode": "test", "epoch": 11}
{"loss": 2.0043230056762695, "acc": 0.24529162049293518, "length": 2.1229584217071533, "mode": "train", "epoch": 12}
{"loss": 2.021530866622925, "acc": 0.2532637119293213, "length": 2.0287206172943115, "mode": "test", "epoch": 12}
{"loss": 1.9923392534255981, "acc": 0.27009254693984985, "length": 2.1360859870910645, "mode": "train", "epoch": 13}
{"loss": 2.0028843879699707, "acc": 0.2506527304649353, "length": 2.0600521564483643, "mode": "test", "epoch": 13}
{"loss": 1.9728370904922485, "acc": 0.2771831750869751, "length": 2.1353418827056885, "mode": "train", "epoch": 14}
{"loss": 1.9828437566757202, "acc": 0.2767623960971832, "length": 2.104438543319702, "mode": "test", "epoch": 14}
{"loss": 1.9641766548156738, "acc": 0.275197297334671, "length": 2.2317357063293457, "mode": "train", "epoch": 15}
{"loss": 1.9985774755477905, "acc": 0.26370757818222046, "length": 2.1879894733428955, "mode": "test", "epoch": 15}
{"loss": 1.9444154500961304, "acc": 0.30092138051986694, "length": 2.3204638957977295, "mode": "train", "epoch": 16}
{"loss": 1.9651587009429932, "acc": 0.3133159279823303, "length": 2.3002610206604004, "mode": "test", "epoch": 16}
{"loss": 1.9232521057128906, "acc": 0.29276135563850403, "length": 2.2989141941070557, "mode": "train", "epoch": 17}
{"loss": 1.9501022100448608, "acc": 0.2819843292236328, "length": 2.3550913333892822, "mode": "test", "epoch": 17}
{"loss": 1.925249695777893, "acc": 0.3075448274612427, "length": 2.3705108165740967, "mode": "train", "epoch": 18}
{"loss": 1.9236178398132324, "acc": 0.3263707458972931, "length": 2.2663185596466064, "mode": "test", "epoch": 18}
{"loss": 1.9095304012298584, "acc": 0.31855568289756775, "length": 2.324686288833618, "mode": "train", "epoch": 19}
{"loss": 1.9516643285751343, "acc": 0.30809399485588074, "length": 2.3107049465179443, "mode": "test", "epoch": 19}
{"loss": 1.8737258911132812, "acc": 0.3240308165550232, "length": 2.3670051097869873, "mode": "train", "epoch": 20}
{"loss": 1.9398927688598633, "acc": 0.3289817273616791, "length": 2.3211488723754883, "mode": "test", "epoch": 20}
{"loss": 1.840578317642212, "acc": 0.34217819571495056, "length": 2.341583490371704, "mode": "train", "epoch": 21}
{"loss": 1.8944977521896362, "acc": 0.34203654527664185, "length": 2.50130558013916, "mode": "test", "epoch": 21}
{"loss": 1.8189457654953003, "acc": 0.3539198935031891, "length": 2.434290885925293, "mode": "train", "epoch": 22}
{"loss": 1.8590978384017944, "acc": 0.3577023446559906, "length": 2.422976493835449, "mode": "test", "epoch": 22}
{"loss": 1.798622727394104, "acc": 0.36218494176864624, "length": 2.467493772506714, "mode": "train", "epoch": 23}
{"loss": 1.8225301504135132, "acc": 0.36553525924682617, "length": 2.4830286502838135, "mode": "test", "epoch": 23}
{"loss": 1.765209674835205, "acc": 0.3687356412410736, "length": 2.452836275100708, "mode": "train", "epoch": 24}
{"loss": 1.811497449874878, "acc": 0.3629242777824402, "length": 2.532637119293213, "mode": "test", "epoch": 24}
{"loss": 1.7354599237442017, "acc": 0.38360169529914856, "length": 2.5132291316986084, "mode": "train", "epoch": 25}
{"loss": 1.8101515769958496, "acc": 0.34725847840309143, "length": 2.417754650115967, "mode": "test", "epoch": 25}
{"loss": 1.7073167562484741, "acc": 0.39879268407821655, "length": 2.4795610904693604, "mode": "train", "epoch": 26}
{"loss": 1.7892526388168335, "acc": 0.3577023446559906, "length": 2.545691967010498, "mode": "test", "epoch": 26}
{"loss": 1.677415370941162, "acc": 0.40300196409225464, "length": 2.5975852012634277, "mode": "train", "epoch": 27}
{"loss": 1.8119275569915771, "acc": 0.34464752674102783, "length": 2.579634428024292, "mode": "test", "epoch": 27}
{"loss": 1.6473795175552368, "acc": 0.4119511842727661, "length": 2.6182687282562256, "mode": "train", "epoch": 28}
{"loss": 1.7258628606796265, "acc": 0.3890339434146881, "length": 2.5404698848724365, "mode": "test", "epoch": 28}
{"loss": 1.6200944185256958, "acc": 0.4292934834957123, "length": 2.5498552322387695, "mode": "train", "epoch": 29}
{"loss": 1.6947836875915527, "acc": 0.3838120102882385, "length": 2.6161880493164062, "mode": "test", "epoch": 29}
{"loss": 1.5632472038269043, "acc": 0.45513084530830383, "length": 2.6666998863220215, "mode": "train", "epoch": 30}
{"loss": 1.674070119857788, "acc": 0.3864229619503021, "length": 2.6997389793395996, "mode": "test", "epoch": 30}
{"loss": 1.508628010749817, "acc": 0.47537410259246826, "length": 2.6829748153686523, "mode": "train", "epoch": 31}
{"loss": 1.596588373184204, "acc": 0.438642293214798, "length": 2.704960823059082, "mode": "test", "epoch": 31}
{"loss": 1.45143723487854, "acc": 0.5185434818267822, "length": 2.7509379386901855, "mode": "train", "epoch": 32}
{"loss": 1.5663241147994995, "acc": 0.44647520780563354, "length": 2.7676241397857666, "mode": "test", "epoch": 32}
{"loss": 1.4007678031921387, "acc": 0.5076999068260193, "length": 2.8360090255737305, "mode": "train", "epoch": 33}
{"loss": 1.5646703243255615, "acc": 0.44647520780563354, "length": 2.8120105266571045, "mode": "test", "epoch": 33}
{"loss": 1.3415237665176392, "acc": 0.5424284934997559, "length": 2.8348238468170166, "mode": "train", "epoch": 34}
{"loss": 1.5246708393096924, "acc": 0.4673629105091095, "length": 2.9634463787078857, "mode": "test", "epoch": 34}
{"loss": 1.2909377813339233, "acc": 0.5697610378265381, "length": 2.8926823139190674, "mode": "train", "epoch": 35}
{"loss": 1.51470947265625, "acc": 0.48302870988845825, "length": 2.851174831390381, "mode": "test", "epoch": 35}
{"loss": 1.2616822719573975, "acc": 0.5902320146560669, "length": 2.8859825134277344, "mode": "train", "epoch": 36}
{"loss": 1.4179127216339111, "acc": 0.498694509267807, "length": 2.861618757247925, "mode": "test", "epoch": 36}
{"loss": 1.1952673196792603, "acc": 0.6203551888465881, "length": 2.888563394546509, "mode": "train", "epoch": 37}
{"loss": 1.3574284315109253, "acc": 0.5639686584472656, "length": 2.9060051441192627, "mode": "test", "epoch": 37}
{"loss": 1.1148008108139038, "acc": 0.6437284350395203, "length": 2.899205207824707, "mode": "train", "epoch": 38}
{"loss": 1.3816382884979248, "acc": 0.5718015432357788, "length": 2.908616304397583, "mode": "test", "epoch": 38}
{"loss": 1.092235803604126, "acc": 0.6642844080924988, "length": 2.9574272632598877, "mode": "train", "epoch": 39}
{"loss": 1.4050216674804688, "acc": 0.5483028888702393, "length": 2.953002691268921, "mode": "test", "epoch": 39}
{"loss": 1.039054274559021, "acc": 0.6858205199241638, "length": 2.9958419799804688, "mode": "train", "epoch": 40}
{"loss": 1.2536317110061646, "acc": 0.6057441234588623, "length": 2.9582245349884033, "mode": "test", "epoch": 40}
{"loss": 1.0040127038955688, "acc": 0.7066025733947754, "length": 3.0264673233032227, "mode": "train", "epoch": 41}
{"loss": 1.288963794708252, "acc": 0.6187989711761475, "length": 2.929503917694092, "mode": "test", "epoch": 41}
{"loss": 0.9770873188972473, "acc": 0.7034479379653931, "length": 3.0837292671203613, "mode": "train", "epoch": 42}
{"loss": 1.317308783531189, "acc": 0.6005222201347351, "length": 3.0861618518829346, "mode": "test", "epoch": 42}
{"loss": 0.90134197473526, "acc": 0.7255409359931946, "length": 3.0506930351257324, "mode": "train", "epoch": 43}
{"loss": 1.1649754047393799, "acc": 0.647519588470459, "length": 3.0078330039978027, "mode": "test", "epoch": 43}
{"loss": 0.8777484893798828, "acc": 0.7341291308403015, "length": 3.108943223953247, "mode": "train", "epoch": 44}
{"loss": 1.1598262786865234, "acc": 0.6919060349464417, "length": 3.088772773742676, "mode": "test", "epoch": 44}
{"loss": 0.8112117052078247, "acc": 0.765627384185791, "length": 3.0890705585479736, "mode": "train", "epoch": 45}
{"loss": 1.1477813720703125, "acc": 0.6762402057647705, "length": 3.070496082305908, "mode": "test", "epoch": 45}
{"loss": 0.7677915692329407, "acc": 0.784318745136261, "length": 3.1098897457122803, "mode": "train", "epoch": 46}
{"loss": 1.0709916353225708, "acc": 0.6997389197349548, "length": 3.1201045513153076, "mode": "test", "epoch": 46}
{"loss": 0.7263062596321106, "acc": 0.7981760501861572, "length": 3.0986533164978027, "mode": "train", "epoch": 47}
{"loss": 1.0684198141098022, "acc": 0.6736292243003845, "length": 3.0939948558807373, "mode": "test", "epoch": 47}
{"loss": 0.6489625573158264, "acc": 0.8121722936630249, "length": 3.124798059463501, "mode": "train", "epoch": 48}
{"loss": 0.9933983087539673, "acc": 0.7206266522407532, "length": 3.080940008163452, "mode": "test", "epoch": 48}
{"loss": 0.5956451892852783, "acc": 0.8233458399772644, "length": 3.110262870788574, "mode": "train", "epoch": 49}
{"loss": 0.980738639831543, "acc": 0.7415143847465515, "length": 3.1566579341888428, "mode": "test", "epoch": 49}
{"loss": 0.6520609259605408, "acc": 0.8133124709129333, "length": 3.198289394378662, "mode": "train", "epoch": 50}
{"loss": 0.9923655986785889, "acc": 0.7389034032821655, "length": 3.1853785514831543, "mode": "test", "epoch": 50}
{"loss": 0.5914862155914307, "acc": 0.8216480016708374, "length": 3.161067008972168, "mode": "train", "epoch": 51}
{"loss": 0.8903794288635254, "acc": 0.7415143847465515, "length": 3.161879777908325, "mode": "test", "epoch": 51}
{"loss": 0.5161461234092712, "acc": 0.8476328253746033, "length": 3.1844468116760254, "mode": "train", "epoch": 52}
{"loss": 0.8686215281486511, "acc": 0.7571801543235779, "length": 3.172323703765869, "mode": "test", "epoch": 52}
{"loss": 0.45630067586898804, "acc": 0.8778709769248962, "length": 3.1860313415527344, "mode": "train", "epoch": 53}
{"loss": 0.8726863861083984, "acc": 0.7754569053649902, "length": 3.1566579341888428, "mode": "test", "epoch": 53}
{"loss": 0.48337629437446594, "acc": 0.8625842928886414, "length": 3.193772792816162, "mode": "train", "epoch": 54}
{"loss": 0.8402199745178223, "acc": 0.7650130391120911, "length": 3.1279373168945312, "mode": "test", "epoch": 54}
{"loss": 0.4236868917942047, "acc": 0.877391517162323, "length": 3.1882057189941406, "mode": "train", "epoch": 55}
{"loss": 0.8305515050888062, "acc": 0.7780678868293762, "length": 3.2088773250579834, "mode": "test", "epoch": 55}
{"loss": 0.43225064873695374, "acc": 0.8652765154838562, "length": 3.2032833099365234, "mode": "train", "epoch": 56}
{"loss": 0.7665482759475708, "acc": 0.7911227345466614, "length": 3.180156707763672, "mode": "test", "epoch": 56}
{"loss": 0.4045778810977936, "acc": 0.8975439667701721, "length": 3.204939842224121, "mode": "train", "epoch": 57}
{"loss": 0.7894806861877441, "acc": 0.7911227345466614, "length": 3.214099168777466, "mode": "test", "epoch": 57}
{"loss": 0.39776572585105896, "acc": 0.8924484848976135, "length": 3.193315029144287, "mode": "train", "epoch": 58}
{"loss": 0.7630605101585388, "acc": 0.7832897901535034, "length": 3.2114882469177246, "mode": "test", "epoch": 58}
{"loss": 0.33182597160339355, "acc": 0.9196562170982361, "length": 3.2264983654022217, "mode": "train", "epoch": 59}
{"loss": 0.7307720184326172, "acc": 0.7859007716178894, "length": 3.2663185596466064, "mode": "test", "epoch": 59}
{"loss": 0.35794463753700256, "acc": 0.8960519433021545, "length": 3.2341299057006836, "mode": "train", "epoch": 60}
{"loss": 0.6531285047531128, "acc": 0.8172323703765869, "length": 3.180156707763672, "mode": "test", "epoch": 60}
test accuracy: 0.5538461804389954
