# ["--data_set_name=dim[4, 4, 4]_dist10-0_scale10_upsampleTrue_balancedFalse.ds", "--n_epochs=60", "--batch_size=64", "--learning_rate=0.001", "--hidden_size=256", "--temperature=1.5", "--temp_update=0.97", "--length_cost=0.0", "--vocab_size_factor=3"]
data loaded from: ../zoo/intentional_game/data/dim[4, 4, 4]_dist10-0_scale10_upsampleTrue_balancedFalse.ds

opts
 Namespace(batch_size=64, checkpoint_dir=None, checkpoint_freq=0, cuda=True, data_set_name='dim[4, 4, 4]_dist10-0_scale10_upsampleTrue_balancedFalse.ds', device=device(type='cuda'), distributed_context=DistributedContext(is_distributed=False, rank=0, local_rank=0, world_size=1, mode='none'), distributed_port=18363, fp16=False, hidden_size=256, learning_rate=0.001, length_cost=0.0, load_from_checkpoint=None, lr=0.01, max_len=1, mode='gs', n_epochs=60, no_cuda=False, optimizer='adam', preemptable=False, random_seed=918135104, receiver_cell='gru', save_interaction_freq=0, sender_cell='gru', temp_update=0.97, temperature=1.5, tensorboard=False, tensorboard_dir='runs/', update_freq=1, validation_freq=1, vocab_size=10, vocab_size_factor=3)
{"loss": 2.4215731620788574, "acc": 0.09310303628444672, "length": 2.580449342727661, "mode": "train", "epoch": 1}
{"loss": 2.3973336219787598, "acc": 0.07832898199558258, "length": 1.0, "mode": "test", "epoch": 1}
{"loss": 2.4065396785736084, "acc": 0.08205395936965942, "length": 1.026878833770752, "mode": "train", "epoch": 2}
{"loss": 2.405898094177246, "acc": 0.05483028665184975, "length": 1.0, "mode": "test", "epoch": 2}
{"loss": 2.402977228164673, "acc": 0.08022964745759964, "length": 1.0043680667877197, "mode": "train", "epoch": 3}
{"loss": 2.402088165283203, "acc": 0.07571801543235779, "length": 1.0, "mode": "test", "epoch": 3}
{"loss": 2.405851125717163, "acc": 0.0810767412185669, "length": 1.00264573097229, "mode": "train", "epoch": 4}
{"loss": 2.396024703979492, "acc": 0.08877284824848175, "length": 1.0, "mode": "test", "epoch": 4}
{"loss": 2.4039230346679688, "acc": 0.09067470580339432, "length": 1.0024985074996948, "mode": "train", "epoch": 5}
{"loss": 2.4030892848968506, "acc": 0.08616188168525696, "length": 1.0, "mode": "test", "epoch": 5}
{"loss": 2.4020745754241943, "acc": 0.07760564237833023, "length": 1.0024020671844482, "mode": "train", "epoch": 6}
{"loss": 2.3936402797698975, "acc": 0.11227153986692429, "length": 1.0, "mode": "test", "epoch": 6}
{"loss": 2.402308464050293, "acc": 0.06973896920681, "length": 1.0020748376846313, "mode": "train", "epoch": 7}
{"loss": 2.396589517593384, "acc": 0.09399478137493134, "length": 1.0, "mode": "test", "epoch": 7}
{"loss": 2.4006826877593994, "acc": 0.08013676106929779, "length": 1.002027988433838, "mode": "train", "epoch": 8}
{"loss": 2.3930702209472656, "acc": 0.09399478137493134, "length": 1.0, "mode": "test", "epoch": 8}
{"loss": 2.398033380508423, "acc": 0.09415358304977417, "length": 1.0029643774032593, "mode": "train", "epoch": 9}
{"loss": 2.3968992233276367, "acc": 0.10443864017724991, "length": 1.0, "mode": "test", "epoch": 9}
{"loss": 2.3988378047943115, "acc": 0.09763890504837036, "length": 1.0053788423538208, "mode": "train", "epoch": 10}
{"loss": 2.395434856414795, "acc": 0.09660574048757553, "length": 1.0, "mode": "test", "epoch": 10}
{"loss": 2.394953966140747, "acc": 0.08718667179346085, "length": 1.1150481700897217, "mode": "train", "epoch": 11}
{"loss": 2.358395576477051, "acc": 0.15143603086471558, "length": 1.5065274238586426, "mode": "test", "epoch": 11}
{"loss": 2.3219692707061768, "acc": 0.1287868171930313, "length": 1.7783108949661255, "mode": "train", "epoch": 12}
{"loss": 2.320251226425171, "acc": 0.15665796399116516, "length": 1.4255874156951904, "mode": "test", "epoch": 12}
{"loss": 2.226844549179077, "acc": 0.1584695428609848, "length": 1.5554875135421753, "mode": "train", "epoch": 13}
{"loss": 2.229506015777588, "acc": 0.19582244753837585, "length": 1.4334204196929932, "mode": "test", "epoch": 13}
{"loss": 2.1850168704986572, "acc": 0.19121786952018738, "length": 1.529536247253418, "mode": "train", "epoch": 14}
{"loss": 2.2353219985961914, "acc": 0.20104438066482544, "length": 1.5483028888702393, "mode": "test", "epoch": 14}
{"loss": 2.1219370365142822, "acc": 0.21003654599189758, "length": 1.8410983085632324, "mode": "train", "epoch": 15}
{"loss": 2.2263259887695312, "acc": 0.19321148097515106, "length": 1.8407310247421265, "mode": "test", "epoch": 15}
{"loss": 2.0544350147247314, "acc": 0.24873167276382446, "length": 2.2183241844177246, "mode": "train", "epoch": 16}
{"loss": 1.9780850410461426, "acc": 0.2898172438144684, "length": 2.1671018600463867, "mode": "test", "epoch": 16}
{"loss": 1.9054303169250488, "acc": 0.3079640567302704, "length": 2.408367156982422, "mode": "train", "epoch": 17}
{"loss": 1.8747994899749756, "acc": 0.292428195476532, "length": 2.3028721809387207, "mode": "test", "epoch": 17}
{"loss": 1.8649046421051025, "acc": 0.31645235419273376, "length": 2.2665507793426514, "mode": "train", "epoch": 18}
{"loss": 1.849172592163086, "acc": 0.33420366048812866, "length": 2.1853785514831543, "mode": "test", "epoch": 18}
{"loss": 1.8386001586914062, "acc": 0.3208172619342804, "length": 2.2204902172088623, "mode": "train", "epoch": 19}
{"loss": 1.8326767683029175, "acc": 0.3133159279823303, "length": 2.148825168609619, "mode": "test", "epoch": 19}
{"loss": 1.8289440870285034, "acc": 0.3208639323711395, "length": 2.2388885021209717, "mode": "train", "epoch": 20}
{"loss": 1.8402966260910034, "acc": 0.3159268796443939, "length": 2.2088773250579834, "mode": "test", "epoch": 20}
{"loss": 1.7818677425384521, "acc": 0.34962761402130127, "length": 2.282485246658325, "mode": "train", "epoch": 21}
{"loss": 1.8756097555160522, "acc": 0.2845953106880188, "length": 2.295039176940918, "mode": "test", "epoch": 21}
{"loss": 1.8010869026184082, "acc": 0.3338654339313507, "length": 2.298672914505005, "mode": "train", "epoch": 22}
{"loss": 1.7835464477539062, "acc": 0.33681461215019226, "length": 2.3368146419525146, "mode": "test", "epoch": 22}
{"loss": 1.746032953262329, "acc": 0.36881107091903687, "length": 2.2668840885162354, "mode": "train", "epoch": 23}
{"loss": 1.8289350271224976, "acc": 0.34725847840309143, "length": 2.2349870204925537, "mode": "test", "epoch": 23}
{"loss": 1.7223118543624878, "acc": 0.36437132954597473, "length": 2.301877021789551, "mode": "train", "epoch": 24}
{"loss": 1.773218035697937, "acc": 0.3577023446559906, "length": 2.25065279006958, "mode": "test", "epoch": 24}
{"loss": 1.7316584587097168, "acc": 0.35985100269317627, "length": 2.2986268997192383, "mode": "train", "epoch": 25}
{"loss": 1.800959825515747, "acc": 0.37597912549972534, "length": 2.148825168609619, "mode": "test", "epoch": 25}
{"loss": 1.6941970586776733, "acc": 0.3871997892856598, "length": 2.2397077083587646, "mode": "train", "epoch": 26}
{"loss": 1.753148078918457, "acc": 0.3942558765411377, "length": 2.2924282550811768, "mode": "test", "epoch": 26}
{"loss": 1.643226981163025, "acc": 0.4258752763271332, "length": 2.2743334770202637, "mode": "train", "epoch": 27}
{"loss": 1.7066514492034912, "acc": 0.40731069445610046, "length": 2.3133158683776855, "mode": "test", "epoch": 27}
{"loss": 1.6017895936965942, "acc": 0.4385676085948944, "length": 2.3125970363616943, "mode": "train", "epoch": 28}
{"loss": 1.6713579893112183, "acc": 0.44125327467918396, "length": 2.281984329223633, "mode": "test", "epoch": 28}
{"loss": 1.5127826929092407, "acc": 0.4672743082046509, "length": 2.3898158073425293, "mode": "train", "epoch": 29}
{"loss": 1.547391653060913, "acc": 0.4699738919734955, "length": 2.4804177284240723, "mode": "test", "epoch": 29}
{"loss": 1.3943450450897217, "acc": 0.5258702039718628, "length": 2.6024813652038574, "mode": "train", "epoch": 30}
{"loss": 1.480836272239685, "acc": 0.5117493271827698, "length": 2.6553525924682617, "mode": "test", "epoch": 30}
{"loss": 1.318271279335022, "acc": 0.5510545372962952, "length": 2.6876354217529297, "mode": "train", "epoch": 31}
{"loss": 1.321476936340332, "acc": 0.5169712901115417, "length": 2.7101826667785645, "mode": "test", "epoch": 31}
{"loss": 1.2030489444732666, "acc": 0.5832839608192444, "length": 2.8043062686920166, "mode": "train", "epoch": 32}
{"loss": 1.280428171157837, "acc": 0.5770235061645508, "length": 2.6396865844726562, "mode": "test", "epoch": 32}
{"loss": 1.1938902139663696, "acc": 0.5846408009529114, "length": 2.818866491317749, "mode": "train", "epoch": 33}
{"loss": 1.3253276348114014, "acc": 0.5456919074058533, "length": 2.7885117530822754, "mode": "test", "epoch": 33}
{"loss": 1.1711004972457886, "acc": 0.5865405797958374, "length": 2.791668176651001, "mode": "train", "epoch": 34}
{"loss": 1.3153939247131348, "acc": 0.5561357736587524, "length": 2.702349901199341, "mode": "test", "epoch": 34}
{"loss": 1.1236528158187866, "acc": 0.6247553825378418, "length": 2.7737314701080322, "mode": "train", "epoch": 35}
{"loss": 1.2573885917663574, "acc": 0.584856390953064, "length": 2.7571802139282227, "mode": "test", "epoch": 35}
{"loss": 1.1079564094543457, "acc": 0.6171731948852539, "length": 2.8289947509765625, "mode": "train", "epoch": 36}
{"loss": 1.2161974906921387, "acc": 0.5613576769828796, "length": 2.7441253662109375, "mode": "test", "epoch": 36}
{"loss": 1.1235052347183228, "acc": 0.6210521459579468, "length": 2.824326276779175, "mode": "train", "epoch": 37}
{"loss": 1.262892246246338, "acc": 0.5691906213760376, "length": 2.819843292236328, "mode": "test", "epoch": 37}
{"loss": 1.1045780181884766, "acc": 0.6170163154602051, "length": 2.873673439025879, "mode": "train", "epoch": 38}
{"loss": 1.2131223678588867, "acc": 0.5926892757415771, "length": 2.8433420658111572, "mode": "test", "epoch": 38}
{"loss": 1.1145305633544922, "acc": 0.6269852519035339, "length": 2.8942456245422363, "mode": "train", "epoch": 39}
{"loss": 1.262843132019043, "acc": 0.5796344876289368, "length": 2.9242820739746094, "mode": "test", "epoch": 39}
{"loss": 1.0754594802856445, "acc": 0.6407080292701721, "length": 2.8717551231384277, "mode": "train", "epoch": 40}
{"loss": 1.2483606338500977, "acc": 0.6083551049232483, "length": 2.864229679107666, "mode": "test", "epoch": 40}
{"loss": 1.039244294166565, "acc": 0.6502019762992859, "length": 2.8415777683258057, "mode": "train", "epoch": 41}
{"loss": 1.240823745727539, "acc": 0.582245409488678, "length": 2.7806787490844727, "mode": "test", "epoch": 41}
{"loss": 1.0499202013015747, "acc": 0.629841685295105, "length": 2.8843982219696045, "mode": "train", "epoch": 42}
{"loss": 1.241610050201416, "acc": 0.6161879897117615, "length": 2.838120222091675, "mode": "test", "epoch": 42}
{"loss": 0.9964005351066589, "acc": 0.6639041304588318, "length": 2.9479761123657227, "mode": "train", "epoch": 43}
{"loss": 1.1684720516204834, "acc": 0.6266318559646606, "length": 2.9268929958343506, "mode": "test", "epoch": 43}
{"loss": 0.9893581867218018, "acc": 0.6477246880531311, "length": 2.879791021347046, "mode": "train", "epoch": 44}
{"loss": 1.2009758949279785, "acc": 0.6109660863876343, "length": 2.8355090618133545, "mode": "test", "epoch": 44}
{"loss": 0.990463376045227, "acc": 0.6569740176200867, "length": 2.899397134780884, "mode": "train", "epoch": 45}
{"loss": 1.1720130443572998, "acc": 0.6396867036819458, "length": 2.908616304397583, "mode": "test", "epoch": 45}
{"loss": 0.9569367170333862, "acc": 0.6680896282196045, "length": 2.8999502658843994, "mode": "train", "epoch": 46}
{"loss": 1.1625733375549316, "acc": 0.6187989711761475, "length": 2.9242820739746094, "mode": "test", "epoch": 46}
{"loss": 0.9247162938117981, "acc": 0.6797543168067932, "length": 2.972180128097534, "mode": "train", "epoch": 47}
{"loss": 1.195676565170288, "acc": 0.6057441234588623, "length": 2.87467360496521, "mode": "test", "epoch": 47}
{"loss": 0.953044056892395, "acc": 0.6620842218399048, "length": 2.91245174407959, "mode": "train", "epoch": 48}
{"loss": 1.1556012630462646, "acc": 0.6318537592887878, "length": 2.9033942222595215, "mode": "test", "epoch": 48}
{"loss": 0.9203932881355286, "acc": 0.6861066222190857, "length": 2.958573818206787, "mode": "train", "epoch": 49}
{"loss": 1.1641464233398438, "acc": 0.6240208745002747, "length": 2.9477806091308594, "mode": "test", "epoch": 49}
{"loss": 0.8862712979316711, "acc": 0.6858976483345032, "length": 2.958702802658081, "mode": "train", "epoch": 50}
{"loss": 1.172365665435791, "acc": 0.6187989711761475, "length": 2.9686684608459473, "mode": "test", "epoch": 50}
{"loss": 0.9235613942146301, "acc": 0.6792778968811035, "length": 2.944411516189575, "mode": "train", "epoch": 51}
{"loss": 1.1451561450958252, "acc": 0.644908607006073, "length": 2.955613613128662, "mode": "test", "epoch": 51}
{"loss": 0.903174638748169, "acc": 0.6877780556678772, "length": 2.9845337867736816, "mode": "train", "epoch": 52}
{"loss": 1.1592066287994385, "acc": 0.6240208745002747, "length": 2.9503915309906006, "mode": "test", "epoch": 52}
{"loss": 0.9212186932563782, "acc": 0.711166501045227, "length": 2.9620814323425293, "mode": "train", "epoch": 53}
{"loss": 1.1079769134521484, "acc": 0.6710183024406433, "length": 2.9817233085632324, "mode": "test", "epoch": 53}
{"loss": 0.8576127290725708, "acc": 0.715335488319397, "length": 2.9692234992980957, "mode": "train", "epoch": 54}
{"loss": 1.1217058897018433, "acc": 0.6579634547233582, "length": 3.010443925857544, "mode": "test", "epoch": 54}
{"loss": 0.8311472535133362, "acc": 0.7226524353027344, "length": 2.9818949699401855, "mode": "train", "epoch": 55}
{"loss": 1.095356822013855, "acc": 0.6684073209762573, "length": 3.013054847717285, "mode": "test", "epoch": 55}
{"loss": 0.8159905672073364, "acc": 0.7393869161605835, "length": 3.004615068435669, "mode": "train", "epoch": 56}
{"loss": 1.0650968551635742, "acc": 0.6736292243003845, "length": 3.0156657695770264, "mode": "test", "epoch": 56}
{"loss": 0.8440414667129517, "acc": 0.7277677655220032, "length": 2.998847723007202, "mode": "train", "epoch": 57}
{"loss": 1.0881767272949219, "acc": 0.6657963395118713, "length": 2.942558765411377, "mode": "test", "epoch": 57}
{"loss": 0.8702829480171204, "acc": 0.713802695274353, "length": 2.964385986328125, "mode": "train", "epoch": 58}
{"loss": 1.075558066368103, "acc": 0.6945169568061829, "length": 3.0391645431518555, "mode": "test", "epoch": 58}
{"loss": 0.8178975582122803, "acc": 0.7373684644699097, "length": 2.9939141273498535, "mode": "train", "epoch": 59}
{"loss": 1.096407413482666, "acc": 0.6605744361877441, "length": 2.9817233085632324, "mode": "test", "epoch": 59}
{"loss": 0.8525466918945312, "acc": 0.7229161262512207, "length": 3.0325582027435303, "mode": "train", "epoch": 60}
{"loss": 1.1425929069519043, "acc": 0.6762402057647705, "length": 3.0600521564483643, "mode": "test", "epoch": 60}
test accuracy: 0.34358975291252136
