# ["--data_set_name=dim[4, 4, 4]_dist10-0_scale10_upsampleTrue_balancedFalse.ds", "--n_epochs=60", "--batch_size=64", "--learning_rate=0.001", "--hidden_size=256", "--temperature=1.5", "--temp_update=0.99", "--length_cost=0.0", "--vocab_size_factor=3"]
data loaded from: ../zoo/intentional_game/data/dim[4, 4, 4]_dist10-0_scale10_upsampleTrue_balancedFalse.ds

opts
 Namespace(batch_size=64, checkpoint_dir=None, checkpoint_freq=0, cuda=True, data_set_name='dim[4, 4, 4]_dist10-0_scale10_upsampleTrue_balancedFalse.ds', device=device(type='cuda'), distributed_context=DistributedContext(is_distributed=False, rank=0, local_rank=0, world_size=1, mode='none'), distributed_port=18363, fp16=False, hidden_size=256, learning_rate=0.001, length_cost=0.0, load_from_checkpoint=None, lr=0.01, max_len=1, mode='gs', n_epochs=60, no_cuda=False, optimizer='adam', preemptable=False, random_seed=1797971776, receiver_cell='gru', save_interaction_freq=0, sender_cell='gru', temp_update=0.99, temperature=1.5, tensorboard=False, tensorboard_dir='runs/', update_freq=1, validation_freq=1, vocab_size=10, vocab_size_factor=3)
{"loss": 2.41737961769104, "acc": 0.08583831787109375, "length": 2.4857192039489746, "mode": "train", "epoch": 1}
{"loss": 2.3979620933532715, "acc": 0.09399478137493134, "length": 1.0, "mode": "test", "epoch": 1}
{"loss": 2.406358003616333, "acc": 0.080325648188591, "length": 1.0271165370941162, "mode": "train", "epoch": 2}
{"loss": 2.4024434089660645, "acc": 0.1070496067404747, "length": 1.0, "mode": "test", "epoch": 2}
{"loss": 2.409165859222412, "acc": 0.09064898639917374, "length": 1.0151739120483398, "mode": "train", "epoch": 3}
{"loss": 2.405339002609253, "acc": 0.10443864017724991, "length": 1.0, "mode": "test", "epoch": 3}
{"loss": 2.405226945877075, "acc": 0.09383376687765121, "length": 1.0228760242462158, "mode": "train", "epoch": 4}
{"loss": 2.4075541496276855, "acc": 0.09921670705080032, "length": 1.0, "mode": "test", "epoch": 4}
{"loss": 2.3987693786621094, "acc": 0.0914342924952507, "length": 1.1545395851135254, "mode": "train", "epoch": 5}
{"loss": 2.3778445720672607, "acc": 0.10182767361402512, "length": 1.5926892757415771, "mode": "test", "epoch": 5}
{"loss": 2.33071231842041, "acc": 0.13996222615242004, "length": 1.8323177099227905, "mode": "train", "epoch": 6}
{"loss": 2.348543882369995, "acc": 0.16449086368083954, "length": 1.9007833003997803, "mode": "test", "epoch": 6}
{"loss": 2.2671072483062744, "acc": 0.17027845978736877, "length": 2.1695680618286133, "mode": "train", "epoch": 7}
{"loss": 2.279616117477417, "acc": 0.20626631379127502, "length": 2.1984333992004395, "mode": "test", "epoch": 7}
{"loss": 2.189944267272949, "acc": 0.19769927859306335, "length": 2.443796157836914, "mode": "train", "epoch": 8}
{"loss": 2.3210558891296387, "acc": 0.20626631379127502, "length": 2.6292428970336914, "mode": "test", "epoch": 8}
{"loss": 2.0595266819000244, "acc": 0.2599404454231262, "length": 2.6219918727874756, "mode": "train", "epoch": 9}
{"loss": 2.2378344535827637, "acc": 0.2558746635913849, "length": 2.9007833003997803, "mode": "test", "epoch": 9}
{"loss": 1.9668112993240356, "acc": 0.30004212260246277, "length": 2.5528359413146973, "mode": "train", "epoch": 10}
{"loss": 2.140542507171631, "acc": 0.2584856450557709, "length": 2.7989556789398193, "mode": "test", "epoch": 10}
{"loss": 1.8939558267593384, "acc": 0.3356204330921173, "length": 2.6739561557769775, "mode": "train", "epoch": 11}
{"loss": 2.0593416690826416, "acc": 0.2558746635913849, "length": 2.5378589630126953, "mode": "test", "epoch": 11}
{"loss": 1.8274707794189453, "acc": 0.32114192843437195, "length": 2.559378147125244, "mode": "train", "epoch": 12}
{"loss": 1.9997271299362183, "acc": 0.2819843292236328, "length": 2.6527414321899414, "mode": "test", "epoch": 12}
{"loss": 1.7483450174331665, "acc": 0.39288949966430664, "length": 2.62080717086792, "mode": "train", "epoch": 13}
{"loss": 1.8814661502838135, "acc": 0.3577023446559906, "length": 2.5953001976013184, "mode": "test", "epoch": 13}
{"loss": 1.6558815240859985, "acc": 0.39422252774238586, "length": 2.63362717628479, "mode": "train", "epoch": 14}
{"loss": 1.8167166709899902, "acc": 0.3942558765411377, "length": 2.5613577365875244, "mode": "test", "epoch": 14}
{"loss": 1.6095523834228516, "acc": 0.4369816482067108, "length": 2.6359853744506836, "mode": "train", "epoch": 15}
{"loss": 1.8026340007781982, "acc": 0.3968668282032013, "length": 2.4725849628448486, "mode": "test", "epoch": 15}
{"loss": 1.5697193145751953, "acc": 0.4447205066680908, "length": 2.558626890182495, "mode": "train", "epoch": 16}
{"loss": 1.6826151609420776, "acc": 0.4203655421733856, "length": 2.477806806564331, "mode": "test", "epoch": 16}
{"loss": 1.5160382986068726, "acc": 0.46961355209350586, "length": 2.602841377258301, "mode": "train", "epoch": 17}
{"loss": 1.5915863513946533, "acc": 0.44908615946769714, "length": 2.5274150371551514, "mode": "test", "epoch": 17}
{"loss": 1.4910304546356201, "acc": 0.46952611207962036, "length": 2.597034215927124, "mode": "train", "epoch": 18}
{"loss": 1.6121253967285156, "acc": 0.45430809259414673, "length": 2.52480411529541, "mode": "test", "epoch": 18}
{"loss": 1.450547218322754, "acc": 0.49327409267425537, "length": 2.6073153018951416, "mode": "train", "epoch": 19}
{"loss": 1.6275304555892944, "acc": 0.4725848436355591, "length": 2.5979111194610596, "mode": "test", "epoch": 19}
{"loss": 1.4390573501586914, "acc": 0.48980680108070374, "length": 2.6429877281188965, "mode": "train", "epoch": 20}
{"loss": 1.5725634098052979, "acc": 0.48302870988845825, "length": 2.52480411529541, "mode": "test", "epoch": 20}
{"loss": 1.3950296640396118, "acc": 0.5113279819488525, "length": 2.6260361671447754, "mode": "train", "epoch": 21}
{"loss": 1.5345101356506348, "acc": 0.48041775822639465, "length": 2.577023506164551, "mode": "test", "epoch": 21}
{"loss": 1.3294416666030884, "acc": 0.5293619632720947, "length": 2.6174871921539307, "mode": "train", "epoch": 22}
{"loss": 1.6018370389938354, "acc": 0.4725848436355591, "length": 2.634464740753174, "mode": "test", "epoch": 22}
{"loss": 1.3019278049468994, "acc": 0.5481482148170471, "length": 2.653635025024414, "mode": "train", "epoch": 23}
{"loss": 1.5593913793563843, "acc": 0.5248041749000549, "length": 2.5848565101623535, "mode": "test", "epoch": 23}
{"loss": 1.2574591636657715, "acc": 0.5549724102020264, "length": 2.6500048637390137, "mode": "train", "epoch": 24}
{"loss": 1.5765771865844727, "acc": 0.47780677676200867, "length": 2.634464740753174, "mode": "test", "epoch": 24}
{"loss": 1.256593942642212, "acc": 0.5698552131652832, "length": 2.7019076347351074, "mode": "train", "epoch": 25}
{"loss": 1.515161395072937, "acc": 0.5248041749000549, "length": 2.6214098930358887, "mode": "test", "epoch": 25}
{"loss": 1.210727334022522, "acc": 0.5675138235092163, "length": 2.6964704990386963, "mode": "train", "epoch": 26}
{"loss": 1.3804244995117188, "acc": 0.5691906213760376, "length": 2.728459596633911, "mode": "test", "epoch": 26}
{"loss": 1.1749415397644043, "acc": 0.5815945863723755, "length": 2.764173984527588, "mode": "train", "epoch": 27}
{"loss": 1.3347139358520508, "acc": 0.5744125247001648, "length": 2.72584867477417, "mode": "test", "epoch": 27}
{"loss": 1.0929666757583618, "acc": 0.616157591342926, "length": 2.787118911743164, "mode": "train", "epoch": 28}
{"loss": 1.2856240272521973, "acc": 0.6266318559646606, "length": 2.7101826667785645, "mode": "test", "epoch": 28}
{"loss": 1.042187213897705, "acc": 0.6387013792991638, "length": 2.8708744049072266, "mode": "train", "epoch": 29}
{"loss": 1.2281975746154785, "acc": 0.6161879897117615, "length": 2.7806787490844727, "mode": "test", "epoch": 29}
{"loss": 1.0008082389831543, "acc": 0.6619932651519775, "length": 2.9115684032440186, "mode": "train", "epoch": 30}
{"loss": 1.1777361631393433, "acc": 0.6292428374290466, "length": 2.898172378540039, "mode": "test", "epoch": 30}
{"loss": 0.9800894260406494, "acc": 0.6769492626190186, "length": 2.939070463180542, "mode": "train", "epoch": 31}
{"loss": 1.2474963665008545, "acc": 0.642297625541687, "length": 2.919059991836548, "mode": "test", "epoch": 31}
{"loss": 0.9520109295845032, "acc": 0.6864119172096252, "length": 2.941663980484009, "mode": "train", "epoch": 32}
{"loss": 1.1525273323059082, "acc": 0.6579634547233582, "length": 2.895561456680298, "mode": "test", "epoch": 32}
{"loss": 0.8750384449958801, "acc": 0.7137078642845154, "length": 2.96443772315979, "mode": "train", "epoch": 33}
{"loss": 1.030738353729248, "acc": 0.6710183024406433, "length": 2.9060051441192627, "mode": "test", "epoch": 33}
{"loss": 0.813937783241272, "acc": 0.7312635779380798, "length": 3.0002658367156982, "mode": "train", "epoch": 34}
{"loss": 1.1019548177719116, "acc": 0.6579634547233582, "length": 3.0835509300231934, "mode": "test", "epoch": 34}
{"loss": 0.7786534428596497, "acc": 0.7377710342407227, "length": 3.040207624435425, "mode": "train", "epoch": 35}
{"loss": 1.0351159572601318, "acc": 0.6736292243003845, "length": 3.0496084690093994, "mode": "test", "epoch": 35}
{"loss": 0.6864566802978516, "acc": 0.7737855911254883, "length": 3.0622622966766357, "mode": "train", "epoch": 36}
{"loss": 0.9670349359512329, "acc": 0.710182785987854, "length": 3.1331591606140137, "mode": "test", "epoch": 36}
{"loss": 0.6525703072547913, "acc": 0.7932104468345642, "length": 3.14977765083313, "mode": "train", "epoch": 37}
{"loss": 0.8522951602935791, "acc": 0.7389034032821655, "length": 3.148825168609619, "mode": "test", "epoch": 37}
{"loss": 0.6229928135871887, "acc": 0.7991316914558411, "length": 3.1743574142456055, "mode": "train", "epoch": 38}
{"loss": 0.9052460193634033, "acc": 0.7415143847465515, "length": 3.206266403198242, "mode": "test", "epoch": 38}
{"loss": 0.5972383618354797, "acc": 0.8062999844551086, "length": 3.182190418243408, "mode": "train", "epoch": 39}
{"loss": 0.7705473303794861, "acc": 0.7493472695350647, "length": 3.169712781906128, "mode": "test", "epoch": 39}
{"loss": 0.5180858969688416, "acc": 0.8385781645774841, "length": 3.20717716217041, "mode": "train", "epoch": 40}
{"loss": 0.7972110509872437, "acc": 0.7441253066062927, "length": 3.2245430946350098, "mode": "test", "epoch": 40}
{"loss": 0.5097565054893494, "acc": 0.8410464525222778, "length": 3.254523277282715, "mode": "train", "epoch": 41}
{"loss": 0.7978122234344482, "acc": 0.7624021172523499, "length": 3.229764938354492, "mode": "test", "epoch": 41}
{"loss": 0.5387649536132812, "acc": 0.8358738422393799, "length": 3.220287322998047, "mode": "train", "epoch": 42}
{"loss": 0.8310059309005737, "acc": 0.767624020576477, "length": 3.206266403198242, "mode": "test", "epoch": 42}
{"loss": 0.526016891002655, "acc": 0.830089271068573, "length": 3.2086541652679443, "mode": "train", "epoch": 43}
{"loss": 0.8293470144271851, "acc": 0.7859007716178894, "length": 3.180156707763672, "mode": "test", "epoch": 43}
{"loss": 0.5141082406044006, "acc": 0.8574894070625305, "length": 3.234473466873169, "mode": "train", "epoch": 44}
{"loss": 0.9130933284759521, "acc": 0.7885117530822754, "length": 3.1644909381866455, "mode": "test", "epoch": 44}
{"loss": 0.48840460181236267, "acc": 0.8465177416801453, "length": 3.2274391651153564, "mode": "train", "epoch": 45}
{"loss": 0.6963836550712585, "acc": 0.7989556193351746, "length": 3.1749346256256104, "mode": "test", "epoch": 45}
{"loss": 0.3897339105606079, "acc": 0.8849579095840454, "length": 3.247100830078125, "mode": "train", "epoch": 46}
{"loss": 0.7505981922149658, "acc": 0.7859007716178894, "length": 3.240208864212036, "mode": "test", "epoch": 46}
{"loss": 0.3834322690963745, "acc": 0.8782038688659668, "length": 3.2607223987579346, "mode": "train", "epoch": 47}
{"loss": 0.6470019817352295, "acc": 0.8224543333053589, "length": 3.1853785514831543, "mode": "test", "epoch": 47}
{"loss": 0.35124173760414124, "acc": 0.8900930285453796, "length": 3.2644689083099365, "mode": "train", "epoch": 48}
{"loss": 0.7965390682220459, "acc": 0.8015666007995605, "length": 3.206266403198242, "mode": "test", "epoch": 48}
{"loss": 0.3476042151451111, "acc": 0.8911579251289368, "length": 3.249631643295288, "mode": "train", "epoch": 49}
{"loss": 0.6827763319015503, "acc": 0.8302872180938721, "length": 3.2114882469177246, "mode": "test", "epoch": 49}
{"loss": 0.3336242735385895, "acc": 0.8950679302215576, "length": 3.2481117248535156, "mode": "train", "epoch": 50}
{"loss": 0.6657679080963135, "acc": 0.8067885041236877, "length": 3.206266403198242, "mode": "test", "epoch": 50}
{"loss": 0.33868518471717834, "acc": 0.8986456394195557, "length": 3.256063461303711, "mode": "train", "epoch": 51}
{"loss": 0.6340346336364746, "acc": 0.8433420658111572, "length": 3.2532637119293213, "mode": "test", "epoch": 51}
{"loss": 0.33155983686447144, "acc": 0.9002142548561096, "length": 3.259270429611206, "mode": "train", "epoch": 52}
{"loss": 0.6201329231262207, "acc": 0.8485639691352844, "length": 3.2245430946350098, "mode": "test", "epoch": 52}
{"loss": 0.3116244375705719, "acc": 0.909596860408783, "length": 3.246830463409424, "mode": "train", "epoch": 53}
{"loss": 0.6525568962097168, "acc": 0.8381201028823853, "length": 3.214099168777466, "mode": "test", "epoch": 53}
{"loss": 0.2868342995643616, "acc": 0.9134315848350525, "length": 3.234393835067749, "mode": "train", "epoch": 54}
{"loss": 0.6133725643157959, "acc": 0.8433420658111572, "length": 3.2114882469177246, "mode": "test", "epoch": 54}
{"loss": 0.30034199357032776, "acc": 0.90472811460495, "length": 3.2632009983062744, "mode": "train", "epoch": 55}
{"loss": 0.6949362754821777, "acc": 0.8328981995582581, "length": 3.2558746337890625, "mode": "test", "epoch": 55}
{"loss": 0.32137322425842285, "acc": 0.8994053602218628, "length": 3.255451202392578, "mode": "train", "epoch": 56}
{"loss": 0.6443151831626892, "acc": 0.8355091214179993, "length": 3.2010443210601807, "mode": "test", "epoch": 56}
{"loss": 0.3099960684776306, "acc": 0.9085912704467773, "length": 3.260714054107666, "mode": "train", "epoch": 57}
{"loss": 0.6400317549705505, "acc": 0.8302872180938721, "length": 3.25065279006958, "mode": "test", "epoch": 57}
{"loss": 0.30984529852867126, "acc": 0.9053242206573486, "length": 3.284867525100708, "mode": "train", "epoch": 58}
{"loss": 0.6181073188781738, "acc": 0.8276762366294861, "length": 3.1879894733428955, "mode": "test", "epoch": 58}
{"loss": 0.3586767911911011, "acc": 0.8981172442436218, "length": 3.260519504547119, "mode": "train", "epoch": 59}
{"loss": 0.6477822065353394, "acc": 0.8146213889122009, "length": 3.2245430946350098, "mode": "test", "epoch": 59}
{"loss": 0.34413018822669983, "acc": 0.9040266871452332, "length": 3.2547695636749268, "mode": "train", "epoch": 60}
{"loss": 0.6567853093147278, "acc": 0.8407310843467712, "length": 3.161879777908325, "mode": "test", "epoch": 60}
test accuracy: 0.5051282048225403
