# ["--data_set_name=dim[4, 4, 4]_dist10-0_scale10_upsampleTrue_balancedFalse.ds", "--n_epochs=60", "--batch_size=128", "--learning_rate=0.0005", "--hidden_size=128", "--temperature=1.5", "--temp_update=0.97", "--length_cost=0.0", "--vocab_size_factor=3"]
data loaded from: ../zoo/intentional_game/data/dim[4, 4, 4]_dist10-0_scale10_upsampleTrue_balancedFalse.ds

opts
 Namespace(batch_size=128, checkpoint_dir=None, checkpoint_freq=0, cuda=True, data_set_name='dim[4, 4, 4]_dist10-0_scale10_upsampleTrue_balancedFalse.ds', device=device(type='cuda'), distributed_context=DistributedContext(is_distributed=False, rank=0, local_rank=0, world_size=1, mode='none'), distributed_port=18363, fp16=False, hidden_size=128, learning_rate=0.0005, length_cost=0.0, load_from_checkpoint=None, lr=0.01, max_len=1, mode='gs', n_epochs=60, no_cuda=False, optimizer='adam', preemptable=False, random_seed=188147166, receiver_cell='gru', save_interaction_freq=0, sender_cell='gru', temp_update=0.97, temperature=1.5, tensorboard=False, tensorboard_dir='runs/', update_freq=1, validation_freq=1, vocab_size=10, vocab_size_factor=3)
{"loss": 2.4068448543548584, "acc": 0.07735707610845566, "length": 3.6155152320861816, "mode": "train", "epoch": 1}
{"loss": 2.396185874938965, "acc": 0.10182767361402512, "length": 1.0783289670944214, "mode": "test", "epoch": 1}
{"loss": 2.3963820934295654, "acc": 0.09224521368741989, "length": 3.60003924369812, "mode": "train", "epoch": 2}
{"loss": 2.394002914428711, "acc": 0.08616188168525696, "length": 1.0391645431518555, "mode": "test", "epoch": 2}
{"loss": 2.394956588745117, "acc": 0.07991695404052734, "length": 3.567892551422119, "mode": "train", "epoch": 3}
{"loss": 2.3933486938476562, "acc": 0.1096605733036995, "length": 1.12532639503479, "mode": "test", "epoch": 3}
{"loss": 2.395267963409424, "acc": 0.08063697814941406, "length": 3.564626455307007, "mode": "train", "epoch": 4}
{"loss": 2.390598773956299, "acc": 0.11227153986692429, "length": 1.2741514444351196, "mode": "test", "epoch": 4}
{"loss": 2.3927924633026123, "acc": 0.08252169191837311, "length": 3.535754680633545, "mode": "train", "epoch": 5}
{"loss": 2.3868675231933594, "acc": 0.1070496067404747, "length": 1.4386422634124756, "mode": "test", "epoch": 5}
{"loss": 2.391197919845581, "acc": 0.09324103593826294, "length": 3.4044036865234375, "mode": "train", "epoch": 6}
{"loss": 2.3850693702697754, "acc": 0.1070496067404747, "length": 1.4386422634124756, "mode": "test", "epoch": 6}
{"loss": 2.387022018432617, "acc": 0.10649605095386505, "length": 3.201300859451294, "mode": "train", "epoch": 7}
{"loss": 2.382392406463623, "acc": 0.12532636523246765, "length": 1.5013054609298706, "mode": "test", "epoch": 7}
{"loss": 2.3755784034729004, "acc": 0.12368883192539215, "length": 3.1191282272338867, "mode": "train", "epoch": 8}
{"loss": 2.3548784255981445, "acc": 0.1383811980485916, "length": 2.6057441234588623, "mode": "test", "epoch": 8}
{"loss": 2.3523049354553223, "acc": 0.14485995471477509, "length": 3.2483444213867188, "mode": "train", "epoch": 9}
{"loss": 2.3376989364624023, "acc": 0.13054829835891724, "length": 2.9503915309906006, "mode": "test", "epoch": 9}
{"loss": 2.3167450428009033, "acc": 0.1672501564025879, "length": 3.3377277851104736, "mode": "train", "epoch": 10}
{"loss": 2.3244614601135254, "acc": 0.13577023148536682, "length": 2.9738903045654297, "mode": "test", "epoch": 10}
{"loss": 2.264317512512207, "acc": 0.17699562013149261, "length": 3.1904780864715576, "mode": "train", "epoch": 11}
{"loss": 2.323577880859375, "acc": 0.14882506430149078, "length": 2.7545692920684814, "mode": "test", "epoch": 11}
{"loss": 2.224027156829834, "acc": 0.19972878694534302, "length": 2.9954206943511963, "mode": "train", "epoch": 12}
{"loss": 2.343266010284424, "acc": 0.16187989711761475, "length": 2.660574436187744, "mode": "test", "epoch": 12}
{"loss": 2.1895487308502197, "acc": 0.21166935563087463, "length": 2.8093185424804688, "mode": "train", "epoch": 13}
{"loss": 2.367523670196533, "acc": 0.1749347299337387, "length": 2.5039165019989014, "mode": "test", "epoch": 13}
{"loss": 2.15871000289917, "acc": 0.2239820510149002, "length": 2.764309883117676, "mode": "train", "epoch": 14}
{"loss": 2.2553181648254395, "acc": 0.18537859618663788, "length": 2.5979111194610596, "mode": "test", "epoch": 14}
{"loss": 2.1236352920532227, "acc": 0.21491461992263794, "length": 2.92387056350708, "mode": "train", "epoch": 15}
{"loss": 2.2511985301971436, "acc": 0.19321148097515106, "length": 2.5744125843048096, "mode": "test", "epoch": 15}
{"loss": 2.0890161991119385, "acc": 0.2527634799480438, "length": 2.878822088241577, "mode": "train", "epoch": 16}
{"loss": 2.121701717376709, "acc": 0.22193211317062378, "length": 2.6527414321899414, "mode": "test", "epoch": 16}
{"loss": 2.041750192642212, "acc": 0.26034483313560486, "length": 2.9893839359283447, "mode": "train", "epoch": 17}
{"loss": 2.0956907272338867, "acc": 0.2584856450557709, "length": 2.8041775226593018, "mode": "test", "epoch": 17}
{"loss": 1.9933725595474243, "acc": 0.2787756621837616, "length": 3.0246591567993164, "mode": "train", "epoch": 18}
{"loss": 2.0746376514434814, "acc": 0.2610965967178345, "length": 2.877284526824951, "mode": "test", "epoch": 18}
{"loss": 1.9484772682189941, "acc": 0.3109317719936371, "length": 3.0411555767059326, "mode": "train", "epoch": 19}
{"loss": 2.057069778442383, "acc": 0.27415144443511963, "length": 2.9138381481170654, "mode": "test", "epoch": 19}
{"loss": 1.9007153511047363, "acc": 0.3212960660457611, "length": 3.024590015411377, "mode": "train", "epoch": 20}
{"loss": 2.02327823638916, "acc": 0.2898172438144684, "length": 3.0182766914367676, "mode": "test", "epoch": 20}
{"loss": 1.8633179664611816, "acc": 0.33897754549980164, "length": 3.1165335178375244, "mode": "train", "epoch": 21}
{"loss": 1.9035954475402832, "acc": 0.3133159279823303, "length": 3.057441234588623, "mode": "test", "epoch": 21}
{"loss": 1.8291230201721191, "acc": 0.34826725721359253, "length": 3.1010520458221436, "mode": "train", "epoch": 22}
{"loss": 1.9059560298919678, "acc": 0.33420366048812866, "length": 3.0313315391540527, "mode": "test", "epoch": 22}
{"loss": 1.8119882345199585, "acc": 0.3504737317562103, "length": 3.116410970687866, "mode": "train", "epoch": 23}
{"loss": 1.8877665996551514, "acc": 0.34464752674102783, "length": 3.002610921859741, "mode": "test", "epoch": 23}
{"loss": 1.7813788652420044, "acc": 0.3564511835575104, "length": 3.064107656478882, "mode": "train", "epoch": 24}
{"loss": 1.8548215627670288, "acc": 0.34464752674102783, "length": 2.9817233085632324, "mode": "test", "epoch": 24}
{"loss": 1.7687897682189941, "acc": 0.36125701665878296, "length": 3.0857603549957275, "mode": "train", "epoch": 25}
{"loss": 1.812621831893921, "acc": 0.3577023446559906, "length": 2.9921669960021973, "mode": "test", "epoch": 25}
{"loss": 1.729401707649231, "acc": 0.3604448437690735, "length": 3.092562198638916, "mode": "train", "epoch": 26}
{"loss": 1.7885273694992065, "acc": 0.36553525924682617, "length": 2.9582245349884033, "mode": "test", "epoch": 26}
{"loss": 1.7168939113616943, "acc": 0.3646717965602875, "length": 3.112027883529663, "mode": "train", "epoch": 27}
{"loss": 1.7986563444137573, "acc": 0.3603133261203766, "length": 2.9608354568481445, "mode": "test", "epoch": 27}
{"loss": 1.704651951789856, "acc": 0.3695444166660309, "length": 3.062619686126709, "mode": "train", "epoch": 28}
{"loss": 1.7524516582489014, "acc": 0.37336814403533936, "length": 2.9608354568481445, "mode": "test", "epoch": 28}
{"loss": 1.666316032409668, "acc": 0.3905814588069916, "length": 3.0757503509521484, "mode": "train", "epoch": 29}
{"loss": 1.7435617446899414, "acc": 0.3890339434146881, "length": 2.929503917694092, "mode": "test", "epoch": 29}
{"loss": 1.6518350839614868, "acc": 0.39158785343170166, "length": 3.12227463722229, "mode": "train", "epoch": 30}
{"loss": 1.70759916305542, "acc": 0.3890339434146881, "length": 2.986945152282715, "mode": "test", "epoch": 30}
{"loss": 1.6256412267684937, "acc": 0.41610828042030334, "length": 3.0939218997955322, "mode": "train", "epoch": 31}
{"loss": 1.6653554439544678, "acc": 0.4334203600883484, "length": 2.9947781562805176, "mode": "test", "epoch": 31}
{"loss": 1.6020575761795044, "acc": 0.41624462604522705, "length": 3.079437494277954, "mode": "train", "epoch": 32}
{"loss": 1.6563581228256226, "acc": 0.45430809259414673, "length": 3.0417754650115967, "mode": "test", "epoch": 32}
{"loss": 1.5719821453094482, "acc": 0.4266510605812073, "length": 3.126866579055786, "mode": "train", "epoch": 33}
{"loss": 1.633831262588501, "acc": 0.45430809259414673, "length": 3.0939948558807373, "mode": "test", "epoch": 33}
{"loss": 1.5511506795883179, "acc": 0.44837048649787903, "length": 3.1034109592437744, "mode": "train", "epoch": 34}
{"loss": 1.5886801481246948, "acc": 0.44908615946769714, "length": 3.101827621459961, "mode": "test", "epoch": 34}
{"loss": 1.5234456062316895, "acc": 0.4583985507488251, "length": 3.094865083694458, "mode": "train", "epoch": 35}
{"loss": 1.616255283355713, "acc": 0.438642293214798, "length": 2.9843342304229736, "mode": "test", "epoch": 35}
{"loss": 1.4987115859985352, "acc": 0.46354609727859497, "length": 3.0636682510375977, "mode": "train", "epoch": 36}
{"loss": 1.5389741659164429, "acc": 0.48041775822639465, "length": 3.1070497035980225, "mode": "test", "epoch": 36}
{"loss": 1.4657284021377563, "acc": 0.4775494337081909, "length": 3.1134397983551025, "mode": "train", "epoch": 37}
{"loss": 1.5828020572662354, "acc": 0.4699738919734955, "length": 3.020887613296509, "mode": "test", "epoch": 37}
{"loss": 1.4920613765716553, "acc": 0.46941283345222473, "length": 3.0476255416870117, "mode": "train", "epoch": 38}
{"loss": 1.579746961593628, "acc": 0.48041775822639465, "length": 3.0992166996002197, "mode": "test", "epoch": 38}
{"loss": 1.4165693521499634, "acc": 0.5101427435874939, "length": 3.0577754974365234, "mode": "train", "epoch": 39}
{"loss": 1.4990839958190918, "acc": 0.4934725761413574, "length": 3.0287206172943115, "mode": "test", "epoch": 39}
{"loss": 1.4042246341705322, "acc": 0.5098057389259338, "length": 3.0649313926696777, "mode": "train", "epoch": 40}
{"loss": 1.4620698690414429, "acc": 0.5143603086471558, "length": 3.0391645431518555, "mode": "test", "epoch": 40}
{"loss": 1.384898066520691, "acc": 0.5087273120880127, "length": 3.0468573570251465, "mode": "train", "epoch": 41}
{"loss": 1.4844521284103394, "acc": 0.5117493271827698, "length": 3.114882469177246, "mode": "test", "epoch": 41}
{"loss": 1.3814311027526855, "acc": 0.5022322535514832, "length": 3.1152124404907227, "mode": "train", "epoch": 42}
{"loss": 1.4455441236495972, "acc": 0.5143603086471558, "length": 3.070496082305908, "mode": "test", "epoch": 42}
{"loss": 1.3519357442855835, "acc": 0.531370997428894, "length": 3.0703444480895996, "mode": "train", "epoch": 43}
{"loss": 1.4333604574203491, "acc": 0.5195822715759277, "length": 3.1279373168945312, "mode": "test", "epoch": 43}
{"loss": 1.335866093635559, "acc": 0.5344048738479614, "length": 3.120102643966675, "mode": "train", "epoch": 44}
{"loss": 1.3694324493408203, "acc": 0.5483028888702393, "length": 3.112271547317505, "mode": "test", "epoch": 44}
{"loss": 1.2904777526855469, "acc": 0.5617730617523193, "length": 3.102018117904663, "mode": "train", "epoch": 45}
{"loss": 1.3892892599105835, "acc": 0.5535247921943665, "length": 3.1305482387542725, "mode": "test", "epoch": 45}
{"loss": 1.2875258922576904, "acc": 0.5373252630233765, "length": 3.104985475540161, "mode": "train", "epoch": 46}
{"loss": 1.3431882858276367, "acc": 0.5326370596885681, "length": 3.044386386871338, "mode": "test", "epoch": 46}
{"loss": 1.292401671409607, "acc": 0.551525890827179, "length": 3.037862539291382, "mode": "train", "epoch": 47}
{"loss": 1.3507740497589111, "acc": 0.5326370596885681, "length": 3.057441234588623, "mode": "test", "epoch": 47}
{"loss": 1.261141061782837, "acc": 0.5478365421295166, "length": 3.1505868434906006, "mode": "train", "epoch": 48}
{"loss": 1.3232884407043457, "acc": 0.5430809259414673, "length": 3.1331591606140137, "mode": "test", "epoch": 48}
{"loss": 1.2302820682525635, "acc": 0.5822042226791382, "length": 3.1215031147003174, "mode": "train", "epoch": 49}
{"loss": 1.297656774520874, "acc": 0.5535247921943665, "length": 3.0757179260253906, "mode": "test", "epoch": 49}
{"loss": 1.2073863744735718, "acc": 0.5763738751411438, "length": 3.122187614440918, "mode": "train", "epoch": 50}
{"loss": 1.2582391500473022, "acc": 0.5665796399116516, "length": 3.114882469177246, "mode": "test", "epoch": 50}
{"loss": 1.2021825313568115, "acc": 0.5901613831520081, "length": 3.1019654273986816, "mode": "train", "epoch": 51}
{"loss": 1.2423310279846191, "acc": 0.5665796399116516, "length": 3.091383695602417, "mode": "test", "epoch": 51}
{"loss": 1.1939175128936768, "acc": 0.5838680267333984, "length": 3.1188883781433105, "mode": "train", "epoch": 52}
{"loss": 1.2166838645935059, "acc": 0.5718015432357788, "length": 3.169712781906128, "mode": "test", "epoch": 52}
{"loss": 1.1722842454910278, "acc": 0.5933331251144409, "length": 3.16951584815979, "mode": "train", "epoch": 53}
{"loss": 1.1952894926071167, "acc": 0.5613576769828796, "length": 3.101827621459961, "mode": "test", "epoch": 53}
{"loss": 1.1390364170074463, "acc": 0.6049173474311829, "length": 3.143470287322998, "mode": "train", "epoch": 54}
{"loss": 1.1765779256820679, "acc": 0.5718015432357788, "length": 3.1070497035980225, "mode": "test", "epoch": 54}
{"loss": 1.1528254747390747, "acc": 0.5954807996749878, "length": 3.1013901233673096, "mode": "train", "epoch": 55}
{"loss": 1.2224043607711792, "acc": 0.5535247921943665, "length": 3.1070497035980225, "mode": "test", "epoch": 55}
{"loss": 1.1551543474197388, "acc": 0.5975324511528015, "length": 3.131983757019043, "mode": "train", "epoch": 56}
{"loss": 1.1833276748657227, "acc": 0.5639686584472656, "length": 3.146214008331299, "mode": "test", "epoch": 56}
{"loss": 1.1003499031066895, "acc": 0.6128661036491394, "length": 3.1402111053466797, "mode": "train", "epoch": 57}
{"loss": 1.178800106048584, "acc": 0.5535247921943665, "length": 3.091383695602417, "mode": "test", "epoch": 57}
{"loss": 1.104765772819519, "acc": 0.6194607615470886, "length": 3.12455415725708, "mode": "train", "epoch": 58}
{"loss": 1.1445653438568115, "acc": 0.5718015432357788, "length": 3.135770320892334, "mode": "test", "epoch": 58}
{"loss": 1.1149758100509644, "acc": 0.6050323247909546, "length": 3.1298651695251465, "mode": "train", "epoch": 59}
{"loss": 1.1515021324157715, "acc": 0.5613576769828796, "length": 3.065274238586426, "mode": "test", "epoch": 59}
{"loss": 1.0962162017822266, "acc": 0.6196537613868713, "length": 3.0731513500213623, "mode": "train", "epoch": 60}
{"loss": 1.1414551734924316, "acc": 0.584856390953064, "length": 3.0731070041656494, "mode": "test", "epoch": 60}
test accuracy: 0.31282052397727966
