# ["--data_set_name=dim[4, 4, 4]_dist10-0_scale10_upsampleTrue_balancedFalse.ds", "--n_epochs=60", "--batch_size=128", "--learning_rate=0.0005", "--hidden_size=128", "--temperature=1.5", "--temp_update=0.99", "--length_cost=0.0", "--vocab_size_factor=3"]
data loaded from: ../zoo/intentional_game/data/dim[4, 4, 4]_dist10-0_scale10_upsampleTrue_balancedFalse.ds

opts
 Namespace(batch_size=128, checkpoint_dir=None, checkpoint_freq=0, cuda=True, data_set_name='dim[4, 4, 4]_dist10-0_scale10_upsampleTrue_balancedFalse.ds', device=device(type='cuda'), distributed_context=DistributedContext(is_distributed=False, rank=0, local_rank=0, world_size=1, mode='none'), distributed_port=18363, fp16=False, hidden_size=128, learning_rate=0.0005, length_cost=0.0, load_from_checkpoint=None, lr=0.01, max_len=1, mode='gs', n_epochs=60, no_cuda=False, optimizer='adam', preemptable=False, random_seed=531055610, receiver_cell='gru', save_interaction_freq=0, sender_cell='gru', temp_update=0.99, temperature=1.5, tensorboard=False, tensorboard_dir='runs/', update_freq=1, validation_freq=1, vocab_size=10, vocab_size_factor=3)
{"loss": 2.40716552734375, "acc": 0.06828298419713974, "length": 3.6154932975769043, "mode": "train", "epoch": 1}
{"loss": 2.3824636936187744, "acc": 0.10443864017724991, "length": 2.4020888805389404, "mode": "test", "epoch": 1}
{"loss": 2.3961801528930664, "acc": 0.08672763407230377, "length": 3.6034023761749268, "mode": "train", "epoch": 2}
{"loss": 2.375166893005371, "acc": 0.13054829835891724, "length": 1.516971230506897, "mode": "test", "epoch": 2}
{"loss": 2.393899440765381, "acc": 0.08574085682630539, "length": 3.5765068531036377, "mode": "train", "epoch": 3}
{"loss": 2.3749656677246094, "acc": 0.146214097738266, "length": 1.6579633951187134, "mode": "test", "epoch": 3}
{"loss": 2.39353084564209, "acc": 0.08641862869262695, "length": 3.5641531944274902, "mode": "train", "epoch": 4}
{"loss": 2.3684797286987305, "acc": 0.1409921646118164, "length": 1.8224543333053589, "mode": "test", "epoch": 4}
{"loss": 2.3923959732055664, "acc": 0.08990565687417984, "length": 3.5216009616851807, "mode": "train", "epoch": 5}
{"loss": 2.3720173835754395, "acc": 0.146214097738266, "length": 1.7519582509994507, "mode": "test", "epoch": 5}
{"loss": 2.389690399169922, "acc": 0.09544860571622849, "length": 3.444025754928589, "mode": "train", "epoch": 6}
{"loss": 2.369434118270874, "acc": 0.14882506430149078, "length": 1.767624020576477, "mode": "test", "epoch": 6}
{"loss": 2.3842945098876953, "acc": 0.11001282185316086, "length": 3.2568132877349854, "mode": "train", "epoch": 7}
{"loss": 2.3625218868255615, "acc": 0.1436031311750412, "length": 1.7754569053649902, "mode": "test", "epoch": 7}
{"loss": 2.3734688758850098, "acc": 0.11346986144781113, "length": 2.949404239654541, "mode": "train", "epoch": 8}
{"loss": 2.3418617248535156, "acc": 0.1409921646118164, "length": 1.9791122674942017, "mode": "test", "epoch": 8}
{"loss": 2.354323625564575, "acc": 0.12502501904964447, "length": 2.893923759460449, "mode": "train", "epoch": 9}
{"loss": 2.314657211303711, "acc": 0.16710183024406433, "length": 2.1436030864715576, "mode": "test", "epoch": 9}
{"loss": 2.3214521408081055, "acc": 0.1459670066833496, "length": 2.6779229640960693, "mode": "train", "epoch": 10}
{"loss": 2.2740559577941895, "acc": 0.22976501286029816, "length": 2.2532637119293213, "mode": "test", "epoch": 10}
{"loss": 2.2712903022766113, "acc": 0.1819199025630951, "length": 2.571302652359009, "mode": "train", "epoch": 11}
{"loss": 2.2130014896392822, "acc": 0.2480417788028717, "length": 2.2454307079315186, "mode": "test", "epoch": 11}
{"loss": 2.204010009765625, "acc": 0.21329765021800995, "length": 2.5673186779022217, "mode": "train", "epoch": 12}
{"loss": 2.1633968353271484, "acc": 0.27415144443511963, "length": 2.2114882469177246, "mode": "test", "epoch": 12}
{"loss": 2.1406445503234863, "acc": 0.21988169848918915, "length": 2.5137219429016113, "mode": "train", "epoch": 13}
{"loss": 2.13407039642334, "acc": 0.2767623960971832, "length": 2.2558746337890625, "mode": "test", "epoch": 13}
{"loss": 2.088695764541626, "acc": 0.238148033618927, "length": 2.507175922393799, "mode": "train", "epoch": 14}
{"loss": 2.0792396068573, "acc": 0.30287206172943115, "length": 2.545691967010498, "mode": "test", "epoch": 14}
{"loss": 2.0393199920654297, "acc": 0.2664284408092499, "length": 2.6238348484039307, "mode": "train", "epoch": 15}
{"loss": 2.0363614559173584, "acc": 0.3159268796443939, "length": 2.5483028888702393, "mode": "test", "epoch": 15}
{"loss": 1.9965697526931763, "acc": 0.28636249899864197, "length": 2.6651275157928467, "mode": "train", "epoch": 16}
{"loss": 1.9724363088607788, "acc": 0.34725847840309143, "length": 2.6214098930358887, "mode": "test", "epoch": 16}
{"loss": 1.9564253091812134, "acc": 0.2890527546405792, "length": 2.7444703578948975, "mode": "train", "epoch": 17}
{"loss": 1.941164255142212, "acc": 0.33681461215019226, "length": 2.8668408393859863, "mode": "test", "epoch": 17}
{"loss": 1.9279730319976807, "acc": 0.3140483498573303, "length": 2.8509442806243896, "mode": "train", "epoch": 18}
{"loss": 1.9212548732757568, "acc": 0.34203654527664185, "length": 2.770235061645508, "mode": "test", "epoch": 18}
{"loss": 1.8905179500579834, "acc": 0.33763548731803894, "length": 2.7520902156829834, "mode": "train", "epoch": 19}
{"loss": 1.8994415998458862, "acc": 0.355091392993927, "length": 2.783289909362793, "mode": "test", "epoch": 19}
{"loss": 1.856819987297058, "acc": 0.34162455797195435, "length": 2.7933530807495117, "mode": "train", "epoch": 20}
{"loss": 1.8991031646728516, "acc": 0.34464752674102783, "length": 2.718015670776367, "mode": "test", "epoch": 20}
{"loss": 1.834553837776184, "acc": 0.3537387549877167, "length": 2.744088888168335, "mode": "train", "epoch": 21}
{"loss": 1.8880107402801514, "acc": 0.3577023446559906, "length": 2.8015666007995605, "mode": "test", "epoch": 21}
{"loss": 1.7953983545303345, "acc": 0.36096304655075073, "length": 2.7735164165496826, "mode": "train", "epoch": 22}
{"loss": 1.8581864833831787, "acc": 0.34725847840309143, "length": 2.7127938270568848, "mode": "test", "epoch": 22}
{"loss": 1.7827106714248657, "acc": 0.3646714687347412, "length": 2.7815651893615723, "mode": "train", "epoch": 23}
{"loss": 1.8686413764953613, "acc": 0.352480411529541, "length": 2.7336814403533936, "mode": "test", "epoch": 23}
{"loss": 1.759771704673767, "acc": 0.36349162459373474, "length": 2.82332706451416, "mode": "train", "epoch": 24}
{"loss": 1.867114782333374, "acc": 0.33942559361457825, "length": 2.6971278190612793, "mode": "test", "epoch": 24}
{"loss": 1.7346620559692383, "acc": 0.3668459951877594, "length": 2.7617297172546387, "mode": "train", "epoch": 25}
{"loss": 1.8548126220703125, "acc": 0.3629242777824402, "length": 2.817232370376587, "mode": "test", "epoch": 25}
{"loss": 1.7237956523895264, "acc": 0.37438464164733887, "length": 2.8487443923950195, "mode": "train", "epoch": 26}
{"loss": 1.832362174987793, "acc": 0.34725847840309143, "length": 2.74934720993042, "mode": "test", "epoch": 26}
{"loss": 1.7006880044937134, "acc": 0.38937488198280334, "length": 2.858454704284668, "mode": "train", "epoch": 27}
{"loss": 1.8165448904037476, "acc": 0.36814621090888977, "length": 2.796344757080078, "mode": "test", "epoch": 27}
{"loss": 1.691316843032837, "acc": 0.40104764699935913, "length": 2.865844964981079, "mode": "train", "epoch": 28}
{"loss": 1.8164968490600586, "acc": 0.355091392993927, "length": 2.7885117530822754, "mode": "test", "epoch": 28}
{"loss": 1.6852967739105225, "acc": 0.4034769833087921, "length": 2.8849117755889893, "mode": "train", "epoch": 29}
{"loss": 1.812657356262207, "acc": 0.3629242777824402, "length": 2.759791135787964, "mode": "test", "epoch": 29}
{"loss": 1.6739165782928467, "acc": 0.39569005370140076, "length": 2.9023942947387695, "mode": "train", "epoch": 30}
{"loss": 1.8014143705368042, "acc": 0.33942559361457825, "length": 2.7571802139282227, "mode": "test", "epoch": 30}
{"loss": 1.6244409084320068, "acc": 0.4123774468898773, "length": 2.8836278915405273, "mode": "train", "epoch": 31}
{"loss": 1.78598952293396, "acc": 0.3812010586261749, "length": 2.8146214485168457, "mode": "test", "epoch": 31}
{"loss": 1.6112912893295288, "acc": 0.41753071546554565, "length": 2.9804420471191406, "mode": "train", "epoch": 32}
{"loss": 1.7601207494735718, "acc": 0.41514360904693604, "length": 2.9007833003997803, "mode": "test", "epoch": 32}
{"loss": 1.582065224647522, "acc": 0.4346466660499573, "length": 2.9642324447631836, "mode": "train", "epoch": 33}
{"loss": 1.7312932014465332, "acc": 0.4020887613296509, "length": 2.8825066089630127, "mode": "test", "epoch": 33}
{"loss": 1.560964822769165, "acc": 0.44554945826530457, "length": 2.9886634349823, "mode": "train", "epoch": 34}
{"loss": 1.7591770887374878, "acc": 0.41253262758255005, "length": 2.898172378540039, "mode": "test", "epoch": 34}
{"loss": 1.5643426179885864, "acc": 0.44655996561050415, "length": 2.9528989791870117, "mode": "train", "epoch": 35}
{"loss": 1.6926038265228271, "acc": 0.4203655421733856, "length": 2.8590078353881836, "mode": "test", "epoch": 35}
{"loss": 1.5330379009246826, "acc": 0.46045103669166565, "length": 2.986470937728882, "mode": "train", "epoch": 36}
{"loss": 1.680279016494751, "acc": 0.438642293214798, "length": 2.8798954486846924, "mode": "test", "epoch": 36}
{"loss": 1.524660587310791, "acc": 0.46734827756881714, "length": 3.0021514892578125, "mode": "train", "epoch": 37}
{"loss": 1.6380528211593628, "acc": 0.4595300257205963, "length": 2.827676296234131, "mode": "test", "epoch": 37}
{"loss": 1.5091171264648438, "acc": 0.466177374124527, "length": 2.9573752880096436, "mode": "train", "epoch": 38}
{"loss": 1.624099612236023, "acc": 0.44386422634124756, "length": 2.898172378540039, "mode": "test", "epoch": 38}
{"loss": 1.4846235513687134, "acc": 0.4804050028324127, "length": 3.0047903060913086, "mode": "train", "epoch": 39}
{"loss": 1.6113275289535522, "acc": 0.44125327467918396, "length": 2.885117530822754, "mode": "test", "epoch": 39}
{"loss": 1.4707525968551636, "acc": 0.48560357093811035, "length": 2.9923813343048096, "mode": "train", "epoch": 40}
{"loss": 1.5962594747543335, "acc": 0.4699738919734955, "length": 2.9007833003997803, "mode": "test", "epoch": 40}
{"loss": 1.4473485946655273, "acc": 0.496611088514328, "length": 2.9979658126831055, "mode": "train", "epoch": 41}
{"loss": 1.6030868291854858, "acc": 0.4699738919734955, "length": 2.887728452682495, "mode": "test", "epoch": 41}
{"loss": 1.4354826211929321, "acc": 0.5028299689292908, "length": 3.0050930976867676, "mode": "train", "epoch": 42}
{"loss": 1.5904960632324219, "acc": 0.47780677676200867, "length": 2.8668408393859863, "mode": "test", "epoch": 42}
{"loss": 1.4194138050079346, "acc": 0.5096397995948792, "length": 2.999305248260498, "mode": "train", "epoch": 43}
{"loss": 1.58502995967865, "acc": 0.5065274238586426, "length": 2.9477806091308594, "mode": "test", "epoch": 43}
{"loss": 1.4103455543518066, "acc": 0.5102190375328064, "length": 3.0256128311157227, "mode": "train", "epoch": 44}
{"loss": 1.5353325605392456, "acc": 0.5013054609298706, "length": 2.8355090618133545, "mode": "test", "epoch": 44}
{"loss": 1.4023767709732056, "acc": 0.5194916129112244, "length": 2.9770116806030273, "mode": "train", "epoch": 45}
{"loss": 1.5278031826019287, "acc": 0.5117493271827698, "length": 2.9817233085632324, "mode": "test", "epoch": 45}
{"loss": 1.385188102722168, "acc": 0.5218543410301208, "length": 3.053790330886841, "mode": "train", "epoch": 46}
{"loss": 1.4971612691879272, "acc": 0.48825064301490784, "length": 2.9033942222595215, "mode": "test", "epoch": 46}
{"loss": 1.380192756652832, "acc": 0.5297468304634094, "length": 2.98622465133667, "mode": "train", "epoch": 47}
{"loss": 1.529402732849121, "acc": 0.5039164423942566, "length": 2.929503917694092, "mode": "test", "epoch": 47}
{"loss": 1.3676414489746094, "acc": 0.5119370818138123, "length": 3.042465925216675, "mode": "train", "epoch": 48}
{"loss": 1.5152015686035156, "acc": 0.4908616244792938, "length": 2.9608354568481445, "mode": "test", "epoch": 48}
{"loss": 1.359495759010315, "acc": 0.5435860753059387, "length": 3.015524387359619, "mode": "train", "epoch": 49}
{"loss": 1.477889060974121, "acc": 0.5195822715759277, "length": 2.932114839553833, "mode": "test", "epoch": 49}
{"loss": 1.3565946817398071, "acc": 0.5335224866867065, "length": 3.0042924880981445, "mode": "train", "epoch": 50}
{"loss": 1.4650533199310303, "acc": 0.5404699444770813, "length": 2.9373369216918945, "mode": "test", "epoch": 50}
{"loss": 1.3434951305389404, "acc": 0.5358080863952637, "length": 3.0265309810638428, "mode": "train", "epoch": 51}
{"loss": 1.490211009979248, "acc": 0.5143603086471558, "length": 2.9373369216918945, "mode": "test", "epoch": 51}
{"loss": 1.3294901847839355, "acc": 0.5453940033912659, "length": 3.019732713699341, "mode": "train", "epoch": 52}
{"loss": 1.4749541282653809, "acc": 0.5169712901115417, "length": 2.9138381481170654, "mode": "test", "epoch": 52}
{"loss": 1.3254107236862183, "acc": 0.5463286638259888, "length": 3.0114192962646484, "mode": "train", "epoch": 53}
{"loss": 1.4678528308868408, "acc": 0.5248041749000549, "length": 2.9503915309906006, "mode": "test", "epoch": 53}
{"loss": 1.3124840259552002, "acc": 0.549743115901947, "length": 3.0623483657836914, "mode": "train", "epoch": 54}
{"loss": 1.4516910314559937, "acc": 0.5378590226173401, "length": 3.0313315391540527, "mode": "test", "epoch": 54}
{"loss": 1.3129669427871704, "acc": 0.5424746870994568, "length": 3.1001384258270264, "mode": "train", "epoch": 55}
{"loss": 1.4669082164764404, "acc": 0.5195822715759277, "length": 2.955613613128662, "mode": "test", "epoch": 55}
{"loss": 1.3092238903045654, "acc": 0.5533763766288757, "length": 3.0193278789520264, "mode": "train", "epoch": 56}
{"loss": 1.466781497001648, "acc": 0.5430809259414673, "length": 3.002610921859741, "mode": "test", "epoch": 56}
{"loss": 1.2993495464324951, "acc": 0.5611311197280884, "length": 3.0998051166534424, "mode": "train", "epoch": 57}
{"loss": 1.4470224380493164, "acc": 0.5404699444770813, "length": 3.0365536212921143, "mode": "test", "epoch": 57}
{"loss": 1.3018680810928345, "acc": 0.5455592274665833, "length": 3.1196846961975098, "mode": "train", "epoch": 58}
{"loss": 1.4243342876434326, "acc": 0.5509138107299805, "length": 3.010443925857544, "mode": "test", "epoch": 58}
{"loss": 1.2810441255569458, "acc": 0.5537623167037964, "length": 3.1124444007873535, "mode": "train", "epoch": 59}
{"loss": 1.4572715759277344, "acc": 0.5274151563644409, "length": 2.986945152282715, "mode": "test", "epoch": 59}
{"loss": 1.2829724550247192, "acc": 0.5644209384918213, "length": 3.056649923324585, "mode": "train", "epoch": 60}
{"loss": 1.4387248754501343, "acc": 0.5195822715759277, "length": 2.9582245349884033, "mode": "test", "epoch": 60}
test accuracy: 0.2717948853969574
