# ["--data_set_name=dim[4, 4, 4]_dist10-0_scale10_upsampleTrue_balancedFalse.ds", "--n_epochs=60", "--batch_size=128", "--learning_rate=0.0005", "--hidden_size=256", "--temperature=1.5", "--temp_update=0.97", "--length_cost=0.0", "--vocab_size_factor=3"]
data loaded from: ../zoo/intentional_game/data/dim[4, 4, 4]_dist10-0_scale10_upsampleTrue_balancedFalse.ds

opts
 Namespace(batch_size=128, checkpoint_dir=None, checkpoint_freq=0, cuda=True, data_set_name='dim[4, 4, 4]_dist10-0_scale10_upsampleTrue_balancedFalse.ds', device=device(type='cuda'), distributed_context=DistributedContext(is_distributed=False, rank=0, local_rank=0, world_size=1, mode='none'), distributed_port=18363, fp16=False, hidden_size=256, learning_rate=0.0005, length_cost=0.0, load_from_checkpoint=None, lr=0.01, max_len=1, mode='gs', n_epochs=60, no_cuda=False, optimizer='adam', preemptable=False, random_seed=1394243897, receiver_cell='gru', save_interaction_freq=0, sender_cell='gru', temp_update=0.97, temperature=1.5, tensorboard=False, tensorboard_dir='runs/', update_freq=1, validation_freq=1, vocab_size=10, vocab_size_factor=3)
{"loss": 2.4071497917175293, "acc": 0.0917506217956543, "length": 3.6373393535614014, "mode": "train", "epoch": 1}
{"loss": 2.3997962474823, "acc": 0.07832898199558258, "length": 2.091383695602417, "mode": "test", "epoch": 1}
{"loss": 2.401426315307617, "acc": 0.08489217609167099, "length": 3.544006109237671, "mode": "train", "epoch": 2}
{"loss": 2.3899526596069336, "acc": 0.09660574048757553, "length": 1.0809398889541626, "mode": "test", "epoch": 2}
{"loss": 2.3984241485595703, "acc": 0.10410498082637787, "length": 3.3293566703796387, "mode": "train", "epoch": 3}
{"loss": 2.3901419639587402, "acc": 0.12532636523246765, "length": 1.0313315391540527, "mode": "test", "epoch": 3}
{"loss": 2.3878517150878906, "acc": 0.10500019788742065, "length": 2.970440626144409, "mode": "train", "epoch": 4}
{"loss": 2.3821845054626465, "acc": 0.11488250643014908, "length": 1.4073107242584229, "mode": "test", "epoch": 4}
{"loss": 2.365485429763794, "acc": 0.1277748942375183, "length": 2.895886182785034, "mode": "train", "epoch": 5}
{"loss": 2.3260817527770996, "acc": 0.18276762962341309, "length": 3.3028721809387207, "mode": "test", "epoch": 5}
{"loss": 2.291264057159424, "acc": 0.1753561794757843, "length": 3.490187883377075, "mode": "train", "epoch": 6}
{"loss": 2.330263614654541, "acc": 0.20104438066482544, "length": 4.0, "mode": "test", "epoch": 6}
{"loss": 2.2403182983398438, "acc": 0.18735159933567047, "length": 3.7511825561523438, "mode": "train", "epoch": 7}
{"loss": 2.3393869400024414, "acc": 0.18798956274986267, "length": 4.0, "mode": "test", "epoch": 7}
{"loss": 2.1867446899414062, "acc": 0.20450954139232635, "length": 3.828052520751953, "mode": "train", "epoch": 8}
{"loss": 2.238713026046753, "acc": 0.24020887911319733, "length": 4.0, "mode": "test", "epoch": 8}
{"loss": 2.118781566619873, "acc": 0.2402254045009613, "length": 3.8638453483581543, "mode": "train", "epoch": 9}
{"loss": 2.16593599319458, "acc": 0.2610965967178345, "length": 4.0, "mode": "test", "epoch": 9}
{"loss": 2.035193681716919, "acc": 0.28478243947029114, "length": 3.88761568069458, "mode": "train", "epoch": 10}
{"loss": 2.1129186153411865, "acc": 0.2898172438144684, "length": 4.0, "mode": "test", "epoch": 10}
{"loss": 1.9540269374847412, "acc": 0.33131957054138184, "length": 3.9030065536499023, "mode": "train", "epoch": 11}
{"loss": 2.0799388885498047, "acc": 0.30287206172943115, "length": 4.0, "mode": "test", "epoch": 11}
{"loss": 1.8708250522613525, "acc": 0.3534327745437622, "length": 3.9220738410949707, "mode": "train", "epoch": 12}
{"loss": 2.013376235961914, "acc": 0.3159268796443939, "length": 4.0, "mode": "test", "epoch": 12}
{"loss": 1.7926088571548462, "acc": 0.37734562158584595, "length": 3.9318220615386963, "mode": "train", "epoch": 13}
{"loss": 1.9131269454956055, "acc": 0.355091392993927, "length": 4.0, "mode": "test", "epoch": 13}
{"loss": 1.7040653228759766, "acc": 0.4125204384326935, "length": 3.9485039710998535, "mode": "train", "epoch": 14}
{"loss": 1.9368391036987305, "acc": 0.3629242777824402, "length": 4.0, "mode": "test", "epoch": 14}
{"loss": 1.648842453956604, "acc": 0.43268266320228577, "length": 3.954709053039551, "mode": "train", "epoch": 15}
{"loss": 1.8599750995635986, "acc": 0.4229764938354492, "length": 4.0, "mode": "test", "epoch": 15}
{"loss": 1.5827722549438477, "acc": 0.45490092039108276, "length": 3.9555788040161133, "mode": "train", "epoch": 16}
{"loss": 1.7248249053955078, "acc": 0.4334203600883484, "length": 4.0, "mode": "test", "epoch": 16}
{"loss": 1.5108333826065063, "acc": 0.5042641162872314, "length": 3.9733359813690186, "mode": "train", "epoch": 17}
{"loss": 1.6873034238815308, "acc": 0.4281984269618988, "length": 4.0, "mode": "test", "epoch": 17}
{"loss": 1.4828014373779297, "acc": 0.5061594843864441, "length": 3.976895332336426, "mode": "train", "epoch": 18}
{"loss": 1.528950572013855, "acc": 0.5091384053230286, "length": 4.0, "mode": "test", "epoch": 18}
{"loss": 1.3738809823989868, "acc": 0.5448646545410156, "length": 3.9850778579711914, "mode": "train", "epoch": 19}
{"loss": 1.5591950416564941, "acc": 0.5039164423942566, "length": 4.0, "mode": "test", "epoch": 19}
{"loss": 1.332837700843811, "acc": 0.552396297454834, "length": 3.9872066974639893, "mode": "train", "epoch": 20}
{"loss": 1.4084210395812988, "acc": 0.5352480411529541, "length": 4.0, "mode": "test", "epoch": 20}
{"loss": 1.2725882530212402, "acc": 0.5654079914093018, "length": 3.987234115600586, "mode": "train", "epoch": 21}
{"loss": 1.4100947380065918, "acc": 0.5404699444770813, "length": 4.0, "mode": "test", "epoch": 21}
{"loss": 1.2356361150741577, "acc": 0.5805588960647583, "length": 3.991401195526123, "mode": "train", "epoch": 22}
{"loss": 1.320778727531433, "acc": 0.58746737241745, "length": 4.0, "mode": "test", "epoch": 22}
{"loss": 1.1718555688858032, "acc": 0.5968930721282959, "length": 3.994703769683838, "mode": "train", "epoch": 23}
{"loss": 1.3013997077941895, "acc": 0.5718015432357788, "length": 4.0, "mode": "test", "epoch": 23}
{"loss": 1.0774345397949219, "acc": 0.6451876163482666, "length": 3.9907102584838867, "mode": "train", "epoch": 24}
{"loss": 1.1891371011734009, "acc": 0.6240208745002747, "length": 4.0, "mode": "test", "epoch": 24}
{"loss": 1.0340633392333984, "acc": 0.6573609709739685, "length": 3.995213747024536, "mode": "train", "epoch": 25}
{"loss": 1.1373116970062256, "acc": 0.642297625541687, "length": 4.0, "mode": "test", "epoch": 25}
{"loss": 0.9580989480018616, "acc": 0.6765166521072388, "length": 3.997321128845215, "mode": "train", "epoch": 26}
{"loss": 1.0463694334030151, "acc": 0.6736292243003845, "length": 4.0, "mode": "test", "epoch": 26}
{"loss": 0.9092444181442261, "acc": 0.7106587290763855, "length": 3.9984912872314453, "mode": "train", "epoch": 27}
{"loss": 0.9861154556274414, "acc": 0.702349841594696, "length": 4.0, "mode": "test", "epoch": 27}
{"loss": 0.8224474191665649, "acc": 0.7349056005477905, "length": 3.998502016067505, "mode": "train", "epoch": 28}
{"loss": 0.9651988744735718, "acc": 0.7232375741004944, "length": 4.0, "mode": "test", "epoch": 28}
{"loss": 0.8128318190574646, "acc": 0.7567707896232605, "length": 3.997765064239502, "mode": "train", "epoch": 29}
{"loss": 0.9051930904388428, "acc": 0.707571804523468, "length": 4.0, "mode": "test", "epoch": 29}
{"loss": 0.785422146320343, "acc": 0.7616469264030457, "length": 3.997347354888916, "mode": "train", "epoch": 30}
{"loss": 0.8255475759506226, "acc": 0.7545691728591919, "length": 4.0, "mode": "test", "epoch": 30}
{"loss": 0.7276843190193176, "acc": 0.7750356793403625, "length": 3.9996180534362793, "mode": "train", "epoch": 31}
{"loss": 0.808734655380249, "acc": 0.7415143847465515, "length": 4.0, "mode": "test", "epoch": 31}
{"loss": 0.689121425151825, "acc": 0.7881181836128235, "length": 3.99965763092041, "mode": "train", "epoch": 32}
{"loss": 0.7445265650749207, "acc": 0.767624020576477, "length": 4.0, "mode": "test", "epoch": 32}
{"loss": 0.6393282413482666, "acc": 0.8021133542060852, "length": 3.9998433589935303, "mode": "train", "epoch": 33}
{"loss": 0.6569716334342957, "acc": 0.8328981995582581, "length": 4.0, "mode": "test", "epoch": 33}
{"loss": 0.6310083270072937, "acc": 0.8118336796760559, "length": 3.9977498054504395, "mode": "train", "epoch": 34}
{"loss": 0.6694461107254028, "acc": 0.8276762366294861, "length": 4.0, "mode": "test", "epoch": 34}
{"loss": 0.5469057559967041, "acc": 0.8404716849327087, "length": 3.9986846446990967, "mode": "train", "epoch": 35}
{"loss": 0.5886473059654236, "acc": 0.8093994855880737, "length": 4.0, "mode": "test", "epoch": 35}
{"loss": 0.5487394332885742, "acc": 0.8403327465057373, "length": 3.999650478363037, "mode": "train", "epoch": 36}
{"loss": 0.529174268245697, "acc": 0.8616188168525696, "length": 4.0, "mode": "test", "epoch": 36}
{"loss": 0.49299049377441406, "acc": 0.8526747822761536, "length": 3.999825954437256, "mode": "train", "epoch": 37}
{"loss": 0.5522523522377014, "acc": 0.8668407201766968, "length": 4.0, "mode": "test", "epoch": 37}
{"loss": 0.4708695411682129, "acc": 0.8700880408287048, "length": 3.9996752738952637, "mode": "train", "epoch": 38}
{"loss": 0.5187303423881531, "acc": 0.8537858724594116, "length": 4.0, "mode": "test", "epoch": 38}
{"loss": 0.45558252930641174, "acc": 0.8743162751197815, "length": 3.9994890689849854, "mode": "train", "epoch": 39}
{"loss": 0.515817403793335, "acc": 0.8668407201766968, "length": 4.0, "mode": "test", "epoch": 39}
{"loss": 0.43750277161598206, "acc": 0.8753244876861572, "length": 3.999948501586914, "mode": "train", "epoch": 40}
{"loss": 0.43277180194854736, "acc": 0.8825065493583679, "length": 4.0, "mode": "test", "epoch": 40}
{"loss": 0.4015422761440277, "acc": 0.895378828048706, "length": 3.9999518394470215, "mode": "train", "epoch": 41}
{"loss": 0.4154343605041504, "acc": 0.8903394341468811, "length": 4.0, "mode": "test", "epoch": 41}
{"loss": 0.392302930355072, "acc": 0.8988481163978577, "length": 3.999022960662842, "mode": "train", "epoch": 42}
{"loss": 0.40631699562072754, "acc": 0.8929504156112671, "length": 4.0, "mode": "test", "epoch": 42}
{"loss": 0.36352142691612244, "acc": 0.9023523926734924, "length": 3.99997878074646, "mode": "train", "epoch": 43}
{"loss": 0.3578173518180847, "acc": 0.8903394341468811, "length": 4.0, "mode": "test", "epoch": 43}
{"loss": 0.37923261523246765, "acc": 0.8944965600967407, "length": 3.999945878982544, "mode": "train", "epoch": 44}
{"loss": 0.3986132740974426, "acc": 0.8851174712181091, "length": 4.0, "mode": "test", "epoch": 44}
{"loss": 0.32725539803504944, "acc": 0.9119442105293274, "length": 3.9999518394470215, "mode": "train", "epoch": 45}
{"loss": 0.36564701795578003, "acc": 0.9033942818641663, "length": 4.0, "mode": "test", "epoch": 45}
{"loss": 0.3397204875946045, "acc": 0.9058408737182617, "length": 3.999995708465576, "mode": "train", "epoch": 46}
{"loss": 0.3671913146972656, "acc": 0.8877284526824951, "length": 4.0, "mode": "test", "epoch": 46}
{"loss": 0.33503493666648865, "acc": 0.9119442105293274, "length": 3.999995708465576, "mode": "train", "epoch": 47}
{"loss": 0.34097492694854736, "acc": 0.9138381481170654, "length": 4.0, "mode": "test", "epoch": 47}
{"loss": 0.3216676712036133, "acc": 0.9093286991119385, "length": 3.9999890327453613, "mode": "train", "epoch": 48}
{"loss": 0.35790619254112244, "acc": 0.8955613374710083, "length": 4.0, "mode": "test", "epoch": 48}
{"loss": 0.3224164545536041, "acc": 0.9127994179725647, "length": 3.999072313308716, "mode": "train", "epoch": 49}
{"loss": 0.34882664680480957, "acc": 0.9138381481170654, "length": 4.0, "mode": "test", "epoch": 49}
{"loss": 0.3029393255710602, "acc": 0.9110723733901978, "length": 3.999328136444092, "mode": "train", "epoch": 50}
{"loss": 0.29706090688705444, "acc": 0.9164490699768066, "length": 4.0, "mode": "test", "epoch": 50}
{"loss": 0.29481250047683716, "acc": 0.9171752333641052, "length": 3.999999523162842, "mode": "train", "epoch": 51}
{"loss": 0.3356669843196869, "acc": 0.9033942818641663, "length": 4.0, "mode": "test", "epoch": 51}
{"loss": 0.3229137659072876, "acc": 0.9093286991119385, "length": 3.9999990463256836, "mode": "train", "epoch": 52}
{"loss": 0.34951359033584595, "acc": 0.9086161851882935, "length": 4.0, "mode": "test", "epoch": 52}
{"loss": 0.32508954405784607, "acc": 0.9174565076828003, "length": 3.998812198638916, "mode": "train", "epoch": 53}
{"loss": 0.33525046706199646, "acc": 0.9138381481170654, "length": 4.0, "mode": "test", "epoch": 53}
{"loss": 0.3078461289405823, "acc": 0.9084568619728088, "length": 3.999922037124634, "mode": "train", "epoch": 54}
{"loss": 0.2974783778190613, "acc": 0.9190600514411926, "length": 4.0, "mode": "test", "epoch": 54}
{"loss": 0.3253768980503082, "acc": 0.9189189076423645, "length": 3.9999940395355225, "mode": "train", "epoch": 55}
{"loss": 0.2896362543106079, "acc": 0.9216710329055786, "length": 4.0, "mode": "test", "epoch": 55}
{"loss": 0.3231213390827179, "acc": 0.9110723733901978, "length": 3.999897003173828, "mode": "train", "epoch": 56}
{"loss": 0.27450692653656006, "acc": 0.9268929362297058, "length": 4.0, "mode": "test", "epoch": 56}
{"loss": 0.2787865698337555, "acc": 0.9180470705032349, "length": 3.9997572898864746, "mode": "train", "epoch": 57}
{"loss": 0.2755223512649536, "acc": 0.9190600514411926, "length": 4.0, "mode": "test", "epoch": 57}
{"loss": 0.2995019555091858, "acc": 0.915431559085846, "length": 4.0, "mode": "train", "epoch": 58}
{"loss": 0.3234567642211914, "acc": 0.9138381481170654, "length": 4.0, "mode": "test", "epoch": 58}
{"loss": 0.3353763818740845, "acc": 0.9058413505554199, "length": 3.9999935626983643, "mode": "train", "epoch": 59}
{"loss": 0.35358119010925293, "acc": 0.9164490699768066, "length": 4.0, "mode": "test", "epoch": 59}
{"loss": 0.38933539390563965, "acc": 0.8918918967247009, "length": 4.0, "mode": "train", "epoch": 60}
{"loss": 0.35818910598754883, "acc": 0.8825065493583679, "length": 4.0, "mode": "test", "epoch": 60}
test accuracy: 0.7153846025466919
