# ["--data_set_name=dim[4, 4, 4]_dist10-0_scale10_upsampleTrue_balancedFalse.ds", "--n_epochs=60", "--batch_size=128", "--learning_rate=0.0005", "--hidden_size=256", "--temperature=1.5", "--temp_update=0.99", "--length_cost=0.0", "--vocab_size_factor=3"]
data loaded from: ../zoo/intentional_game/data/dim[4, 4, 4]_dist10-0_scale10_upsampleTrue_balancedFalse.ds

opts
 Namespace(batch_size=128, checkpoint_dir=None, checkpoint_freq=0, cuda=True, data_set_name='dim[4, 4, 4]_dist10-0_scale10_upsampleTrue_balancedFalse.ds', device=device(type='cuda'), distributed_context=DistributedContext(is_distributed=False, rank=0, local_rank=0, world_size=1, mode='none'), distributed_port=18363, fp16=False, hidden_size=256, learning_rate=0.0005, length_cost=0.0, load_from_checkpoint=None, lr=0.01, max_len=1, mode='gs', n_epochs=60, no_cuda=False, optimizer='adam', preemptable=False, random_seed=264689608, receiver_cell='gru', save_interaction_freq=0, sender_cell='gru', temp_update=0.99, temperature=1.5, tensorboard=False, tensorboard_dir='runs/', update_freq=1, validation_freq=1, vocab_size=10, vocab_size_factor=3)
{"loss": 2.4170632362365723, "acc": 0.09135480225086212, "length": 3.6072332859039307, "mode": "train", "epoch": 1}
{"loss": 2.3945460319519043, "acc": 0.09660574048757553, "length": 1.0, "mode": "test", "epoch": 1}
{"loss": 2.4026272296905518, "acc": 0.08264318108558655, "length": 3.3288581371307373, "mode": "train", "epoch": 2}
{"loss": 2.394524335861206, "acc": 0.08355091512203217, "length": 1.0, "mode": "test", "epoch": 2}
{"loss": 2.402238368988037, "acc": 0.07007508724927902, "length": 2.616452932357788, "mode": "train", "epoch": 3}
{"loss": 2.397627830505371, "acc": 0.08093994855880737, "length": 1.0, "mode": "test", "epoch": 3}
{"loss": 2.392286777496338, "acc": 0.09894950687885284, "length": 1.9174531698226929, "mode": "train", "epoch": 4}
{"loss": 2.3942418098449707, "acc": 0.09399478137493134, "length": 1.0, "mode": "test", "epoch": 4}
{"loss": 2.3814098834991455, "acc": 0.0988665372133255, "length": 2.016079902648926, "mode": "train", "epoch": 5}
{"loss": 2.387550115585327, "acc": 0.1096605733036995, "length": 1.1409921646118164, "mode": "test", "epoch": 5}
{"loss": 2.3568811416625977, "acc": 0.12766273319721222, "length": 2.3685481548309326, "mode": "train", "epoch": 6}
{"loss": 2.3436379432678223, "acc": 0.15143603086471558, "length": 1.7754569053649902, "mode": "test", "epoch": 6}
{"loss": 2.3151447772979736, "acc": 0.14418010413646698, "length": 2.3153419494628906, "mode": "train", "epoch": 7}
{"loss": 2.35141921043396, "acc": 0.11488250643014908, "length": 1.477806806564331, "mode": "test", "epoch": 7}
{"loss": 2.284470319747925, "acc": 0.15176889300346375, "length": 2.138355255126953, "mode": "train", "epoch": 8}
{"loss": 2.325442314147949, "acc": 0.1436031311750412, "length": 1.6945170164108276, "mode": "test", "epoch": 8}
{"loss": 2.233997344970703, "acc": 0.16768303513526917, "length": 2.27223539352417, "mode": "train", "epoch": 9}
{"loss": 2.2690589427948, "acc": 0.15143603086471558, "length": 2.010443925857544, "mode": "test", "epoch": 9}
{"loss": 2.177661895751953, "acc": 0.19367316365242004, "length": 2.493004322052002, "mode": "train", "epoch": 10}
{"loss": 2.2556421756744385, "acc": 0.20626631379127502, "length": 2.25065279006958, "mode": "test", "epoch": 10}
{"loss": 2.134085178375244, "acc": 0.2313866913318634, "length": 2.6355037689208984, "mode": "train", "epoch": 11}
{"loss": 2.247941493988037, "acc": 0.20365534722805023, "length": 2.3002610206604004, "mode": "test", "epoch": 11}
{"loss": 2.0723259449005127, "acc": 0.24634693562984467, "length": 2.6050071716308594, "mode": "train", "epoch": 12}
{"loss": 2.155488967895508, "acc": 0.27154046297073364, "length": 2.305483102798462, "mode": "test", "epoch": 12}
{"loss": 2.0261526107788086, "acc": 0.2705453038215637, "length": 2.6387929916381836, "mode": "train", "epoch": 13}
{"loss": 2.126113176345825, "acc": 0.2532637119293213, "length": 2.365535259246826, "mode": "test", "epoch": 13}
{"loss": 1.9725093841552734, "acc": 0.3057139813899994, "length": 2.7870266437530518, "mode": "train", "epoch": 14}
{"loss": 2.1331887245178223, "acc": 0.27154046297073364, "length": 2.3550913333892822, "mode": "test", "epoch": 14}
{"loss": 1.8831032514572144, "acc": 0.33762893080711365, "length": 2.6985812187194824, "mode": "train", "epoch": 15}
{"loss": 2.173083543777466, "acc": 0.2532637119293213, "length": 2.6788511276245117, "mode": "test", "epoch": 15}
{"loss": 1.8396936655044556, "acc": 0.34790003299713135, "length": 2.789947509765625, "mode": "train", "epoch": 16}
{"loss": 2.1444807052612305, "acc": 0.2872062623500824, "length": 2.3785901069641113, "mode": "test", "epoch": 16}
{"loss": 1.7965874671936035, "acc": 0.36952728033065796, "length": 2.7037353515625, "mode": "train", "epoch": 17}
{"loss": 2.0687105655670166, "acc": 0.30809399485588074, "length": 2.396866798400879, "mode": "test", "epoch": 17}
{"loss": 1.7599629163742065, "acc": 0.3837588429450989, "length": 2.6776201725006104, "mode": "train", "epoch": 18}
{"loss": 2.008788585662842, "acc": 0.3211488127708435, "length": 2.490861654281616, "mode": "test", "epoch": 18}
{"loss": 1.7387254238128662, "acc": 0.3908775746822357, "length": 2.734104633331299, "mode": "train", "epoch": 19}
{"loss": 1.9423545598983765, "acc": 0.3237597942352295, "length": 2.5143604278564453, "mode": "test", "epoch": 19}
{"loss": 1.703652024269104, "acc": 0.40175896883010864, "length": 2.7620317935943604, "mode": "train", "epoch": 20}
{"loss": 1.927079439163208, "acc": 0.34203654527664185, "length": 2.5378589630126953, "mode": "test", "epoch": 20}
{"loss": 1.6741217374801636, "acc": 0.4239683747291565, "length": 2.645524740219116, "mode": "train", "epoch": 21}
{"loss": 1.9024784564971924, "acc": 0.3577023446559906, "length": 2.5509138107299805, "mode": "test", "epoch": 21}
{"loss": 1.6583309173583984, "acc": 0.42246338725090027, "length": 2.7291390895843506, "mode": "train", "epoch": 22}
{"loss": 1.8381541967391968, "acc": 0.3577023446559906, "length": 2.3812010288238525, "mode": "test", "epoch": 22}
{"loss": 1.5943294763565063, "acc": 0.43904030323028564, "length": 2.693556070327759, "mode": "train", "epoch": 23}
{"loss": 1.8336105346679688, "acc": 0.3629242777824402, "length": 2.4516971111297607, "mode": "test", "epoch": 23}
{"loss": 1.574437141418457, "acc": 0.45549243688583374, "length": 2.7331297397613525, "mode": "train", "epoch": 24}
{"loss": 1.8257745504379272, "acc": 0.3577023446559906, "length": 2.4621410369873047, "mode": "test", "epoch": 24}
{"loss": 1.5568947792053223, "acc": 0.46736493706703186, "length": 2.668498992919922, "mode": "train", "epoch": 25}
{"loss": 1.7861608266830444, "acc": 0.3890339434146881, "length": 2.47519588470459, "mode": "test", "epoch": 25}
{"loss": 1.5301235914230347, "acc": 0.47310441732406616, "length": 2.6996262073516846, "mode": "train", "epoch": 26}
{"loss": 1.7440612316131592, "acc": 0.41253262758255005, "length": 2.420365571975708, "mode": "test", "epoch": 26}
{"loss": 1.5016611814498901, "acc": 0.4790281057357788, "length": 2.7278554439544678, "mode": "train", "epoch": 27}
{"loss": 1.6932623386383057, "acc": 0.3968668282032013, "length": 2.49869441986084, "mode": "test", "epoch": 27}
{"loss": 1.4759211540222168, "acc": 0.4904508888721466, "length": 2.684359550476074, "mode": "train", "epoch": 28}
{"loss": 1.7472670078277588, "acc": 0.3968668282032013, "length": 2.47519588470459, "mode": "test", "epoch": 28}
{"loss": 1.4606318473815918, "acc": 0.4948256313800812, "length": 2.7110142707824707, "mode": "train", "epoch": 29}
{"loss": 1.656738519668579, "acc": 0.45169714093208313, "length": 2.4281983375549316, "mode": "test", "epoch": 29}
{"loss": 1.413364291191101, "acc": 0.507691502571106, "length": 2.694357395172119, "mode": "train", "epoch": 30}
{"loss": 1.6521648168563843, "acc": 0.44908615946769714, "length": 2.433420419692993, "mode": "test", "epoch": 30}
{"loss": 1.391910195350647, "acc": 0.5190591216087341, "length": 2.702463150024414, "mode": "train", "epoch": 31}
{"loss": 1.6139461994171143, "acc": 0.45169714093208313, "length": 2.4830286502838135, "mode": "test", "epoch": 31}
{"loss": 1.3762712478637695, "acc": 0.5219252109527588, "length": 2.7399251461029053, "mode": "train", "epoch": 32}
{"loss": 1.646339774131775, "acc": 0.44908615946769714, "length": 2.4020888805389404, "mode": "test", "epoch": 32}
{"loss": 1.362500548362732, "acc": 0.522103488445282, "length": 2.659696102142334, "mode": "train", "epoch": 33}
{"loss": 1.590372920036316, "acc": 0.44908615946769714, "length": 2.490861654281616, "mode": "test", "epoch": 33}
{"loss": 1.3313093185424805, "acc": 0.5356704592704773, "length": 2.7046432495117188, "mode": "train", "epoch": 34}
{"loss": 1.5670125484466553, "acc": 0.44908615946769714, "length": 2.4490861892700195, "mode": "test", "epoch": 34}
{"loss": 1.3177052736282349, "acc": 0.5439167618751526, "length": 2.700017213821411, "mode": "train", "epoch": 35}
{"loss": 1.5775482654571533, "acc": 0.45169714093208313, "length": 2.4960834980010986, "mode": "test", "epoch": 35}
{"loss": 1.307131052017212, "acc": 0.5499134659767151, "length": 2.7046165466308594, "mode": "train", "epoch": 36}
{"loss": 1.583691954612732, "acc": 0.44908615946769714, "length": 2.488250732421875, "mode": "test", "epoch": 36}
{"loss": 1.323177695274353, "acc": 0.5471726655960083, "length": 2.7244770526885986, "mode": "train", "epoch": 37}
{"loss": 1.5642011165618896, "acc": 0.48825064301490784, "length": 2.4856395721435547, "mode": "test", "epoch": 37}
{"loss": 1.2836453914642334, "acc": 0.5679616332054138, "length": 2.719101667404175, "mode": "train", "epoch": 38}
{"loss": 1.5858815908432007, "acc": 0.48302870988845825, "length": 2.4595301151275635, "mode": "test", "epoch": 38}
{"loss": 1.2682620286941528, "acc": 0.5682557225227356, "length": 2.6891472339630127, "mode": "train", "epoch": 39}
{"loss": 1.5990251302719116, "acc": 0.498694509267807, "length": 2.569190502166748, "mode": "test", "epoch": 39}
{"loss": 1.240908145904541, "acc": 0.5709951519966125, "length": 2.7208402156829834, "mode": "train", "epoch": 40}
{"loss": 1.474564790725708, "acc": 0.5117493271827698, "length": 2.4595301151275635, "mode": "test", "epoch": 40}
{"loss": 1.247672200202942, "acc": 0.5712660551071167, "length": 2.7170393466949463, "mode": "train", "epoch": 41}
{"loss": 1.4609849452972412, "acc": 0.4960835576057434, "length": 2.5195822715759277, "mode": "test", "epoch": 41}
{"loss": 1.2499208450317383, "acc": 0.5775097012519836, "length": 2.7020888328552246, "mode": "train", "epoch": 42}
{"loss": 1.418558120727539, "acc": 0.5195822715759277, "length": 2.441253185272217, "mode": "test", "epoch": 42}
{"loss": 1.2145229578018188, "acc": 0.5904051065444946, "length": 2.687333106994629, "mode": "train", "epoch": 43}
{"loss": 1.478960394859314, "acc": 0.5248041749000549, "length": 2.441253185272217, "mode": "test", "epoch": 43}
{"loss": 1.220920443534851, "acc": 0.5902203321456909, "length": 2.683366537094116, "mode": "train", "epoch": 44}
{"loss": 1.4849666357040405, "acc": 0.5352480411529541, "length": 2.4856395721435547, "mode": "test", "epoch": 44}
{"loss": 1.1905535459518433, "acc": 0.5930929183959961, "length": 2.6992220878601074, "mode": "train", "epoch": 45}
{"loss": 1.4631295204162598, "acc": 0.5639686584472656, "length": 2.490861654281616, "mode": "test", "epoch": 45}
{"loss": 1.162294864654541, "acc": 0.60791015625, "length": 2.715317726135254, "mode": "train", "epoch": 46}
{"loss": 1.4336318969726562, "acc": 0.5535247921943665, "length": 2.49869441986084, "mode": "test", "epoch": 46}
{"loss": 1.1501729488372803, "acc": 0.6150184273719788, "length": 2.7113664150238037, "mode": "train", "epoch": 47}
{"loss": 1.474963903427124, "acc": 0.5300261378288269, "length": 2.5143604278564453, "mode": "test", "epoch": 47}
{"loss": 1.1612825393676758, "acc": 0.6132977604866028, "length": 2.714998960494995, "mode": "train", "epoch": 48}
{"loss": 1.442643642425537, "acc": 0.5456919074058533, "length": 2.49869441986084, "mode": "test", "epoch": 48}
{"loss": 1.1643282175064087, "acc": 0.6012845039367676, "length": 2.715754985809326, "mode": "train", "epoch": 49}
{"loss": 1.4255361557006836, "acc": 0.5665796399116516, "length": 2.47519588470459, "mode": "test", "epoch": 49}
{"loss": 1.1660476922988892, "acc": 0.5962716937065125, "length": 2.7108314037323, "mode": "train", "epoch": 50}
{"loss": 1.4483425617218018, "acc": 0.5561357736587524, "length": 2.5404698848724365, "mode": "test", "epoch": 50}
{"loss": 1.1654980182647705, "acc": 0.6041738390922546, "length": 2.711005210876465, "mode": "train", "epoch": 51}
{"loss": 1.4076125621795654, "acc": 0.5665796399116516, "length": 2.490861654281616, "mode": "test", "epoch": 51}
{"loss": 1.127707839012146, "acc": 0.6299657821655273, "length": 2.6889491081237793, "mode": "train", "epoch": 52}
{"loss": 1.4362815618515015, "acc": 0.5483028888702393, "length": 2.5300261974334717, "mode": "test", "epoch": 52}
{"loss": 1.1745545864105225, "acc": 0.6075588464736938, "length": 2.7073311805725098, "mode": "train", "epoch": 53}
{"loss": 1.4293010234832764, "acc": 0.5535247921943665, "length": 2.443864345550537, "mode": "test", "epoch": 53}
{"loss": 1.1383384466171265, "acc": 0.6161462068557739, "length": 2.6812241077423096, "mode": "train", "epoch": 54}
{"loss": 1.4567947387695312, "acc": 0.5430809259414673, "length": 2.49869441986084, "mode": "test", "epoch": 54}
{"loss": 1.1292839050292969, "acc": 0.6242867112159729, "length": 2.7207953929901123, "mode": "train", "epoch": 55}
{"loss": 1.4907807111740112, "acc": 0.5561357736587524, "length": 2.4960834980010986, "mode": "test", "epoch": 55}
{"loss": 1.1026121377944946, "acc": 0.6248303651809692, "length": 2.701235294342041, "mode": "train", "epoch": 56}
{"loss": 1.348686933517456, "acc": 0.5718015432357788, "length": 2.4804177284240723, "mode": "test", "epoch": 56}
{"loss": 1.0895915031433105, "acc": 0.6350719332695007, "length": 2.6872825622558594, "mode": "train", "epoch": 57}
{"loss": 1.4334988594055176, "acc": 0.5561357736587524, "length": 2.50130558013916, "mode": "test", "epoch": 57}
{"loss": 1.088318109512329, "acc": 0.6261361241340637, "length": 2.700831651687622, "mode": "train", "epoch": 58}
{"loss": 1.4011321067810059, "acc": 0.5639686584472656, "length": 2.49869441986084, "mode": "test", "epoch": 58}
{"loss": 1.0613224506378174, "acc": 0.64420485496521, "length": 2.7188332080841064, "mode": "train", "epoch": 59}
{"loss": 1.3872907161712646, "acc": 0.582245409488678, "length": 2.50130558013916, "mode": "test", "epoch": 59}
{"loss": 1.071032166481018, "acc": 0.649448812007904, "length": 2.7099876403808594, "mode": "train", "epoch": 60}
{"loss": 1.3616645336151123, "acc": 0.582245409488678, "length": 2.5065274238586426, "mode": "test", "epoch": 60}
test accuracy: 0.2410256415605545
