# ["--data_set_name=dim[4, 4, 4]_dist10-0_scale10_upsampleTrue_balancedFalse.ds", "--n_epochs=60", "--batch_size=32", "--learning_rate=0.0005", "--hidden_size=256", "--temperature=1.5", "--temp_update=0.97", "--length_cost=0.0", "--vocab_size_factor=3"]
data loaded from: ../zoo/intentional_game/data/dim[4, 4, 4]_dist10-0_scale10_upsampleTrue_balancedFalse.ds

opts
 Namespace(batch_size=32, checkpoint_dir=None, checkpoint_freq=0, cuda=True, data_set_name='dim[4, 4, 4]_dist10-0_scale10_upsampleTrue_balancedFalse.ds', device=device(type='cuda'), distributed_context=DistributedContext(is_distributed=False, rank=0, local_rank=0, world_size=1, mode='none'), distributed_port=18363, fp16=False, hidden_size=256, learning_rate=0.0005, length_cost=0.0, load_from_checkpoint=None, lr=0.01, max_len=1, mode='gs', n_epochs=60, no_cuda=False, optimizer='adam', preemptable=False, random_seed=797345513, receiver_cell='gru', save_interaction_freq=0, sender_cell='gru', temp_update=0.97, temperature=1.5, tensorboard=False, tensorboard_dir='runs/', update_freq=1, validation_freq=1, vocab_size=10, vocab_size_factor=3)
{"loss": 2.4181857109069824, "acc": 0.09231854975223541, "length": 2.9629523754119873, "mode": "train", "epoch": 1}
{"loss": 2.402669906616211, "acc": 0.08093994855880737, "length": 1.0, "mode": "test", "epoch": 1}
{"loss": 2.4033100605010986, "acc": 0.08569181710481644, "length": 1.191640853881836, "mode": "train", "epoch": 2}
{"loss": 2.40950608253479, "acc": 0.08877284824848175, "length": 1.0, "mode": "test", "epoch": 2}
{"loss": 2.3567464351654053, "acc": 0.10898777097463608, "length": 1.8151582479476929, "mode": "train", "epoch": 3}
{"loss": 2.3533265590667725, "acc": 0.10443864017724991, "length": 1.3368146419525146, "mode": "test", "epoch": 3}
{"loss": 2.2514889240264893, "acc": 0.1602318286895752, "length": 1.8786591291427612, "mode": "train", "epoch": 4}
{"loss": 2.267148733139038, "acc": 0.15665796399116516, "length": 1.6449086666107178, "mode": "test", "epoch": 4}
{"loss": 2.1993203163146973, "acc": 0.17588144540786743, "length": 1.8130760192871094, "mode": "train", "epoch": 5}
{"loss": 2.1820950508117676, "acc": 0.16971279680728912, "length": 1.5979112386703491, "mode": "test", "epoch": 5}
{"loss": 2.1400089263916016, "acc": 0.20210085809230804, "length": 1.7743018865585327, "mode": "train", "epoch": 6}
{"loss": 2.130754232406616, "acc": 0.24281984567642212, "length": 1.6971279382705688, "mode": "test", "epoch": 6}
{"loss": 2.09407901763916, "acc": 0.23184648156166077, "length": 1.8149752616882324, "mode": "train", "epoch": 7}
{"loss": 2.06459903717041, "acc": 0.24020887911319733, "length": 1.879895567893982, "mode": "test", "epoch": 7}
{"loss": 2.027580738067627, "acc": 0.24587219953536987, "length": 2.000286817550659, "mode": "train", "epoch": 8}
{"loss": 2.011380910873413, "acc": 0.23237597942352295, "length": 2.078329086303711, "mode": "test", "epoch": 8}
{"loss": 1.987975835800171, "acc": 0.26595985889434814, "length": 2.0164031982421875, "mode": "train", "epoch": 9}
{"loss": 1.9597630500793457, "acc": 0.2610965967178345, "length": 1.955613613128662, "mode": "test", "epoch": 9}
{"loss": 1.9687036275863647, "acc": 0.28773602843284607, "length": 2.1017038822174072, "mode": "train", "epoch": 10}
{"loss": 1.9090635776519775, "acc": 0.30026111006736755, "length": 2.2245430946350098, "mode": "test", "epoch": 10}
{"loss": 1.899610996246338, "acc": 0.31054288148880005, "length": 2.2070579528808594, "mode": "train", "epoch": 11}
{"loss": 1.9191501140594482, "acc": 0.30026111006736755, "length": 2.1540470123291016, "mode": "test", "epoch": 11}
{"loss": 1.8488014936447144, "acc": 0.3304504156112671, "length": 2.267488718032837, "mode": "train", "epoch": 12}
{"loss": 1.8183115720748901, "acc": 0.34203654527664185, "length": 2.566579580307007, "mode": "test", "epoch": 12}
{"loss": 1.775886058807373, "acc": 0.3709403872489929, "length": 2.3879106044769287, "mode": "train", "epoch": 13}
{"loss": 1.656260371208191, "acc": 0.3838120102882385, "length": 2.4960834980010986, "mode": "test", "epoch": 13}
{"loss": 1.6891065835952759, "acc": 0.3932220935821533, "length": 2.4297971725463867, "mode": "train", "epoch": 14}
{"loss": 1.624232530593872, "acc": 0.3864229619503021, "length": 2.52480411529541, "mode": "test", "epoch": 14}
{"loss": 1.619434118270874, "acc": 0.42406144738197327, "length": 2.4290316104888916, "mode": "train", "epoch": 15}
{"loss": 1.5814223289489746, "acc": 0.40992167592048645, "length": 2.47519588470459, "mode": "test", "epoch": 15}
{"loss": 1.5754525661468506, "acc": 0.4207132160663605, "length": 2.4549005031585693, "mode": "train", "epoch": 16}
{"loss": 1.5158040523529053, "acc": 0.41514360904693604, "length": 2.5378589630126953, "mode": "test", "epoch": 16}
{"loss": 1.5493789911270142, "acc": 0.44050171971321106, "length": 2.3642914295196533, "mode": "train", "epoch": 17}
{"loss": 1.536447286605835, "acc": 0.4308094084262848, "length": 2.454308032989502, "mode": "test", "epoch": 17}
{"loss": 1.5282924175262451, "acc": 0.4395553767681122, "length": 2.406796932220459, "mode": "train", "epoch": 18}
{"loss": 1.517530918121338, "acc": 0.40731069445610046, "length": 2.441253185272217, "mode": "test", "epoch": 18}
{"loss": 1.4866501092910767, "acc": 0.4599161744117737, "length": 2.3773350715637207, "mode": "train", "epoch": 19}
{"loss": 1.46547269821167, "acc": 0.4334203600883484, "length": 2.456918954849243, "mode": "test", "epoch": 19}
{"loss": 1.4886072874069214, "acc": 0.45927348732948303, "length": 2.373836040496826, "mode": "train", "epoch": 20}
{"loss": 1.477802038192749, "acc": 0.4334203600883484, "length": 2.4020888805389404, "mode": "test", "epoch": 20}
{"loss": 1.4581941366195679, "acc": 0.4720019996166229, "length": 2.3954505920410156, "mode": "train", "epoch": 21}
{"loss": 1.4555978775024414, "acc": 0.4360313415527344, "length": 2.4960834980010986, "mode": "test", "epoch": 21}
{"loss": 1.4268308877944946, "acc": 0.48863810300827026, "length": 2.3743011951446533, "mode": "train", "epoch": 22}
{"loss": 1.408868670463562, "acc": 0.4360313415527344, "length": 2.3812010288238525, "mode": "test", "epoch": 22}
{"loss": 1.4304845333099365, "acc": 0.4977247714996338, "length": 2.3851845264434814, "mode": "train", "epoch": 23}
{"loss": 1.3858132362365723, "acc": 0.47519582509994507, "length": 2.4386422634124756, "mode": "test", "epoch": 23}
{"loss": 1.3935762643814087, "acc": 0.49190032482147217, "length": 2.399625301361084, "mode": "train", "epoch": 24}
{"loss": 1.3820912837982178, "acc": 0.48825064301490784, "length": 2.4621410369873047, "mode": "test", "epoch": 24}
{"loss": 1.3795591592788696, "acc": 0.5000807046890259, "length": 2.412205696105957, "mode": "train", "epoch": 25}
{"loss": 1.3935763835906982, "acc": 0.4934725761413574, "length": 2.441253185272217, "mode": "test", "epoch": 25}
{"loss": 1.376970887184143, "acc": 0.5018378496170044, "length": 2.377513885498047, "mode": "train", "epoch": 26}
{"loss": 1.3659493923187256, "acc": 0.4908616244792938, "length": 2.422976493835449, "mode": "test", "epoch": 26}
{"loss": 1.3815505504608154, "acc": 0.4923767149448395, "length": 2.3817403316497803, "mode": "train", "epoch": 27}
{"loss": 1.3921412229537964, "acc": 0.48041775822639465, "length": 2.3942558765411377, "mode": "test", "epoch": 27}
{"loss": 1.3998985290527344, "acc": 0.49269142746925354, "length": 2.3660531044006348, "mode": "train", "epoch": 28}
{"loss": 1.4859851598739624, "acc": 0.44125327467918396, "length": 2.2924282550811768, "mode": "test", "epoch": 28}
{"loss": 1.398258090019226, "acc": 0.5103380680084229, "length": 2.375408887863159, "mode": "train", "epoch": 29}
{"loss": 1.356482744216919, "acc": 0.4908616244792938, "length": 2.5274150371551514, "mode": "test", "epoch": 29}
{"loss": 1.3200864791870117, "acc": 0.5160307288169861, "length": 2.452413320541382, "mode": "train", "epoch": 30}
{"loss": 1.3524898290634155, "acc": 0.5013054609298706, "length": 2.441253185272217, "mode": "test", "epoch": 30}
{"loss": 1.3037067651748657, "acc": 0.5245643258094788, "length": 2.404773712158203, "mode": "train", "epoch": 31}
{"loss": 1.30016028881073, "acc": 0.48302870988845825, "length": 2.441253185272217, "mode": "test", "epoch": 31}
{"loss": 1.2875854969024658, "acc": 0.5364913940429688, "length": 2.432966947555542, "mode": "train", "epoch": 32}
{"loss": 1.3122066259384155, "acc": 0.5039164423942566, "length": 2.4699738025665283, "mode": "test", "epoch": 32}
{"loss": 1.2877671718597412, "acc": 0.5387987494468689, "length": 2.4240896701812744, "mode": "train", "epoch": 33}
{"loss": 1.3169453144073486, "acc": 0.5091384053230286, "length": 2.5143604278564453, "mode": "test", "epoch": 33}
{"loss": 1.2624726295471191, "acc": 0.5491833090782166, "length": 2.443315029144287, "mode": "train", "epoch": 34}
{"loss": 1.3273028135299683, "acc": 0.5039164423942566, "length": 2.464751958847046, "mode": "test", "epoch": 34}
{"loss": 1.2739273309707642, "acc": 0.5494962930679321, "length": 2.401536464691162, "mode": "train", "epoch": 35}
{"loss": 1.308003544807434, "acc": 0.5039164423942566, "length": 2.5065274238586426, "mode": "test", "epoch": 35}
{"loss": 1.2590668201446533, "acc": 0.5461254715919495, "length": 2.406670570373535, "mode": "train", "epoch": 36}
{"loss": 1.291992425918579, "acc": 0.5117493271827698, "length": 2.4699738025665283, "mode": "test", "epoch": 36}
{"loss": 1.2484899759292603, "acc": 0.5467216372489929, "length": 2.4290318489074707, "mode": "train", "epoch": 37}
{"loss": 1.3076801300048828, "acc": 0.5091384053230286, "length": 2.47519588470459, "mode": "test", "epoch": 37}
{"loss": 1.257520318031311, "acc": 0.5532001852989197, "length": 2.4481256008148193, "mode": "train", "epoch": 38}
{"loss": 1.3279399871826172, "acc": 0.48563969135284424, "length": 2.47519588470459, "mode": "test", "epoch": 38}
{"loss": 1.2494179010391235, "acc": 0.5485895276069641, "length": 2.428210496902466, "mode": "train", "epoch": 39}
{"loss": 1.3045802116394043, "acc": 0.5039164423942566, "length": 2.477806806564331, "mode": "test", "epoch": 39}
{"loss": 1.2440482378005981, "acc": 0.5543587803840637, "length": 2.4228169918060303, "mode": "train", "epoch": 40}
{"loss": 1.4934048652648926, "acc": 0.47519582509994507, "length": 2.532637119293213, "mode": "test", "epoch": 40}
{"loss": 1.2898527383804321, "acc": 0.534027099609375, "length": 2.4360580444335938, "mode": "train", "epoch": 41}
{"loss": 1.3075954914093018, "acc": 0.5248041749000549, "length": 2.5143604278564453, "mode": "test", "epoch": 41}
{"loss": 1.2625519037246704, "acc": 0.5588023662567139, "length": 2.4354116916656494, "mode": "train", "epoch": 42}
{"loss": 1.4005396366119385, "acc": 0.4908616244792938, "length": 2.4830286502838135, "mode": "test", "epoch": 42}
{"loss": 1.2499788999557495, "acc": 0.5471208691596985, "length": 2.4143474102020264, "mode": "train", "epoch": 43}
{"loss": 1.3177398443222046, "acc": 0.5143603086471558, "length": 2.52480411529541, "mode": "test", "epoch": 43}
{"loss": 1.2257275581359863, "acc": 0.5673465728759766, "length": 2.4490296840667725, "mode": "train", "epoch": 44}
{"loss": 1.2625322341918945, "acc": 0.5248041749000549, "length": 2.5065274238586426, "mode": "test", "epoch": 44}
{"loss": 1.2360666990280151, "acc": 0.559196949005127, "length": 2.42256498336792, "mode": "train", "epoch": 45}
{"loss": 1.4039701223373413, "acc": 0.47519582509994507, "length": 2.3342037200927734, "mode": "test", "epoch": 45}
{"loss": 1.3271033763885498, "acc": 0.5326293706893921, "length": 2.383692979812622, "mode": "train", "epoch": 46}
{"loss": 1.3570246696472168, "acc": 0.4934725761413574, "length": 2.4856395721435547, "mode": "test", "epoch": 46}
{"loss": 1.2441226243972778, "acc": 0.5501493215560913, "length": 2.445183277130127, "mode": "train", "epoch": 47}
{"loss": 1.3057538270950317, "acc": 0.5143603086471558, "length": 2.5143604278564453, "mode": "test", "epoch": 47}
{"loss": 1.2109971046447754, "acc": 0.5640661716461182, "length": 2.421902656555176, "mode": "train", "epoch": 48}
{"loss": 1.2618733644485474, "acc": 0.5300261378288269, "length": 2.490861654281616, "mode": "test", "epoch": 48}
{"loss": 1.1988550424575806, "acc": 0.5729297995567322, "length": 2.4879848957061768, "mode": "train", "epoch": 49}
{"loss": 1.2643672227859497, "acc": 0.5300261378288269, "length": 2.556135654449463, "mode": "test", "epoch": 49}
{"loss": 1.1900101900100708, "acc": 0.5675697326660156, "length": 2.5093655586242676, "mode": "train", "epoch": 50}
{"loss": 1.2073168754577637, "acc": 0.5639686584472656, "length": 2.569190502166748, "mode": "test", "epoch": 50}
{"loss": 1.1567763090133667, "acc": 0.5859311819076538, "length": 2.5385215282440186, "mode": "train", "epoch": 51}
{"loss": 1.184931993484497, "acc": 0.5744125247001648, "length": 2.681462049484253, "mode": "test", "epoch": 51}
{"loss": 1.1394888162612915, "acc": 0.6129869222640991, "length": 2.5869693756103516, "mode": "train", "epoch": 52}
{"loss": 1.2125661373138428, "acc": 0.6083551049232483, "length": 2.7232375144958496, "mode": "test", "epoch": 52}
{"loss": 1.0646612644195557, "acc": 0.6298196911811829, "length": 2.5967657566070557, "mode": "train", "epoch": 53}
{"loss": 1.0693804025650024, "acc": 0.6109660863876343, "length": 2.5953001976013184, "mode": "test", "epoch": 53}
{"loss": 1.0010278224945068, "acc": 0.6519249081611633, "length": 2.561023473739624, "mode": "train", "epoch": 54}
{"loss": 1.0365641117095947, "acc": 0.6187989711761475, "length": 2.6161880493164062, "mode": "test", "epoch": 54}
{"loss": 1.0001814365386963, "acc": 0.6365893483161926, "length": 2.553070545196533, "mode": "train", "epoch": 55}
{"loss": 1.0575809478759766, "acc": 0.6031331419944763, "length": 2.6214098930358887, "mode": "test", "epoch": 55}
{"loss": 0.980066180229187, "acc": 0.6482402682304382, "length": 2.558709144592285, "mode": "train", "epoch": 56}
{"loss": 1.0893157720565796, "acc": 0.6031331419944763, "length": 2.634464740753174, "mode": "test", "epoch": 56}
{"loss": 0.9831923246383667, "acc": 0.6426100730895996, "length": 2.5846612453460693, "mode": "train", "epoch": 57}
{"loss": 1.0583996772766113, "acc": 0.6031331419944763, "length": 2.671018362045288, "mode": "test", "epoch": 57}
{"loss": 1.0033365488052368, "acc": 0.639624834060669, "length": 2.5926003456115723, "mode": "train", "epoch": 58}
{"loss": 1.1501851081848145, "acc": 0.5691906213760376, "length": 2.5404698848724365, "mode": "test", "epoch": 58}
{"loss": 1.0195703506469727, "acc": 0.6227531433105469, "length": 2.579218864440918, "mode": "train", "epoch": 59}
{"loss": 1.1197700500488281, "acc": 0.584856390953064, "length": 2.6318538188934326, "mode": "test", "epoch": 59}
{"loss": 1.010877013206482, "acc": 0.6334851980209351, "length": 2.5416769981384277, "mode": "train", "epoch": 60}
{"loss": 1.0783839225769043, "acc": 0.5926892757415771, "length": 2.613577127456665, "mode": "test", "epoch": 60}
test accuracy: 0.30000001192092896
