# ["--data_set_name=dim[4, 4, 4]_dist10-0_scale10_upsampleTrue_balancedFalse.ds", "--n_epochs=60", "--batch_size=128", "--learning_rate=0.001", "--hidden_size=128", "--temperature=1.5", "--temp_update=0.97", "--length_cost=0.0", "--vocab_size_factor=3"]
data loaded from: ../zoo/intentional_game/data/dim[4, 4, 4]_dist10-0_scale10_upsampleTrue_balancedFalse.ds

opts
 Namespace(batch_size=128, checkpoint_dir=None, checkpoint_freq=0, cuda=True, data_set_name='dim[4, 4, 4]_dist10-0_scale10_upsampleTrue_balancedFalse.ds', device=device(type='cuda'), distributed_context=DistributedContext(is_distributed=False, rank=0, local_rank=0, world_size=1, mode='none'), distributed_port=18363, fp16=False, hidden_size=128, learning_rate=0.001, length_cost=0.0, load_from_checkpoint=None, lr=0.01, max_len=1, mode='gs', n_epochs=60, no_cuda=False, optimizer='adam', preemptable=False, random_seed=319018938, receiver_cell='gru', save_interaction_freq=0, sender_cell='gru', temp_update=0.97, temperature=1.5, tensorboard=False, tensorboard_dir='runs/', update_freq=1, validation_freq=1, vocab_size=10, vocab_size_factor=3)
{"loss": 2.410083532333374, "acc": 0.07279268652200699, "length": 3.519902229309082, "mode": "train", "epoch": 1}
{"loss": 2.3969712257385254, "acc": 0.1096605733036995, "length": 1.0, "mode": "test", "epoch": 1}
{"loss": 2.3969004154205322, "acc": 0.08697624504566193, "length": 3.2694928646087646, "mode": "train", "epoch": 2}
{"loss": 2.396115303039551, "acc": 0.09660574048757553, "length": 1.0, "mode": "test", "epoch": 2}
{"loss": 2.3942697048187256, "acc": 0.0944567322731018, "length": 2.9110679626464844, "mode": "train", "epoch": 3}
{"loss": 2.398899555206299, "acc": 0.08877284824848175, "length": 1.0, "mode": "test", "epoch": 3}
{"loss": 2.3897440433502197, "acc": 0.09444969147443771, "length": 2.414656400680542, "mode": "train", "epoch": 4}
{"loss": 2.3925023078918457, "acc": 0.07571801543235779, "length": 1.1331592798233032, "mode": "test", "epoch": 4}
{"loss": 2.3754093647003174, "acc": 0.09572377055883408, "length": 2.2483527660369873, "mode": "train", "epoch": 5}
{"loss": 2.354938268661499, "acc": 0.12271540611982346, "length": 1.7284594774246216, "mode": "test", "epoch": 5}
{"loss": 2.3398706912994385, "acc": 0.10676596313714981, "length": 2.1034512519836426, "mode": "train", "epoch": 6}
{"loss": 2.3175392150878906, "acc": 0.11749347299337387, "length": 1.6736292839050293, "mode": "test", "epoch": 6}
{"loss": 2.303011178970337, "acc": 0.1390989124774933, "length": 1.906123161315918, "mode": "train", "epoch": 7}
{"loss": 2.3258817195892334, "acc": 0.10443864017724991, "length": 1.6657963991165161, "mode": "test", "epoch": 7}
{"loss": 2.276625156402588, "acc": 0.1355758011341095, "length": 1.8658064603805542, "mode": "train", "epoch": 8}
{"loss": 2.3285953998565674, "acc": 0.13054829835891724, "length": 1.994778037071228, "mode": "test", "epoch": 8}
{"loss": 2.2593014240264893, "acc": 0.1402871161699295, "length": 2.0653951168060303, "mode": "train", "epoch": 9}
{"loss": 2.2875747680664062, "acc": 0.12532636523246765, "length": 2.057441234588623, "mode": "test", "epoch": 9}
{"loss": 2.243096351623535, "acc": 0.1459779143333435, "length": 2.0231826305389404, "mode": "train", "epoch": 10}
{"loss": 2.283454418182373, "acc": 0.14882506430149078, "length": 2.203655242919922, "mode": "test", "epoch": 10}
{"loss": 2.226954221725464, "acc": 0.15120279788970947, "length": 2.108895778656006, "mode": "train", "epoch": 11}
{"loss": 2.227299690246582, "acc": 0.1775456964969635, "length": 2.0287206172943115, "mode": "test", "epoch": 11}
{"loss": 2.201622247695923, "acc": 0.16398772597312927, "length": 2.120468854904175, "mode": "train", "epoch": 12}
{"loss": 2.174381732940674, "acc": 0.2140992134809494, "length": 2.214099168777466, "mode": "test", "epoch": 12}
{"loss": 2.162087917327881, "acc": 0.19651031494140625, "length": 2.230632781982422, "mode": "train", "epoch": 13}
{"loss": 2.14109206199646, "acc": 0.22976501286029816, "length": 2.1409921646118164, "mode": "test", "epoch": 13}
{"loss": 2.117584228515625, "acc": 0.20023903250694275, "length": 2.141460418701172, "mode": "train", "epoch": 14}
{"loss": 2.077767848968506, "acc": 0.23498694598674774, "length": 2.172323703765869, "mode": "test", "epoch": 14}
{"loss": 2.091972589492798, "acc": 0.21205444633960724, "length": 2.0609428882598877, "mode": "train", "epoch": 15}
{"loss": 2.051743984222412, "acc": 0.22454307973384857, "length": 2.0939948558807373, "mode": "test", "epoch": 15}
{"loss": 2.0495829582214355, "acc": 0.22211182117462158, "length": 2.0022170543670654, "mode": "train", "epoch": 16}
{"loss": 2.055637836456299, "acc": 0.2480417788028717, "length": 1.9530025720596313, "mode": "test", "epoch": 16}
{"loss": 2.0317859649658203, "acc": 0.23652301728725433, "length": 1.9926906824111938, "mode": "train", "epoch": 17}
{"loss": 2.0403010845184326, "acc": 0.23498694598674774, "length": 1.9608354568481445, "mode": "test", "epoch": 17}
{"loss": 2.0200436115264893, "acc": 0.24597963690757751, "length": 1.913083553314209, "mode": "train", "epoch": 18}
{"loss": 2.0358293056488037, "acc": 0.22454307973384857, "length": 2.054830312728882, "mode": "test", "epoch": 18}
{"loss": 2.0058541297912598, "acc": 0.2613098919391632, "length": 1.9779053926467896, "mode": "train", "epoch": 19}
{"loss": 2.0003859996795654, "acc": 0.2532637119293213, "length": 2.080940008163452, "mode": "test", "epoch": 19}
{"loss": 1.9927043914794922, "acc": 0.2569153308868408, "length": 2.1379594802856445, "mode": "train", "epoch": 20}
{"loss": 2.0157032012939453, "acc": 0.26370757818222046, "length": 2.2349870204925537, "mode": "test", "epoch": 20}
{"loss": 1.9754889011383057, "acc": 0.2650817334651947, "length": 2.2030763626098633, "mode": "train", "epoch": 21}
{"loss": 1.9723083972930908, "acc": 0.2845953106880188, "length": 2.4125325679779053, "mode": "test", "epoch": 21}
{"loss": 1.9555833339691162, "acc": 0.2746230959892273, "length": 2.459996461868286, "mode": "train", "epoch": 22}
{"loss": 1.9565843343734741, "acc": 0.2793733775615692, "length": 2.3498694896698, "mode": "test", "epoch": 22}
{"loss": 1.9212754964828491, "acc": 0.28156745433807373, "length": 2.4335451126098633, "mode": "train", "epoch": 23}
{"loss": 1.9825127124786377, "acc": 0.2872062623500824, "length": 2.579634428024292, "mode": "test", "epoch": 23}
{"loss": 1.8928682804107666, "acc": 0.28727227449417114, "length": 2.6158504486083984, "mode": "train", "epoch": 24}
{"loss": 1.9419772624969482, "acc": 0.30809399485588074, "length": 2.8120105266571045, "mode": "test", "epoch": 24}
{"loss": 1.8587945699691772, "acc": 0.3021596372127533, "length": 2.7269301414489746, "mode": "train", "epoch": 25}
{"loss": 1.914646029472351, "acc": 0.29765012860298157, "length": 2.72584867477417, "mode": "test", "epoch": 25}
{"loss": 1.829140543937683, "acc": 0.315276175737381, "length": 2.679400682449341, "mode": "train", "epoch": 26}
{"loss": 1.8856691122055054, "acc": 0.2898172438144684, "length": 2.5300261974334717, "mode": "test", "epoch": 26}
{"loss": 1.8286287784576416, "acc": 0.3130338191986084, "length": 2.7036895751953125, "mode": "train", "epoch": 27}
{"loss": 1.8824447393417358, "acc": 0.2610965967178345, "length": 2.579634428024292, "mode": "test", "epoch": 27}
{"loss": 1.8288971185684204, "acc": 0.30619439482688904, "length": 2.524972438812256, "mode": "train", "epoch": 28}
{"loss": 1.9469356536865234, "acc": 0.2793733775615692, "length": 2.793733596801758, "mode": "test", "epoch": 28}
{"loss": 1.8187901973724365, "acc": 0.3134209215641022, "length": 2.774693250656128, "mode": "train", "epoch": 29}
{"loss": 1.8580942153930664, "acc": 0.29503917694091797, "length": 2.511749267578125, "mode": "test", "epoch": 29}
{"loss": 1.7961643934249878, "acc": 0.33141183853149414, "length": 2.5955159664154053, "mode": "train", "epoch": 30}
{"loss": 1.9059723615646362, "acc": 0.27154046297073364, "length": 2.770235061645508, "mode": "test", "epoch": 30}
{"loss": 1.768101692199707, "acc": 0.3134152591228485, "length": 2.7397727966308594, "mode": "train", "epoch": 31}
{"loss": 1.8601505756378174, "acc": 0.3185378611087799, "length": 2.718015670776367, "mode": "test", "epoch": 31}
{"loss": 1.7615896463394165, "acc": 0.32962992787361145, "length": 2.7450928688049316, "mode": "train", "epoch": 32}
{"loss": 1.840528964996338, "acc": 0.3159268796443939, "length": 2.7780678272247314, "mode": "test", "epoch": 32}
{"loss": 1.7559869289398193, "acc": 0.3273877501487732, "length": 2.7218496799468994, "mode": "train", "epoch": 33}
{"loss": 1.8219512701034546, "acc": 0.3133159279823303, "length": 2.6553525924682617, "mode": "test", "epoch": 33}
{"loss": 1.7517755031585693, "acc": 0.3215930163860321, "length": 2.647533893585205, "mode": "train", "epoch": 34}
{"loss": 1.8440890312194824, "acc": 0.30809399485588074, "length": 2.660574436187744, "mode": "test", "epoch": 34}
{"loss": 1.7418006658554077, "acc": 0.33244118094444275, "length": 2.631786584854126, "mode": "train", "epoch": 35}
{"loss": 1.8441400527954102, "acc": 0.3237597942352295, "length": 2.7127938270568848, "mode": "test", "epoch": 35}
{"loss": 1.7496533393859863, "acc": 0.3414950370788574, "length": 2.6693663597106934, "mode": "train", "epoch": 36}
{"loss": 1.8410180807113647, "acc": 0.3289817273616791, "length": 2.694516897201538, "mode": "test", "epoch": 36}
{"loss": 1.7346153259277344, "acc": 0.3567829728126526, "length": 2.597602367401123, "mode": "train", "epoch": 37}
{"loss": 1.8057383298873901, "acc": 0.3133159279823303, "length": 2.569190502166748, "mode": "test", "epoch": 37}
{"loss": 1.7036134004592896, "acc": 0.36763429641723633, "length": 2.6132709980010986, "mode": "train", "epoch": 38}
{"loss": 1.7851605415344238, "acc": 0.30287206172943115, "length": 2.5613577365875244, "mode": "test", "epoch": 38}
{"loss": 1.6947158575057983, "acc": 0.37960320711135864, "length": 2.5773959159851074, "mode": "train", "epoch": 39}
{"loss": 1.7599738836288452, "acc": 0.34203654527664185, "length": 2.6422977447509766, "mode": "test", "epoch": 39}
{"loss": 1.665385127067566, "acc": 0.3921819031238556, "length": 2.614182472229004, "mode": "train", "epoch": 40}
{"loss": 1.7313717603683472, "acc": 0.3577023446559906, "length": 2.647519588470459, "mode": "test", "epoch": 40}
{"loss": 1.6624349355697632, "acc": 0.40246719121932983, "length": 2.6486454010009766, "mode": "train", "epoch": 41}
{"loss": 1.7632434368133545, "acc": 0.3498694598674774, "length": 2.6736292839050293, "mode": "test", "epoch": 41}
{"loss": 1.6532655954360962, "acc": 0.40041404962539673, "length": 2.6454923152923584, "mode": "train", "epoch": 42}
{"loss": 1.7585117816925049, "acc": 0.3133159279823303, "length": 2.6527414321899414, "mode": "test", "epoch": 42}
{"loss": 1.6771230697631836, "acc": 0.3755447268486023, "length": 2.6312015056610107, "mode": "train", "epoch": 43}
{"loss": 1.7510216236114502, "acc": 0.3289817273616791, "length": 2.6501305103302, "mode": "test", "epoch": 43}
{"loss": 1.6634185314178467, "acc": 0.3642280101776123, "length": 2.6324992179870605, "mode": "train", "epoch": 44}
{"loss": 1.7234777212142944, "acc": 0.37336814403533936, "length": 2.647519588470459, "mode": "test", "epoch": 44}
{"loss": 1.6304911375045776, "acc": 0.3967435359954834, "length": 2.6332569122314453, "mode": "train", "epoch": 45}
{"loss": 1.7010011672973633, "acc": 0.3812010586261749, "length": 2.6449086666107178, "mode": "test", "epoch": 45}
{"loss": 1.629470705986023, "acc": 0.3864937126636505, "length": 2.600463628768921, "mode": "train", "epoch": 46}
{"loss": 1.7433109283447266, "acc": 0.36553525924682617, "length": 2.681462049484253, "mode": "test", "epoch": 46}
{"loss": 1.624315857887268, "acc": 0.4013568162918091, "length": 2.629897356033325, "mode": "train", "epoch": 47}
{"loss": 1.7129849195480347, "acc": 0.3890339434146881, "length": 2.6083550453186035, "mode": "test", "epoch": 47}
{"loss": 1.6104602813720703, "acc": 0.39191797375679016, "length": 2.6209158897399902, "mode": "train", "epoch": 48}
{"loss": 1.7335796356201172, "acc": 0.36814621090888977, "length": 2.694516897201538, "mode": "test", "epoch": 48}
{"loss": 1.60623037815094, "acc": 0.3962472379207611, "length": 2.682680606842041, "mode": "train", "epoch": 49}
{"loss": 1.726572036743164, "acc": 0.3629242777824402, "length": 2.6762402057647705, "mode": "test", "epoch": 49}
{"loss": 1.6054292917251587, "acc": 0.3926991820335388, "length": 2.7261922359466553, "mode": "train", "epoch": 50}
{"loss": 1.6912983655929565, "acc": 0.36814621090888977, "length": 2.7989556789398193, "mode": "test", "epoch": 50}
{"loss": 1.5950044393539429, "acc": 0.40253445506095886, "length": 2.765471935272217, "mode": "train", "epoch": 51}
{"loss": 1.6605838537216187, "acc": 0.3812010586261749, "length": 2.7545692920684814, "mode": "test", "epoch": 51}
{"loss": 1.593489170074463, "acc": 0.39621976017951965, "length": 2.7163164615631104, "mode": "train", "epoch": 52}
{"loss": 1.6618536710739136, "acc": 0.36553525924682617, "length": 2.7127938270568848, "mode": "test", "epoch": 52}
{"loss": 1.5885215997695923, "acc": 0.39962369203567505, "length": 2.686260461807251, "mode": "train", "epoch": 53}
{"loss": 1.6277402639389038, "acc": 0.36814621090888977, "length": 2.751958131790161, "mode": "test", "epoch": 53}
{"loss": 1.576306939125061, "acc": 0.40521684288978577, "length": 2.74580717086792, "mode": "train", "epoch": 54}
{"loss": 1.652221918106079, "acc": 0.36814621090888977, "length": 2.796344757080078, "mode": "test", "epoch": 54}
{"loss": 1.6185147762298584, "acc": 0.4033263921737671, "length": 2.803518295288086, "mode": "train", "epoch": 55}
{"loss": 1.682124376296997, "acc": 0.352480411529541, "length": 2.806788444519043, "mode": "test", "epoch": 55}
{"loss": 1.6091279983520508, "acc": 0.4004979729652405, "length": 2.7862443923950195, "mode": "train", "epoch": 56}
{"loss": 1.665597677230835, "acc": 0.34203654527664185, "length": 2.7885117530822754, "mode": "test", "epoch": 56}
{"loss": 1.6101078987121582, "acc": 0.3894803524017334, "length": 2.7744805812835693, "mode": "train", "epoch": 57}
{"loss": 1.6529805660247803, "acc": 0.352480411529541, "length": 2.785900831222534, "mode": "test", "epoch": 57}
{"loss": 1.5938774347305298, "acc": 0.40022072196006775, "length": 2.7594757080078125, "mode": "train", "epoch": 58}
{"loss": 1.6433484554290771, "acc": 0.355091392993927, "length": 2.7571802139282227, "mode": "test", "epoch": 58}
{"loss": 1.5542329549789429, "acc": 0.4225815236568451, "length": 2.7352194786071777, "mode": "train", "epoch": 59}
{"loss": 1.6347200870513916, "acc": 0.36553525924682617, "length": 2.759791135787964, "mode": "test", "epoch": 59}
{"loss": 1.5463889837265015, "acc": 0.4070403575897217, "length": 2.7757608890533447, "mode": "train", "epoch": 60}
{"loss": 1.645148754119873, "acc": 0.36553525924682617, "length": 2.8224542140960693, "mode": "test", "epoch": 60}
test accuracy: 0.21282051503658295
