# ["--data_set_name=dim[4, 4, 4]_dist10-0_scale10_upsampleTrue_balancedFalse.ds", "--n_epochs=60", "--batch_size=128", "--learning_rate=0.001", "--hidden_size=128", "--temperature=1.5", "--temp_update=0.99", "--length_cost=0.0", "--vocab_size_factor=3"]
data loaded from: ../zoo/intentional_game/data/dim[4, 4, 4]_dist10-0_scale10_upsampleTrue_balancedFalse.ds

opts
 Namespace(batch_size=128, checkpoint_dir=None, checkpoint_freq=0, cuda=True, data_set_name='dim[4, 4, 4]_dist10-0_scale10_upsampleTrue_balancedFalse.ds', device=device(type='cuda'), distributed_context=DistributedContext(is_distributed=False, rank=0, local_rank=0, world_size=1, mode='none'), distributed_port=18363, fp16=False, hidden_size=128, learning_rate=0.001, length_cost=0.0, load_from_checkpoint=None, lr=0.01, max_len=1, mode='gs', n_epochs=60, no_cuda=False, optimizer='adam', preemptable=False, random_seed=1203886184, receiver_cell='gru', save_interaction_freq=0, sender_cell='gru', temp_update=0.99, temperature=1.5, tensorboard=False, tensorboard_dir='runs/', update_freq=1, validation_freq=1, vocab_size=10, vocab_size_factor=3)
{"loss": 2.4050962924957275, "acc": 0.08795956522226334, "length": 3.5985195636749268, "mode": "train", "epoch": 1}
{"loss": 2.394688606262207, "acc": 0.10443864017724991, "length": 1.0, "mode": "test", "epoch": 1}
{"loss": 2.4048211574554443, "acc": 0.09068956971168518, "length": 3.4409234523773193, "mode": "train", "epoch": 2}
{"loss": 2.39935564994812, "acc": 0.08877284824848175, "length": 1.0, "mode": "test", "epoch": 2}
{"loss": 2.3973565101623535, "acc": 0.08078891038894653, "length": 3.1229920387268066, "mode": "train", "epoch": 3}
{"loss": 2.3952577114105225, "acc": 0.1096605733036995, "length": 1.0, "mode": "test", "epoch": 3}
{"loss": 2.3889594078063965, "acc": 0.08604074269533157, "length": 2.7467446327209473, "mode": "train", "epoch": 4}
{"loss": 2.388639450073242, "acc": 0.12010443955659866, "length": 1.1409921646118164, "mode": "test", "epoch": 4}
{"loss": 2.3742125034332275, "acc": 0.10798131674528122, "length": 2.7795183658599854, "mode": "train", "epoch": 5}
{"loss": 2.3526813983917236, "acc": 0.15926893055438995, "length": 1.6109660863876343, "mode": "test", "epoch": 5}
{"loss": 2.342315912246704, "acc": 0.1239820346236229, "length": 2.588097095489502, "mode": "train", "epoch": 6}
{"loss": 2.2957162857055664, "acc": 0.19060052931308746, "length": 2.2454307079315186, "mode": "test", "epoch": 6}
{"loss": 2.2901833057403564, "acc": 0.16641640663146973, "length": 2.4592127799987793, "mode": "train", "epoch": 7}
{"loss": 2.2441599369049072, "acc": 0.22976501286029816, "length": 2.1749346256256104, "mode": "test", "epoch": 7}
{"loss": 2.2324230670928955, "acc": 0.1925441473722458, "length": 2.7339704036712646, "mode": "train", "epoch": 8}
{"loss": 2.1983132362365723, "acc": 0.23759791254997253, "length": 2.5744125843048096, "mode": "test", "epoch": 8}
{"loss": 2.1528432369232178, "acc": 0.2151680290699005, "length": 2.9399383068084717, "mode": "train", "epoch": 9}
{"loss": 2.159085988998413, "acc": 0.2506527304649353, "length": 3.169712781906128, "mode": "test", "epoch": 9}
{"loss": 2.1141717433929443, "acc": 0.23767337203025818, "length": 3.139786958694458, "mode": "train", "epoch": 10}
{"loss": 2.2059378623962402, "acc": 0.22715404629707336, "length": 3.0626630783081055, "mode": "test", "epoch": 10}
{"loss": 2.0708305835723877, "acc": 0.2596881687641144, "length": 3.037177801132202, "mode": "train", "epoch": 11}
{"loss": 2.1497609615325928, "acc": 0.22715404629707336, "length": 3.057441234588623, "mode": "test", "epoch": 11}
{"loss": 2.026907205581665, "acc": 0.27932554483413696, "length": 3.0370097160339355, "mode": "train", "epoch": 12}
{"loss": 2.243093729019165, "acc": 0.2140992134809494, "length": 3.2010443210601807, "mode": "test", "epoch": 12}
{"loss": 2.005903482437134, "acc": 0.2985481023788452, "length": 3.0349066257476807, "mode": "train", "epoch": 13}
{"loss": 2.132214069366455, "acc": 0.23759791254997253, "length": 2.976501226425171, "mode": "test", "epoch": 13}
{"loss": 1.9694124460220337, "acc": 0.29618218541145325, "length": 3.0111944675445557, "mode": "train", "epoch": 14}
{"loss": 2.110605239868164, "acc": 0.2610965967178345, "length": 3.0391645431518555, "mode": "test", "epoch": 14}
{"loss": 1.9396076202392578, "acc": 0.3050268590450287, "length": 3.0368552207946777, "mode": "train", "epoch": 15}
{"loss": 2.126852512359619, "acc": 0.22976501286029816, "length": 3.0496084690093994, "mode": "test", "epoch": 15}
{"loss": 1.897830605506897, "acc": 0.32141420245170593, "length": 2.973365068435669, "mode": "train", "epoch": 16}
{"loss": 2.038674831390381, "acc": 0.3159268796443939, "length": 2.934725761413574, "mode": "test", "epoch": 16}
{"loss": 1.8621622323989868, "acc": 0.33950215578079224, "length": 3.0521061420440674, "mode": "train", "epoch": 17}
{"loss": 2.020728826522827, "acc": 0.30548304319381714, "length": 3.0, "mode": "test", "epoch": 17}
{"loss": 1.806978702545166, "acc": 0.37555330991744995, "length": 3.0495336055755615, "mode": "train", "epoch": 18}
{"loss": 1.9729255437850952, "acc": 0.3237597942352295, "length": 3.0757179260253906, "mode": "test", "epoch": 18}
{"loss": 1.7584720849990845, "acc": 0.37711432576179504, "length": 3.0948309898376465, "mode": "train", "epoch": 19}
{"loss": 1.9048407077789307, "acc": 0.34464752674102783, "length": 3.1331591606140137, "mode": "test", "epoch": 19}
{"loss": 1.7085782289505005, "acc": 0.3898641765117645, "length": 3.180696487426758, "mode": "train", "epoch": 20}
{"loss": 1.8287875652313232, "acc": 0.36814621090888977, "length": 3.1070497035980225, "mode": "test", "epoch": 20}
{"loss": 1.670907735824585, "acc": 0.4152742922306061, "length": 3.180104970932007, "mode": "train", "epoch": 21}
{"loss": 1.7700732946395874, "acc": 0.37597912549972534, "length": 3.1879894733428955, "mode": "test", "epoch": 21}
{"loss": 1.6333516836166382, "acc": 0.4223182797431946, "length": 3.2213962078094482, "mode": "train", "epoch": 22}
{"loss": 1.7762588262557983, "acc": 0.37859007716178894, "length": 3.281984329223633, "mode": "test", "epoch": 22}
{"loss": 1.6052240133285522, "acc": 0.4331129193305969, "length": 3.260251522064209, "mode": "train", "epoch": 23}
{"loss": 1.7509173154830933, "acc": 0.3838120102882385, "length": 3.248041868209839, "mode": "test", "epoch": 23}
{"loss": 1.5530821084976196, "acc": 0.45417484641075134, "length": 3.279041290283203, "mode": "train", "epoch": 24}
{"loss": 1.735438585281372, "acc": 0.3994778096675873, "length": 3.271540403366089, "mode": "test", "epoch": 24}
{"loss": 1.4987947940826416, "acc": 0.47325122356414795, "length": 3.3320729732513428, "mode": "train", "epoch": 25}
{"loss": 1.693237543106079, "acc": 0.41775456070899963, "length": 3.39947772026062, "mode": "test", "epoch": 25}
{"loss": 1.4597359895706177, "acc": 0.4856124222278595, "length": 3.348362684249878, "mode": "train", "epoch": 26}
{"loss": 1.6783053874969482, "acc": 0.4360313415527344, "length": 3.3107049465179443, "mode": "test", "epoch": 26}
{"loss": 1.4069087505340576, "acc": 0.5104247331619263, "length": 3.3976171016693115, "mode": "train", "epoch": 27}
{"loss": 1.639385461807251, "acc": 0.44386422634124756, "length": 3.420365571975708, "mode": "test", "epoch": 27}
{"loss": 1.3585385084152222, "acc": 0.5259560346603394, "length": 3.452512741088867, "mode": "train", "epoch": 28}
{"loss": 1.5985352993011475, "acc": 0.44647520780563354, "length": 3.511749267578125, "mode": "test", "epoch": 28}
{"loss": 1.2937915325164795, "acc": 0.5343009233474731, "length": 3.4451425075531006, "mode": "train", "epoch": 29}
{"loss": 1.553269386291504, "acc": 0.4595300257205963, "length": 3.3890340328216553, "mode": "test", "epoch": 29}
{"loss": 1.2569462060928345, "acc": 0.5710138082504272, "length": 3.4333653450012207, "mode": "train", "epoch": 30}
{"loss": 1.568699598312378, "acc": 0.4673629105091095, "length": 3.5039165019989014, "mode": "test", "epoch": 30}
{"loss": 1.2054780721664429, "acc": 0.579479992389679, "length": 3.515106201171875, "mode": "train", "epoch": 31}
{"loss": 1.5938735008239746, "acc": 0.47519582509994507, "length": 3.47519588470459, "mode": "test", "epoch": 31}
{"loss": 1.1785951852798462, "acc": 0.6002970933914185, "length": 3.462252378463745, "mode": "train", "epoch": 32}
{"loss": 1.473434329032898, "acc": 0.522193193435669, "length": 3.443864345550537, "mode": "test", "epoch": 32}
{"loss": 1.1387273073196411, "acc": 0.6065493226051331, "length": 3.4904944896698, "mode": "train", "epoch": 33}
{"loss": 1.4868576526641846, "acc": 0.5378590226173401, "length": 3.464751958847046, "mode": "test", "epoch": 33}
{"loss": 1.0935217142105103, "acc": 0.6257907748222351, "length": 3.420325517654419, "mode": "train", "epoch": 34}
{"loss": 1.426425814628601, "acc": 0.5091384053230286, "length": 3.433420419692993, "mode": "test", "epoch": 34}
{"loss": 1.0158517360687256, "acc": 0.6594709157943726, "length": 3.500417709350586, "mode": "train", "epoch": 35}
{"loss": 1.3731038570404053, "acc": 0.522193193435669, "length": 3.454308032989502, "mode": "test", "epoch": 35}
{"loss": 0.9714798331260681, "acc": 0.6855534315109253, "length": 3.4940972328186035, "mode": "train", "epoch": 36}
{"loss": 1.337838053703308, "acc": 0.5613576769828796, "length": 3.464751958847046, "mode": "test", "epoch": 36}
{"loss": 0.9453781247138977, "acc": 0.6934361457824707, "length": 3.5108015537261963, "mode": "train", "epoch": 37}
{"loss": 1.291250228881836, "acc": 0.5770235061645508, "length": 3.443864345550537, "mode": "test", "epoch": 37}
{"loss": 0.9045856595039368, "acc": 0.7141781449317932, "length": 3.4856748580932617, "mode": "train", "epoch": 38}
{"loss": 1.1950830221176147, "acc": 0.6031331419944763, "length": 3.4360313415527344, "mode": "test", "epoch": 38}
{"loss": 0.8963648676872253, "acc": 0.7060827612876892, "length": 3.544076919555664, "mode": "train", "epoch": 39}
{"loss": 1.1665363311767578, "acc": 0.6135770082473755, "length": 3.4490861892700195, "mode": "test", "epoch": 39}
{"loss": 0.8487148880958557, "acc": 0.7365646958351135, "length": 3.4879677295684814, "mode": "train", "epoch": 40}
{"loss": 1.1920918226242065, "acc": 0.6161879897117615, "length": 3.569190502166748, "mode": "test", "epoch": 40}
{"loss": 0.8224886059761047, "acc": 0.7404029965400696, "length": 3.5830729007720947, "mode": "train", "epoch": 41}
{"loss": 1.0630590915679932, "acc": 0.6396867036819458, "length": 3.430809497833252, "mode": "test", "epoch": 41}
{"loss": 0.8239471912384033, "acc": 0.7334926128387451, "length": 3.5132148265838623, "mode": "train", "epoch": 42}
{"loss": 1.0549179315567017, "acc": 0.6214098930358887, "length": 3.4804177284240723, "mode": "test", "epoch": 42}
{"loss": 0.7627844214439392, "acc": 0.7466184496879578, "length": 3.5307345390319824, "mode": "train", "epoch": 43}
{"loss": 1.00531005859375, "acc": 0.6762402057647705, "length": 3.5065274238586426, "mode": "test", "epoch": 43}
{"loss": 0.707146942615509, "acc": 0.7809992432594299, "length": 3.5221705436706543, "mode": "train", "epoch": 44}
{"loss": 0.942740797996521, "acc": 0.6814621686935425, "length": 3.4516971111297607, "mode": "test", "epoch": 44}
{"loss": 0.6864338517189026, "acc": 0.7908923029899597, "length": 3.5357985496520996, "mode": "train", "epoch": 45}
{"loss": 0.9722625613212585, "acc": 0.6814621686935425, "length": 3.5483028888702393, "mode": "test", "epoch": 45}
{"loss": 0.6746951937675476, "acc": 0.7863710522651672, "length": 3.591182231903076, "mode": "train", "epoch": 46}
{"loss": 0.9182211756706238, "acc": 0.7258485555648804, "length": 3.522193193435669, "mode": "test", "epoch": 46}
{"loss": 0.6516781449317932, "acc": 0.7987171411514282, "length": 3.528804063796997, "mode": "train", "epoch": 47}
{"loss": 0.9248946905136108, "acc": 0.6892950534820557, "length": 3.49869441986084, "mode": "test", "epoch": 47}
{"loss": 0.6223025918006897, "acc": 0.8132187128067017, "length": 3.5386154651641846, "mode": "train", "epoch": 48}
{"loss": 0.8732165098190308, "acc": 0.7206266522407532, "length": 3.4699738025665283, "mode": "test", "epoch": 48}
{"loss": 0.5911614894866943, "acc": 0.813495934009552, "length": 3.543548107147217, "mode": "train", "epoch": 49}
{"loss": 0.8732113838195801, "acc": 0.7258485555648804, "length": 3.535248041152954, "mode": "test", "epoch": 49}
{"loss": 0.5957234501838684, "acc": 0.8207688331604004, "length": 3.5593645572662354, "mode": "train", "epoch": 50}
{"loss": 0.8532445430755615, "acc": 0.7441253066062927, "length": 3.5535247325897217, "mode": "test", "epoch": 50}
{"loss": 0.5445311069488525, "acc": 0.8517765998840332, "length": 3.579678773880005, "mode": "train", "epoch": 51}
{"loss": 0.6837627291679382, "acc": 0.7963446378707886, "length": 3.5274150371551514, "mode": "test", "epoch": 51}
{"loss": 0.5219500064849854, "acc": 0.8416818976402283, "length": 3.557365655899048, "mode": "train", "epoch": 52}
{"loss": 0.7154067754745483, "acc": 0.7859007716178894, "length": 3.509138345718384, "mode": "test", "epoch": 52}
{"loss": 0.5002130270004272, "acc": 0.8451024293899536, "length": 3.542393207550049, "mode": "train", "epoch": 53}
{"loss": 0.7176970839500427, "acc": 0.7885117530822754, "length": 3.5300261974334717, "mode": "test", "epoch": 53}
{"loss": 0.47036901116371155, "acc": 0.8705339431762695, "length": 3.5566346645355225, "mode": "train", "epoch": 54}
{"loss": 0.7144936919212341, "acc": 0.8067885041236877, "length": 3.558746814727783, "mode": "test", "epoch": 54}
{"loss": 0.4752345085144043, "acc": 0.8566137552261353, "length": 3.5841329097747803, "mode": "train", "epoch": 55}
{"loss": 0.7175707817077637, "acc": 0.8224543333053589, "length": 3.5300261974334717, "mode": "test", "epoch": 55}
{"loss": 0.4432334899902344, "acc": 0.8685292601585388, "length": 3.5416693687438965, "mode": "train", "epoch": 56}
{"loss": 0.6804430484771729, "acc": 0.8093994855880737, "length": 3.535248041152954, "mode": "test", "epoch": 56}
{"loss": 0.44985994696617126, "acc": 0.8671289086341858, "length": 3.578603506088257, "mode": "train", "epoch": 57}
{"loss": 0.6204690933227539, "acc": 0.8355091214179993, "length": 3.558746814727783, "mode": "test", "epoch": 57}
{"loss": 0.4206053912639618, "acc": 0.8691708445549011, "length": 3.564160108566284, "mode": "train", "epoch": 58}
{"loss": 0.665744423866272, "acc": 0.8015666007995605, "length": 3.511749267578125, "mode": "test", "epoch": 58}
{"loss": 0.4339113235473633, "acc": 0.8752323985099792, "length": 3.5563437938690186, "mode": "train", "epoch": 59}
{"loss": 0.6184724569320679, "acc": 0.8067885041236877, "length": 3.6187989711761475, "mode": "test", "epoch": 59}
{"loss": 0.42978960275650024, "acc": 0.864268958568573, "length": 3.5930335521698, "mode": "train", "epoch": 60}
{"loss": 0.6769962310791016, "acc": 0.8015666007995605, "length": 3.543081045150757, "mode": "test", "epoch": 60}
test accuracy: 0.6769230961799622
