# ["--data_set_name=dim[4, 4, 4]_dist10-0_scale10_upsampleTrue_balancedFalse.ds", "--n_epochs=60", "--batch_size=128", "--learning_rate=0.001", "--hidden_size=256", "--temperature=1.5", "--temp_update=0.97", "--length_cost=0.0", "--vocab_size_factor=3"]
data loaded from: ../zoo/intentional_game/data/dim[4, 4, 4]_dist10-0_scale10_upsampleTrue_balancedFalse.ds

opts
 Namespace(batch_size=128, checkpoint_dir=None, checkpoint_freq=0, cuda=True, data_set_name='dim[4, 4, 4]_dist10-0_scale10_upsampleTrue_balancedFalse.ds', device=device(type='cuda'), distributed_context=DistributedContext(is_distributed=False, rank=0, local_rank=0, world_size=1, mode='none'), distributed_port=18363, fp16=False, hidden_size=256, learning_rate=0.001, length_cost=0.0, load_from_checkpoint=None, lr=0.01, max_len=1, mode='gs', n_epochs=60, no_cuda=False, optimizer='adam', preemptable=False, random_seed=726079071, receiver_cell='gru', save_interaction_freq=0, sender_cell='gru', temp_update=0.97, temperature=1.5, tensorboard=False, tensorboard_dir='runs/', update_freq=1, validation_freq=1, vocab_size=10, vocab_size_factor=3)
{"loss": 2.4214565753936768, "acc": 0.06739270687103271, "length": 3.316253900527954, "mode": "train", "epoch": 1}
{"loss": 2.399935483932495, "acc": 0.09399478137493134, "length": 1.0, "mode": "test", "epoch": 1}
{"loss": 2.4026193618774414, "acc": 0.07924733310937881, "length": 1.8438061475753784, "mode": "train", "epoch": 2}
{"loss": 2.3964381217956543, "acc": 0.07832898199558258, "length": 1.0, "mode": "test", "epoch": 2}
{"loss": 2.397036075592041, "acc": 0.07578249275684357, "length": 1.3309696912765503, "mode": "train", "epoch": 3}
{"loss": 2.3996100425720215, "acc": 0.11227153986692429, "length": 1.0, "mode": "test", "epoch": 3}
{"loss": 2.367966890335083, "acc": 0.10236243903636932, "length": 1.8785024881362915, "mode": "train", "epoch": 4}
{"loss": 2.354539394378662, "acc": 0.11227153986692429, "length": 1.5483028888702393, "mode": "test", "epoch": 4}
{"loss": 2.3121933937072754, "acc": 0.12636996805667877, "length": 1.9611762762069702, "mode": "train", "epoch": 5}
{"loss": 2.326488494873047, "acc": 0.11488250643014908, "length": 1.6736292839050293, "mode": "test", "epoch": 5}
{"loss": 2.296030044555664, "acc": 0.1403672695159912, "length": 1.8686810731887817, "mode": "train", "epoch": 6}
{"loss": 2.265151023864746, "acc": 0.15926893055438995, "length": 2.002610921859741, "mode": "test", "epoch": 6}
{"loss": 2.229255199432373, "acc": 0.19130012392997742, "length": 2.2012579441070557, "mode": "train", "epoch": 7}
{"loss": 2.240107536315918, "acc": 0.15404699742794037, "length": 2.3603134155273438, "mode": "test", "epoch": 7}
{"loss": 2.1350510120391846, "acc": 0.2221130132675171, "length": 2.2763664722442627, "mode": "train", "epoch": 8}
{"loss": 2.1911308765411377, "acc": 0.19321148097515106, "length": 2.3368146419525146, "mode": "test", "epoch": 8}
{"loss": 2.096676826477051, "acc": 0.22562319040298462, "length": 2.2790675163269043, "mode": "train", "epoch": 9}
{"loss": 2.179272413253784, "acc": 0.19321148097515106, "length": 2.522193193435669, "mode": "test", "epoch": 9}
{"loss": 2.0940756797790527, "acc": 0.24097022414207458, "length": 2.4319615364074707, "mode": "train", "epoch": 10}
{"loss": 2.2348179817199707, "acc": 0.1749347299337387, "length": 2.647519588470459, "mode": "test", "epoch": 10}
{"loss": 2.0327703952789307, "acc": 0.2596703767776489, "length": 2.5026230812072754, "mode": "train", "epoch": 11}
{"loss": 2.0843372344970703, "acc": 0.20104438066482544, "length": 2.6527414321899414, "mode": "test", "epoch": 11}
{"loss": 1.9960225820541382, "acc": 0.28453919291496277, "length": 2.6063730716705322, "mode": "train", "epoch": 12}
{"loss": 2.0989503860473633, "acc": 0.23498694598674774, "length": 2.454308032989502, "mode": "test", "epoch": 12}
{"loss": 1.9330487251281738, "acc": 0.3036433160305023, "length": 2.634446859359741, "mode": "train", "epoch": 13}
{"loss": 2.040099620819092, "acc": 0.24281984567642212, "length": 2.7075717449188232, "mode": "test", "epoch": 13}
{"loss": 1.8856464624404907, "acc": 0.32307690382003784, "length": 2.7674169540405273, "mode": "train", "epoch": 14}
{"loss": 2.0107498168945312, "acc": 0.2845953106880188, "length": 2.718015670776367, "mode": "test", "epoch": 14}
{"loss": 1.8184763193130493, "acc": 0.3590189218521118, "length": 2.6330952644348145, "mode": "train", "epoch": 15}
{"loss": 1.94313645362854, "acc": 0.30548304319381714, "length": 2.6292428970336914, "mode": "test", "epoch": 15}
{"loss": 1.761950135231018, "acc": 0.36728039383888245, "length": 2.5855629444122314, "mode": "train", "epoch": 16}
{"loss": 1.9602115154266357, "acc": 0.29765012860298157, "length": 2.3942558765411377, "mode": "test", "epoch": 16}
{"loss": 1.7408792972564697, "acc": 0.38164639472961426, "length": 2.60996413230896, "mode": "train", "epoch": 17}
{"loss": 1.8772791624069214, "acc": 0.36553525924682617, "length": 2.532637119293213, "mode": "test", "epoch": 17}
{"loss": 1.6842224597930908, "acc": 0.42347073554992676, "length": 2.574223518371582, "mode": "train", "epoch": 18}
{"loss": 1.7667220830917358, "acc": 0.3498694598674774, "length": 2.5613577365875244, "mode": "test", "epoch": 18}
{"loss": 1.620084285736084, "acc": 0.41283366084098816, "length": 2.557452440261841, "mode": "train", "epoch": 19}
{"loss": 1.7742903232574463, "acc": 0.34203654527664185, "length": 2.6109659671783447, "mode": "test", "epoch": 19}
{"loss": 1.5567066669464111, "acc": 0.4447360634803772, "length": 2.5327367782592773, "mode": "train", "epoch": 20}
{"loss": 1.6930928230285645, "acc": 0.3864229619503021, "length": 2.6527414321899414, "mode": "test", "epoch": 20}
{"loss": 1.460619568824768, "acc": 0.46264514327049255, "length": 2.682314395904541, "mode": "train", "epoch": 21}
{"loss": 1.6124151945114136, "acc": 0.4203655421733856, "length": 2.74934720993042, "mode": "test", "epoch": 21}
{"loss": 1.3959494829177856, "acc": 0.49538102746009827, "length": 2.7791073322296143, "mode": "train", "epoch": 22}
{"loss": 1.5699234008789062, "acc": 0.438642293214798, "length": 2.840731143951416, "mode": "test", "epoch": 22}
{"loss": 1.267593502998352, "acc": 0.5597410798072815, "length": 2.9354841709136963, "mode": "train", "epoch": 23}
{"loss": 1.38273024559021, "acc": 0.4908616244792938, "length": 2.9921669960021973, "mode": "test", "epoch": 23}
{"loss": 1.2017004489898682, "acc": 0.5746944546699524, "length": 3.005405902862549, "mode": "train", "epoch": 24}
{"loss": 1.3732764720916748, "acc": 0.5248041749000549, "length": 3.0757179260253906, "mode": "test", "epoch": 24}
{"loss": 1.1118905544281006, "acc": 0.6134011745452881, "length": 3.000377655029297, "mode": "train", "epoch": 25}
{"loss": 1.2904326915740967, "acc": 0.5378590226173401, "length": 3.214099168777466, "mode": "test", "epoch": 25}
{"loss": 1.0305311679840088, "acc": 0.6357724070549011, "length": 3.0612988471984863, "mode": "train", "epoch": 26}
{"loss": 1.180578589439392, "acc": 0.6083551049232483, "length": 3.1279373168945312, "mode": "test", "epoch": 26}
{"loss": 0.9796203970909119, "acc": 0.6484975218772888, "length": 3.0296435356140137, "mode": "train", "epoch": 27}
{"loss": 1.0935419797897339, "acc": 0.6266318559646606, "length": 3.065274238586426, "mode": "test", "epoch": 27}
{"loss": 0.9748463034629822, "acc": 0.6441255807876587, "length": 3.0848939418792725, "mode": "train", "epoch": 28}
{"loss": 1.22260320186615, "acc": 0.5979112386703491, "length": 3.1879894733428955, "mode": "test", "epoch": 28}
{"loss": 0.9705701470375061, "acc": 0.6645463109016418, "length": 3.0927743911743164, "mode": "train", "epoch": 29}
{"loss": 1.1040719747543335, "acc": 0.6396867036819458, "length": 3.065274238586426, "mode": "test", "epoch": 29}
{"loss": 0.8812601566314697, "acc": 0.694118857383728, "length": 3.1121749877929688, "mode": "train", "epoch": 30}
{"loss": 1.0217951536178589, "acc": 0.644908607006073, "length": 3.0966057777404785, "mode": "test", "epoch": 30}
{"loss": 0.8496420979499817, "acc": 0.7074805498123169, "length": 3.0729637145996094, "mode": "train", "epoch": 31}
{"loss": 1.0016690492630005, "acc": 0.6814621686935425, "length": 3.122715473175049, "mode": "test", "epoch": 31}
{"loss": 0.80665522813797, "acc": 0.7192196249961853, "length": 3.1243503093719482, "mode": "train", "epoch": 32}
{"loss": 0.9330496788024902, "acc": 0.6788511872291565, "length": 3.1749346256256104, "mode": "test", "epoch": 32}
{"loss": 0.7545191049575806, "acc": 0.7365164160728455, "length": 3.163723945617676, "mode": "train", "epoch": 33}
{"loss": 0.9347143173217773, "acc": 0.6736292243003845, "length": 3.193211555480957, "mode": "test", "epoch": 33}
{"loss": 0.7245519757270813, "acc": 0.7502780556678772, "length": 3.1847071647644043, "mode": "train", "epoch": 34}
{"loss": 0.8291089534759521, "acc": 0.7310705184936523, "length": 3.214099168777466, "mode": "test", "epoch": 34}
{"loss": 0.6767035722732544, "acc": 0.7882348299026489, "length": 3.204880714416504, "mode": "train", "epoch": 35}
{"loss": 0.8315469622612, "acc": 0.7258485555648804, "length": 3.328981637954712, "mode": "test", "epoch": 35}
{"loss": 0.6614757180213928, "acc": 0.7732158303260803, "length": 3.1942708492279053, "mode": "train", "epoch": 36}
{"loss": 0.9323224425315857, "acc": 0.6892950534820557, "length": 3.088772773742676, "mode": "test", "epoch": 36}
{"loss": 0.6668575406074524, "acc": 0.7913175225257874, "length": 3.1339592933654785, "mode": "train", "epoch": 37}
{"loss": 0.7238739728927612, "acc": 0.7571801543235779, "length": 3.27415132522583, "mode": "test", "epoch": 37}
{"loss": 0.6071560978889465, "acc": 0.8014423847198486, "length": 3.1878654956817627, "mode": "train", "epoch": 38}
{"loss": 0.7569550275802612, "acc": 0.7362924218177795, "length": 3.229764938354492, "mode": "test", "epoch": 38}
{"loss": 0.5929699540138245, "acc": 0.8091703057289124, "length": 3.195436716079712, "mode": "train", "epoch": 39}
{"loss": 0.6678885817527771, "acc": 0.7597911357879639, "length": 3.2219321727752686, "mode": "test", "epoch": 39}
{"loss": 0.541027843952179, "acc": 0.8224737048149109, "length": 3.2157299518585205, "mode": "train", "epoch": 40}
{"loss": 0.7017156481742859, "acc": 0.7728459239006042, "length": 3.261096715927124, "mode": "test", "epoch": 40}
{"loss": 0.4951291084289551, "acc": 0.8417518734931946, "length": 3.229954957962036, "mode": "train", "epoch": 41}
{"loss": 0.6712676882743835, "acc": 0.7832897901535034, "length": 3.2767624855041504, "mode": "test", "epoch": 41}
{"loss": 0.4987463057041168, "acc": 0.8443807363510132, "length": 3.1902081966400146, "mode": "train", "epoch": 42}
{"loss": 0.7133680582046509, "acc": 0.7937336564064026, "length": 3.193211555480957, "mode": "test", "epoch": 42}
{"loss": 0.4926632344722748, "acc": 0.8402314186096191, "length": 3.184861898422241, "mode": "train", "epoch": 43}
{"loss": 0.6367787718772888, "acc": 0.8120104670524597, "length": 3.2323758602142334, "mode": "test", "epoch": 43}
{"loss": 0.5440036654472351, "acc": 0.8438939452171326, "length": 3.1986289024353027, "mode": "train", "epoch": 44}
{"loss": 0.6268439888954163, "acc": 0.8067885041236877, "length": 3.2898173332214355, "mode": "test", "epoch": 44}
{"loss": 0.4676266312599182, "acc": 0.8540711402893066, "length": 3.2248294353485107, "mode": "train", "epoch": 45}
{"loss": 0.7197503447532654, "acc": 0.7963446378707886, "length": 3.3002610206604004, "mode": "test", "epoch": 45}
{"loss": 0.48842135071754456, "acc": 0.8591525554656982, "length": 3.239518880844116, "mode": "train", "epoch": 46}
{"loss": 0.6000537276268005, "acc": 0.7989556193351746, "length": 3.261096715927124, "mode": "test", "epoch": 46}
{"loss": 0.43244847655296326, "acc": 0.8532885909080505, "length": 3.226275682449341, "mode": "train", "epoch": 47}
{"loss": 0.5350528955459595, "acc": 0.8485639691352844, "length": 3.281984329223633, "mode": "test", "epoch": 47}
{"loss": 0.42376795411109924, "acc": 0.8709226846694946, "length": 3.24678111076355, "mode": "train", "epoch": 48}
{"loss": 0.5481929183006287, "acc": 0.8381201028823853, "length": 3.2793734073638916, "mode": "test", "epoch": 48}
{"loss": 0.38120216131210327, "acc": 0.8833596706390381, "length": 3.242631196975708, "mode": "train", "epoch": 49}
{"loss": 0.5480726957321167, "acc": 0.8198433518409729, "length": 3.2637076377868652, "mode": "test", "epoch": 49}
{"loss": 0.34634318947792053, "acc": 0.8962889909744263, "length": 3.2322535514831543, "mode": "train", "epoch": 50}
{"loss": 0.49500370025634766, "acc": 0.8590078353881836, "length": 3.2767624855041504, "mode": "test", "epoch": 50}
{"loss": 0.3314589560031891, "acc": 0.8939377069473267, "length": 3.2091500759124756, "mode": "train", "epoch": 51}
{"loss": 0.5536527037620544, "acc": 0.8250652551651001, "length": 3.227154016494751, "mode": "test", "epoch": 51}
{"loss": 0.33077654242515564, "acc": 0.8948195576667786, "length": 3.1910665035247803, "mode": "train", "epoch": 52}
{"loss": 0.47910580039024353, "acc": 0.8433420658111572, "length": 3.25065279006958, "mode": "test", "epoch": 52}
{"loss": 0.36409610509872437, "acc": 0.8851337432861328, "length": 3.185201644897461, "mode": "train", "epoch": 53}
{"loss": 0.6985499858856201, "acc": 0.8015666007995605, "length": 3.2245430946350098, "mode": "test", "epoch": 53}
{"loss": 0.43356209993362427, "acc": 0.8741251826286316, "length": 3.240880250930786, "mode": "train", "epoch": 54}
{"loss": 0.5812074542045593, "acc": 0.8041775226593018, "length": 3.2584855556488037, "mode": "test", "epoch": 54}
{"loss": 0.4261051118373871, "acc": 0.8708975315093994, "length": 3.205613136291504, "mode": "train", "epoch": 55}
{"loss": 0.4760856032371521, "acc": 0.8537858724594116, "length": 3.25065279006958, "mode": "test", "epoch": 55}
{"loss": 0.4242524802684784, "acc": 0.8786070346832275, "length": 3.234483003616333, "mode": "train", "epoch": 56}
{"loss": 0.5320433378219604, "acc": 0.8198433518409729, "length": 3.2584855556488037, "mode": "test", "epoch": 56}
{"loss": 0.3992663025856018, "acc": 0.8807051777839661, "length": 3.2173383235931396, "mode": "train", "epoch": 57}
{"loss": 0.5214672088623047, "acc": 0.8355091214179993, "length": 3.297650098800659, "mode": "test", "epoch": 57}
{"loss": 0.3328492343425751, "acc": 0.8973793983459473, "length": 3.24019718170166, "mode": "train", "epoch": 58}
{"loss": 0.42807918787002563, "acc": 0.8537858724594116, "length": 3.2767624855041504, "mode": "test", "epoch": 58}
{"loss": 0.30141115188598633, "acc": 0.912739634513855, "length": 3.253948926925659, "mode": "train", "epoch": 59}
{"loss": 0.41582179069519043, "acc": 0.8668407201766968, "length": 3.261096715927124, "mode": "test", "epoch": 59}
{"loss": 0.32614463567733765, "acc": 0.9090134501457214, "length": 3.207763195037842, "mode": "train", "epoch": 60}
{"loss": 0.3847815990447998, "acc": 0.8694517016410828, "length": 3.271540403366089, "mode": "test", "epoch": 60}
test accuracy: 0.6025640964508057
