# ["--data_set_name=dim[4, 4, 4]_dist10-0_scale10_upsampleTrue_balancedFalse.ds", "--n_epochs=60", "--batch_size=128", "--learning_rate=0.001", "--hidden_size=256", "--temperature=1.5", "--temp_update=0.99", "--length_cost=0.0", "--vocab_size_factor=3"]
data loaded from: ../zoo/intentional_game/data/dim[4, 4, 4]_dist10-0_scale10_upsampleTrue_balancedFalse.ds

opts
 Namespace(batch_size=128, checkpoint_dir=None, checkpoint_freq=0, cuda=True, data_set_name='dim[4, 4, 4]_dist10-0_scale10_upsampleTrue_balancedFalse.ds', device=device(type='cuda'), distributed_context=DistributedContext(is_distributed=False, rank=0, local_rank=0, world_size=1, mode='none'), distributed_port=18363, fp16=False, hidden_size=256, learning_rate=0.001, length_cost=0.0, load_from_checkpoint=None, lr=0.01, max_len=1, mode='gs', n_epochs=60, no_cuda=False, optimizer='adam', preemptable=False, random_seed=1901466738, receiver_cell='gru', save_interaction_freq=0, sender_cell='gru', temp_update=0.99, temperature=1.5, tensorboard=False, tensorboard_dir='runs/', update_freq=1, validation_freq=1, vocab_size=10, vocab_size_factor=3)
{"loss": 2.427155017852783, "acc": 0.08043763786554337, "length": 3.4091529846191406, "mode": "train", "epoch": 1}
{"loss": 2.400193929672241, "acc": 0.09138381481170654, "length": 1.0, "mode": "test", "epoch": 1}
{"loss": 2.4110217094421387, "acc": 0.06957591325044632, "length": 1.6725778579711914, "mode": "train", "epoch": 2}
{"loss": 2.3987576961517334, "acc": 0.08355091512203217, "length": 1.0, "mode": "test", "epoch": 2}
{"loss": 2.401144027709961, "acc": 0.08435424417257309, "length": 1.0474717617034912, "mode": "train", "epoch": 3}
{"loss": 2.4027392864227295, "acc": 0.08355091512203217, "length": 1.0, "mode": "test", "epoch": 3}
{"loss": 2.400076389312744, "acc": 0.08807632327079773, "length": 1.0174307823181152, "mode": "train", "epoch": 4}
{"loss": 2.396963119506836, "acc": 0.08616188168525696, "length": 1.0, "mode": "test", "epoch": 4}
{"loss": 2.3959615230560303, "acc": 0.07832363247871399, "length": 1.0141186714172363, "mode": "train", "epoch": 5}
{"loss": 2.395559787750244, "acc": 0.08877284824848175, "length": 1.0, "mode": "test", "epoch": 5}
{"loss": 2.398958921432495, "acc": 0.09515568614006042, "length": 1.0231144428253174, "mode": "train", "epoch": 6}
{"loss": 2.3945178985595703, "acc": 0.09660574048757553, "length": 1.0, "mode": "test", "epoch": 6}
{"loss": 2.3956429958343506, "acc": 0.0886431410908699, "length": 1.043616771697998, "mode": "train", "epoch": 7}
{"loss": 2.399460554122925, "acc": 0.07832898199558258, "length": 1.0, "mode": "test", "epoch": 7}
{"loss": 2.3952059745788574, "acc": 0.09350711107254028, "length": 1.0980396270751953, "mode": "train", "epoch": 8}
{"loss": 2.396120071411133, "acc": 0.09138381481170654, "length": 1.0, "mode": "test", "epoch": 8}
{"loss": 2.3709781169891357, "acc": 0.11451423168182373, "length": 1.4640815258026123, "mode": "train", "epoch": 9}
{"loss": 2.2917072772979736, "acc": 0.16449086368083954, "length": 1.6971279382705688, "mode": "test", "epoch": 9}
{"loss": 2.278337240219116, "acc": 0.14060050249099731, "length": 1.551418662071228, "mode": "train", "epoch": 10}
{"loss": 2.2177224159240723, "acc": 0.16710183024406433, "length": 1.5639686584472656, "mode": "test", "epoch": 10}
{"loss": 2.221005439758301, "acc": 0.15028084814548492, "length": 1.5007425546646118, "mode": "train", "epoch": 11}
{"loss": 2.2214250564575195, "acc": 0.146214097738266, "length": 1.5639686584472656, "mode": "test", "epoch": 11}
{"loss": 2.2033839225769043, "acc": 0.14959421753883362, "length": 1.5669169425964355, "mode": "train", "epoch": 12}
{"loss": 2.2012696266174316, "acc": 0.1383811980485916, "length": 1.532637119293213, "mode": "test", "epoch": 12}
{"loss": 2.2008163928985596, "acc": 0.15407802164554596, "length": 1.4670367240905762, "mode": "train", "epoch": 13}
{"loss": 2.224285840988159, "acc": 0.1436031311750412, "length": 1.4360313415527344, "mode": "test", "epoch": 13}
{"loss": 2.192254066467285, "acc": 0.1568085253238678, "length": 1.3717780113220215, "mode": "train", "epoch": 14}
{"loss": 2.2062530517578125, "acc": 0.146214097738266, "length": 1.3707572221755981, "mode": "test", "epoch": 14}
{"loss": 2.186683177947998, "acc": 0.17109251022338867, "length": 1.3846406936645508, "mode": "train", "epoch": 15}
{"loss": 2.194472074508667, "acc": 0.1749347299337387, "length": 1.347258448600769, "mode": "test", "epoch": 15}
{"loss": 2.1859421730041504, "acc": 0.1652192920446396, "length": 1.3877079486846924, "mode": "train", "epoch": 16}
{"loss": 2.19600772857666, "acc": 0.15404699742794037, "length": 1.3237597942352295, "mode": "test", "epoch": 16}
{"loss": 2.173550844192505, "acc": 0.17801417410373688, "length": 1.3690835237503052, "mode": "train", "epoch": 17}
{"loss": 2.190225124359131, "acc": 0.16187989711761475, "length": 1.3446475267410278, "mode": "test", "epoch": 17}
{"loss": 2.16751766204834, "acc": 0.17393769323825836, "length": 1.3782011270523071, "mode": "train", "epoch": 18}
{"loss": 2.195636749267578, "acc": 0.15926893055438995, "length": 1.3289817571640015, "mode": "test", "epoch": 18}
{"loss": 2.1649959087371826, "acc": 0.1790347546339035, "length": 1.3968945741653442, "mode": "train", "epoch": 19}
{"loss": 2.22367787361145, "acc": 0.146214097738266, "length": 1.2663185596466064, "mode": "test", "epoch": 19}
{"loss": 2.1681957244873047, "acc": 0.18901684880256653, "length": 1.386611819267273, "mode": "train", "epoch": 20}
{"loss": 2.1985974311828613, "acc": 0.16971279680728912, "length": 1.3315926790237427, "mode": "test", "epoch": 20}
{"loss": 2.1626408100128174, "acc": 0.17628784477710724, "length": 1.3562346696853638, "mode": "train", "epoch": 21}
{"loss": 2.20771861076355, "acc": 0.16187989711761475, "length": 1.3550913333892822, "mode": "test", "epoch": 21}
{"loss": 2.1520464420318604, "acc": 0.2002819925546646, "length": 1.3643712997436523, "mode": "train", "epoch": 22}
{"loss": 2.208620309829712, "acc": 0.1775456964969635, "length": 1.3028720617294312, "mode": "test", "epoch": 22}
{"loss": 2.1530697345733643, "acc": 0.19123290479183197, "length": 1.3601866960525513, "mode": "train", "epoch": 23}
{"loss": 2.187311887741089, "acc": 0.2140992134809494, "length": 1.3603132963180542, "mode": "test", "epoch": 23}
{"loss": 2.149003267288208, "acc": 0.18676981329917908, "length": 1.3807247877120972, "mode": "train", "epoch": 24}
{"loss": 2.2012267112731934, "acc": 0.15926893055438995, "length": 1.3420366048812866, "mode": "test", "epoch": 24}
{"loss": 2.1435585021972656, "acc": 0.1937658190727234, "length": 1.3555569648742676, "mode": "train", "epoch": 25}
{"loss": 2.1946465969085693, "acc": 0.16710183024406433, "length": 1.3054829835891724, "mode": "test", "epoch": 25}
{"loss": 2.1371514797210693, "acc": 0.18849420547485352, "length": 1.3604992628097534, "mode": "train", "epoch": 26}
{"loss": 2.194784164428711, "acc": 0.16187989711761475, "length": 1.3315926790237427, "mode": "test", "epoch": 26}
{"loss": 2.13985538482666, "acc": 0.18082696199417114, "length": 1.3789249658584595, "mode": "train", "epoch": 27}
{"loss": 2.1855275630950928, "acc": 0.16187989711761475, "length": 1.2976500988006592, "mode": "test", "epoch": 27}
{"loss": 2.136050224304199, "acc": 0.19281432032585144, "length": 1.3508050441741943, "mode": "train", "epoch": 28}
{"loss": 2.19002103805542, "acc": 0.1775456964969635, "length": 1.3342036008834839, "mode": "test", "epoch": 28}
{"loss": 2.1334874629974365, "acc": 0.19822745025157928, "length": 1.3748193979263306, "mode": "train", "epoch": 29}
{"loss": 2.2018933296203613, "acc": 0.16187989711761475, "length": 1.3446475267410278, "mode": "test", "epoch": 29}
{"loss": 2.1352906227111816, "acc": 0.19946973025798798, "length": 1.3434475660324097, "mode": "train", "epoch": 30}
{"loss": 2.2038464546203613, "acc": 0.15143603086471558, "length": 1.3315926790237427, "mode": "test", "epoch": 30}
{"loss": 2.135484457015991, "acc": 0.18945808708667755, "length": 1.3643842935562134, "mode": "train", "epoch": 31}
{"loss": 2.1771459579467773, "acc": 0.1775456964969635, "length": 1.3107049465179443, "mode": "test", "epoch": 31}
{"loss": 2.131556749343872, "acc": 0.19388996064662933, "length": 1.366346836090088, "mode": "train", "epoch": 32}
{"loss": 2.219996213912964, "acc": 0.1801566630601883, "length": 1.284595251083374, "mode": "test", "epoch": 32}
{"loss": 2.122697591781616, "acc": 0.21049493551254272, "length": 1.356999158859253, "mode": "train", "epoch": 33}
{"loss": 2.2155606746673584, "acc": 0.19321148097515106, "length": 1.3550913333892822, "mode": "test", "epoch": 33}
{"loss": 2.1372666358947754, "acc": 0.19482749700546265, "length": 1.3715146780014038, "mode": "train", "epoch": 34}
{"loss": 2.1753435134887695, "acc": 0.16710183024406433, "length": 1.3211488723754883, "mode": "test", "epoch": 34}
{"loss": 2.112675905227661, "acc": 0.22276213765144348, "length": 1.3609451055526733, "mode": "train", "epoch": 35}
{"loss": 2.182767391204834, "acc": 0.18276762962341309, "length": 1.3315926790237427, "mode": "test", "epoch": 35}
{"loss": 2.1057417392730713, "acc": 0.23364613950252533, "length": 1.3673959970474243, "mode": "train", "epoch": 36}
{"loss": 2.175347328186035, "acc": 0.1775456964969635, "length": 1.3263707160949707, "mode": "test", "epoch": 36}
{"loss": 2.100149393081665, "acc": 0.22658564150333405, "length": 1.355568528175354, "mode": "train", "epoch": 37}
{"loss": 2.166455030441284, "acc": 0.19843341410160065, "length": 1.3263707160949707, "mode": "test", "epoch": 37}
{"loss": 2.091888189315796, "acc": 0.2503940463066101, "length": 1.3649662733078003, "mode": "train", "epoch": 38}
{"loss": 2.1558685302734375, "acc": 0.2114882469177246, "length": 1.3420366048812866, "mode": "test", "epoch": 38}
{"loss": 2.0737249851226807, "acc": 0.25918513536453247, "length": 1.3663936853408813, "mode": "train", "epoch": 39}
{"loss": 2.1341710090637207, "acc": 0.2114882469177246, "length": 1.3211488723754883, "mode": "test", "epoch": 39}
{"loss": 2.0608935356140137, "acc": 0.23954002559185028, "length": 1.3681793212890625, "mode": "train", "epoch": 40}
{"loss": 2.1057496070861816, "acc": 0.22454307973384857, "length": 1.3394255638122559, "mode": "test", "epoch": 40}
{"loss": 2.047285795211792, "acc": 0.2535804808139801, "length": 1.3630958795547485, "mode": "train", "epoch": 41}
{"loss": 2.105679750442505, "acc": 0.2454308122396469, "length": 1.3237597942352295, "mode": "test", "epoch": 41}
{"loss": 2.043605089187622, "acc": 0.25543543696403503, "length": 1.360185980796814, "mode": "train", "epoch": 42}
{"loss": 2.1052329540252686, "acc": 0.22454307973384857, "length": 1.3263707160949707, "mode": "test", "epoch": 42}
{"loss": 2.0410315990448, "acc": 0.24671520292758942, "length": 1.3672327995300293, "mode": "train", "epoch": 43}
{"loss": 2.094250440597534, "acc": 0.24020887911319733, "length": 1.3420366048812866, "mode": "test", "epoch": 43}
{"loss": 2.057776689529419, "acc": 0.2495863437652588, "length": 1.3471145629882812, "mode": "train", "epoch": 44}
{"loss": 2.120105743408203, "acc": 0.2114882469177246, "length": 1.3159269094467163, "mode": "test", "epoch": 44}
{"loss": 2.068469285964966, "acc": 0.24270989000797272, "length": 1.3650871515274048, "mode": "train", "epoch": 45}
{"loss": 2.1540513038635254, "acc": 0.22976501286029816, "length": 1.3107049465179443, "mode": "test", "epoch": 45}
{"loss": 2.0552992820739746, "acc": 0.26283493638038635, "length": 1.3297597169876099, "mode": "train", "epoch": 46}
{"loss": 2.0986859798431396, "acc": 0.22715404629707336, "length": 1.3107049465179443, "mode": "test", "epoch": 46}
{"loss": 2.0347323417663574, "acc": 0.2619119882583618, "length": 1.3483867645263672, "mode": "train", "epoch": 47}
{"loss": 2.102261543273926, "acc": 0.22976501286029816, "length": 1.3237597942352295, "mode": "test", "epoch": 47}
{"loss": 2.0180959701538086, "acc": 0.2505245506763458, "length": 1.3738980293273926, "mode": "train", "epoch": 48}
{"loss": 2.0697271823883057, "acc": 0.23498694598674774, "length": 1.357702374458313, "mode": "test", "epoch": 48}
{"loss": 2.0060362815856934, "acc": 0.27701419591903687, "length": 1.3742928504943848, "mode": "train", "epoch": 49}
{"loss": 2.056459426879883, "acc": 0.23498694598674774, "length": 1.3342036008834839, "mode": "test", "epoch": 49}
{"loss": 2.0030338764190674, "acc": 0.2615441083908081, "length": 1.366769552230835, "mode": "train", "epoch": 50}
{"loss": 2.061382293701172, "acc": 0.24020887911319733, "length": 1.3446475267410278, "mode": "test", "epoch": 50}
{"loss": 2.006899118423462, "acc": 0.27484139800071716, "length": 1.3736783266067505, "mode": "train", "epoch": 51}
{"loss": 2.075577735900879, "acc": 0.22976501286029816, "length": 1.3446475267410278, "mode": "test", "epoch": 51}
{"loss": 2.0042171478271484, "acc": 0.2693782448768616, "length": 1.3722593784332275, "mode": "train", "epoch": 52}
{"loss": 2.048518657684326, "acc": 0.2454308122396469, "length": 1.3446475267410278, "mode": "test", "epoch": 52}
{"loss": 1.9944950342178345, "acc": 0.2498285472393036, "length": 1.3695893287658691, "mode": "train", "epoch": 53}
{"loss": 2.0691468715667725, "acc": 0.22976501286029816, "length": 1.3446475267410278, "mode": "test", "epoch": 53}
{"loss": 1.985207200050354, "acc": 0.280023992061615, "length": 1.3693315982818604, "mode": "train", "epoch": 54}
{"loss": 2.0607504844665527, "acc": 0.24020887911319733, "length": 1.3446475267410278, "mode": "test", "epoch": 54}
{"loss": 1.9882036447525024, "acc": 0.2798525393009186, "length": 1.3696367740631104, "mode": "train", "epoch": 55}
{"loss": 2.0630061626434326, "acc": 0.23237597942352295, "length": 1.3446475267410278, "mode": "test", "epoch": 55}
{"loss": 1.9830163717269897, "acc": 0.2676255702972412, "length": 1.3700623512268066, "mode": "train", "epoch": 56}
{"loss": 2.0501925945281982, "acc": 0.24281984567642212, "length": 1.3446475267410278, "mode": "test", "epoch": 56}
{"loss": 1.9850059747695923, "acc": 0.2627652585506439, "length": 1.3692878484725952, "mode": "train", "epoch": 57}
{"loss": 2.059126853942871, "acc": 0.26370757818222046, "length": 1.3446475267410278, "mode": "test", "epoch": 57}
{"loss": 1.9858171939849854, "acc": 0.2619495987892151, "length": 1.3701266050338745, "mode": "train", "epoch": 58}
{"loss": 2.0637052059173584, "acc": 0.23237597942352295, "length": 1.3446475267410278, "mode": "test", "epoch": 58}
{"loss": 1.9853335618972778, "acc": 0.27903833985328674, "length": 1.3675633668899536, "mode": "train", "epoch": 59}
{"loss": 2.051990270614624, "acc": 0.2480417788028717, "length": 1.3446475267410278, "mode": "test", "epoch": 59}
{"loss": 2.0122649669647217, "acc": 0.2710047662258148, "length": 1.3717926740646362, "mode": "train", "epoch": 60}
{"loss": 2.0784108638763428, "acc": 0.22976501286029816, "length": 1.3446475267410278, "mode": "test", "epoch": 60}
test accuracy: 0.0615384615957737
