# ["--data_set_name=dim[4, 4, 4, 4, 4]_dist10-0_scale10_upsampleTrue_balancedFalse.ds", "--n_epochs=60", "--batch_size=32", "--learning_rate=0.0005", "--hidden_size=128", "--temperature=1.5", "--temp_update=0.97", "--length_cost=0.0", "--vocab_size_factor=3"]
data loaded from: ../zoo/intentional_game/data/dim[4, 4, 4, 4, 4]_dist10-0_scale10_upsampleTrue_balancedFalse.ds

opts
 Namespace(batch_size=32, checkpoint_dir=None, checkpoint_freq=0, cuda=True, data_set_name='dim[4, 4, 4, 4, 4]_dist10-0_scale10_upsampleTrue_balancedFalse.ds', device=device(type='cuda'), distributed_context=DistributedContext(is_distributed=False, rank=0, local_rank=0, world_size=1, mode='none'), distributed_port=18363, fp16=False, hidden_size=128, learning_rate=0.0005, length_cost=0.0, load_from_checkpoint=None, lr=0.01, max_len=1, mode='gs', n_epochs=60, no_cuda=False, optimizer='adam', preemptable=False, random_seed=94281673, receiver_cell='gru', save_interaction_freq=0, sender_cell='gru', temp_update=0.97, temperature=1.5, tensorboard=False, tensorboard_dir='runs/', update_freq=1, validation_freq=1, vocab_size=10, vocab_size_factor=3)
{"loss": 2.319242477416992, "acc": 0.0959763154387474, "length": 2.471099376678467, "mode": "train", "epoch": 1}
{"loss": 2.245964527130127, "acc": 0.12277788668870926, "length": 2.5517678260803223, "mode": "test", "epoch": 1}
{"loss": 2.1920604705810547, "acc": 0.12972392141819, "length": 2.9547150135040283, "mode": "train", "epoch": 2}
{"loss": 2.192063570022583, "acc": 0.12316858768463135, "length": 3.0639772415161133, "mode": "test", "epoch": 2}
{"loss": 2.1703193187713623, "acc": 0.13247251510620117, "length": 3.228724479675293, "mode": "train", "epoch": 3}
{"loss": 2.153090476989746, "acc": 0.132447749376297, "length": 3.2893142700195312, "mode": "test", "epoch": 3}
{"loss": 2.126377582550049, "acc": 0.13603639602661133, "length": 3.3239238262176514, "mode": "train", "epoch": 4}
{"loss": 2.1399362087249756, "acc": 0.12697792053222656, "length": 3.3642313480377197, "mode": "test", "epoch": 4}
{"loss": 2.106279134750366, "acc": 0.14491425454616547, "length": 3.3249764442443848, "mode": "train", "epoch": 5}
{"loss": 2.108832359313965, "acc": 0.1394803673028946, "length": 3.3415706157684326, "mode": "test", "epoch": 5}
{"loss": 2.085500717163086, "acc": 0.15697823464870453, "length": 3.2751083374023438, "mode": "train", "epoch": 6}
{"loss": 2.0804784297943115, "acc": 0.15110373497009277, "length": 3.256202459335327, "mode": "test", "epoch": 6}
{"loss": 2.053474187850952, "acc": 0.16525475680828094, "length": 3.289872646331787, "mode": "train", "epoch": 7}
{"loss": 2.0689146518707275, "acc": 0.16614572703838348, "length": 3.3311192989349365, "mode": "test", "epoch": 7}
{"loss": 2.0313899517059326, "acc": 0.1782631129026413, "length": 3.358351469039917, "mode": "train", "epoch": 8}
{"loss": 2.0546834468841553, "acc": 0.15745262801647186, "length": 3.3672592639923096, "mode": "test", "epoch": 8}
{"loss": 1.999018669128418, "acc": 0.19462154805660248, "length": 3.3558967113494873, "mode": "train", "epoch": 9}
{"loss": 2.00052809715271, "acc": 0.1916389912366867, "length": 3.3972456455230713, "mode": "test", "epoch": 9}
{"loss": 1.9359710216522217, "acc": 0.21692493557929993, "length": 3.450218677520752, "mode": "train", "epoch": 10}
{"loss": 1.9426339864730835, "acc": 0.200722798705101, "length": 3.527446746826172, "mode": "test", "epoch": 10}
{"loss": 1.8665263652801514, "acc": 0.24317754805088043, "length": 3.660059928894043, "mode": "train", "epoch": 11}
{"loss": 1.8627195358276367, "acc": 0.243211567401886, "length": 3.800156354904175, "mode": "test", "epoch": 11}
{"loss": 1.8129253387451172, "acc": 0.2616492509841919, "length": 3.7719247341156006, "mode": "train", "epoch": 12}
{"loss": 1.839431643486023, "acc": 0.2410627007484436, "length": 3.773197889328003, "mode": "test", "epoch": 12}
{"loss": 1.7894847393035889, "acc": 0.27113398909568787, "length": 3.7573537826538086, "mode": "train", "epoch": 13}
{"loss": 1.8039287328720093, "acc": 0.26128149032592773, "length": 3.7683141231536865, "mode": "test", "epoch": 13}
{"loss": 1.7632243633270264, "acc": 0.28256794810295105, "length": 3.754045248031616, "mode": "train", "epoch": 14}
{"loss": 1.782761573791504, "acc": 0.2651885151863098, "length": 3.7888259887695312, "mode": "test", "epoch": 14}
{"loss": 1.7487964630126953, "acc": 0.2915935814380646, "length": 3.747493267059326, "mode": "train", "epoch": 15}
{"loss": 1.7714990377426147, "acc": 0.2719281017780304, "length": 3.7436022758483887, "mode": "test", "epoch": 15}
{"loss": 1.728536605834961, "acc": 0.29523324966430664, "length": 3.717371940612793, "mode": "train", "epoch": 16}
{"loss": 1.7599900960922241, "acc": 0.28013283014297485, "length": 3.7289509773254395, "mode": "test", "epoch": 16}
{"loss": 1.7167301177978516, "acc": 0.3030368387699127, "length": 3.7058351039886475, "mode": "train", "epoch": 17}
{"loss": 1.7505310773849487, "acc": 0.28579801321029663, "length": 3.7101972103118896, "mode": "test", "epoch": 17}
{"loss": 1.6998943090438843, "acc": 0.3101155459880829, "length": 3.699733257293701, "mode": "train", "epoch": 18}
{"loss": 1.7299972772598267, "acc": 0.29458877444267273, "length": 3.712150812149048, "mode": "test", "epoch": 18}
{"loss": 1.6852920055389404, "acc": 0.3187655210494995, "length": 3.699481725692749, "mode": "train", "epoch": 19}
{"loss": 1.7200965881347656, "acc": 0.3021097779273987, "length": 3.732564926147461, "mode": "test", "epoch": 19}
{"loss": 1.6701289415359497, "acc": 0.3296278119087219, "length": 3.704047441482544, "mode": "train", "epoch": 20}
{"loss": 1.7038307189941406, "acc": 0.3152959644794464, "length": 3.7271928787231445, "mode": "test", "epoch": 20}
{"loss": 1.662104845046997, "acc": 0.3342908024787903, "length": 3.700906991958618, "mode": "train", "epoch": 21}
{"loss": 1.7209043502807617, "acc": 0.3152959644794464, "length": 3.717620611190796, "mode": "test", "epoch": 21}
{"loss": 1.6517590284347534, "acc": 0.33995726704597473, "length": 3.7007076740264893, "mode": "train", "epoch": 22}
{"loss": 1.6905430555343628, "acc": 0.3208634555339813, "length": 3.7107832431793213, "mode": "test", "epoch": 22}
{"loss": 1.6356723308563232, "acc": 0.34895122051239014, "length": 3.69588565826416, "mode": "train", "epoch": 23}
{"loss": 1.6749801635742188, "acc": 0.32213324308395386, "length": 3.706387996673584, "mode": "test", "epoch": 23}
{"loss": 1.624513864517212, "acc": 0.35097503662109375, "length": 3.7003064155578613, "mode": "train", "epoch": 24}
{"loss": 1.6653270721435547, "acc": 0.3300449252128601, "length": 3.718108892440796, "mode": "test", "epoch": 24}
{"loss": 1.6104182004928589, "acc": 0.3591744899749756, "length": 3.6951708793640137, "mode": "train", "epoch": 25}
{"loss": 1.6461008787155151, "acc": 0.3357101082801819, "length": 3.7146904468536377, "mode": "test", "epoch": 25}
{"loss": 1.5989283323287964, "acc": 0.3653603196144104, "length": 3.696214437484741, "mode": "train", "epoch": 26}
{"loss": 1.6442192792892456, "acc": 0.342352032661438, "length": 3.7207462787628174, "mode": "test", "epoch": 26}
{"loss": 1.5854322910308838, "acc": 0.3730621933937073, "length": 3.701472759246826, "mode": "train", "epoch": 27}
{"loss": 1.615669846534729, "acc": 0.35934752225875854, "length": 3.7299277782440186, "mode": "test", "epoch": 27}
{"loss": 1.5748778581619263, "acc": 0.3786046802997589, "length": 3.705491065979004, "mode": "train", "epoch": 28}
{"loss": 1.6251245737075806, "acc": 0.34909161925315857, "length": 3.7314906120300293, "mode": "test", "epoch": 28}
{"loss": 1.5647318363189697, "acc": 0.38576313853263855, "length": 3.6945786476135254, "mode": "train", "epoch": 29}
{"loss": 1.619415283203125, "acc": 0.3576870560646057, "length": 3.6992576122283936, "mode": "test", "epoch": 29}
{"loss": 1.544763207435608, "acc": 0.39191997051239014, "length": 3.716783285140991, "mode": "train", "epoch": 30}
{"loss": 1.5847442150115967, "acc": 0.3710685670375824, "length": 3.7414534091949463, "mode": "test", "epoch": 30}
{"loss": 1.5395534038543701, "acc": 0.3916182219982147, "length": 3.717780351638794, "mode": "train", "epoch": 31}
{"loss": 1.5817041397094727, "acc": 0.37331509590148926, "length": 3.7389137744903564, "mode": "test", "epoch": 31}
{"loss": 1.5342835187911987, "acc": 0.39804643392562866, "length": 3.722609043121338, "mode": "train", "epoch": 32}
{"loss": 1.5673741102218628, "acc": 0.37331509590148926, "length": 3.7429184913635254, "mode": "test", "epoch": 32}
{"loss": 1.5176180601119995, "acc": 0.3995152413845062, "length": 3.728861093521118, "mode": "train", "epoch": 33}
{"loss": 1.5577930212020874, "acc": 0.3854268491268158, "length": 3.761965274810791, "mode": "test", "epoch": 33}
{"loss": 1.5077502727508545, "acc": 0.40324437618255615, "length": 3.748840093612671, "mode": "train", "epoch": 34}
{"loss": 1.549890398979187, "acc": 0.38103145360946655, "length": 3.770658254623413, "mode": "test", "epoch": 34}
{"loss": 1.5106149911880493, "acc": 0.40291956067085266, "length": 3.7410314083099365, "mode": "train", "epoch": 35}
{"loss": 1.5563019514083862, "acc": 0.3815198242664337, "length": 3.748779058456421, "mode": "test", "epoch": 35}
{"loss": 1.5082229375839233, "acc": 0.4048234820365906, "length": 3.7423348426818848, "mode": "train", "epoch": 36}
{"loss": 1.5477614402770996, "acc": 0.3832779824733734, "length": 3.774662971496582, "mode": "test", "epoch": 36}
{"loss": 1.4987164735794067, "acc": 0.40878358483314514, "length": 3.749875068664551, "mode": "train", "epoch": 37}
{"loss": 1.5475647449493408, "acc": 0.38386404514312744, "length": 3.7653839588165283, "mode": "test", "epoch": 37}
{"loss": 1.5013315677642822, "acc": 0.40938177704811096, "length": 3.748032808303833, "mode": "train", "epoch": 38}
{"loss": 1.5674149990081787, "acc": 0.3732174336910248, "length": 3.7780816555023193, "mode": "test", "epoch": 38}
{"loss": 1.5145905017852783, "acc": 0.4033964276313782, "length": 3.7525405883789062, "mode": "train", "epoch": 39}
{"loss": 1.638087272644043, "acc": 0.36559873819351196, "length": 3.823500633239746, "mode": "test", "epoch": 39}
{"loss": 1.4996708631515503, "acc": 0.41220638155937195, "length": 3.7847721576690674, "mode": "train", "epoch": 40}
{"loss": 1.5221067667007446, "acc": 0.3984176516532898, "length": 3.8049423694610596, "mode": "test", "epoch": 40}
{"loss": 1.4820531606674194, "acc": 0.4194287657737732, "length": 3.772897958755493, "mode": "train", "epoch": 41}
{"loss": 1.5260411500930786, "acc": 0.39578041434288025, "length": 3.8086540699005127, "mode": "test", "epoch": 41}
{"loss": 1.4497599601745605, "acc": 0.4335924983024597, "length": 3.7824134826660156, "mode": "train", "epoch": 42}
{"loss": 1.4808634519577026, "acc": 0.4159992039203644, "length": 3.7765188217163086, "mode": "test", "epoch": 42}
{"loss": 1.4448271989822388, "acc": 0.4327070116996765, "length": 3.780876636505127, "mode": "train", "epoch": 43}
{"loss": 1.4761970043182373, "acc": 0.4134596586227417, "length": 3.797323703765869, "mode": "test", "epoch": 43}
{"loss": 1.4142413139343262, "acc": 0.4409673810005188, "length": 3.7854318618774414, "mode": "train", "epoch": 44}
{"loss": 1.4506068229675293, "acc": 0.4187341332435608, "length": 3.812756299972534, "mode": "test", "epoch": 44}
{"loss": 1.4070557355880737, "acc": 0.4434228539466858, "length": 3.806260824203491, "mode": "train", "epoch": 45}
{"loss": 1.470320463180542, "acc": 0.4159992039203644, "length": 3.8172495365142822, "mode": "test", "epoch": 45}
{"loss": 1.4219292402267456, "acc": 0.4385666847229004, "length": 3.810403823852539, "mode": "train", "epoch": 46}
{"loss": 1.471031904220581, "acc": 0.4187341332435608, "length": 3.8336589336395264, "mode": "test", "epoch": 46}
{"loss": 1.4387160539627075, "acc": 0.4345896542072296, "length": 3.8137714862823486, "mode": "train", "epoch": 47}
{"loss": 1.6465672254562378, "acc": 0.36452433466911316, "length": 3.794100522994995, "mode": "test", "epoch": 47}
{"loss": 1.4823729991912842, "acc": 0.4198352098464966, "length": 3.7722535133361816, "mode": "train", "epoch": 48}
{"loss": 1.4950164556503296, "acc": 0.40759915113449097, "length": 3.7476069927215576, "mode": "test", "epoch": 48}
{"loss": 1.452277660369873, "acc": 0.4335693418979645, "length": 3.7836925983428955, "mode": "train", "epoch": 49}
{"loss": 1.4900808334350586, "acc": 0.4064270257949829, "length": 3.789412021636963, "mode": "test", "epoch": 49}
{"loss": 1.4357128143310547, "acc": 0.4397079348564148, "length": 3.7973742485046387, "mode": "train", "epoch": 50}
{"loss": 1.483789324760437, "acc": 0.414436399936676, "length": 3.8256494998931885, "mode": "test", "epoch": 50}
{"loss": 1.4298131465911865, "acc": 0.4403988718986511, "length": 3.8061513900756836, "mode": "train", "epoch": 51}
{"loss": 1.4951046705245972, "acc": 0.40867355465888977, "length": 3.814514636993408, "mode": "test", "epoch": 51}
{"loss": 1.4508000612258911, "acc": 0.4378490447998047, "length": 3.802293300628662, "mode": "train", "epoch": 52}
{"loss": 1.5240864753723145, "acc": 0.3949013352394104, "length": 3.829751968383789, "mode": "test", "epoch": 52}
{"loss": 1.4391298294067383, "acc": 0.43891194462776184, "length": 3.803999900817871, "mode": "train", "epoch": 53}
{"loss": 1.4574919939041138, "acc": 0.4208829700946808, "length": 3.8266263008117676, "mode": "test", "epoch": 53}
{"loss": 1.4099886417388916, "acc": 0.4499507546424866, "length": 3.8036491870880127, "mode": "train", "epoch": 54}
{"loss": 1.4414628744125366, "acc": 0.43182262778282166, "length": 3.770462989807129, "mode": "test", "epoch": 54}
{"loss": 1.4169243574142456, "acc": 0.4537324011325836, "length": 3.792937994003296, "mode": "train", "epoch": 55}
{"loss": 1.4652365446090698, "acc": 0.4179527163505554, "length": 3.815295934677124, "mode": "test", "epoch": 55}
{"loss": 1.4123233556747437, "acc": 0.45261919498443604, "length": 3.816147565841675, "mode": "train", "epoch": 56}
{"loss": 1.4549446105957031, "acc": 0.4243992865085602, "length": 3.8046493530273438, "mode": "test", "epoch": 56}
{"loss": 1.4106693267822266, "acc": 0.45330944657325745, "length": 3.8163368701934814, "mode": "train", "epoch": 57}
{"loss": 1.459886074066162, "acc": 0.4261574447154999, "length": 3.8655011653900146, "mode": "test", "epoch": 57}
{"loss": 1.3858789205551147, "acc": 0.4607698619365692, "length": 3.828099250793457, "mode": "train", "epoch": 58}
{"loss": 1.4476326704025269, "acc": 0.432017982006073, "length": 3.826528549194336, "mode": "test", "epoch": 58}
{"loss": 1.399128794670105, "acc": 0.4564950168132782, "length": 3.8220958709716797, "mode": "train", "epoch": 59}
{"loss": 1.4708949327468872, "acc": 0.42312952876091003, "length": 3.852998733520508, "mode": "test", "epoch": 59}
{"loss": 1.4014663696289062, "acc": 0.4606776833534241, "length": 3.8279998302459717, "mode": "train", "epoch": 60}
{"loss": 1.4344913959503174, "acc": 0.4375854730606079, "length": 3.833463668823242, "mode": "test", "epoch": 60}
test accuracy: 0.3924877941608429
