# ["--data_set_name=dim[4, 4, 4, 4, 4]_dist10-0_scale10_upsampleTrue_balancedFalse.ds", "--n_epochs=60", "--batch_size=32", "--learning_rate=0.0005", "--hidden_size=256", "--temperature=1.5", "--temp_update=0.97", "--length_cost=0.0", "--vocab_size_factor=3"]
data loaded from: ../zoo/intentional_game/data/dim[4, 4, 4, 4, 4]_dist10-0_scale10_upsampleTrue_balancedFalse.ds

opts
 Namespace(batch_size=32, checkpoint_dir=None, checkpoint_freq=0, cuda=True, data_set_name='dim[4, 4, 4, 4, 4]_dist10-0_scale10_upsampleTrue_balancedFalse.ds', device=device(type='cuda'), distributed_context=DistributedContext(is_distributed=False, rank=0, local_rank=0, world_size=1, mode='none'), distributed_port=18363, fp16=False, hidden_size=256, learning_rate=0.0005, length_cost=0.0, load_from_checkpoint=None, lr=0.01, max_len=1, mode='gs', n_epochs=60, no_cuda=False, optimizer='adam', preemptable=False, random_seed=1735259324, receiver_cell='gru', save_interaction_freq=0, sender_cell='gru', temp_update=0.97, temperature=1.5, tensorboard=False, tensorboard_dir='runs/', update_freq=1, validation_freq=1, vocab_size=10, vocab_size_factor=3)
{"loss": 2.2924673557281494, "acc": 0.11132268607616425, "length": 2.2891106605529785, "mode": "train", "epoch": 1}
{"loss": 2.0897767543792725, "acc": 0.18929478526115417, "length": 3.0115256309509277, "mode": "test", "epoch": 1}
{"loss": 1.9383097887039185, "acc": 0.19755232334136963, "length": 3.2195279598236084, "mode": "train", "epoch": 2}
{"loss": 1.8894084692001343, "acc": 0.2053135335445404, "length": 3.1147685050964355, "mode": "test", "epoch": 2}
{"loss": 1.8431509733200073, "acc": 0.23869705200195312, "length": 3.3119475841522217, "mode": "train", "epoch": 3}
{"loss": 1.810001015663147, "acc": 0.25630006194114685, "length": 3.5048837661743164, "mode": "test", "epoch": 3}
{"loss": 1.7620820999145508, "acc": 0.27417799830436707, "length": 3.433459758758545, "mode": "train", "epoch": 4}
{"loss": 1.7433973550796509, "acc": 0.28677475452423096, "length": 3.447352886199951, "mode": "test", "epoch": 4}
{"loss": 1.714002013206482, "acc": 0.30332237482070923, "length": 3.4951183795928955, "mode": "train", "epoch": 5}
{"loss": 1.6986370086669922, "acc": 0.32076576352119446, "length": 3.5328187942504883, "mode": "test", "epoch": 5}
{"loss": 1.6492589712142944, "acc": 0.33496156334877014, "length": 3.6052393913269043, "mode": "train", "epoch": 6}
{"loss": 1.641444444656372, "acc": 0.33414730429649353, "length": 3.6693689823150635, "mode": "test", "epoch": 6}
{"loss": 1.5324424505233765, "acc": 0.3874712288379669, "length": 3.831904649734497, "mode": "train", "epoch": 7}
{"loss": 1.495249629020691, "acc": 0.40349677205085754, "length": 4.222015857696533, "mode": "test", "epoch": 7}
{"loss": 1.2935043573379517, "acc": 0.48781564831733704, "length": 4.4428229331970215, "mode": "train", "epoch": 8}
{"loss": 1.2528886795043945, "acc": 0.5019534826278687, "length": 4.5975775718688965, "mode": "test", "epoch": 8}
{"loss": 1.0469518899917603, "acc": 0.5933390855789185, "length": 4.753393650054932, "mode": "train", "epoch": 9}
{"loss": 0.9963923692703247, "acc": 0.6159406304359436, "length": 4.814416885375977, "mode": "test", "epoch": 9}
{"loss": 0.7348672151565552, "acc": 0.7162442803382874, "length": 4.976999759674072, "mode": "train", "epoch": 10}
{"loss": 0.6932306289672852, "acc": 0.7369603514671326, "length": 4.956534385681152, "mode": "test", "epoch": 10}
{"loss": 0.4759649932384491, "acc": 0.8246695399284363, "length": 5.100458145141602, "mode": "train", "epoch": 11}
{"loss": 0.4936603605747223, "acc": 0.8097284436225891, "length": 5.189685344696045, "mode": "test", "epoch": 11}
{"loss": 0.34198492765426636, "acc": 0.8695203065872192, "length": 5.132249355316162, "mode": "train", "epoch": 12}
{"loss": 0.4078615605831146, "acc": 0.8431334495544434, "length": 5.106173038482666, "mode": "test", "epoch": 12}
{"loss": 0.29182565212249756, "acc": 0.8851756453514099, "length": 5.192172527313232, "mode": "train", "epoch": 13}
{"loss": 0.3662213981151581, "acc": 0.8567103147506714, "length": 5.15403413772583, "mode": "test", "epoch": 13}
{"loss": 0.2661544978618622, "acc": 0.892564594745636, "length": 5.227758884429932, "mode": "train", "epoch": 14}
{"loss": 0.34230026602745056, "acc": 0.8619847893714905, "length": 5.214104175567627, "mode": "test", "epoch": 14}
{"loss": 0.24491974711418152, "acc": 0.9011087417602539, "length": 5.244283199310303, "mode": "train", "epoch": 15}
{"loss": 0.316394567489624, "acc": 0.8788825869560242, "length": 5.273686408996582, "mode": "test", "epoch": 15}
{"loss": 0.20319487154483795, "acc": 0.9291228652000427, "length": 5.314131259918213, "mode": "train", "epoch": 16}
{"loss": 0.24775658547878265, "acc": 0.9271342158317566, "length": 5.3201799392700195, "mode": "test", "epoch": 16}
{"loss": 0.12983004748821259, "acc": 0.966475248336792, "length": 5.357669830322266, "mode": "train", "epoch": 17}
{"loss": 0.24659661948680878, "acc": 0.9285016655921936, "length": 5.494725704193115, "mode": "test", "epoch": 17}
{"loss": 0.1055646613240242, "acc": 0.9734585285186768, "length": 5.442999839782715, "mode": "train", "epoch": 18}
{"loss": 0.1271321028470993, "acc": 0.9641531705856323, "length": 5.37185001373291, "mode": "test", "epoch": 18}
{"loss": 0.08960188180208206, "acc": 0.9769995808601379, "length": 5.419748306274414, "mode": "train", "epoch": 19}
{"loss": 0.18631519377231598, "acc": 0.9496971964836121, "length": 5.470404148101807, "mode": "test", "epoch": 19}
{"loss": 0.07790781557559967, "acc": 0.9807759523391724, "length": 5.447047710418701, "mode": "train", "epoch": 20}
{"loss": 0.09528639167547226, "acc": 0.9719671607017517, "length": 5.405157089233398, "mode": "test", "epoch": 20}
{"loss": 0.07480976730585098, "acc": 0.9791443943977356, "length": 5.457908630371094, "mode": "train", "epoch": 21}
{"loss": 0.11182864755392075, "acc": 0.9677671194076538, "length": 5.558995723724365, "mode": "test", "epoch": 21}
{"loss": 0.07346566766500473, "acc": 0.9802567362785339, "length": 5.466729164123535, "mode": "train", "epoch": 22}
{"loss": 0.14277935028076172, "acc": 0.9616135954856873, "length": 5.542879581451416, "mode": "test", "epoch": 22}
{"loss": 0.07172957807779312, "acc": 0.9818232655525208, "length": 5.532946586608887, "mode": "train", "epoch": 23}
{"loss": 0.07084682583808899, "acc": 0.9805626273155212, "length": 5.473529815673828, "mode": "test", "epoch": 23}
{"loss": 0.07584323734045029, "acc": 0.9816305041313171, "length": 5.498632907867432, "mode": "train", "epoch": 24}
{"loss": 0.11495142430067062, "acc": 0.9681578278541565, "length": 5.533990859985352, "mode": "test", "epoch": 24}
{"loss": 0.061314381659030914, "acc": 0.9841796159744263, "length": 5.520589828491211, "mode": "train", "epoch": 25}
{"loss": 0.0794663354754448, "acc": 0.9776323437690735, "length": 5.490525722503662, "mode": "test", "epoch": 25}
{"loss": 0.06405364722013474, "acc": 0.9839668273925781, "length": 5.564594745635986, "mode": "train", "epoch": 26}
{"loss": 0.13748107850551605, "acc": 0.9556553959846497, "length": 5.734030246734619, "mode": "test", "epoch": 26}
{"loss": 0.05511528626084328, "acc": 0.9861441850662231, "length": 5.619582653045654, "mode": "train", "epoch": 27}
{"loss": 0.08510684967041016, "acc": 0.9786090850830078, "length": 5.631080150604248, "mode": "test", "epoch": 27}
{"loss": 0.08575428277254105, "acc": 0.9790884256362915, "length": 5.549111366271973, "mode": "train", "epoch": 28}
{"loss": 0.09412731975317001, "acc": 0.972846269607544, "length": 5.581070423126221, "mode": "test", "epoch": 28}
{"loss": 0.07903269678354263, "acc": 0.9804813861846924, "length": 5.5887627601623535, "mode": "train", "epoch": 29}
{"loss": 0.10856344550848007, "acc": 0.9662043452262878, "length": 5.574721813201904, "mode": "test", "epoch": 29}
{"loss": 0.05894386023283005, "acc": 0.984588623046875, "length": 5.578967094421387, "mode": "train", "epoch": 30}
{"loss": 0.047342974692583084, "acc": 0.9876928925514221, "length": 5.6608710289001465, "mode": "test", "epoch": 30}
{"loss": 0.056571487337350845, "acc": 0.9864667654037476, "length": 5.650184631347656, "mode": "train", "epoch": 31}
{"loss": 0.10659444332122803, "acc": 0.9735299944877625, "length": 5.664192199707031, "mode": "test", "epoch": 31}
{"loss": 0.04493218660354614, "acc": 0.9895167350769043, "length": 5.615138053894043, "mode": "train", "epoch": 32}
{"loss": 0.044894978404045105, "acc": 0.9906231760978699, "length": 5.642899036407471, "mode": "test", "epoch": 32}
{"loss": 0.07552589476108551, "acc": 0.9823474884033203, "length": 5.619057655334473, "mode": "train", "epoch": 33}
{"loss": 0.10231082886457443, "acc": 0.9746044278144836, "length": 5.500683784484863, "mode": "test", "epoch": 33}
{"loss": 0.07205528020858765, "acc": 0.9838477969169617, "length": 5.569765090942383, "mode": "train", "epoch": 34}
{"loss": 0.07793161273002625, "acc": 0.9813439846038818, "length": 5.606173038482666, "mode": "test", "epoch": 34}
{"loss": 0.07233170419931412, "acc": 0.9825565814971924, "length": 5.631974220275879, "mode": "train", "epoch": 35}
{"loss": 0.0817410871386528, "acc": 0.9795858860015869, "length": 5.539070129394531, "mode": "test", "epoch": 35}
{"loss": 0.05831191688776016, "acc": 0.9856906533241272, "length": 5.555690765380859, "mode": "train", "epoch": 36}
{"loss": 0.07396551221609116, "acc": 0.9818323850631714, "length": 5.62766170501709, "mode": "test", "epoch": 36}
{"loss": 0.06800529360771179, "acc": 0.983221173286438, "length": 5.552825927734375, "mode": "train", "epoch": 37}
{"loss": 0.05602356418967247, "acc": 0.9849579930305481, "length": 5.6147685050964355, "mode": "test", "epoch": 37}
{"loss": 0.056429050862789154, "acc": 0.9859717488288879, "length": 5.565521240234375, "mode": "train", "epoch": 38}
{"loss": 0.07197576016187668, "acc": 0.9791951775550842, "length": 5.678159713745117, "mode": "test", "epoch": 38}
{"loss": 0.05866028368473053, "acc": 0.9852976202964783, "length": 5.665164470672607, "mode": "train", "epoch": 39}
{"loss": 0.0989954024553299, "acc": 0.9738230109214783, "length": 5.691248416900635, "mode": "test", "epoch": 39}
{"loss": 0.05718504264950752, "acc": 0.9856224656105042, "length": 5.629611015319824, "mode": "train", "epoch": 40}
{"loss": 0.047228313982486725, "acc": 0.9873021841049194, "length": 5.5853681564331055, "mode": "test", "epoch": 40}
{"loss": 0.05240952596068382, "acc": 0.9869467616081238, "length": 5.608841896057129, "mode": "train", "epoch": 41}
{"loss": 0.07372335344552994, "acc": 0.9815393686294556, "length": 5.636647701263428, "mode": "test", "epoch": 41}
{"loss": 0.08323202282190323, "acc": 0.9795017838478088, "length": 5.622833251953125, "mode": "train", "epoch": 42}
{"loss": 0.037984028458595276, "acc": 0.9897440671920776, "length": 5.6083221435546875, "mode": "test", "epoch": 42}
{"loss": 0.08829629421234131, "acc": 0.977962851524353, "length": 5.614463806152344, "mode": "train", "epoch": 43}
{"loss": 0.30413907766342163, "acc": 0.9350458979606628, "length": 5.6449503898620605, "mode": "test", "epoch": 43}
{"loss": 0.09570195525884628, "acc": 0.9768458604812622, "length": 5.608889102935791, "mode": "train", "epoch": 44}
{"loss": 0.04549412429332733, "acc": 0.9884743094444275, "length": 5.635768890380859, "mode": "test", "epoch": 44}
{"loss": 0.06833726912736893, "acc": 0.9823257923126221, "length": 5.598254203796387, "mode": "train", "epoch": 45}
{"loss": 0.05287821963429451, "acc": 0.9840789437294006, "length": 5.614573001861572, "mode": "test", "epoch": 45}
{"loss": 0.07052884250879288, "acc": 0.9818458557128906, "length": 5.577109336853027, "mode": "train", "epoch": 46}
{"loss": 0.056239694356918335, "acc": 0.9839812517166138, "length": 5.574916839599609, "mode": "test", "epoch": 46}
{"loss": 0.06432393938302994, "acc": 0.9846391677856445, "length": 5.580341339111328, "mode": "train", "epoch": 47}
{"loss": 0.11896070092916489, "acc": 0.965911328792572, "length": 5.556163311004639, "mode": "test", "epoch": 47}
{"loss": 0.15555475652217865, "acc": 0.9563159346580505, "length": 5.582144260406494, "mode": "train", "epoch": 48}
{"loss": 0.08689426630735397, "acc": 0.9759718775749207, "length": 5.541805267333984, "mode": "test", "epoch": 48}
{"loss": 0.0810476765036583, "acc": 0.9778826236724854, "length": 5.549628257751465, "mode": "train", "epoch": 49}
{"loss": 0.07240871340036392, "acc": 0.9777300357818604, "length": 5.516995429992676, "mode": "test", "epoch": 49}
{"loss": 0.061662789434194565, "acc": 0.9842787981033325, "length": 5.548634052276611, "mode": "train", "epoch": 50}
{"loss": 0.0600668266415596, "acc": 0.9851533770561218, "length": 5.563391208648682, "mode": "test", "epoch": 50}
{"loss": 0.08622781932353973, "acc": 0.9782955646514893, "length": 5.558022499084473, "mode": "train", "epoch": 51}
{"loss": 0.07662858814001083, "acc": 0.9777300357818604, "length": 5.456339359283447, "mode": "test", "epoch": 51}
{"loss": 0.062116481363773346, "acc": 0.9846624732017517, "length": 5.519480228424072, "mode": "train", "epoch": 52}
{"loss": 0.05540461465716362, "acc": 0.9867161512374878, "length": 5.65598726272583, "mode": "test", "epoch": 52}
{"loss": 0.16071169078350067, "acc": 0.9585287570953369, "length": 5.6484694480896, "mode": "train", "epoch": 53}
{"loss": 0.10754162073135376, "acc": 0.9719671607017517, "length": 5.641043186187744, "mode": "test", "epoch": 53}
{"loss": 0.12452626973390579, "acc": 0.9651893377304077, "length": 5.58994722366333, "mode": "train", "epoch": 54}
{"loss": 0.12677712738513947, "acc": 0.9627857208251953, "length": 5.522758483886719, "mode": "test", "epoch": 54}
{"loss": 0.1401432603597641, "acc": 0.9608855843544006, "length": 5.5193867683410645, "mode": "train", "epoch": 55}
{"loss": 0.08544805645942688, "acc": 0.9768509268760681, "length": 5.578238010406494, "mode": "test", "epoch": 55}
{"loss": 0.08969307690858841, "acc": 0.9773549437522888, "length": 5.592447280883789, "mode": "train", "epoch": 56}
{"loss": 0.10400266945362091, "acc": 0.9737253189086914, "length": 5.6152567863464355, "mode": "test", "epoch": 56}
{"loss": 0.11203114688396454, "acc": 0.9702653288841248, "length": 5.614999771118164, "mode": "train", "epoch": 57}
{"loss": 0.15323495864868164, "acc": 0.9562414288520813, "length": 5.584489345550537, "mode": "test", "epoch": 57}
{"loss": 0.14524228870868683, "acc": 0.9621357321739197, "length": 5.648612022399902, "mode": "train", "epoch": 58}
{"loss": 0.22915886342525482, "acc": 0.9393436312675476, "length": 5.646219730377197, "mode": "test", "epoch": 58}
{"loss": 0.1301780492067337, "acc": 0.9648503661155701, "length": 5.67866325378418, "mode": "train", "epoch": 59}
{"loss": 0.08190610259771347, "acc": 0.9791951775550842, "length": 5.643973350524902, "mode": "test", "epoch": 59}
{"loss": 0.13739646971225739, "acc": 0.9648893475532532, "length": 5.5984015464782715, "mode": "train", "epoch": 60}
{"loss": 0.10231073200702667, "acc": 0.9734323024749756, "length": 5.6531548500061035, "mode": "test", "epoch": 60}
test accuracy: 0.9685853719711304
