# ["--data_set_name=dim[4, 4, 4, 4, 4]_dist10-0_scale10_upsampleTrue_balancedFalse.ds", "--n_epochs=60", "--batch_size=32", "--learning_rate=0.0005", "--hidden_size=256", "--temperature=1.5", "--temp_update=0.99", "--length_cost=0.0", "--vocab_size_factor=3"]
data loaded from: ../zoo/intentional_game/data/dim[4, 4, 4, 4, 4]_dist10-0_scale10_upsampleTrue_balancedFalse.ds

opts
 Namespace(batch_size=32, checkpoint_dir=None, checkpoint_freq=0, cuda=True, data_set_name='dim[4, 4, 4, 4, 4]_dist10-0_scale10_upsampleTrue_balancedFalse.ds', device=device(type='cuda'), distributed_context=DistributedContext(is_distributed=False, rank=0, local_rank=0, world_size=1, mode='none'), distributed_port=18363, fp16=False, hidden_size=256, learning_rate=0.0005, length_cost=0.0, load_from_checkpoint=None, lr=0.01, max_len=1, mode='gs', n_epochs=60, no_cuda=False, optimizer='adam', preemptable=False, random_seed=1969304132, receiver_cell='gru', save_interaction_freq=0, sender_cell='gru', temp_update=0.99, temperature=1.5, tensorboard=False, tensorboard_dir='runs/', update_freq=1, validation_freq=1, vocab_size=10, vocab_size_factor=3)
{"loss": 2.3307416439056396, "acc": 0.08940696716308594, "length": 1.8096373081207275, "mode": "train", "epoch": 1}
{"loss": 2.257317304611206, "acc": 0.10656378418207169, "length": 2.073549509048462, "mode": "test", "epoch": 1}
{"loss": 2.1444313526153564, "acc": 0.1511383205652237, "length": 2.533013105392456, "mode": "train", "epoch": 2}
{"loss": 2.064983367919922, "acc": 0.16175034642219543, "length": 2.687634229660034, "mode": "test", "epoch": 2}
{"loss": 1.9939614534378052, "acc": 0.1816554218530655, "length": 2.952131748199463, "mode": "train", "epoch": 3}
{"loss": 1.9043346643447876, "acc": 0.19857394695281982, "length": 3.127563953399658, "mode": "test", "epoch": 3}
{"loss": 1.866647481918335, "acc": 0.21573510766029358, "length": 3.1767356395721436, "mode": "train", "epoch": 4}
{"loss": 1.857183814048767, "acc": 0.21752294898033142, "length": 3.1691737174987793, "mode": "test", "epoch": 4}
{"loss": 1.815086841583252, "acc": 0.2415938526391983, "length": 3.2322633266448975, "mode": "train", "epoch": 5}
{"loss": 1.7980902194976807, "acc": 0.25942566990852356, "length": 3.249755859375, "mode": "test", "epoch": 5}
{"loss": 1.7370033264160156, "acc": 0.2852934002876282, "length": 3.291360378265381, "mode": "train", "epoch": 6}
{"loss": 1.7566406726837158, "acc": 0.2841375172138214, "length": 3.354170799255371, "mode": "test", "epoch": 6}
{"loss": 1.6265757083892822, "acc": 0.3281479775905609, "length": 3.3808717727661133, "mode": "train", "epoch": 7}
{"loss": 1.6367706060409546, "acc": 0.3185192346572876, "length": 3.481539249420166, "mode": "test", "epoch": 7}
{"loss": 1.5083712339401245, "acc": 0.3728076219558716, "length": 3.6094532012939453, "mode": "train", "epoch": 8}
{"loss": 1.5255812406539917, "acc": 0.36354756355285645, "length": 3.684215784072876, "mode": "test", "epoch": 8}
{"loss": 1.423365592956543, "acc": 0.4054523706436157, "length": 3.725783348083496, "mode": "train", "epoch": 9}
{"loss": 1.4585425853729248, "acc": 0.39783161878585815, "length": 3.676010847091675, "mode": "test", "epoch": 9}
{"loss": 1.2678329944610596, "acc": 0.47182825207710266, "length": 3.9961142539978027, "mode": "train", "epoch": 10}
{"loss": 1.2778834104537964, "acc": 0.4703066945075989, "length": 4.262746810913086, "mode": "test", "epoch": 10}
{"loss": 1.0724425315856934, "acc": 0.5574206113815308, "length": 4.278380870819092, "mode": "train", "epoch": 11}
{"loss": 1.1161009073257446, "acc": 0.5473725199699402, "length": 4.276714324951172, "mode": "test", "epoch": 11}
{"loss": 0.8889287114143372, "acc": 0.6376285552978516, "length": 4.470208168029785, "mode": "train", "epoch": 12}
{"loss": 0.9198073744773865, "acc": 0.6240476369857788, "length": 4.543465614318848, "mode": "test", "epoch": 12}
{"loss": 0.7085294723510742, "acc": 0.7047814726829529, "length": 4.698494911193848, "mode": "train", "epoch": 13}
{"loss": 0.7662501931190491, "acc": 0.6743504405021667, "length": 4.823305130004883, "mode": "test", "epoch": 13}
{"loss": 0.5974574685096741, "acc": 0.7486668825149536, "length": 4.798441410064697, "mode": "train", "epoch": 14}
{"loss": 0.6793208122253418, "acc": 0.7206485867500305, "length": 4.7782769203186035, "mode": "test", "epoch": 14}
{"loss": 0.4999774694442749, "acc": 0.7991541624069214, "length": 4.791501522064209, "mode": "train", "epoch": 15}
{"loss": 0.5853514671325684, "acc": 0.7692908644676208, "length": 4.756104946136475, "mode": "test", "epoch": 15}
{"loss": 0.4276210069656372, "acc": 0.8242085576057434, "length": 4.784494400024414, "mode": "train", "epoch": 16}
{"loss": 0.5393900275230408, "acc": 0.7809142470359802, "length": 4.81304931640625, "mode": "test", "epoch": 16}
{"loss": 0.39601269364356995, "acc": 0.834581732749939, "length": 4.863213539123535, "mode": "train", "epoch": 17}
{"loss": 0.5061541199684143, "acc": 0.797421395778656, "length": 4.921957492828369, "mode": "test", "epoch": 17}
{"loss": 0.3671724498271942, "acc": 0.8478397130966187, "length": 4.807460308074951, "mode": "train", "epoch": 18}
{"loss": 0.5842703580856323, "acc": 0.7789607048034668, "length": 4.776421070098877, "mode": "test", "epoch": 18}
{"loss": 0.34799912571907043, "acc": 0.8567231297492981, "length": 4.85210657119751, "mode": "train", "epoch": 19}
{"loss": 0.4894102215766907, "acc": 0.8116819858551025, "length": 4.937780857086182, "mode": "test", "epoch": 19}
{"loss": 0.32464900612831116, "acc": 0.8708194494247437, "length": 4.878619194030762, "mode": "train", "epoch": 20}
{"loss": 0.4356229305267334, "acc": 0.8387380242347717, "length": 4.871947765350342, "mode": "test", "epoch": 20}
{"loss": 0.2797005772590637, "acc": 0.9038202166557312, "length": 4.925924777984619, "mode": "train", "epoch": 21}
{"loss": 0.5162851810455322, "acc": 0.8441101908683777, "length": 4.978609085083008, "mode": "test", "epoch": 21}
{"loss": 0.20531544089317322, "acc": 0.9366317391395569, "length": 4.967098236083984, "mode": "train", "epoch": 22}
{"loss": 0.3247455656528473, "acc": 0.899296760559082, "length": 5.046786308288574, "mode": "test", "epoch": 22}
{"loss": 0.15042980015277863, "acc": 0.9577596187591553, "length": 5.063675880432129, "mode": "train", "epoch": 23}
{"loss": 0.28526267409324646, "acc": 0.9187341332435608, "length": 5.1531548500061035, "mode": "test", "epoch": 23}
{"loss": 0.11268831044435501, "acc": 0.9685370922088623, "length": 5.0919413566589355, "mode": "train", "epoch": 24}
{"loss": 0.24575822055339813, "acc": 0.932017982006073, "length": 5.285407543182373, "mode": "test", "epoch": 24}
{"loss": 0.10033576935529709, "acc": 0.9723257422447205, "length": 5.134884834289551, "mode": "train", "epoch": 25}
{"loss": 0.22187276184558868, "acc": 0.9380738139152527, "length": 5.205411434173584, "mode": "test", "epoch": 25}
{"loss": 0.10088957846164703, "acc": 0.9731941223144531, "length": 5.100063323974609, "mode": "train", "epoch": 26}
{"loss": 0.2704283595085144, "acc": 0.9284039735794067, "length": 5.078726291656494, "mode": "test", "epoch": 26}
{"loss": 0.08367729187011719, "acc": 0.9780529737472534, "length": 5.117138385772705, "mode": "train", "epoch": 27}
{"loss": 0.20893700420856476, "acc": 0.9453018307685852, "length": 5.22035551071167, "mode": "test", "epoch": 27}
{"loss": 0.07761605829000473, "acc": 0.9801523089408875, "length": 5.136782169342041, "mode": "train", "epoch": 28}
{"loss": 0.2619408071041107, "acc": 0.9352412819862366, "length": 5.188513278961182, "mode": "test", "epoch": 28}
{"loss": 0.08146379142999649, "acc": 0.9790172576904297, "length": 5.156400680541992, "mode": "train", "epoch": 29}
{"loss": 0.1597212255001068, "acc": 0.9547763466835022, "length": 5.129517555236816, "mode": "test", "epoch": 29}
{"loss": 0.06184010952711105, "acc": 0.9840222001075745, "length": 5.1657233238220215, "mode": "train", "epoch": 30}
{"loss": 0.13397245109081268, "acc": 0.9621019959449768, "length": 5.169369220733643, "mode": "test", "epoch": 30}
{"loss": 0.07897964864969254, "acc": 0.978739857673645, "length": 5.119915962219238, "mode": "train", "epoch": 31}
{"loss": 0.163799449801445, "acc": 0.9541902542114258, "length": 5.21830415725708, "mode": "test", "epoch": 31}
{"loss": 0.0707678273320198, "acc": 0.9827665090560913, "length": 5.144123077392578, "mode": "train", "epoch": 32}
{"loss": 0.17752540111541748, "acc": 0.9535065293312073, "length": 5.186755180358887, "mode": "test", "epoch": 32}
{"loss": 0.054778337478637695, "acc": 0.9857556223869324, "length": 5.121412754058838, "mode": "train", "epoch": 33}
{"loss": 0.1300836056470871, "acc": 0.9636647701263428, "length": 5.102168560028076, "mode": "test", "epoch": 33}
{"loss": 0.057147614657878876, "acc": 0.9854016304016113, "length": 5.116424560546875, "mode": "train", "epoch": 34}
{"loss": 0.13615484535694122, "acc": 0.9634694457054138, "length": 5.081656455993652, "mode": "test", "epoch": 34}
{"loss": 0.054020222276449203, "acc": 0.9868703484535217, "length": 5.177084922790527, "mode": "train", "epoch": 35}
{"loss": 0.18462759256362915, "acc": 0.9517483711242676, "length": 5.2267045974731445, "mode": "test", "epoch": 35}
{"loss": 0.05245114862918854, "acc": 0.9867244958877563, "length": 5.1883416175842285, "mode": "train", "epoch": 36}
{"loss": 0.10743998736143112, "acc": 0.971576452255249, "length": 5.2100019454956055, "mode": "test", "epoch": 36}
{"loss": 0.053214509040117264, "acc": 0.9866825938224792, "length": 5.248178482055664, "mode": "train", "epoch": 37}
{"loss": 0.13976699113845825, "acc": 0.9640554785728455, "length": 5.315393447875977, "mode": "test", "epoch": 37}
{"loss": 0.05701812356710434, "acc": 0.985457718372345, "length": 5.212579250335693, "mode": "train", "epoch": 38}
{"loss": 0.12270273268222809, "acc": 0.966106653213501, "length": 5.262649059295654, "mode": "test", "epoch": 38}
{"loss": 0.0515599325299263, "acc": 0.9873343706130981, "length": 5.2293500900268555, "mode": "train", "epoch": 39}
{"loss": 0.12198912352323532, "acc": 0.9663020372390747, "length": 5.3099236488342285, "mode": "test", "epoch": 39}
{"loss": 0.03957511484622955, "acc": 0.9902617931365967, "length": 5.213913917541504, "mode": "train", "epoch": 40}
{"loss": 0.11821381002664566, "acc": 0.9718695282936096, "length": 5.2403788566589355, "mode": "test", "epoch": 40}
{"loss": 0.05332734063267708, "acc": 0.9873948097229004, "length": 5.134889602661133, "mode": "train", "epoch": 41}
{"loss": 0.1022028923034668, "acc": 0.9708927273750305, "length": 5.144852638244629, "mode": "test", "epoch": 41}
{"loss": 0.04200936108827591, "acc": 0.98955237865448, "length": 5.209053993225098, "mode": "train", "epoch": 42}
{"loss": 0.07873468846082687, "acc": 0.9797812104225159, "length": 5.174643516540527, "mode": "test", "epoch": 42}
{"loss": 0.03376469016075134, "acc": 0.9927330017089844, "length": 5.215297222137451, "mode": "train", "epoch": 43}
{"loss": 0.07117880880832672, "acc": 0.9812463521957397, "length": 5.165950298309326, "mode": "test", "epoch": 43}
{"loss": 0.040256600826978683, "acc": 0.9905596375465393, "length": 5.192927360534668, "mode": "train", "epoch": 44}
{"loss": 0.09227246791124344, "acc": 0.9739207029342651, "length": 5.24672794342041, "mode": "test", "epoch": 44}
{"loss": 0.0380040742456913, "acc": 0.9907433986663818, "length": 5.216925621032715, "mode": "train", "epoch": 45}
{"loss": 0.11439500004053116, "acc": 0.9730415940284729, "length": 5.243602275848389, "mode": "test", "epoch": 45}
{"loss": 0.03797324746847153, "acc": 0.9908438920974731, "length": 5.202572822570801, "mode": "train", "epoch": 46}
{"loss": 0.07869353890419006, "acc": 0.9784137606620789, "length": 5.253174304962158, "mode": "test", "epoch": 46}
{"loss": 0.049291111528873444, "acc": 0.9882345795631409, "length": 5.203944206237793, "mode": "train", "epoch": 47}
{"loss": 0.07829532772302628, "acc": 0.9789021015167236, "length": 5.16008996963501, "mode": "test", "epoch": 47}
{"loss": 0.04613618552684784, "acc": 0.9886970520019531, "length": 5.2148919105529785, "mode": "train", "epoch": 48}
{"loss": 0.08459620922803879, "acc": 0.9795858860015869, "length": 5.173764228820801, "mode": "test", "epoch": 48}
{"loss": 0.04333322495222092, "acc": 0.9899803400039673, "length": 5.245176315307617, "mode": "train", "epoch": 49}
{"loss": 0.09783522039651871, "acc": 0.9780230522155762, "length": 5.245555877685547, "mode": "test", "epoch": 49}
{"loss": 0.03609347715973854, "acc": 0.9914674758911133, "length": 5.194040298461914, "mode": "train", "epoch": 50}
{"loss": 0.05793903023004532, "acc": 0.9868138432502747, "length": 5.236862659454346, "mode": "test", "epoch": 50}
{"loss": 0.036816563457250595, "acc": 0.9914231300354004, "length": 5.275513172149658, "mode": "train", "epoch": 51}
{"loss": 0.06967326253652573, "acc": 0.9821254014968872, "length": 5.28618860244751, "mode": "test", "epoch": 51}
{"loss": 0.059584323316812515, "acc": 0.9862993955612183, "length": 5.256503582000732, "mode": "train", "epoch": 52}
{"loss": 0.09233145415782928, "acc": 0.9734323024749756, "length": 5.4101386070251465, "mode": "test", "epoch": 52}
{"loss": 0.03333623334765434, "acc": 0.9923090934753418, "length": 5.254710674285889, "mode": "train", "epoch": 53}
{"loss": 0.04354456812143326, "acc": 0.9874975681304932, "length": 5.204532146453857, "mode": "test", "epoch": 53}
{"loss": 0.03353751823306084, "acc": 0.9915571212768555, "length": 5.277660846710205, "mode": "train", "epoch": 54}
{"loss": 0.054789114743471146, "acc": 0.9857394099235535, "length": 5.220648765563965, "mode": "test", "epoch": 54}
{"loss": 0.030566316097974777, "acc": 0.9929136037826538, "length": 5.253510475158691, "mode": "train", "epoch": 55}
{"loss": 0.11829327791929245, "acc": 0.9695252776145935, "length": 5.2037506103515625, "mode": "test", "epoch": 55}
{"loss": 0.03891972452402115, "acc": 0.9903662800788879, "length": 5.239912033081055, "mode": "train", "epoch": 56}
{"loss": 0.05245267227292061, "acc": 0.9857394099235535, "length": 5.276909351348877, "mode": "test", "epoch": 56}
{"loss": 0.03839721903204918, "acc": 0.9906638860702515, "length": 5.23809289932251, "mode": "train", "epoch": 57}
{"loss": 0.06917016953229904, "acc": 0.982418417930603, "length": 5.31304931640625, "mode": "test", "epoch": 57}
{"loss": 0.03763533756136894, "acc": 0.9909382462501526, "length": 5.280424118041992, "mode": "train", "epoch": 58}
{"loss": 0.06003044918179512, "acc": 0.9843719601631165, "length": 5.325551986694336, "mode": "test", "epoch": 58}
{"loss": 0.03831210732460022, "acc": 0.9915409088134766, "length": 5.279275894165039, "mode": "train", "epoch": 59}
{"loss": 0.06816313415765762, "acc": 0.9812463521957397, "length": 5.28267240524292, "mode": "test", "epoch": 59}
{"loss": 0.04047881439328194, "acc": 0.990467369556427, "length": 5.288336277008057, "mode": "train", "epoch": 60}
{"loss": 0.07053818553686142, "acc": 0.9794881939888, "length": 5.336198329925537, "mode": "test", "epoch": 60}
test accuracy: 0.9744390249252319
