# ["--data_set_name=dim[4, 4, 4, 4, 4]_dist10-0_scale10_upsampleTrue_balancedFalse.ds", "--n_epochs=60", "--batch_size=32", "--learning_rate=0.001", "--hidden_size=128", "--temperature=1.5", "--temp_update=0.97", "--length_cost=0.0", "--vocab_size_factor=3"]
data loaded from: ../zoo/intentional_game/data/dim[4, 4, 4, 4, 4]_dist10-0_scale10_upsampleTrue_balancedFalse.ds

opts
 Namespace(batch_size=32, checkpoint_dir=None, checkpoint_freq=0, cuda=True, data_set_name='dim[4, 4, 4, 4, 4]_dist10-0_scale10_upsampleTrue_balancedFalse.ds', device=device(type='cuda'), distributed_context=DistributedContext(is_distributed=False, rank=0, local_rank=0, world_size=1, mode='none'), distributed_port=18363, fp16=False, hidden_size=128, learning_rate=0.001, length_cost=0.0, load_from_checkpoint=None, lr=0.01, max_len=1, mode='gs', n_epochs=60, no_cuda=False, optimizer='adam', preemptable=False, random_seed=622534737, receiver_cell='gru', save_interaction_freq=0, sender_cell='gru', temp_update=0.97, temperature=1.5, tensorboard=False, tensorboard_dir='runs/', update_freq=1, validation_freq=1, vocab_size=10, vocab_size_factor=3)
{"loss": 2.336266040802002, "acc": 0.09311526268720627, "length": 2.1716880798339844, "mode": "train", "epoch": 1}
{"loss": 2.197885513305664, "acc": 0.13498730957508087, "length": 2.584293842315674, "mode": "test", "epoch": 1}
{"loss": 2.027602434158325, "acc": 0.16415640711784363, "length": 3.35914945602417, "mode": "train", "epoch": 2}
{"loss": 1.991294503211975, "acc": 0.16126196086406708, "length": 3.421273708343506, "mode": "test", "epoch": 2}
{"loss": 1.945319652557373, "acc": 0.17796579003334045, "length": 3.5155956745147705, "mode": "train", "epoch": 3}
{"loss": 1.9395312070846558, "acc": 0.1832389086484909, "length": 3.5235397815704346, "mode": "test", "epoch": 3}
{"loss": 1.8848965167999268, "acc": 0.20582805573940277, "length": 3.4964075088500977, "mode": "train", "epoch": 4}
{"loss": 1.8653408288955688, "acc": 0.21009962260723114, "length": 3.4861299991607666, "mode": "test", "epoch": 4}
{"loss": 1.8113431930541992, "acc": 0.23088356852531433, "length": 3.4823875427246094, "mode": "train", "epoch": 5}
{"loss": 1.8180735111236572, "acc": 0.2256300002336502, "length": 3.455655336380005, "mode": "test", "epoch": 5}
{"loss": 1.780394196510315, "acc": 0.25405243039131165, "length": 3.4557876586914062, "mode": "train", "epoch": 6}
{"loss": 1.7864353656768799, "acc": 0.25043952465057373, "length": 3.4363157749176025, "mode": "test", "epoch": 6}
{"loss": 1.7483247518539429, "acc": 0.27364349365234375, "length": 3.4144835472106934, "mode": "train", "epoch": 7}
{"loss": 1.7744035720825195, "acc": 0.2593280076980591, "length": 3.3566126823425293, "mode": "test", "epoch": 7}
{"loss": 1.7121660709381104, "acc": 0.2849481999874115, "length": 3.3434863090515137, "mode": "train", "epoch": 8}
{"loss": 1.7209333181381226, "acc": 0.2775932848453522, "length": 3.442176103591919, "mode": "test", "epoch": 8}
{"loss": 1.663401484489441, "acc": 0.29504141211509705, "length": 3.534039258956909, "mode": "train", "epoch": 9}
{"loss": 1.685462236404419, "acc": 0.27417463064193726, "length": 3.5749170780181885, "mode": "test", "epoch": 9}
{"loss": 1.6315582990646362, "acc": 0.3016471564769745, "length": 3.598102569580078, "mode": "train", "epoch": 10}
{"loss": 1.6773080825805664, "acc": 0.2782770097255707, "length": 3.567591428756714, "mode": "test", "epoch": 10}
{"loss": 1.589698076248169, "acc": 0.31067728996276855, "length": 3.6534621715545654, "mode": "train", "epoch": 11}
{"loss": 1.6370006799697876, "acc": 0.2861887216567993, "length": 3.635573387145996, "mode": "test", "epoch": 11}
{"loss": 1.5665048360824585, "acc": 0.3206890821456909, "length": 3.6397545337677, "mode": "train", "epoch": 12}
{"loss": 1.6092551946640015, "acc": 0.29878881573677063, "length": 3.6330337524414062, "mode": "test", "epoch": 12}
{"loss": 1.5414798259735107, "acc": 0.32974109053611755, "length": 3.726116418838501, "mode": "train", "epoch": 13}
{"loss": 1.5685994625091553, "acc": 0.3181285262107849, "length": 3.7568860054016113, "mode": "test", "epoch": 13}
{"loss": 1.5260015726089478, "acc": 0.34030085802078247, "length": 3.8182647228240967, "mode": "train", "epoch": 14}
{"loss": 1.564681053161621, "acc": 0.3185192346572876, "length": 3.824770450592041, "mode": "test", "epoch": 14}
{"loss": 1.5047279596328735, "acc": 0.3492230474948883, "length": 3.84745454788208, "mode": "train", "epoch": 15}
{"loss": 1.5465677976608276, "acc": 0.3314123749732971, "length": 3.759718656539917, "mode": "test", "epoch": 15}
{"loss": 1.4884748458862305, "acc": 0.3591008186340332, "length": 3.885836362838745, "mode": "train", "epoch": 16}
{"loss": 1.510865569114685, "acc": 0.3412775993347168, "length": 3.851924180984497, "mode": "test", "epoch": 16}
{"loss": 1.472217082977295, "acc": 0.3639470040798187, "length": 3.825775623321533, "mode": "train", "epoch": 17}
{"loss": 1.5055042505264282, "acc": 0.34606367349624634, "length": 3.8401055335998535, "mode": "test", "epoch": 17}
{"loss": 1.4613653421401978, "acc": 0.36804628372192383, "length": 3.7914304733276367, "mode": "train", "epoch": 18}
{"loss": 1.499975323677063, "acc": 0.3412775993347168, "length": 3.7603046894073486, "mode": "test", "epoch": 18}
{"loss": 1.4497064352035522, "acc": 0.37067919969558716, "length": 3.7848706245422363, "mode": "train", "epoch": 19}
{"loss": 1.4933236837387085, "acc": 0.34772416949272156, "length": 3.7956631183624268, "mode": "test", "epoch": 19}
{"loss": 1.441030740737915, "acc": 0.3790784776210785, "length": 3.802807092666626, "mode": "train", "epoch": 20}
{"loss": 1.4926255941390991, "acc": 0.34850555658340454, "length": 3.7695839405059814, "mode": "test", "epoch": 20}
{"loss": 1.4286177158355713, "acc": 0.3809056282043457, "length": 3.8271682262420654, "mode": "train", "epoch": 21}
{"loss": 1.4809874296188354, "acc": 0.3535846769809723, "length": 3.809337854385376, "mode": "test", "epoch": 21}
{"loss": 1.4179185628890991, "acc": 0.38739338517189026, "length": 3.832932233810425, "mode": "train", "epoch": 22}
{"loss": 1.4526512622833252, "acc": 0.3619847595691681, "length": 3.8116819858551025, "mode": "test", "epoch": 22}
{"loss": 1.4218770265579224, "acc": 0.38669440150260925, "length": 3.811758518218994, "mode": "train", "epoch": 23}
{"loss": 1.4650393724441528, "acc": 0.3591521680355072, "length": 3.7977144718170166, "mode": "test", "epoch": 23}
{"loss": 1.4058119058609009, "acc": 0.3953815698623657, "length": 3.8285109996795654, "mode": "train", "epoch": 24}
{"loss": 1.473389983177185, "acc": 0.35651493072509766, "length": 3.7324671745300293, "mode": "test", "epoch": 24}
{"loss": 1.4009177684783936, "acc": 0.39370083808898926, "length": 3.8498079776763916, "mode": "train", "epoch": 25}
{"loss": 1.4433070421218872, "acc": 0.3692127466201782, "length": 3.848701000213623, "mode": "test", "epoch": 25}
{"loss": 1.3932393789291382, "acc": 0.4001566469669342, "length": 3.858961820602417, "mode": "train", "epoch": 26}
{"loss": 1.4421595335006714, "acc": 0.36491501331329346, "length": 3.858859062194824, "mode": "test", "epoch": 26}
{"loss": 1.3885338306427002, "acc": 0.40054431557655334, "length": 3.9078903198242188, "mode": "train", "epoch": 27}
{"loss": 1.473715901374817, "acc": 0.3595428764820099, "length": 3.901836395263672, "mode": "test", "epoch": 27}
{"loss": 1.379324197769165, "acc": 0.41028085350990295, "length": 3.8917129039764404, "mode": "train", "epoch": 28}
{"loss": 1.4324356317520142, "acc": 0.38034772872924805, "length": 3.9361202716827393, "mode": "test", "epoch": 28}
{"loss": 1.365254521369934, "acc": 0.41299334168434143, "length": 3.9271252155303955, "mode": "train", "epoch": 29}
{"loss": 1.4270318746566772, "acc": 0.3738034665584564, "length": 3.916292190551758, "mode": "test", "epoch": 29}
{"loss": 1.362097978591919, "acc": 0.4168749749660492, "length": 3.923219919204712, "mode": "train", "epoch": 30}
{"loss": 1.4214746952056885, "acc": 0.37829655408859253, "length": 3.8714592456817627, "mode": "test", "epoch": 30}
{"loss": 1.358780026435852, "acc": 0.41612881422042847, "length": 3.943045139312744, "mode": "train", "epoch": 31}
{"loss": 1.4130263328552246, "acc": 0.38425472378730774, "length": 3.940124988555908, "mode": "test", "epoch": 31}
{"loss": 1.338951826095581, "acc": 0.4303995370864868, "length": 4.044373035430908, "mode": "train", "epoch": 32}
{"loss": 1.3725968599319458, "acc": 0.4057433009147644, "length": 4.071205139160156, "mode": "test", "epoch": 32}
{"loss": 1.3216817378997803, "acc": 0.43923473358154297, "length": 4.077924728393555, "mode": "train", "epoch": 33}
{"loss": 1.3635557889938354, "acc": 0.40525493025779724, "length": 4.009279251098633, "mode": "test", "epoch": 33}
{"loss": 1.3073524236679077, "acc": 0.4428454041481018, "length": 4.099702835083008, "mode": "train", "epoch": 34}
{"loss": 1.3659992218017578, "acc": 0.40486422181129456, "length": 4.025493144989014, "mode": "test", "epoch": 34}
{"loss": 1.2868742942810059, "acc": 0.45106732845306396, "length": 4.102883338928223, "mode": "train", "epoch": 35}
{"loss": 1.346524715423584, "acc": 0.4116038382053375, "length": 4.107736110687256, "mode": "test", "epoch": 35}
{"loss": 1.2863342761993408, "acc": 0.4474136531352997, "length": 4.125819206237793, "mode": "train", "epoch": 36}
{"loss": 1.3342311382293701, "acc": 0.4124829173088074, "length": 4.145340919494629, "mode": "test", "epoch": 36}
{"loss": 1.2698463201522827, "acc": 0.45187443494796753, "length": 4.193968296051025, "mode": "train", "epoch": 37}
{"loss": 1.306886076927185, "acc": 0.42068764567375183, "length": 4.218890190124512, "mode": "test", "epoch": 37}
{"loss": 1.2419459819793701, "acc": 0.4633733332157135, "length": 4.243649482727051, "mode": "train", "epoch": 38}
{"loss": 1.2983478307724, "acc": 0.421176016330719, "length": 4.2394022941589355, "mode": "test", "epoch": 38}
{"loss": 1.2334123849868774, "acc": 0.46271899342536926, "length": 4.229423999786377, "mode": "train", "epoch": 39}
{"loss": 1.2901763916015625, "acc": 0.43143191933631897, "length": 4.252588272094727, "mode": "test", "epoch": 39}
{"loss": 1.2284154891967773, "acc": 0.46406763792037964, "length": 4.2202606201171875, "mode": "train", "epoch": 40}
{"loss": 1.2745063304901123, "acc": 0.4329947233200073, "length": 4.255225658416748, "mode": "test", "epoch": 40}
{"loss": 1.2119039297103882, "acc": 0.4715666174888611, "length": 4.244182109832764, "mode": "train", "epoch": 41}
{"loss": 1.2625726461410522, "acc": 0.43787848949432373, "length": 4.22494649887085, "mode": "test", "epoch": 41}
{"loss": 1.2098734378814697, "acc": 0.4752327501773834, "length": 4.289513111114502, "mode": "train", "epoch": 42}
{"loss": 1.292248010635376, "acc": 0.42762258648872375, "length": 4.278472423553467, "mode": "test", "epoch": 42}
{"loss": 1.2099244594573975, "acc": 0.47673529386520386, "length": 4.313011169433594, "mode": "train", "epoch": 43}
{"loss": 1.252980351448059, "acc": 0.4365110397338867, "length": 4.281793117523193, "mode": "test", "epoch": 43}
{"loss": 1.193894624710083, "acc": 0.47726574540138245, "length": 4.291149616241455, "mode": "train", "epoch": 44}
{"loss": 1.257317066192627, "acc": 0.43983200192451477, "length": 4.306797981262207, "mode": "test", "epoch": 44}
{"loss": 1.1862539052963257, "acc": 0.48244622349739075, "length": 4.297525405883789, "mode": "train", "epoch": 45}
{"loss": 1.2566083669662476, "acc": 0.4390505850315094, "length": 4.275932788848877, "mode": "test", "epoch": 45}
{"loss": 1.1955333948135376, "acc": 0.48087671399116516, "length": 4.288761615753174, "mode": "train", "epoch": 46}
{"loss": 1.2404407262802124, "acc": 0.4449111223220825, "length": 4.259913921356201, "mode": "test", "epoch": 46}
{"loss": 1.2228291034698486, "acc": 0.4756808876991272, "length": 4.280269145965576, "mode": "train", "epoch": 47}
{"loss": 1.2799679040908813, "acc": 0.4329947233200073, "length": 4.250634670257568, "mode": "test", "epoch": 47}
{"loss": 1.1931684017181396, "acc": 0.47868332266807556, "length": 4.262757778167725, "mode": "train", "epoch": 48}
{"loss": 1.2306458950042725, "acc": 0.44237154722213745, "length": 4.226606845855713, "mode": "test", "epoch": 48}
{"loss": 1.1709462404251099, "acc": 0.48817944526672363, "length": 4.267530918121338, "mode": "train", "epoch": 49}
{"loss": 1.2258285284042358, "acc": 0.4481343924999237, "length": 4.226509094238281, "mode": "test", "epoch": 49}
{"loss": 1.1640753746032715, "acc": 0.49002593755722046, "length": 4.2759504318237305, "mode": "train", "epoch": 50}
{"loss": 1.2191873788833618, "acc": 0.45047861337661743, "length": 4.2344207763671875, "mode": "test", "epoch": 50}
{"loss": 1.159112811088562, "acc": 0.4947357475757599, "length": 4.263281345367432, "mode": "train", "epoch": 51}
{"loss": 1.2327184677124023, "acc": 0.4447157680988312, "length": 4.27505350112915, "mode": "test", "epoch": 51}
{"loss": 1.190037727355957, "acc": 0.48781201243400574, "length": 4.273777484893799, "mode": "train", "epoch": 52}
{"loss": 1.2603689432144165, "acc": 0.4431529641151428, "length": 4.349091529846191, "mode": "test", "epoch": 52}
{"loss": 1.1803381443023682, "acc": 0.4907829463481903, "length": 4.307551860809326, "mode": "train", "epoch": 53}
{"loss": 1.2331598997116089, "acc": 0.4488181173801422, "length": 4.327212333679199, "mode": "test", "epoch": 53}
{"loss": 1.1678932905197144, "acc": 0.4912368059158325, "length": 4.304587364196777, "mode": "train", "epoch": 54}
{"loss": 1.2313019037246704, "acc": 0.44452041387557983, "length": 4.264993190765381, "mode": "test", "epoch": 54}
{"loss": 1.1497786045074463, "acc": 0.4998127520084381, "length": 4.298539161682129, "mode": "train", "epoch": 55}
{"loss": 1.2397679090499878, "acc": 0.4470599591732025, "length": 4.309239864349365, "mode": "test", "epoch": 55}
{"loss": 1.1655961275100708, "acc": 0.49319911003112793, "length": 4.309738636016846, "mode": "train", "epoch": 56}
{"loss": 1.2405924797058105, "acc": 0.44969719648361206, "length": 4.3359055519104, "mode": "test", "epoch": 56}
{"loss": 1.1564373970031738, "acc": 0.49662306904792786, "length": 4.314166069030762, "mode": "train", "epoch": 57}
{"loss": 1.2289308309555054, "acc": 0.45223677158355713, "length": 4.329947471618652, "mode": "test", "epoch": 57}
{"loss": 1.1527105569839478, "acc": 0.49925780296325684, "length": 4.327476501464844, "mode": "train", "epoch": 58}
{"loss": 1.2331546545028687, "acc": 0.4473530054092407, "length": 4.296835422515869, "mode": "test", "epoch": 58}
{"loss": 1.1621285676956177, "acc": 0.4933292865753174, "length": 4.305774688720703, "mode": "train", "epoch": 59}
{"loss": 1.224830985069275, "acc": 0.44930651783943176, "length": 4.324184417724609, "mode": "test", "epoch": 59}
{"loss": 1.153947114944458, "acc": 0.5012112259864807, "length": 4.323821544647217, "mode": "train", "epoch": 60}
{"loss": 1.1927087306976318, "acc": 0.46346941590309143, "length": 4.317738056182861, "mode": "test", "epoch": 60}
test accuracy: 0.3783414661884308
