# ["--data_set_name=dim[4, 4, 4]_dist10-0_scale10_upsampleTrue_balancedFalse.ds", "--n_epochs=60", "--batch_size=32", "--learning_rate=0.0005", "--hidden_size=256", "--temperature=1.5", "--temp_update=0.99", "--length_cost=0.0", "--vocab_size_factor=3"]
data loaded from: ../zoo/intentional_game/data/dim[4, 4, 4]_dist10-0_scale10_upsampleTrue_balancedFalse.ds

opts
 Namespace(batch_size=32, checkpoint_dir=None, checkpoint_freq=0, cuda=True, data_set_name='dim[4, 4, 4]_dist10-0_scale10_upsampleTrue_balancedFalse.ds', device=device(type='cuda'), distributed_context=DistributedContext(is_distributed=False, rank=0, local_rank=0, world_size=1, mode='none'), distributed_port=18363, fp16=False, hidden_size=256, learning_rate=0.0005, length_cost=0.0, load_from_checkpoint=None, lr=0.01, max_len=1, mode='gs', n_epochs=60, no_cuda=False, optimizer='adam', preemptable=False, random_seed=948702745, receiver_cell='gru', save_interaction_freq=0, sender_cell='gru', temp_update=0.99, temperature=1.5, tensorboard=False, tensorboard_dir='runs/', update_freq=1, validation_freq=1, vocab_size=10, vocab_size_factor=3)
{"loss": 2.4120218753814697, "acc": 0.07700366526842117, "length": 2.676837682723999, "mode": "train", "epoch": 1}
{"loss": 2.4001989364624023, "acc": 0.06266318261623383, "length": 1.0, "mode": "test", "epoch": 1}
{"loss": 2.403468370437622, "acc": 0.08718552440404892, "length": 1.2382519245147705, "mode": "train", "epoch": 2}
{"loss": 2.398853302001953, "acc": 0.10182767361402512, "length": 1.0, "mode": "test", "epoch": 2}
{"loss": 2.3635382652282715, "acc": 0.11778807640075684, "length": 1.917065143585205, "mode": "train", "epoch": 3}
{"loss": 2.316126585006714, "acc": 0.1096605733036995, "length": 1.7206265926361084, "mode": "test", "epoch": 3}
{"loss": 2.307871103286743, "acc": 0.1450364887714386, "length": 1.8623661994934082, "mode": "train", "epoch": 4}
{"loss": 2.334529161453247, "acc": 0.1383811980485916, "length": 1.2976500988006592, "mode": "test", "epoch": 4}
{"loss": 2.2541298866271973, "acc": 0.1525437831878662, "length": 1.9344860315322876, "mode": "train", "epoch": 5}
{"loss": 2.289762020111084, "acc": 0.14882506430149078, "length": 1.4281984567642212, "mode": "test", "epoch": 5}
{"loss": 2.227423906326294, "acc": 0.1766708791255951, "length": 1.9607789516448975, "mode": "train", "epoch": 6}
{"loss": 2.2583818435668945, "acc": 0.1775456964969635, "length": 1.483028769493103, "mode": "test", "epoch": 6}
{"loss": 2.183640718460083, "acc": 0.22004476189613342, "length": 1.985609769821167, "mode": "train", "epoch": 7}
{"loss": 2.2154738903045654, "acc": 0.19321148097515106, "length": 1.7336814403533936, "mode": "test", "epoch": 7}
{"loss": 2.111191987991333, "acc": 0.24631699919700623, "length": 2.0765738487243652, "mode": "train", "epoch": 8}
{"loss": 2.090705394744873, "acc": 0.20887728035449982, "length": 1.8825064897537231, "mode": "test", "epoch": 8}
{"loss": 2.0070295333862305, "acc": 0.29410889744758606, "length": 2.174283981323242, "mode": "train", "epoch": 9}
{"loss": 2.0099539756774902, "acc": 0.23237597942352295, "length": 1.947780728340149, "mode": "test", "epoch": 9}
{"loss": 1.90272057056427, "acc": 0.3375767767429352, "length": 2.336867570877075, "mode": "train", "epoch": 10}
{"loss": 2.017404556274414, "acc": 0.2819843292236328, "length": 2.373368263244629, "mode": "test", "epoch": 10}
{"loss": 1.7711101770401, "acc": 0.3883669376373291, "length": 2.5737311840057373, "mode": "train", "epoch": 11}
{"loss": 1.8281587362289429, "acc": 0.3916448950767517, "length": 2.3446474075317383, "mode": "test", "epoch": 11}
{"loss": 1.6709705591201782, "acc": 0.4306507706642151, "length": 2.6731343269348145, "mode": "train", "epoch": 12}
{"loss": 1.7554960250854492, "acc": 0.3864229619503021, "length": 2.545691967010498, "mode": "test", "epoch": 12}
{"loss": 1.541765809059143, "acc": 0.4714210331439972, "length": 2.7747857570648193, "mode": "train", "epoch": 13}
{"loss": 1.6174418926239014, "acc": 0.41775456070899963, "length": 2.5874674320220947, "mode": "test", "epoch": 13}
{"loss": 1.436496615409851, "acc": 0.49390000104904175, "length": 2.859910011291504, "mode": "train", "epoch": 14}
{"loss": 1.6395759582519531, "acc": 0.45430809259414673, "length": 2.8015666007995605, "mode": "test", "epoch": 14}
{"loss": 1.3500115871429443, "acc": 0.5345535278320312, "length": 2.8794732093811035, "mode": "train", "epoch": 15}
{"loss": 1.421438455581665, "acc": 0.498694509267807, "length": 2.864229679107666, "mode": "test", "epoch": 15}
{"loss": 1.2561230659484863, "acc": 0.5739549994468689, "length": 2.9030487537384033, "mode": "train", "epoch": 16}
{"loss": 1.3217693567276, "acc": 0.5013054609298706, "length": 2.8433420658111572, "mode": "test", "epoch": 16}
{"loss": 1.136098027229309, "acc": 0.5955034494400024, "length": 2.9662911891937256, "mode": "train", "epoch": 17}
{"loss": 1.2355372905731201, "acc": 0.522193193435669, "length": 2.8929502964019775, "mode": "test", "epoch": 17}
{"loss": 1.0459238290786743, "acc": 0.6414238810539246, "length": 2.946791887283325, "mode": "train", "epoch": 18}
{"loss": 1.173282504081726, "acc": 0.5744125247001648, "length": 2.840731143951416, "mode": "test", "epoch": 18}
{"loss": 0.9747607111930847, "acc": 0.6717100739479065, "length": 2.9638383388519287, "mode": "train", "epoch": 19}
{"loss": 1.1998810768127441, "acc": 0.5691906213760376, "length": 2.7754569053649902, "mode": "test", "epoch": 19}
{"loss": 0.9237512946128845, "acc": 0.6921423673629761, "length": 2.9592411518096924, "mode": "train", "epoch": 20}
{"loss": 1.1505974531173706, "acc": 0.5665796399116516, "length": 2.8825066089630127, "mode": "test", "epoch": 20}
{"loss": 0.8612719178199768, "acc": 0.6832718849182129, "length": 2.9756739139556885, "mode": "train", "epoch": 21}
{"loss": 1.1464892625808716, "acc": 0.5770235061645508, "length": 2.9164490699768066, "mode": "test", "epoch": 21}
{"loss": 0.8374083638191223, "acc": 0.7023441195487976, "length": 2.9884018898010254, "mode": "train", "epoch": 22}
{"loss": 1.0484615564346313, "acc": 0.5979112386703491, "length": 2.851174831390381, "mode": "test", "epoch": 22}
{"loss": 0.7682372331619263, "acc": 0.7340738773345947, "length": 3.041790008544922, "mode": "train", "epoch": 23}
{"loss": 0.9896531105041504, "acc": 0.6266318559646606, "length": 2.908616304397583, "mode": "test", "epoch": 23}
{"loss": 0.7233600616455078, "acc": 0.7481040954589844, "length": 3.0144476890563965, "mode": "train", "epoch": 24}
{"loss": 1.0568525791168213, "acc": 0.642297625541687, "length": 2.9242820739746094, "mode": "test", "epoch": 24}
{"loss": 0.7368748784065247, "acc": 0.7492861151695251, "length": 3.0115413665771484, "mode": "train", "epoch": 25}
{"loss": 0.943145751953125, "acc": 0.6657963395118713, "length": 2.9268929958343506, "mode": "test", "epoch": 25}
{"loss": 0.6767533421516418, "acc": 0.760283350944519, "length": 3.0116775035858154, "mode": "train", "epoch": 26}
{"loss": 0.9689406752586365, "acc": 0.647519588470459, "length": 2.8459529876708984, "mode": "test", "epoch": 26}
{"loss": 0.6512640714645386, "acc": 0.7798434495925903, "length": 3.0236449241638184, "mode": "train", "epoch": 27}
{"loss": 0.8809372782707214, "acc": 0.6762402057647705, "length": 2.9373369216918945, "mode": "test", "epoch": 27}
{"loss": 0.5866715312004089, "acc": 0.7987799644470215, "length": 3.0521039962768555, "mode": "train", "epoch": 28}
{"loss": 0.8071129322052002, "acc": 0.707571804523468, "length": 2.986945152282715, "mode": "test", "epoch": 28}
{"loss": 0.5816046595573425, "acc": 0.8039659857749939, "length": 3.0516769886016846, "mode": "train", "epoch": 29}
{"loss": 0.8000041246414185, "acc": 0.7232375741004944, "length": 3.023498773574829, "mode": "test", "epoch": 29}
{"loss": 0.5507741570472717, "acc": 0.8071619272232056, "length": 3.07373046875, "mode": "train", "epoch": 30}
{"loss": 0.8480493426322937, "acc": 0.710182785987854, "length": 2.9921669960021973, "mode": "test", "epoch": 30}
{"loss": 0.542095422744751, "acc": 0.8293800354003906, "length": 3.063715934753418, "mode": "train", "epoch": 31}
{"loss": 0.7291489839553833, "acc": 0.7493472695350647, "length": 3.0, "mode": "test", "epoch": 31}
{"loss": 0.5295708775520325, "acc": 0.831210196018219, "length": 3.0789778232574463, "mode": "train", "epoch": 32}
{"loss": 0.7693483233451843, "acc": 0.7258485555648804, "length": 3.0182766914367676, "mode": "test", "epoch": 32}
{"loss": 0.47715499997138977, "acc": 0.853715717792511, "length": 3.143148183822632, "mode": "train", "epoch": 33}
{"loss": 0.6868064403533936, "acc": 0.7885117530822754, "length": 3.010443925857544, "mode": "test", "epoch": 33}
{"loss": 0.4416950047016144, "acc": 0.8685402870178223, "length": 3.129399061203003, "mode": "train", "epoch": 34}
{"loss": 0.5725250840187073, "acc": 0.8224543333053589, "length": 3.0731070041656494, "mode": "test", "epoch": 34}
{"loss": 0.4130359888076782, "acc": 0.8750884532928467, "length": 3.1310112476348877, "mode": "train", "epoch": 35}
{"loss": 0.5985339283943176, "acc": 0.8067885041236877, "length": 3.0417754650115967, "mode": "test", "epoch": 35}
{"loss": 0.36881789565086365, "acc": 0.8939153552055359, "length": 3.103888988494873, "mode": "train", "epoch": 36}
{"loss": 0.6472029089927673, "acc": 0.7832897901535034, "length": 3.0156657695770264, "mode": "test", "epoch": 36}
{"loss": 0.3785210847854614, "acc": 0.8891969323158264, "length": 3.1186368465423584, "mode": "train", "epoch": 37}
{"loss": 0.5165948867797852, "acc": 0.8485639691352844, "length": 3.0600521564483643, "mode": "test", "epoch": 37}
{"loss": 0.3244456648826599, "acc": 0.9083147644996643, "length": 3.1579811573028564, "mode": "train", "epoch": 38}
{"loss": 0.5381369590759277, "acc": 0.8355091214179993, "length": 3.033942461013794, "mode": "test", "epoch": 38}
{"loss": 0.3213312029838562, "acc": 0.9027763605117798, "length": 3.1283931732177734, "mode": "train", "epoch": 39}
{"loss": 0.4558032155036926, "acc": 0.8694517016410828, "length": 3.1096606254577637, "mode": "test", "epoch": 39}
{"loss": 0.29223161935806274, "acc": 0.924574077129364, "length": 3.152500629425049, "mode": "train", "epoch": 40}
{"loss": 0.47296077013015747, "acc": 0.8642297387123108, "length": 3.0966057777404785, "mode": "test", "epoch": 40}
{"loss": 0.28235411643981934, "acc": 0.9245712161064148, "length": 3.1459708213806152, "mode": "train", "epoch": 41}
{"loss": 0.4756946563720703, "acc": 0.8537858724594116, "length": 3.065274238586426, "mode": "test", "epoch": 41}
{"loss": 0.25511273741722107, "acc": 0.9389679431915283, "length": 3.1591992378234863, "mode": "train", "epoch": 42}
{"loss": 0.4483165442943573, "acc": 0.8981723189353943, "length": 3.101827621459961, "mode": "test", "epoch": 42}
{"loss": 0.2870078384876251, "acc": 0.9286966919898987, "length": 3.1839115619659424, "mode": "train", "epoch": 43}
{"loss": 0.4928896427154541, "acc": 0.8825065493583679, "length": 3.091383695602417, "mode": "test", "epoch": 43}
{"loss": 0.2674890160560608, "acc": 0.9294258952140808, "length": 3.1532857418060303, "mode": "train", "epoch": 44}
{"loss": 0.4918435513973236, "acc": 0.877284586429596, "length": 3.033942461013794, "mode": "test", "epoch": 44}
{"loss": 0.2042430192232132, "acc": 0.9455605745315552, "length": 3.1570823192596436, "mode": "train", "epoch": 45}
{"loss": 0.42533108592033386, "acc": 0.8903394341468811, "length": 3.091383695602417, "mode": "test", "epoch": 45}
{"loss": 0.20105154812335968, "acc": 0.941554069519043, "length": 3.1472527980804443, "mode": "train", "epoch": 46}
{"loss": 0.4929783344268799, "acc": 0.8903394341468811, "length": 3.101827621459961, "mode": "test", "epoch": 46}
{"loss": 0.2060844451189041, "acc": 0.9536632895469666, "length": 3.160884380340576, "mode": "train", "epoch": 47}
{"loss": 0.40096306800842285, "acc": 0.8903394341468811, "length": 3.078329086303711, "mode": "test", "epoch": 47}
{"loss": 0.19432246685028076, "acc": 0.9436231255531311, "length": 3.1652262210845947, "mode": "train", "epoch": 48}
{"loss": 0.4980189800262451, "acc": 0.8720626831054688, "length": 3.0417754650115967, "mode": "test", "epoch": 48}
{"loss": 0.16047163307666779, "acc": 0.9600275754928589, "length": 3.163207769393921, "mode": "train", "epoch": 49}
{"loss": 0.4194251000881195, "acc": 0.9060052037239075, "length": 3.1096606254577637, "mode": "test", "epoch": 49}
{"loss": 0.1345510482788086, "acc": 0.9638235569000244, "length": 3.178393602371216, "mode": "train", "epoch": 50}
{"loss": 0.41842663288116455, "acc": 0.9007833003997803, "length": 3.0992166996002197, "mode": "test", "epoch": 50}
{"loss": 0.1439521461725235, "acc": 0.9602829813957214, "length": 3.1578376293182373, "mode": "train", "epoch": 51}
{"loss": 0.41819044947624207, "acc": 0.8877284526824951, "length": 3.0496084690093994, "mode": "test", "epoch": 51}
{"loss": 0.23553772270679474, "acc": 0.9431459903717041, "length": 3.1849544048309326, "mode": "train", "epoch": 52}
{"loss": 0.5151325464248657, "acc": 0.8563968539237976, "length": 3.159268856048584, "mode": "test", "epoch": 52}
{"loss": 0.2312806397676468, "acc": 0.9368491172790527, "length": 3.1809356212615967, "mode": "train", "epoch": 53}
{"loss": 0.410234272480011, "acc": 0.9033942818641663, "length": 3.1096606254577637, "mode": "test", "epoch": 53}
{"loss": 0.17079266905784607, "acc": 0.9525012373924255, "length": 3.152813196182251, "mode": "train", "epoch": 54}
{"loss": 0.3818206787109375, "acc": 0.9216710329055786, "length": 3.091383695602417, "mode": "test", "epoch": 54}
{"loss": 0.1219344511628151, "acc": 0.9716182947158813, "length": 3.173194646835327, "mode": "train", "epoch": 55}
{"loss": 0.3551170229911804, "acc": 0.8955613374710083, "length": 3.1174933910369873, "mode": "test", "epoch": 55}
{"loss": 0.13391359150409698, "acc": 0.9671033620834351, "length": 3.1801137924194336, "mode": "train", "epoch": 56}
{"loss": 0.30640244483947754, "acc": 0.9190600514411926, "length": 3.114882469177246, "mode": "test", "epoch": 56}
{"loss": 0.14427131414413452, "acc": 0.9617350697517395, "length": 3.17484450340271, "mode": "train", "epoch": 57}
{"loss": 0.3389389216899872, "acc": 0.9242819547653198, "length": 3.12532639503479, "mode": "test", "epoch": 57}
{"loss": 0.11939438432455063, "acc": 0.971546471118927, "length": 3.170469045639038, "mode": "train", "epoch": 58}
{"loss": 0.32660606503486633, "acc": 0.8903394341468811, "length": 3.112271547317505, "mode": "test", "epoch": 58}
{"loss": 0.11623058468103409, "acc": 0.9659147262573242, "length": 3.186066150665283, "mode": "train", "epoch": 59}
{"loss": 0.30594339966773987, "acc": 0.9164490699768066, "length": 3.114882469177246, "mode": "test", "epoch": 59}
{"loss": 0.1195477545261383, "acc": 0.9684857726097107, "length": 3.1700706481933594, "mode": "train", "epoch": 60}
{"loss": 0.2646474838256836, "acc": 0.9242819547653198, "length": 3.1096606254577637, "mode": "test", "epoch": 60}
test accuracy: 0.6512820720672607
