# ["--data_set_name=dim[4, 4, 4, 4, 4]_dist10-0_scale10_upsampleTrue_balancedFalse.ds", "--n_epochs=60", "--batch_size=32", "--learning_rate=0.001", "--hidden_size=256", "--temperature=1.5", "--temp_update=0.97", "--length_cost=0.0", "--vocab_size_factor=3"]
data loaded from: ../zoo/intentional_game/data/dim[4, 4, 4, 4, 4]_dist10-0_scale10_upsampleTrue_balancedFalse.ds

opts
 Namespace(batch_size=32, checkpoint_dir=None, checkpoint_freq=0, cuda=True, data_set_name='dim[4, 4, 4, 4, 4]_dist10-0_scale10_upsampleTrue_balancedFalse.ds', device=device(type='cuda'), distributed_context=DistributedContext(is_distributed=False, rank=0, local_rank=0, world_size=1, mode='none'), distributed_port=18363, fp16=False, hidden_size=256, learning_rate=0.001, length_cost=0.0, load_from_checkpoint=None, lr=0.01, max_len=1, mode='gs', n_epochs=60, no_cuda=False, optimizer='adam', preemptable=False, random_seed=1177567683, receiver_cell='gru', save_interaction_freq=0, sender_cell='gru', temp_update=0.97, temperature=1.5, tensorboard=False, tensorboard_dir='runs/', update_freq=1, validation_freq=1, vocab_size=10, vocab_size_factor=3)
{"loss": 2.404292583465576, "acc": 0.05814122408628464, "length": 1.0339412689208984, "mode": "train", "epoch": 1}
{"loss": 2.4016175270080566, "acc": 0.05616331472992897, "length": 1.0, "mode": "test", "epoch": 1}
{"loss": 2.400010108947754, "acc": 0.06036720052361488, "length": 1.000152587890625, "mode": "train", "epoch": 2}
{"loss": 2.398715019226074, "acc": 0.062316857278347015, "length": 1.0, "mode": "test", "epoch": 2}
{"loss": 2.398655414581299, "acc": 0.06261394172906876, "length": 1.0000669956207275, "mode": "train", "epoch": 3}
{"loss": 2.400775194168091, "acc": 0.05801914259791374, "length": 1.0, "mode": "test", "epoch": 3}
{"loss": 2.3982741832733154, "acc": 0.061116185039281845, "length": 1.0000295639038086, "mode": "train", "epoch": 4}
{"loss": 2.397956609725952, "acc": 0.06212150678038597, "length": 1.0, "mode": "test", "epoch": 4}
{"loss": 2.397897720336914, "acc": 0.06316749006509781, "length": 1.000016450881958, "mode": "train", "epoch": 5}
{"loss": 2.398041248321533, "acc": 0.061437781900167465, "length": 1.0, "mode": "test", "epoch": 5}
{"loss": 2.3977768421173096, "acc": 0.06515368819236755, "length": 1.0000098943710327, "mode": "train", "epoch": 6}
{"loss": 2.3980956077575684, "acc": 0.061828482896089554, "length": 1.0, "mode": "test", "epoch": 6}
{"loss": 2.397775650024414, "acc": 0.06359077990055084, "length": 1.0000020265579224, "mode": "train", "epoch": 7}
{"loss": 2.3980586528778076, "acc": 0.06007032468914986, "length": 1.0, "mode": "test", "epoch": 7}
{"loss": 2.3977112770080566, "acc": 0.06528393179178238, "length": 1.0000041723251343, "mode": "train", "epoch": 8}
{"loss": 2.397993803024292, "acc": 0.05977730080485344, "length": 1.0, "mode": "test", "epoch": 8}
{"loss": 2.397674083709717, "acc": 0.06349309533834457, "length": 1.0000096559524536, "mode": "train", "epoch": 9}
{"loss": 2.3980367183685303, "acc": 0.05792146921157837, "length": 1.0, "mode": "test", "epoch": 9}
{"loss": 2.397651433944702, "acc": 0.06388382613658905, "length": 1.0000004768371582, "mode": "train", "epoch": 10}
{"loss": 2.39800763130188, "acc": 0.05928892269730568, "length": 1.0, "mode": "test", "epoch": 10}
{"loss": 2.3976216316223145, "acc": 0.0643722340464592, "length": 1.0, "mode": "train", "epoch": 11}
{"loss": 2.397949457168579, "acc": 0.05762844160199165, "length": 1.0, "mode": "test", "epoch": 11}
{"loss": 2.3975236415863037, "acc": 0.06391638517379761, "length": 1.0, "mode": "train", "epoch": 12}
{"loss": 2.397956132888794, "acc": 0.061340104788541794, "length": 1.0, "mode": "test", "epoch": 12}
{"loss": 2.397550582885742, "acc": 0.06544673442840576, "length": 1.0, "mode": "train", "epoch": 13}
{"loss": 2.3979480266571045, "acc": 0.059484273195266724, "length": 1.0, "mode": "test", "epoch": 13}
{"loss": 2.39750075340271, "acc": 0.06482808291912079, "length": 1.0, "mode": "train", "epoch": 14}
{"loss": 2.398526430130005, "acc": 0.06212150678038597, "length": 1.0, "mode": "test", "epoch": 14}
{"loss": 2.3974621295928955, "acc": 0.06505600363016129, "length": 1.0, "mode": "train", "epoch": 15}
{"loss": 2.397972822189331, "acc": 0.061437781900167465, "length": 1.0, "mode": "test", "epoch": 15}
{"loss": 2.397393226623535, "acc": 0.06518624722957611, "length": 1.0, "mode": "train", "epoch": 16}
{"loss": 2.3984780311584473, "acc": 0.06280523538589478, "length": 1.0, "mode": "test", "epoch": 16}
{"loss": 2.397360324859619, "acc": 0.06622818112373352, "length": 1.0, "mode": "train", "epoch": 17}
{"loss": 2.3982326984405518, "acc": 0.05967962369322777, "length": 1.0, "mode": "test", "epoch": 17}
{"loss": 2.3973019123077393, "acc": 0.06538160890340805, "length": 1.0, "mode": "train", "epoch": 18}
{"loss": 2.3981902599334717, "acc": 0.06241453438997269, "length": 1.0, "mode": "test", "epoch": 18}
{"loss": 2.397275924682617, "acc": 0.06645610928535461, "length": 1.0, "mode": "train", "epoch": 19}
{"loss": 2.3981690406799316, "acc": 0.062316857278347015, "length": 1.0, "mode": "test", "epoch": 19}
{"loss": 2.39709210395813, "acc": 0.0696144849061966, "length": 1.0, "mode": "train", "epoch": 20}
{"loss": 2.3983123302459717, "acc": 0.0662238746881485, "length": 1.0, "mode": "test", "epoch": 20}
{"loss": 2.3970699310302734, "acc": 0.07156811654567719, "length": 1.0, "mode": "train", "epoch": 21}
{"loss": 2.398453950881958, "acc": 0.06602852046489716, "length": 1.0, "mode": "test", "epoch": 21}
{"loss": 2.3969228267669678, "acc": 0.07436832785606384, "length": 1.0, "mode": "train", "epoch": 22}
{"loss": 2.3986830711364746, "acc": 0.0662238746881485, "length": 1.0, "mode": "test", "epoch": 22}
{"loss": 2.396796226501465, "acc": 0.07550794631242752, "length": 1.0, "mode": "train", "epoch": 23}
{"loss": 2.3989036083221436, "acc": 0.07071693986654282, "length": 1.0, "mode": "test", "epoch": 23}
{"loss": 2.3965842723846436, "acc": 0.07586611062288284, "length": 1.0, "mode": "train", "epoch": 24}
{"loss": 2.399365186691284, "acc": 0.06993553787469864, "length": 1.0, "mode": "test", "epoch": 24}
{"loss": 2.396486282348633, "acc": 0.0779174268245697, "length": 1.0, "mode": "train", "epoch": 25}
{"loss": 2.398932933807373, "acc": 0.07100996375083923, "length": 1.0, "mode": "test", "epoch": 25}
{"loss": 2.396414279937744, "acc": 0.08172701299190521, "length": 1.0, "mode": "train", "epoch": 26}
{"loss": 2.399261236190796, "acc": 0.07130298763513565, "length": 1.0, "mode": "test", "epoch": 26}
{"loss": 2.396226167678833, "acc": 0.08260614424943924, "length": 1.0, "mode": "train", "epoch": 27}
{"loss": 2.3990325927734375, "acc": 0.06954482942819595, "length": 1.0, "mode": "test", "epoch": 27}
{"loss": 2.396153450012207, "acc": 0.08224797993898392, "length": 1.0, "mode": "train", "epoch": 28}
{"loss": 2.4006452560424805, "acc": 0.0732564926147461, "length": 1.0, "mode": "test", "epoch": 28}
{"loss": 2.3959596157073975, "acc": 0.08452722430229187, "length": 1.0, "mode": "train", "epoch": 29}
{"loss": 2.3997132778167725, "acc": 0.06954482942819595, "length": 1.0, "mode": "test", "epoch": 29}
{"loss": 2.396044969558716, "acc": 0.08312711864709854, "length": 1.0, "mode": "train", "epoch": 30}
{"loss": 2.399378538131714, "acc": 0.07071693986654282, "length": 1.0, "mode": "test", "epoch": 30}
{"loss": 2.3960535526275635, "acc": 0.08156421035528183, "length": 1.0, "mode": "train", "epoch": 31}
{"loss": 2.399482250213623, "acc": 0.07540535181760788, "length": 1.0, "mode": "test", "epoch": 31}
{"loss": 2.3959858417510986, "acc": 0.08514586836099625, "length": 1.0, "mode": "train", "epoch": 32}
{"loss": 2.3999295234680176, "acc": 0.07560070604085922, "length": 1.0, "mode": "test", "epoch": 32}
{"loss": 2.3958513736724854, "acc": 0.08573196083307266, "length": 1.0, "mode": "train", "epoch": 33}
{"loss": 2.3994922637939453, "acc": 0.07061926275491714, "length": 1.0, "mode": "test", "epoch": 33}
{"loss": 2.3957619667053223, "acc": 0.08511330932378769, "length": 1.0, "mode": "train", "epoch": 34}
{"loss": 2.400084972381592, "acc": 0.07071693986654282, "length": 1.0, "mode": "test", "epoch": 34}
{"loss": 2.395766019821167, "acc": 0.08674133569002151, "length": 1.0, "mode": "train", "epoch": 35}
{"loss": 2.3991034030914307, "acc": 0.07413557171821594, "length": 1.0, "mode": "test", "epoch": 35}
{"loss": 2.3956992626190186, "acc": 0.08713206648826599, "length": 1.0, "mode": "train", "epoch": 36}
{"loss": 2.399479866027832, "acc": 0.07227974385023117, "length": 1.0, "mode": "test", "epoch": 36}
{"loss": 2.395657777786255, "acc": 0.0876530334353447, "length": 1.0, "mode": "train", "epoch": 37}
{"loss": 2.3994357585906982, "acc": 0.07491697371006012, "length": 1.0, "mode": "test", "epoch": 37}
{"loss": 2.3956305980682373, "acc": 0.08586220443248749, "length": 1.0, "mode": "train", "epoch": 38}
{"loss": 2.3996663093566895, "acc": 0.07550302892923355, "length": 1.0, "mode": "test", "epoch": 38}
{"loss": 2.3955118656158447, "acc": 0.0884019285440445, "length": 1.0, "mode": "train", "epoch": 39}
{"loss": 2.4003243446350098, "acc": 0.07159601151943207, "length": 1.0, "mode": "test", "epoch": 39}
{"loss": 2.3953657150268555, "acc": 0.08648085594177246, "length": 1.0, "mode": "train", "epoch": 40}
{"loss": 2.4006590843200684, "acc": 0.07657745480537415, "length": 1.0, "mode": "test", "epoch": 40}
{"loss": 2.39540433883667, "acc": 0.08895545452833176, "length": 1.0, "mode": "train", "epoch": 41}
{"loss": 2.3996798992156982, "acc": 0.07511232793331146, "length": 1.0, "mode": "test", "epoch": 41}
{"loss": 2.3952784538269043, "acc": 0.08778327703475952, "length": 1.0, "mode": "train", "epoch": 42}
{"loss": 2.4001948833465576, "acc": 0.07696815580129623, "length": 1.0, "mode": "test", "epoch": 42}
{"loss": 2.395256280899048, "acc": 0.08810888230800629, "length": 1.0, "mode": "train", "epoch": 43}
{"loss": 2.4001636505126953, "acc": 0.07765188813209534, "length": 1.0, "mode": "test", "epoch": 43}
{"loss": 2.395142078399658, "acc": 0.08755535632371902, "length": 1.0, "mode": "train", "epoch": 44}
{"loss": 2.4001967906951904, "acc": 0.07276812195777893, "length": 1.0, "mode": "test", "epoch": 44}
{"loss": 2.3950061798095703, "acc": 0.08941130340099335, "length": 1.0, "mode": "train", "epoch": 45}
{"loss": 2.400113344192505, "acc": 0.07599140703678131, "length": 1.0, "mode": "test", "epoch": 45}
{"loss": 2.394885301589966, "acc": 0.08934618532657623, "length": 1.0, "mode": "train", "epoch": 46}
{"loss": 2.4000537395477295, "acc": 0.07735885679721832, "length": 1.0, "mode": "test", "epoch": 46}
{"loss": 2.394805431365967, "acc": 0.0894438624382019, "length": 1.0, "mode": "train", "epoch": 47}
{"loss": 2.3998281955718994, "acc": 0.07804258912801743, "length": 1.0, "mode": "test", "epoch": 47}
{"loss": 2.394615650177002, "acc": 0.09071372449398041, "length": 1.0, "mode": "train", "epoch": 48}
{"loss": 2.400143623352051, "acc": 0.07804258912801743, "length": 1.0, "mode": "test", "epoch": 48}
{"loss": 2.3944950103759766, "acc": 0.09120213240385056, "length": 1.0, "mode": "train", "epoch": 49}
{"loss": 2.4004480838775635, "acc": 0.07687048614025116, "length": 1.0, "mode": "test", "epoch": 49}
{"loss": 2.3943870067596436, "acc": 0.09185335040092468, "length": 1.0, "mode": "train", "epoch": 50}
{"loss": 2.4003946781158447, "acc": 0.07804258912801743, "length": 1.0, "mode": "test", "epoch": 50}
{"loss": 2.3942625522613525, "acc": 0.09240687638521194, "length": 1.0, "mode": "train", "epoch": 51}
{"loss": 2.40071702003479, "acc": 0.07941003888845444, "length": 1.0, "mode": "test", "epoch": 51}
{"loss": 2.394148588180542, "acc": 0.09149517863988876, "length": 1.0, "mode": "train", "epoch": 52}
{"loss": 2.40059757232666, "acc": 0.08107051998376846, "length": 1.0, "mode": "test", "epoch": 52}
{"loss": 2.393994092941284, "acc": 0.09185335040092468, "length": 1.0, "mode": "train", "epoch": 53}
{"loss": 2.400235891342163, "acc": 0.08243797719478607, "length": 1.0, "mode": "test", "epoch": 53}
{"loss": 2.3938822746276855, "acc": 0.09188590943813324, "length": 1.0, "mode": "train", "epoch": 54}
{"loss": 2.400707244873047, "acc": 0.083414725959301, "length": 1.0, "mode": "test", "epoch": 54}
{"loss": 2.393817186355591, "acc": 0.09126725792884827, "length": 1.0, "mode": "train", "epoch": 55}
{"loss": 2.400878667831421, "acc": 0.07696815580129623, "length": 1.0, "mode": "test", "epoch": 55}
{"loss": 2.393589735031128, "acc": 0.09087652713060379, "length": 1.0, "mode": "train", "epoch": 56}
{"loss": 2.4006950855255127, "acc": 0.08146122097969055, "length": 1.0, "mode": "test", "epoch": 56}
{"loss": 2.393615484237671, "acc": 0.09351393580436707, "length": 1.0, "mode": "train", "epoch": 57}
{"loss": 2.400758981704712, "acc": 0.08224262297153473, "length": 1.0, "mode": "test", "epoch": 57}
{"loss": 2.3935153484344482, "acc": 0.09250456094741821, "length": 1.0, "mode": "train", "epoch": 58}
{"loss": 2.400906562805176, "acc": 0.08351240307092667, "length": 1.0, "mode": "test", "epoch": 58}
{"loss": 2.393413782119751, "acc": 0.09269992262125015, "length": 1.0, "mode": "train", "epoch": 59}
{"loss": 2.4009902477264404, "acc": 0.0830240249633789, "length": 1.0, "mode": "test", "epoch": 59}
{"loss": 2.393347978591919, "acc": 0.09234175831079483, "length": 1.0, "mode": "train", "epoch": 60}
{"loss": 2.400780200958252, "acc": 0.08400078117847443, "length": 1.0, "mode": "test", "epoch": 60}
test accuracy: 0.06751219183206558
