# ["--data_set_name=dim[4, 4, 4, 4, 4]_dist10-0_scale10_upsampleTrue_balancedFalse.ds", "--n_epochs=60", "--batch_size=32", "--learning_rate=0.001", "--hidden_size=256", "--temperature=1.5", "--temp_update=0.99", "--length_cost=0.0", "--vocab_size_factor=3"]
data loaded from: ../zoo/intentional_game/data/dim[4, 4, 4, 4, 4]_dist10-0_scale10_upsampleTrue_balancedFalse.ds

opts
 Namespace(batch_size=32, checkpoint_dir=None, checkpoint_freq=0, cuda=True, data_set_name='dim[4, 4, 4, 4, 4]_dist10-0_scale10_upsampleTrue_balancedFalse.ds', device=device(type='cuda'), distributed_context=DistributedContext(is_distributed=False, rank=0, local_rank=0, world_size=1, mode='none'), distributed_port=18363, fp16=False, hidden_size=256, learning_rate=0.001, length_cost=0.0, load_from_checkpoint=None, lr=0.01, max_len=1, mode='gs', n_epochs=60, no_cuda=False, optimizer='adam', preemptable=False, random_seed=488680867, receiver_cell='gru', save_interaction_freq=0, sender_cell='gru', temp_update=0.99, temperature=1.5, tensorboard=False, tensorboard_dir='runs/', update_freq=1, validation_freq=1, vocab_size=10, vocab_size_factor=3)
{"loss": 2.342900037765503, "acc": 0.08414823561906815, "length": 1.5342596769332886, "mode": "train", "epoch": 1}
{"loss": 2.2043752670288086, "acc": 0.13303379714488983, "length": 2.1818714141845703, "mode": "test", "epoch": 1}
{"loss": 2.096505641937256, "acc": 0.1440841555595398, "length": 2.692981004714966, "mode": "train", "epoch": 2}
{"loss": 2.0404770374298096, "acc": 0.1576479822397232, "length": 2.9103341102600098, "mode": "test", "epoch": 2}
{"loss": 2.0252463817596436, "acc": 0.16570663452148438, "length": 2.908508539199829, "mode": "train", "epoch": 3}
{"loss": 2.0252110958099365, "acc": 0.16487595438957214, "length": 2.9054503440856934, "mode": "test", "epoch": 3}
{"loss": 1.9956783056259155, "acc": 0.17745588719844818, "length": 2.816084146499634, "mode": "train", "epoch": 4}
{"loss": 1.9905807971954346, "acc": 0.1730806827545166, "length": 2.819007635116577, "mode": "test", "epoch": 4}
{"loss": 1.9343851804733276, "acc": 0.20220214128494263, "length": 2.9452884197235107, "mode": "train", "epoch": 5}
{"loss": 1.8481544256210327, "acc": 0.21508106589317322, "length": 3.157061815261841, "mode": "test", "epoch": 5}
{"loss": 1.6954872608184814, "acc": 0.2794973850250244, "length": 3.486743450164795, "mode": "train", "epoch": 6}
{"loss": 1.612457275390625, "acc": 0.30191442370414734, "length": 3.658527135848999, "mode": "test", "epoch": 6}
{"loss": 1.5288715362548828, "acc": 0.34377071261405945, "length": 3.7781100273132324, "mode": "train", "epoch": 7}
{"loss": 1.4959640502929688, "acc": 0.33824965357780457, "length": 3.7504396438598633, "mode": "test", "epoch": 7}
{"loss": 1.4546209573745728, "acc": 0.370284765958786, "length": 3.7009146213531494, "mode": "train", "epoch": 8}
{"loss": 1.4527828693389893, "acc": 0.3716546297073364, "length": 3.7324671745300293, "mode": "test", "epoch": 8}
{"loss": 1.3701128959655762, "acc": 0.41664397716522217, "length": 3.802135705947876, "mode": "train", "epoch": 9}
{"loss": 1.3558400869369507, "acc": 0.4369994103908539, "length": 3.9679625034332275, "mode": "test", "epoch": 9}
{"loss": 1.192567229270935, "acc": 0.49646639823913574, "length": 3.9959118366241455, "mode": "train", "epoch": 10}
{"loss": 1.160961627960205, "acc": 0.5000976920127869, "length": 4.051767826080322, "mode": "test", "epoch": 10}
{"loss": 1.0955901145935059, "acc": 0.5266908407211304, "length": 4.0749735832214355, "mode": "train", "epoch": 11}
{"loss": 1.125112533569336, "acc": 0.509474515914917, "length": 4.06436824798584, "mode": "test", "epoch": 11}
{"loss": 1.0201842784881592, "acc": 0.5519574880599976, "length": 4.2925615310668945, "mode": "train", "epoch": 12}
{"loss": 1.037896990776062, "acc": 0.5282281637191772, "length": 4.486911296844482, "mode": "test", "epoch": 12}
{"loss": 0.9780330657958984, "acc": 0.5594373345375061, "length": 4.471435070037842, "mode": "train", "epoch": 13}
{"loss": 1.032929539680481, "acc": 0.5280328392982483, "length": 4.5524516105651855, "mode": "test", "epoch": 13}
{"loss": 0.9642904996871948, "acc": 0.5701528191566467, "length": 4.515549659729004, "mode": "train", "epoch": 14}
{"loss": 1.020621657371521, "acc": 0.5290095806121826, "length": 4.498632431030273, "mode": "test", "epoch": 14}
{"loss": 0.9539371132850647, "acc": 0.5808833837509155, "length": 4.533002853393555, "mode": "train", "epoch": 15}
{"loss": 1.0892949104309082, "acc": 0.5437585711479187, "length": 4.487888336181641, "mode": "test", "epoch": 15}
{"loss": 0.938245952129364, "acc": 0.5914076566696167, "length": 4.4762420654296875, "mode": "train", "epoch": 16}
{"loss": 0.9817832112312317, "acc": 0.5617308020591736, "length": 4.445985317230225, "mode": "test", "epoch": 16}
{"loss": 0.8976690173149109, "acc": 0.6186282634735107, "length": 4.439226150512695, "mode": "train", "epoch": 17}
{"loss": 0.9623412489891052, "acc": 0.5881031155586243, "length": 4.481734752655029, "mode": "test", "epoch": 17}
{"loss": 0.8572359085083008, "acc": 0.6513473987579346, "length": 4.528729438781738, "mode": "train", "epoch": 18}
{"loss": 0.9457859992980957, "acc": 0.6100801229476929, "length": 4.587419509887695, "mode": "test", "epoch": 18}
{"loss": 0.7856386303901672, "acc": 0.6778663992881775, "length": 4.524238109588623, "mode": "train", "epoch": 19}
{"loss": 1.079391598701477, "acc": 0.6199452877044678, "length": 4.470013618469238, "mode": "test", "epoch": 19}
{"loss": 0.7483776211738586, "acc": 0.6980642080307007, "length": 4.572729110717773, "mode": "train", "epoch": 20}
{"loss": 0.8162077069282532, "acc": 0.6691736578941345, "length": 4.589959144592285, "mode": "test", "epoch": 20}
{"loss": 0.6822405457496643, "acc": 0.7290946841239929, "length": 4.65275239944458, "mode": "train", "epoch": 21}
{"loss": 0.7638866305351257, "acc": 0.6949599385261536, "length": 4.636940956115723, "mode": "test", "epoch": 21}
{"loss": 0.6041678190231323, "acc": 0.7737023234367371, "length": 4.765929698944092, "mode": "train", "epoch": 22}
{"loss": 0.7199031114578247, "acc": 0.7382301092147827, "length": 4.789607524871826, "mode": "test", "epoch": 22}
{"loss": 0.5418489575386047, "acc": 0.8011660575866699, "length": 4.858784198760986, "mode": "train", "epoch": 23}
{"loss": 0.6527189016342163, "acc": 0.76645827293396, "length": 4.886403560638428, "mode": "test", "epoch": 23}
{"loss": 0.4783252477645874, "acc": 0.8301747441291809, "length": 4.958877086639404, "mode": "train", "epoch": 24}
{"loss": 0.5423374772071838, "acc": 0.8083609938621521, "length": 4.939929485321045, "mode": "test", "epoch": 24}
{"loss": 0.385039359331131, "acc": 0.8648684620857239, "length": 4.981627464294434, "mode": "train", "epoch": 25}
{"loss": 0.5307933688163757, "acc": 0.8229146599769592, "length": 4.94373893737793, "mode": "test", "epoch": 25}
{"loss": 0.3175463080406189, "acc": 0.890957236289978, "length": 5.012532711029053, "mode": "train", "epoch": 26}
{"loss": 0.4030691087245941, "acc": 0.8582730889320374, "length": 4.989060401916504, "mode": "test", "epoch": 26}
{"loss": 0.2598525285720825, "acc": 0.9113407135009766, "length": 5.030515670776367, "mode": "train", "epoch": 27}
{"loss": 0.3670382797718048, "acc": 0.877808153629303, "length": 5.056944847106934, "mode": "test", "epoch": 27}
{"loss": 0.24596847593784332, "acc": 0.916771650314331, "length": 5.056795597076416, "mode": "train", "epoch": 28}
{"loss": 0.34319862723350525, "acc": 0.8826919198036194, "length": 5.041707515716553, "mode": "test", "epoch": 28}
{"loss": 0.22903618216514587, "acc": 0.9238149523735046, "length": 5.05987548828125, "mode": "train", "epoch": 29}
{"loss": 0.30743521451950073, "acc": 0.8956827521324158, "length": 5.021195411682129, "mode": "test", "epoch": 29}
{"loss": 0.1994810849428177, "acc": 0.932736337184906, "length": 5.080029487609863, "mode": "train", "epoch": 30}
{"loss": 0.26829490065574646, "acc": 0.9073061347007751, "length": 5.1092987060546875, "mode": "test", "epoch": 30}
{"loss": 0.19315998256206512, "acc": 0.9364938139915466, "length": 5.114686489105225, "mode": "train", "epoch": 31}
{"loss": 0.387259840965271, "acc": 0.8880640864372253, "length": 5.139871120452881, "mode": "test", "epoch": 31}
{"loss": 0.19790969789028168, "acc": 0.9418255686759949, "length": 5.206948757171631, "mode": "train", "epoch": 32}
{"loss": 0.3995167911052704, "acc": 0.8881617784500122, "length": 5.31812858581543, "mode": "test", "epoch": 32}
{"loss": 0.1514885276556015, "acc": 0.9584765434265137, "length": 5.3011016845703125, "mode": "train", "epoch": 33}
{"loss": 0.18651002645492554, "acc": 0.9487204551696777, "length": 5.28013277053833, "mode": "test", "epoch": 33}
{"loss": 0.09860581159591675, "acc": 0.9746149182319641, "length": 5.343476295471191, "mode": "train", "epoch": 34}
{"loss": 0.1819070428609848, "acc": 0.9479390382766724, "length": 5.37233829498291, "mode": "test", "epoch": 34}
{"loss": 0.09212487936019897, "acc": 0.9759215712547302, "length": 5.372793197631836, "mode": "train", "epoch": 35}
{"loss": 0.21477475762367249, "acc": 0.9409064054489136, "length": 5.313733100891113, "mode": "test", "epoch": 35}
{"loss": 0.21829089522361755, "acc": 0.9474252462387085, "length": 5.405339241027832, "mode": "train", "epoch": 36}
{"loss": 0.3136937916278839, "acc": 0.9097480177879333, "length": 5.419515609741211, "mode": "test", "epoch": 36}
{"loss": 0.11626806110143661, "acc": 0.9670250415802002, "length": 5.4135541915893555, "mode": "train", "epoch": 37}
{"loss": 0.15425416827201843, "acc": 0.9572182297706604, "length": 5.376343250274658, "mode": "test", "epoch": 37}
{"loss": 0.08497099578380585, "acc": 0.9771074652671814, "length": 5.425416469573975, "mode": "train", "epoch": 38}
{"loss": 0.19383671879768372, "acc": 0.9474506974220276, "length": 5.486814022064209, "mode": "test", "epoch": 38}
{"loss": 0.08898428082466125, "acc": 0.977481484413147, "length": 5.405099391937256, "mode": "train", "epoch": 39}
{"loss": 0.1532929390668869, "acc": 0.9581949710845947, "length": 5.453799724578857, "mode": "test", "epoch": 39}
{"loss": 0.08058523386716843, "acc": 0.9793642163276672, "length": 5.436672687530518, "mode": "train", "epoch": 40}
{"loss": 0.1226961612701416, "acc": 0.9664973616600037, "length": 5.480074405670166, "mode": "test", "epoch": 40}
{"loss": 0.07972995936870575, "acc": 0.9796566963195801, "length": 5.4544219970703125, "mode": "train", "epoch": 41}
{"loss": 0.14764465391635895, "acc": 0.9587810039520264, "length": 5.458683490753174, "mode": "test", "epoch": 41}
{"loss": 0.1033892035484314, "acc": 0.9736912846565247, "length": 5.469561576843262, "mode": "train", "epoch": 42}
{"loss": 0.1969619244337082, "acc": 0.9434459805488586, "length": 5.47519063949585, "mode": "test", "epoch": 42}
{"loss": 0.08484403789043427, "acc": 0.9768737554550171, "length": 5.476309776306152, "mode": "train", "epoch": 43}
{"loss": 0.10537939518690109, "acc": 0.9705020785331726, "length": 5.501367568969727, "mode": "test", "epoch": 43}
{"loss": 0.056984927505254745, "acc": 0.9848102331161499, "length": 5.476719379425049, "mode": "train", "epoch": 44}
{"loss": 0.10131998360157013, "acc": 0.9704043865203857, "length": 5.525102615356445, "mode": "test", "epoch": 44}
{"loss": 0.07195671647787094, "acc": 0.9804320931434631, "length": 5.496532440185547, "mode": "train", "epoch": 45}
{"loss": 0.13210710883140564, "acc": 0.9595624208450317, "length": 5.461223125457764, "mode": "test", "epoch": 45}
{"loss": 0.0722457692027092, "acc": 0.9812341928482056, "length": 5.548350811004639, "mode": "train", "epoch": 46}
{"loss": 0.09717679768800735, "acc": 0.9725532531738281, "length": 5.544442176818848, "mode": "test", "epoch": 46}
{"loss": 0.08518713712692261, "acc": 0.9779738783836365, "length": 5.556099891662598, "mode": "train", "epoch": 47}
{"loss": 0.17594917118549347, "acc": 0.9540926218032837, "length": 5.582242488861084, "mode": "test", "epoch": 47}
{"loss": 0.08777713775634766, "acc": 0.9773316979408264, "length": 5.565112113952637, "mode": "train", "epoch": 48}
{"loss": 0.1255589723587036, "acc": 0.9663020372390747, "length": 5.537800312042236, "mode": "test", "epoch": 48}
{"loss": 0.06568959355354309, "acc": 0.9822942018508911, "length": 5.568599224090576, "mode": "train", "epoch": 49}
{"loss": 0.09616624563932419, "acc": 0.9718695282936096, "length": 5.562414646148682, "mode": "test", "epoch": 49}
{"loss": 0.06344600766897202, "acc": 0.98321133852005, "length": 5.5678558349609375, "mode": "train", "epoch": 50}
{"loss": 0.21178320050239563, "acc": 0.9521390795707703, "length": 5.60226583480835, "mode": "test", "epoch": 50}
{"loss": 0.07543613761663437, "acc": 0.9808309078216553, "length": 5.547391414642334, "mode": "train", "epoch": 51}
{"loss": 0.10964975506067276, "acc": 0.968646228313446, "length": 5.534576892852783, "mode": "test", "epoch": 51}
{"loss": 0.06160949170589447, "acc": 0.9852339625358582, "length": 5.539921283721924, "mode": "train", "epoch": 52}
{"loss": 0.11796563118696213, "acc": 0.9701113700866699, "length": 5.521390914916992, "mode": "test", "epoch": 52}
{"loss": 0.07458432018756866, "acc": 0.9821157455444336, "length": 5.543690204620361, "mode": "train", "epoch": 53}
{"loss": 0.15073859691619873, "acc": 0.9640554785728455, "length": 5.535846710205078, "mode": "test", "epoch": 53}
{"loss": 0.06353756040334702, "acc": 0.9834966063499451, "length": 5.531126499176025, "mode": "train", "epoch": 54}
{"loss": 0.18413428962230682, "acc": 0.9574135541915894, "length": 5.533698081970215, "mode": "test", "epoch": 54}
{"loss": 0.06622924655675888, "acc": 0.9835010170936584, "length": 5.54318904876709, "mode": "train", "epoch": 55}
{"loss": 0.09651326388120651, "acc": 0.9736276865005493, "length": 5.5460052490234375, "mode": "test", "epoch": 55}
{"loss": 0.05466952174901962, "acc": 0.9861897230148315, "length": 5.513916015625, "mode": "train", "epoch": 56}
{"loss": 0.09239790588617325, "acc": 0.9791951775550842, "length": 5.4963860511779785, "mode": "test", "epoch": 56}
{"loss": 0.06199182942509651, "acc": 0.9842427372932434, "length": 5.526397228240967, "mode": "train", "epoch": 57}
{"loss": 0.10434690862894058, "acc": 0.9731392860412598, "length": 5.484078884124756, "mode": "test", "epoch": 57}
{"loss": 0.06909072399139404, "acc": 0.9839015007019043, "length": 5.539323329925537, "mode": "train", "epoch": 58}
{"loss": 0.09702631086111069, "acc": 0.975581169128418, "length": 5.570228576660156, "mode": "test", "epoch": 58}
{"loss": 0.05298022925853729, "acc": 0.9865370988845825, "length": 5.569366931915283, "mode": "train", "epoch": 59}
{"loss": 0.08958902209997177, "acc": 0.9766556024551392, "length": 5.59122896194458, "mode": "test", "epoch": 59}
{"loss": 0.06881048530340195, "acc": 0.982672929763794, "length": 5.560251235961914, "mode": "train", "epoch": 60}
{"loss": 0.09356068074703217, "acc": 0.9743114113807678, "length": 5.541316509246826, "mode": "test", "epoch": 60}
test accuracy: 0.9633170962333679
