# ["--data_set_name=dim[4, 4, 4, 4, 4]_dist10-0_scale10_upsampleTrue_balancedFalse.ds", "--n_epochs=60", "--batch_size=64", "--learning_rate=0.0005", "--hidden_size=128", "--temperature=1.5", "--temp_update=0.97", "--length_cost=0.0", "--vocab_size_factor=3"]
data loaded from: ../zoo/intentional_game/data/dim[4, 4, 4, 4, 4]_dist10-0_scale10_upsampleTrue_balancedFalse.ds

opts
 Namespace(batch_size=64, checkpoint_dir=None, checkpoint_freq=0, cuda=True, data_set_name='dim[4, 4, 4, 4, 4]_dist10-0_scale10_upsampleTrue_balancedFalse.ds', device=device(type='cuda'), distributed_context=DistributedContext(is_distributed=False, rank=0, local_rank=0, world_size=1, mode='none'), distributed_port=18363, fp16=False, hidden_size=128, learning_rate=0.0005, length_cost=0.0, load_from_checkpoint=None, lr=0.01, max_len=1, mode='gs', n_epochs=60, no_cuda=False, optimizer='adam', preemptable=False, random_seed=1973501428, receiver_cell='gru', save_interaction_freq=0, sender_cell='gru', temp_update=0.97, temperature=1.5, tensorboard=False, tensorboard_dir='runs/', update_freq=1, validation_freq=1, vocab_size=10, vocab_size_factor=3)
{"loss": 2.3665575981140137, "acc": 0.08334235101938248, "length": 2.8650922775268555, "mode": "train", "epoch": 1}
{"loss": 2.3176889419555664, "acc": 0.11027544736862183, "length": 3.457413673400879, "mode": "test", "epoch": 1}
{"loss": 2.2332870960235596, "acc": 0.12164955586194992, "length": 3.206757068634033, "mode": "train", "epoch": 2}
{"loss": 2.16668438911438, "acc": 0.1320570409297943, "length": 3.2538580894470215, "mode": "test", "epoch": 2}
{"loss": 2.1096103191375732, "acc": 0.14889995753765106, "length": 3.5392560958862305, "mode": "train", "epoch": 3}
{"loss": 2.0969743728637695, "acc": 0.15569446980953217, "length": 3.5890798568725586, "mode": "test", "epoch": 3}
{"loss": 2.040111541748047, "acc": 0.18902888894081116, "length": 3.624706268310547, "mode": "train", "epoch": 4}
{"loss": 2.0053741931915283, "acc": 0.20277397334575653, "length": 3.6586246490478516, "mode": "test", "epoch": 4}
{"loss": 1.9585798978805542, "acc": 0.2188584804534912, "length": 3.6778314113616943, "mode": "train", "epoch": 5}
{"loss": 1.9390009641647339, "acc": 0.20853681862354279, "length": 3.7630395889282227, "mode": "test", "epoch": 5}
{"loss": 1.8704164028167725, "acc": 0.233565092086792, "length": 3.756221055984497, "mode": "train", "epoch": 6}
{"loss": 1.8694101572036743, "acc": 0.22221137583255768, "length": 3.7725141048431396, "mode": "test", "epoch": 6}
{"loss": 1.807103157043457, "acc": 0.24795955419540405, "length": 3.89701247215271, "mode": "train", "epoch": 7}
{"loss": 1.8052476644515991, "acc": 0.2435045838356018, "length": 3.923031806945801, "mode": "test", "epoch": 7}
{"loss": 1.7699028253555298, "acc": 0.2595873773097992, "length": 3.9197559356689453, "mode": "train", "epoch": 8}
{"loss": 1.780777931213379, "acc": 0.2470209002494812, "length": 3.9297714233398438, "mode": "test", "epoch": 8}
{"loss": 1.7533081769943237, "acc": 0.268438458442688, "length": 3.919433116912842, "mode": "train", "epoch": 9}
{"loss": 1.7638161182403564, "acc": 0.25278374552726746, "length": 3.946669340133667, "mode": "test", "epoch": 9}
{"loss": 1.7405102252960205, "acc": 0.2718435227870941, "length": 3.924502372741699, "mode": "train", "epoch": 10}
{"loss": 1.7681528329849243, "acc": 0.25493261218070984, "length": 3.9586832523345947, "mode": "test", "epoch": 10}
{"loss": 1.729408860206604, "acc": 0.27754533290863037, "length": 3.925492763519287, "mode": "train", "epoch": 11}
{"loss": 1.7557827234268188, "acc": 0.26089081168174744, "length": 3.9562413692474365, "mode": "test", "epoch": 11}
{"loss": 1.7174478769302368, "acc": 0.2849966883659363, "length": 3.9114339351654053, "mode": "train", "epoch": 12}
{"loss": 1.736919641494751, "acc": 0.27202579379081726, "length": 3.9215667247772217, "mode": "test", "epoch": 12}
{"loss": 1.707971453666687, "acc": 0.2888602614402771, "length": 3.921781063079834, "mode": "train", "epoch": 13}
{"loss": 1.7514232397079468, "acc": 0.26616525650024414, "length": 3.9043757915496826, "mode": "test", "epoch": 13}
{"loss": 1.6971654891967773, "acc": 0.29603734612464905, "length": 3.934082269668579, "mode": "train", "epoch": 14}
{"loss": 1.7175301313400269, "acc": 0.28677475452423096, "length": 3.944911003112793, "mode": "test", "epoch": 14}
{"loss": 1.6857537031173706, "acc": 0.2995334565639496, "length": 3.9343903064727783, "mode": "train", "epoch": 15}
{"loss": 1.707045555114746, "acc": 0.2876538336277008, "length": 3.944617986679077, "mode": "test", "epoch": 15}
{"loss": 1.6740493774414062, "acc": 0.3086200952529907, "length": 3.933537006378174, "mode": "train", "epoch": 16}
{"loss": 1.7024415731430054, "acc": 0.2912678122520447, "length": 3.9453017711639404, "mode": "test", "epoch": 16}
{"loss": 1.6620457172393799, "acc": 0.3113850951194763, "length": 3.928295850753784, "mode": "train", "epoch": 17}
{"loss": 1.7084578275680542, "acc": 0.2852119505405426, "length": 3.9148271083831787, "mode": "test", "epoch": 17}
{"loss": 1.6562978029251099, "acc": 0.31030741333961487, "length": 3.9334819316864014, "mode": "train", "epoch": 18}
{"loss": 1.6876283884048462, "acc": 0.29204922914505005, "length": 3.935925006866455, "mode": "test", "epoch": 18}
{"loss": 1.6467092037200928, "acc": 0.3201964199542999, "length": 3.9337258338928223, "mode": "train", "epoch": 19}
{"loss": 1.6842705011367798, "acc": 0.2954678535461426, "length": 3.9321155548095703, "mode": "test", "epoch": 19}
{"loss": 1.6419084072113037, "acc": 0.32399359345436096, "length": 3.939436435699463, "mode": "train", "epoch": 20}
{"loss": 1.6748793125152588, "acc": 0.29908186197280884, "length": 3.945399522781372, "mode": "test", "epoch": 20}
{"loss": 1.6283800601959229, "acc": 0.3264361023902893, "length": 3.94145131111145, "mode": "train", "epoch": 21}
{"loss": 1.6686038970947266, "acc": 0.3021097779273987, "length": 3.950674057006836, "mode": "test", "epoch": 21}
{"loss": 1.6228458881378174, "acc": 0.32760462164878845, "length": 3.9425573348999023, "mode": "train", "epoch": 22}
{"loss": 1.6631910800933838, "acc": 0.30289119482040405, "length": 3.959074020385742, "mode": "test", "epoch": 22}
{"loss": 1.613059401512146, "acc": 0.3308861553668976, "length": 3.9463729858398438, "mode": "train", "epoch": 23}
{"loss": 1.656275987625122, "acc": 0.30533307790756226, "length": 3.9188318252563477, "mode": "test", "epoch": 23}
{"loss": 1.6167367696762085, "acc": 0.32949334383010864, "length": 3.945462226867676, "mode": "train", "epoch": 24}
{"loss": 1.64329993724823, "acc": 0.3072865903377533, "length": 3.9509670734405518, "mode": "test", "epoch": 24}
{"loss": 1.5993493795394897, "acc": 0.3354048430919647, "length": 3.94462251663208, "mode": "train", "epoch": 25}
{"loss": 1.6332168579101562, "acc": 0.31256103515625, "length": 3.9582927227020264, "mode": "test", "epoch": 25}
{"loss": 1.5907783508300781, "acc": 0.3347071409225464, "length": 3.94804048538208, "mode": "train", "epoch": 26}
{"loss": 1.6370056867599487, "acc": 0.30963078141212463, "length": 3.9572181701660156, "mode": "test", "epoch": 26}
{"loss": 1.582295298576355, "acc": 0.34420332312583923, "length": 3.948359489440918, "mode": "train", "epoch": 27}
{"loss": 1.639966607093811, "acc": 0.31031450629234314, "length": 3.9833950996398926, "mode": "test", "epoch": 27}
{"loss": 1.5788812637329102, "acc": 0.3459036350250244, "length": 3.952019691467285, "mode": "train", "epoch": 28}
{"loss": 1.6199082136154175, "acc": 0.3139285147190094, "length": 3.9721624851226807, "mode": "test", "epoch": 28}
{"loss": 1.5704365968704224, "acc": 0.34831684827804565, "length": 3.9514312744140625, "mode": "train", "epoch": 29}
{"loss": 1.6086517572402954, "acc": 0.32008203864097595, "length": 3.9777300357818604, "mode": "test", "epoch": 29}
{"loss": 1.5697662830352783, "acc": 0.3470137119293213, "length": 3.962320327758789, "mode": "train", "epoch": 30}
{"loss": 1.605839729309082, "acc": 0.3182262182235718, "length": 3.9736275672912598, "mode": "test", "epoch": 30}
{"loss": 1.569931149482727, "acc": 0.34551623463630676, "length": 3.9534051418304443, "mode": "train", "epoch": 31}
{"loss": 1.6099770069122314, "acc": 0.31930065155029297, "length": 3.9599530696868896, "mode": "test", "epoch": 31}
{"loss": 1.5593972206115723, "acc": 0.353986531496048, "length": 3.9605398178100586, "mode": "train", "epoch": 32}
{"loss": 1.5952990055084229, "acc": 0.31617504358291626, "length": 3.964641571044922, "mode": "test", "epoch": 32}
{"loss": 1.561348795890808, "acc": 0.35060882568359375, "length": 3.958284378051758, "mode": "train", "epoch": 33}
{"loss": 1.5944814682006836, "acc": 0.3251611590385437, "length": 3.9747021198272705, "mode": "test", "epoch": 33}
{"loss": 1.5608534812927246, "acc": 0.348753958940506, "length": 3.9600040912628174, "mode": "train", "epoch": 34}
{"loss": 1.6122921705245972, "acc": 0.3166634142398834, "length": 3.9769487380981445, "mode": "test", "epoch": 34}
{"loss": 1.5543031692504883, "acc": 0.3534976541996002, "length": 3.9550018310546875, "mode": "train", "epoch": 35}
{"loss": 1.585205316543579, "acc": 0.32770073413848877, "length": 3.9801719188690186, "mode": "test", "epoch": 35}
{"loss": 1.5464850664138794, "acc": 0.35401785373687744, "length": 3.964719533920288, "mode": "train", "epoch": 36}
{"loss": 1.6014031171798706, "acc": 0.31685876846313477, "length": 3.9649345874786377, "mode": "test", "epoch": 36}
{"loss": 1.5469950437545776, "acc": 0.3563627302646637, "length": 3.966998815536499, "mode": "train", "epoch": 37}
{"loss": 1.6046791076660156, "acc": 0.31861692667007446, "length": 3.95389723777771, "mode": "test", "epoch": 37}
{"loss": 1.539682388305664, "acc": 0.3594883680343628, "length": 3.971863031387329, "mode": "train", "epoch": 38}
{"loss": 1.5917117595672607, "acc": 0.3279937505722046, "length": 3.975581169128418, "mode": "test", "epoch": 38}
{"loss": 1.5414172410964966, "acc": 0.3612612187862396, "length": 3.970574140548706, "mode": "train", "epoch": 39}
{"loss": 1.6222937107086182, "acc": 0.31383082270622253, "length": 3.987302303314209, "mode": "test", "epoch": 39}
{"loss": 1.5437383651733398, "acc": 0.3592853248119354, "length": 3.965611219406128, "mode": "train", "epoch": 40}
{"loss": 1.578593134880066, "acc": 0.3233053386211395, "length": 3.9816370010375977, "mode": "test", "epoch": 40}
{"loss": 1.534278392791748, "acc": 0.36206385493278503, "length": 3.968691825866699, "mode": "train", "epoch": 41}
{"loss": 1.5920270681381226, "acc": 0.3272123336791992, "length": 3.988278865814209, "mode": "test", "epoch": 41}
{"loss": 1.537170648574829, "acc": 0.36434879899024963, "length": 3.9785029888153076, "mode": "train", "epoch": 42}
{"loss": 1.5820125341415405, "acc": 0.32574722170829773, "length": 3.98026967048645, "mode": "test", "epoch": 42}
{"loss": 1.5283386707305908, "acc": 0.36496707797050476, "length": 3.978818893432617, "mode": "train", "epoch": 43}
{"loss": 1.581281304359436, "acc": 0.32887282967567444, "length": 3.9821255207061768, "mode": "test", "epoch": 43}
{"loss": 1.5468865633010864, "acc": 0.3574070632457733, "length": 3.9793636798858643, "mode": "train", "epoch": 44}
{"loss": 1.5879405736923218, "acc": 0.32467278838157654, "length": 3.957413673400879, "mode": "test", "epoch": 44}
{"loss": 1.5333606004714966, "acc": 0.36043164134025574, "length": 3.9714787006378174, "mode": "train", "epoch": 45}
{"loss": 1.5838154554367065, "acc": 0.3300449252128601, "length": 3.963860034942627, "mode": "test", "epoch": 45}
{"loss": 1.5533922910690308, "acc": 0.3586409389972687, "length": 3.969768524169922, "mode": "train", "epoch": 46}
{"loss": 1.584861397743225, "acc": 0.331510066986084, "length": 3.9928696155548096, "mode": "test", "epoch": 46}
{"loss": 1.5412293672561646, "acc": 0.3592580556869507, "length": 4.01609468460083, "mode": "train", "epoch": 47}
{"loss": 1.5787888765335083, "acc": 0.32174253463745117, "length": 4.015139579772949, "mode": "test", "epoch": 47}
{"loss": 1.5415222644805908, "acc": 0.36381465196609497, "length": 4.031513690948486, "mode": "train", "epoch": 48}
{"loss": 1.5878032445907593, "acc": 0.3258448839187622, "length": 4.0148468017578125, "mode": "test", "epoch": 48}
{"loss": 1.5164600610733032, "acc": 0.3646925389766693, "length": 4.032981872558594, "mode": "train", "epoch": 49}
{"loss": 1.5537054538726807, "acc": 0.3310216963291168, "length": 4.03242826461792, "mode": "test", "epoch": 49}
{"loss": 1.5041714906692505, "acc": 0.3731204569339752, "length": 4.061203479766846, "mode": "train", "epoch": 50}
{"loss": 1.5566737651824951, "acc": 0.3361007869243622, "length": 4.043660640716553, "mode": "test", "epoch": 50}
{"loss": 1.5029181241989136, "acc": 0.3744741976261139, "length": 4.038937568664551, "mode": "train", "epoch": 51}
{"loss": 1.5490802526474, "acc": 0.3373705744743347, "length": 4.0352606773376465, "mode": "test", "epoch": 51}
{"loss": 1.5046602487564087, "acc": 0.3746790587902069, "length": 4.0621843338012695, "mode": "train", "epoch": 52}
{"loss": 1.552890419960022, "acc": 0.3391287326812744, "length": 4.074526309967041, "mode": "test", "epoch": 52}
{"loss": 1.514826774597168, "acc": 0.37261903285980225, "length": 4.061520576477051, "mode": "train", "epoch": 53}
{"loss": 1.5472941398620605, "acc": 0.33619847893714905, "length": 4.045907497406006, "mode": "test", "epoch": 53}
{"loss": 1.4994573593139648, "acc": 0.3699348568916321, "length": 4.055355548858643, "mode": "train", "epoch": 54}
{"loss": 1.565581202507019, "acc": 0.32887282967567444, "length": 4.0587029457092285, "mode": "test", "epoch": 54}
{"loss": 1.4954371452331543, "acc": 0.377473384141922, "length": 4.055768966674805, "mode": "train", "epoch": 55}
{"loss": 1.540748119354248, "acc": 0.3357101082801819, "length": 4.059093475341797, "mode": "test", "epoch": 55}
{"loss": 1.5024890899658203, "acc": 0.3720579445362091, "length": 4.050203323364258, "mode": "train", "epoch": 56}
{"loss": 1.5475729703903198, "acc": 0.34108224511146545, "length": 4.051279544830322, "mode": "test", "epoch": 56}
{"loss": 1.4988164901733398, "acc": 0.37569189071655273, "length": 4.057659149169922, "mode": "train", "epoch": 57}
{"loss": 1.5462982654571533, "acc": 0.33658918738365173, "length": 4.0664191246032715, "mode": "test", "epoch": 57}
{"loss": 1.5083080530166626, "acc": 0.37323087453842163, "length": 4.071481704711914, "mode": "train", "epoch": 58}
{"loss": 1.5473902225494385, "acc": 0.33942174911499023, "length": 4.062023639678955, "mode": "test", "epoch": 58}
{"loss": 1.4910708665847778, "acc": 0.37827473878860474, "length": 4.063310146331787, "mode": "train", "epoch": 59}
{"loss": 1.5562065839767456, "acc": 0.33932408690452576, "length": 4.066224098205566, "mode": "test", "epoch": 59}
{"loss": 1.5141289234161377, "acc": 0.3806304931640625, "length": 4.047200679779053, "mode": "train", "epoch": 60}
{"loss": 1.5667141675949097, "acc": 0.3346356749534607, "length": 4.029302597045898, "mode": "test", "epoch": 60}
test accuracy: 0.2824390232563019
