# ["--data_set_name=dim[4, 4, 4, 4, 4]_dist10-0_scale10_upsampleTrue_balancedFalse.ds", "--n_epochs=60", "--batch_size=64", "--learning_rate=0.001", "--hidden_size=128", "--temperature=1.5", "--temp_update=0.99", "--length_cost=0.0", "--vocab_size_factor=3"]
data loaded from: ../zoo/intentional_game/data/dim[4, 4, 4, 4, 4]_dist10-0_scale10_upsampleTrue_balancedFalse.ds

opts
 Namespace(batch_size=64, checkpoint_dir=None, checkpoint_freq=0, cuda=True, data_set_name='dim[4, 4, 4, 4, 4]_dist10-0_scale10_upsampleTrue_balancedFalse.ds', device=device(type='cuda'), distributed_context=DistributedContext(is_distributed=False, rank=0, local_rank=0, world_size=1, mode='none'), distributed_port=18363, fp16=False, hidden_size=128, learning_rate=0.001, length_cost=0.0, load_from_checkpoint=None, lr=0.01, max_len=1, mode='gs', n_epochs=60, no_cuda=False, optimizer='adam', preemptable=False, random_seed=129756907, receiver_cell='gru', save_interaction_freq=0, sender_cell='gru', temp_update=0.99, temperature=1.5, tensorboard=False, tensorboard_dir='runs/', update_freq=1, validation_freq=1, vocab_size=10, vocab_size_factor=3)
{"loss": 2.3600850105285645, "acc": 0.08851800113916397, "length": 2.5719146728515625, "mode": "train", "epoch": 1}
{"loss": 2.271003246307373, "acc": 0.11769876629114151, "length": 2.740769624710083, "mode": "test", "epoch": 1}
{"loss": 2.0202043056488037, "acc": 0.19393979012966156, "length": 3.7965688705444336, "mode": "train", "epoch": 2}
{"loss": 1.8469904661178589, "acc": 0.23608127236366272, "length": 3.889333963394165, "mode": "test", "epoch": 2}
{"loss": 1.7350927591323853, "acc": 0.2743532061576843, "length": 3.9920358657836914, "mode": "train", "epoch": 3}
{"loss": 1.7198597192764282, "acc": 0.2705606520175934, "length": 4.003223419189453, "mode": "test", "epoch": 3}
{"loss": 1.6199560165405273, "acc": 0.31398805975914, "length": 4.140042304992676, "mode": "train", "epoch": 4}
{"loss": 1.5733731985092163, "acc": 0.31764015555381775, "length": 4.265285968780518, "mode": "test", "epoch": 4}
{"loss": 1.5124530792236328, "acc": 0.33589595556259155, "length": 4.241709232330322, "mode": "train", "epoch": 5}
{"loss": 1.5484646558761597, "acc": 0.32291463017463684, "length": 4.315784454345703, "mode": "test", "epoch": 5}
{"loss": 1.4851782321929932, "acc": 0.349397212266922, "length": 4.2538299560546875, "mode": "train", "epoch": 6}
{"loss": 1.5097664594650269, "acc": 0.3287751376628876, "length": 4.2583513259887695, "mode": "test", "epoch": 6}
{"loss": 1.462799310684204, "acc": 0.3633197844028473, "length": 4.243640422821045, "mode": "train", "epoch": 7}
{"loss": 1.5202916860580444, "acc": 0.3405938744544983, "length": 4.288142204284668, "mode": "test", "epoch": 7}
{"loss": 1.4347902536392212, "acc": 0.3880786597728729, "length": 4.281963348388672, "mode": "train", "epoch": 8}
{"loss": 1.486008882522583, "acc": 0.366184800863266, "length": 4.219476222991943, "mode": "test", "epoch": 8}
{"loss": 1.3832181692123413, "acc": 0.41960859298706055, "length": 4.322076797485352, "mode": "train", "epoch": 9}
{"loss": 1.4779000282287598, "acc": 0.3899199068546295, "length": 4.1536431312561035, "mode": "test", "epoch": 9}
{"loss": 1.3570677042007446, "acc": 0.4384649693965912, "length": 4.331253528594971, "mode": "train", "epoch": 10}
{"loss": 1.4076355695724487, "acc": 0.4191248416900635, "length": 4.337956428527832, "mode": "test", "epoch": 10}
{"loss": 1.3047585487365723, "acc": 0.4640495181083679, "length": 4.3374505043029785, "mode": "train", "epoch": 11}
{"loss": 1.370475172996521, "acc": 0.4295760989189148, "length": 4.303281784057617, "mode": "test", "epoch": 11}
{"loss": 1.2232462167739868, "acc": 0.5061789155006409, "length": 4.37827730178833, "mode": "train", "epoch": 12}
{"loss": 1.2700170278549194, "acc": 0.4841766059398651, "length": 4.425278186798096, "mode": "test", "epoch": 12}
{"loss": 1.0958536863327026, "acc": 0.5646598935127258, "length": 4.486464977264404, "mode": "train", "epoch": 13}
{"loss": 1.1920276880264282, "acc": 0.5296933054924011, "length": 4.388063907623291, "mode": "test", "epoch": 13}
{"loss": 0.9556821584701538, "acc": 0.627372682094574, "length": 4.625843048095703, "mode": "train", "epoch": 14}
{"loss": 1.060098648071289, "acc": 0.588493824005127, "length": 4.641726970672607, "mode": "test", "epoch": 14}
{"loss": 0.7817433476448059, "acc": 0.6824194192886353, "length": 4.778940677642822, "mode": "train", "epoch": 15}
{"loss": 0.9866156578063965, "acc": 0.618089497089386, "length": 4.715667247772217, "mode": "test", "epoch": 15}
{"loss": 0.6725232601165771, "acc": 0.718643307685852, "length": 4.849869728088379, "mode": "train", "epoch": 16}
{"loss": 0.8080138564109802, "acc": 0.6599921584129333, "length": 4.920297145843506, "mode": "test", "epoch": 16}
{"loss": 0.6131156086921692, "acc": 0.7402970194816589, "length": 4.882598400115967, "mode": "train", "epoch": 17}
{"loss": 0.7368717789649963, "acc": 0.6930064558982849, "length": 4.839715003967285, "mode": "test", "epoch": 17}
{"loss": 0.5483511686325073, "acc": 0.778292715549469, "length": 4.944466590881348, "mode": "train", "epoch": 18}
{"loss": 0.6609489321708679, "acc": 0.7355929017066956, "length": 4.973725318908691, "mode": "test", "epoch": 18}
{"loss": 0.477213054895401, "acc": 0.8126311302185059, "length": 4.974529266357422, "mode": "train", "epoch": 19}
{"loss": 0.622856616973877, "acc": 0.7613791823387146, "length": 4.999609470367432, "mode": "test", "epoch": 19}
{"loss": 0.4055395722389221, "acc": 0.8446359038352966, "length": 5.020000457763672, "mode": "train", "epoch": 20}
{"loss": 0.5529451370239258, "acc": 0.7882398962974548, "length": 5.008399963378906, "mode": "test", "epoch": 20}
{"loss": 0.3645585775375366, "acc": 0.8599789142608643, "length": 5.0188751220703125, "mode": "train", "epoch": 21}
{"loss": 0.4911975562572479, "acc": 0.8061144948005676, "length": 4.957022666931152, "mode": "test", "epoch": 21}
{"loss": 0.3192949891090393, "acc": 0.8767088055610657, "length": 5.0153889656066895, "mode": "train", "epoch": 22}
{"loss": 0.48956099152565, "acc": 0.8061144948005676, "length": 4.946669101715088, "mode": "test", "epoch": 22}
{"loss": 0.28777655959129333, "acc": 0.8888950347900391, "length": 5.053554534912109, "mode": "train", "epoch": 23}
{"loss": 0.4911852478981018, "acc": 0.8146122097969055, "length": 5.02588415145874, "mode": "test", "epoch": 23}
{"loss": 0.27868127822875977, "acc": 0.9002553820610046, "length": 5.065290451049805, "mode": "train", "epoch": 24}
{"loss": 0.4695717990398407, "acc": 0.8388357162475586, "length": 5.037409782409668, "mode": "test", "epoch": 24}
{"loss": 0.2309497594833374, "acc": 0.92571622133255, "length": 5.114281177520752, "mode": "train", "epoch": 25}
{"loss": 0.3817090690135956, "acc": 0.8756592869758606, "length": 5.147294521331787, "mode": "test", "epoch": 25}
{"loss": 0.17015910148620605, "acc": 0.953948974609375, "length": 5.1524176597595215, "mode": "train", "epoch": 26}
{"loss": 0.2594912350177765, "acc": 0.9174643754959106, "length": 5.1481733322143555, "mode": "test", "epoch": 26}
{"loss": 0.11395572125911713, "acc": 0.9717505574226379, "length": 5.18364953994751, "mode": "train", "epoch": 27}
{"loss": 0.26149073243141174, "acc": 0.923910915851593, "length": 5.232076644897461, "mode": "test", "epoch": 27}
{"loss": 0.10292179882526398, "acc": 0.9744099378585815, "length": 5.212160110473633, "mode": "train", "epoch": 28}
{"loss": 0.22699962556362152, "acc": 0.9304551482200623, "length": 5.207364559173584, "mode": "test", "epoch": 28}
{"loss": 0.08666422963142395, "acc": 0.979187548160553, "length": 5.215636253356934, "mode": "train", "epoch": 29}
{"loss": 0.20527048408985138, "acc": 0.938757598400116, "length": 5.2543463706970215, "mode": "test", "epoch": 29}
{"loss": 0.09087585657835007, "acc": 0.977931559085846, "length": 5.238948345184326, "mode": "train", "epoch": 30}
{"loss": 0.21187308430671692, "acc": 0.9346551895141602, "length": 5.1631178855896, "mode": "test", "epoch": 30}
{"loss": 0.07825137674808502, "acc": 0.9818341732025146, "length": 5.27269172668457, "mode": "train", "epoch": 31}
{"loss": 0.2805907428264618, "acc": 0.93338543176651, "length": 5.317249298095703, "mode": "test", "epoch": 31}
{"loss": 0.07195595651865005, "acc": 0.9830739498138428, "length": 5.278464317321777, "mode": "train", "epoch": 32}
{"loss": 0.177500918507576, "acc": 0.9485251307487488, "length": 5.287849426269531, "mode": "test", "epoch": 32}
{"loss": 0.053217563778162, "acc": 0.9877445101737976, "length": 5.311346530914307, "mode": "train", "epoch": 33}
{"loss": 0.14363202452659607, "acc": 0.9561437964439392, "length": 5.289900302886963, "mode": "test", "epoch": 33}
{"loss": 0.055395279079675674, "acc": 0.9863829612731934, "length": 5.291368007659912, "mode": "train", "epoch": 34}
{"loss": 0.1619972437620163, "acc": 0.9562414288520813, "length": 5.298202991485596, "mode": "test", "epoch": 34}
{"loss": 0.0718865767121315, "acc": 0.9830659031867981, "length": 5.330776214599609, "mode": "train", "epoch": 35}
{"loss": 0.16966621577739716, "acc": 0.955264687538147, "length": 5.288435459136963, "mode": "test", "epoch": 35}
{"loss": 0.05407782644033432, "acc": 0.9872221946716309, "length": 5.3094611167907715, "mode": "train", "epoch": 36}
{"loss": 0.11520598083734512, "acc": 0.9669857621192932, "length": 5.3034772872924805, "mode": "test", "epoch": 36}
{"loss": 0.047302912920713425, "acc": 0.9885545969009399, "length": 5.27903413772583, "mode": "train", "epoch": 37}
{"loss": 0.1712288111448288, "acc": 0.9518460631370544, "length": 5.27661657333374, "mode": "test", "epoch": 37}
{"loss": 0.08747176826000214, "acc": 0.9786125421524048, "length": 5.2872490882873535, "mode": "train", "epoch": 38}
{"loss": 0.207015261054039, "acc": 0.9438366889953613, "length": 5.252490520477295, "mode": "test", "epoch": 38}
{"loss": 0.06860474497079849, "acc": 0.9834831357002258, "length": 5.318577766418457, "mode": "train", "epoch": 39}
{"loss": 0.11839500814676285, "acc": 0.9665950536727905, "length": 5.321840286254883, "mode": "test", "epoch": 39}
{"loss": 0.05657225102186203, "acc": 0.9862273335456848, "length": 5.377495765686035, "mode": "train", "epoch": 40}
{"loss": 0.11037861555814743, "acc": 0.9726508855819702, "length": 5.3391289710998535, "mode": "test", "epoch": 40}
{"loss": 0.04252775385975838, "acc": 0.9900968074798584, "length": 5.3520894050598145, "mode": "train", "epoch": 41}
{"loss": 0.09008833765983582, "acc": 0.9744090437889099, "length": 5.403203964233398, "mode": "test", "epoch": 41}
{"loss": 0.04001883044838905, "acc": 0.9901432991027832, "length": 5.3511128425598145, "mode": "train", "epoch": 42}
{"loss": 0.0936935767531395, "acc": 0.976753294467926, "length": 5.349189281463623, "mode": "test", "epoch": 42}
{"loss": 0.03981462121009827, "acc": 0.9899715185165405, "length": 5.367144584655762, "mode": "train", "epoch": 43}
{"loss": 0.08506080508232117, "acc": 0.976753294467926, "length": 5.351924419403076, "mode": "test", "epoch": 43}
{"loss": 0.04526340961456299, "acc": 0.9889258742332458, "length": 5.407511234283447, "mode": "train", "epoch": 44}
{"loss": 0.14886407554149628, "acc": 0.959171712398529, "length": 5.367454528808594, "mode": "test", "epoch": 44}
{"loss": 0.041105400770902634, "acc": 0.9902103543281555, "length": 5.38474178314209, "mode": "train", "epoch": 45}
{"loss": 0.07826381921768188, "acc": 0.9802696108818054, "length": 5.361203193664551, "mode": "test", "epoch": 45}
{"loss": 0.051256414502859116, "acc": 0.9879001379013062, "length": 5.417028903961182, "mode": "train", "epoch": 46}
{"loss": 0.13995903730392456, "acc": 0.9657159447669983, "length": 5.501758098602295, "mode": "test", "epoch": 46}
{"loss": 0.0502772182226181, "acc": 0.9885542988777161, "length": 5.463201522827148, "mode": "train", "epoch": 47}
{"loss": 0.11957969516515732, "acc": 0.9684508442878723, "length": 5.438073635101318, "mode": "test", "epoch": 47}
{"loss": 0.03095206245779991, "acc": 0.9933247566223145, "length": 5.452465534210205, "mode": "train", "epoch": 48}
{"loss": 0.07831906527280807, "acc": 0.9831021428108215, "length": 5.427720069885254, "mode": "test", "epoch": 48}
{"loss": 0.03436697646975517, "acc": 0.9925133585929871, "length": 5.464287281036377, "mode": "train", "epoch": 49}
{"loss": 0.0683971717953682, "acc": 0.9822230935096741, "length": 5.407598972320557, "mode": "test", "epoch": 49}
{"loss": 0.04037804901599884, "acc": 0.9901666045188904, "length": 5.437346458435059, "mode": "train", "epoch": 50}
{"loss": 0.08247781544923782, "acc": 0.9784137606620789, "length": 5.3966593742370605, "mode": "test", "epoch": 50}
{"loss": 0.04377968609333038, "acc": 0.9897375106811523, "length": 5.434885501861572, "mode": "train", "epoch": 51}
{"loss": 0.0531466007232666, "acc": 0.9855440258979797, "length": 5.379663944244385, "mode": "test", "epoch": 51}
{"loss": 0.03012274205684662, "acc": 0.9926705956459045, "length": 5.448158264160156, "mode": "train", "epoch": 52}
{"loss": 0.06494662910699844, "acc": 0.9808556437492371, "length": 5.419613361358643, "mode": "test", "epoch": 52}
{"loss": 0.03205275908112526, "acc": 0.9924750328063965, "length": 5.467729568481445, "mode": "train", "epoch": 53}
{"loss": 0.07072373479604721, "acc": 0.9818323850631714, "length": 5.445985317230225, "mode": "test", "epoch": 53}
{"loss": 0.054322659969329834, "acc": 0.9874746799468994, "length": 5.452712535858154, "mode": "train", "epoch": 54}
{"loss": 0.07103047519922256, "acc": 0.9813439846038818, "length": 5.479878902435303, "mode": "test", "epoch": 54}
{"loss": 0.02974027395248413, "acc": 0.9935199618339539, "length": 5.505922794342041, "mode": "train", "epoch": 55}
{"loss": 0.04164911434054375, "acc": 0.9881812930107117, "length": 5.474506855010986, "mode": "test", "epoch": 55}
{"loss": 0.026384010910987854, "acc": 0.9940866231918335, "length": 5.443877696990967, "mode": "train", "epoch": 56}
{"loss": 0.04709896072745323, "acc": 0.9888650178909302, "length": 5.405548095703125, "mode": "test", "epoch": 56}
{"loss": 0.029599934816360474, "acc": 0.9935289025306702, "length": 5.4769673347473145, "mode": "train", "epoch": 57}
{"loss": 0.06781347095966339, "acc": 0.9827114939689636, "length": 5.454190254211426, "mode": "test", "epoch": 57}
{"loss": 0.037800852209329605, "acc": 0.9909675121307373, "length": 5.496395587921143, "mode": "train", "epoch": 58}
{"loss": 0.07894561439752579, "acc": 0.9794881939888, "length": 5.5546979904174805, "mode": "test", "epoch": 58}
{"loss": 0.035612575709819794, "acc": 0.9918305277824402, "length": 5.545086860656738, "mode": "train", "epoch": 59}
{"loss": 0.05325393006205559, "acc": 0.9854463934898376, "length": 5.5866379737854, "mode": "test", "epoch": 59}
{"loss": 0.04539880156517029, "acc": 0.9894424676895142, "length": 5.588356971740723, "mode": "train", "epoch": 60}
{"loss": 0.06332112103700638, "acc": 0.9839812517166138, "length": 5.613986968994141, "mode": "test", "epoch": 60}
test accuracy: 0.9809756278991699
