# ["--data_set_name=dim[4, 4, 4]_dist10-0_scale10_upsampleTrue_balancedFalse.ds", "--n_epochs=60", "--batch_size=32", "--learning_rate=0.001", "--hidden_size=128", "--temperature=1.5", "--temp_update=0.97", "--length_cost=0.0", "--vocab_size_factor=3"]
data loaded from: ../zoo/intentional_game/data/dim[4, 4, 4]_dist10-0_scale10_upsampleTrue_balancedFalse.ds

opts
 Namespace(batch_size=32, checkpoint_dir=None, checkpoint_freq=0, cuda=True, data_set_name='dim[4, 4, 4]_dist10-0_scale10_upsampleTrue_balancedFalse.ds', device=device(type='cuda'), distributed_context=DistributedContext(is_distributed=False, rank=0, local_rank=0, world_size=1, mode='none'), distributed_port=18363, fp16=False, hidden_size=128, learning_rate=0.001, length_cost=0.0, load_from_checkpoint=None, lr=0.01, max_len=1, mode='gs', n_epochs=60, no_cuda=False, optimizer='adam', preemptable=False, random_seed=1818927177, receiver_cell='gru', save_interaction_freq=0, sender_cell='gru', temp_update=0.97, temperature=1.5, tensorboard=False, tensorboard_dir='runs/', update_freq=1, validation_freq=1, vocab_size=10, vocab_size_factor=3)
{"loss": 2.4153151512145996, "acc": 0.08650031685829163, "length": 3.3235597610473633, "mode": "train", "epoch": 1}
{"loss": 2.393643856048584, "acc": 0.08877284824848175, "length": 1.0, "mode": "test", "epoch": 1}
{"loss": 2.396728515625, "acc": 0.09277921169996262, "length": 1.5488035678863525, "mode": "train", "epoch": 2}
{"loss": 2.3918237686157227, "acc": 0.08355091512203217, "length": 1.0966057777404785, "mode": "test", "epoch": 2}
{"loss": 2.3479154109954834, "acc": 0.11285992711782455, "length": 2.4534976482391357, "mode": "train", "epoch": 3}
{"loss": 2.2890007495880127, "acc": 0.1409921646118164, "length": 2.261096715927124, "mode": "test", "epoch": 3}
{"loss": 2.2655704021453857, "acc": 0.1697736233472824, "length": 2.632417917251587, "mode": "train", "epoch": 4}
{"loss": 2.147967576980591, "acc": 0.20887728035449982, "length": 2.522193193435669, "mode": "test", "epoch": 4}
{"loss": 2.1712796688079834, "acc": 0.19645707309246063, "length": 2.6742334365844727, "mode": "train", "epoch": 5}
{"loss": 2.153714179992676, "acc": 0.20626631379127502, "length": 2.4255874156951904, "mode": "test", "epoch": 5}
{"loss": 2.1108312606811523, "acc": 0.2282947450876236, "length": 2.5363264083862305, "mode": "train", "epoch": 6}
{"loss": 2.0942161083221436, "acc": 0.23498694598674774, "length": 2.420365571975708, "mode": "test", "epoch": 6}
{"loss": 2.0766854286193848, "acc": 0.22383533418178558, "length": 2.643991708755493, "mode": "train", "epoch": 7}
{"loss": 2.048006057739258, "acc": 0.2532637119293213, "length": 2.2454307079315186, "mode": "test", "epoch": 7}
{"loss": 2.0343105792999268, "acc": 0.24303044378757477, "length": 2.6210155487060547, "mode": "train", "epoch": 8}
{"loss": 2.008479118347168, "acc": 0.2558746635913849, "length": 2.5718016624450684, "mode": "test", "epoch": 8}
{"loss": 1.9439746141433716, "acc": 0.29764798283576965, "length": 2.635406970977783, "mode": "train", "epoch": 9}
{"loss": 1.8718408346176147, "acc": 0.34203654527664185, "length": 2.488250732421875, "mode": "test", "epoch": 9}
{"loss": 1.8283246755599976, "acc": 0.33619335293769836, "length": 2.6115000247955322, "mode": "train", "epoch": 10}
{"loss": 1.8000315427780151, "acc": 0.33942559361457825, "length": 2.522193193435669, "mode": "test", "epoch": 10}
{"loss": 1.7583861351013184, "acc": 0.37617313861846924, "length": 2.6077470779418945, "mode": "train", "epoch": 11}
{"loss": 1.7722878456115723, "acc": 0.36553525924682617, "length": 2.4621410369873047, "mode": "test", "epoch": 11}
{"loss": 1.7193357944488525, "acc": 0.36476853489875793, "length": 2.6204376220703125, "mode": "train", "epoch": 12}
{"loss": 1.7265466451644897, "acc": 0.37597912549972534, "length": 2.660574436187744, "mode": "test", "epoch": 12}
{"loss": 1.6938567161560059, "acc": 0.37933549284935, "length": 2.7091073989868164, "mode": "train", "epoch": 13}
{"loss": 1.6766680479049683, "acc": 0.41514360904693604, "length": 2.6657962799072266, "mode": "test", "epoch": 13}
{"loss": 1.6813663244247437, "acc": 0.3960001468658447, "length": 2.7096774578094482, "mode": "train", "epoch": 14}
{"loss": 1.7197164297103882, "acc": 0.37075719237327576, "length": 2.613577127456665, "mode": "test", "epoch": 14}
{"loss": 1.6481152772903442, "acc": 0.4082483947277069, "length": 2.7263264656066895, "mode": "train", "epoch": 15}
{"loss": 1.6584961414337158, "acc": 0.3890339434146881, "length": 2.6997389793395996, "mode": "test", "epoch": 15}
{"loss": 1.614537000656128, "acc": 0.41413286328315735, "length": 2.7787859439849854, "mode": "train", "epoch": 16}
{"loss": 1.62125563621521, "acc": 0.4255874752998352, "length": 2.702349901199341, "mode": "test", "epoch": 16}
{"loss": 1.5678530931472778, "acc": 0.4400090277194977, "length": 2.7700603008270264, "mode": "train", "epoch": 17}
{"loss": 1.6649140119552612, "acc": 0.3864229619503021, "length": 2.7676241397857666, "mode": "test", "epoch": 17}
{"loss": 1.5609135627746582, "acc": 0.4532831907272339, "length": 2.80539608001709, "mode": "train", "epoch": 18}
{"loss": 1.6190176010131836, "acc": 0.438642293214798, "length": 2.770235061645508, "mode": "test", "epoch": 18}
{"loss": 1.5521571636199951, "acc": 0.4721458852291107, "length": 2.7949330806732178, "mode": "train", "epoch": 19}
{"loss": 1.6273616552352905, "acc": 0.44386422634124756, "length": 2.8015666007995605, "mode": "test", "epoch": 19}
{"loss": 1.5160578489303589, "acc": 0.483083575963974, "length": 2.851210594177246, "mode": "train", "epoch": 20}
{"loss": 1.5936501026153564, "acc": 0.45430809259414673, "length": 2.728459596633911, "mode": "test", "epoch": 20}
{"loss": 1.4630756378173828, "acc": 0.49660545587539673, "length": 2.8326892852783203, "mode": "train", "epoch": 21}
{"loss": 1.648989200592041, "acc": 0.3916448950767517, "length": 2.7415144443511963, "mode": "test", "epoch": 21}
{"loss": 1.4756759405136108, "acc": 0.5003536343574524, "length": 2.897608757019043, "mode": "train", "epoch": 22}
{"loss": 1.5733757019042969, "acc": 0.47780677676200867, "length": 2.840731143951416, "mode": "test", "epoch": 22}
{"loss": 1.3696999549865723, "acc": 0.5283644199371338, "length": 2.905482292175293, "mode": "train", "epoch": 23}
{"loss": 1.5405611991882324, "acc": 0.5117493271827698, "length": 2.853785991668701, "mode": "test", "epoch": 23}
{"loss": 1.3272209167480469, "acc": 0.5481699109077454, "length": 2.913393020629883, "mode": "train", "epoch": 24}
{"loss": 1.4502427577972412, "acc": 0.5117493271827698, "length": 2.8590078353881836, "mode": "test", "epoch": 24}
{"loss": 1.2845836877822876, "acc": 0.5587737560272217, "length": 2.9506568908691406, "mode": "train", "epoch": 25}
{"loss": 1.3899898529052734, "acc": 0.5352480411529541, "length": 2.945169687271118, "mode": "test", "epoch": 25}
{"loss": 1.2539602518081665, "acc": 0.5583398342132568, "length": 2.994006633758545, "mode": "train", "epoch": 26}
{"loss": 1.3201606273651123, "acc": 0.5639686584472656, "length": 2.9712793827056885, "mode": "test", "epoch": 26}
{"loss": 1.20269775390625, "acc": 0.559332013130188, "length": 3.0104730129241943, "mode": "train", "epoch": 27}
{"loss": 1.3217437267303467, "acc": 0.5352480411529541, "length": 2.9712793827056885, "mode": "test", "epoch": 27}
{"loss": 1.1916732788085938, "acc": 0.5932734608650208, "length": 2.990442991256714, "mode": "train", "epoch": 28}
{"loss": 1.2351830005645752, "acc": 0.6057441234588623, "length": 2.986945152282715, "mode": "test", "epoch": 28}
{"loss": 1.1489871740341187, "acc": 0.603242814540863, "length": 3.0190579891204834, "mode": "train", "epoch": 29}
{"loss": 1.4664947986602783, "acc": 0.5430809259414673, "length": 2.7780678272247314, "mode": "test", "epoch": 29}
{"loss": 1.1657023429870605, "acc": 0.5908492803573608, "length": 2.969379186630249, "mode": "train", "epoch": 30}
{"loss": 1.2859760522842407, "acc": 0.5587467551231384, "length": 2.976501226425171, "mode": "test", "epoch": 30}
{"loss": 1.1063491106033325, "acc": 0.615402340888977, "length": 2.9778106212615967, "mode": "train", "epoch": 31}
{"loss": 1.2228134870529175, "acc": 0.5979112386703491, "length": 2.9268929958343506, "mode": "test", "epoch": 31}
{"loss": 1.0842515230178833, "acc": 0.6286895871162415, "length": 2.988649368286133, "mode": "train", "epoch": 32}
{"loss": 1.2244786024093628, "acc": 0.6187989711761475, "length": 2.953002691268921, "mode": "test", "epoch": 32}
{"loss": 1.0369406938552856, "acc": 0.6511492133140564, "length": 2.9967594146728516, "mode": "train", "epoch": 33}
{"loss": 1.2195841073989868, "acc": 0.6005222201347351, "length": 2.966057538986206, "mode": "test", "epoch": 33}
{"loss": 1.0387239456176758, "acc": 0.6485793590545654, "length": 2.995241165161133, "mode": "train", "epoch": 34}
{"loss": 1.1230852603912354, "acc": 0.6396867036819458, "length": 2.929503917694092, "mode": "test", "epoch": 34}
{"loss": 0.9991837739944458, "acc": 0.6637706160545349, "length": 2.9768104553222656, "mode": "train", "epoch": 35}
{"loss": 1.1908104419708252, "acc": 0.6161879897117615, "length": 2.9373369216918945, "mode": "test", "epoch": 35}
{"loss": 1.049128770828247, "acc": 0.6455535888671875, "length": 2.9742467403411865, "mode": "train", "epoch": 36}
{"loss": 1.2164552211761475, "acc": 0.6057441234588623, "length": 2.861618757247925, "mode": "test", "epoch": 36}
{"loss": 0.993536651134491, "acc": 0.6721950769424438, "length": 2.932485580444336, "mode": "train", "epoch": 37}
{"loss": 1.136169672012329, "acc": 0.644908607006073, "length": 2.934725761413574, "mode": "test", "epoch": 37}
{"loss": 0.9711436033248901, "acc": 0.6620038151741028, "length": 2.9656620025634766, "mode": "train", "epoch": 38}
{"loss": 1.189851999282837, "acc": 0.644908607006073, "length": 2.8485639095306396, "mode": "test", "epoch": 38}
{"loss": 1.009830355644226, "acc": 0.6567578911781311, "length": 2.9678714275360107, "mode": "train", "epoch": 39}
{"loss": 1.1935551166534424, "acc": 0.6396867036819458, "length": 3.002610921859741, "mode": "test", "epoch": 39}
{"loss": 1.0024863481521606, "acc": 0.652726948261261, "length": 3.042743444442749, "mode": "train", "epoch": 40}
{"loss": 1.10617995262146, "acc": 0.6579634547233582, "length": 2.934725761413574, "mode": "test", "epoch": 40}
{"loss": 0.985075831413269, "acc": 0.6705942153930664, "length": 2.968860149383545, "mode": "train", "epoch": 41}
{"loss": 1.1817240715026855, "acc": 0.647519588470459, "length": 2.9373369216918945, "mode": "test", "epoch": 41}
{"loss": 0.9247807264328003, "acc": 0.6874627470970154, "length": 2.975468873977661, "mode": "train", "epoch": 42}
{"loss": 1.1358592510223389, "acc": 0.644908607006073, "length": 2.885117530822754, "mode": "test", "epoch": 42}
{"loss": 0.9019584655761719, "acc": 0.6930333971977234, "length": 2.9865660667419434, "mode": "train", "epoch": 43}
{"loss": 1.1037644147872925, "acc": 0.6553524732589722, "length": 2.9686684608459473, "mode": "test", "epoch": 43}
{"loss": 0.9364222288131714, "acc": 0.6895167231559753, "length": 2.9836533069610596, "mode": "train", "epoch": 44}
{"loss": 1.1625752449035645, "acc": 0.6579634547233582, "length": 2.934725761413574, "mode": "test", "epoch": 44}
{"loss": 0.8710216879844666, "acc": 0.7087791562080383, "length": 2.9848320484161377, "mode": "train", "epoch": 45}
{"loss": 1.0522799491882324, "acc": 0.6527414917945862, "length": 2.919059991836548, "mode": "test", "epoch": 45}
{"loss": 0.893819272518158, "acc": 0.6958837509155273, "length": 2.99094295501709, "mode": "train", "epoch": 46}
{"loss": 0.9593292474746704, "acc": 0.6919060349464417, "length": 2.921670913696289, "mode": "test", "epoch": 46}
{"loss": 0.8602479100227356, "acc": 0.7140454053878784, "length": 3.0000433921813965, "mode": "train", "epoch": 47}
{"loss": 1.1016099452972412, "acc": 0.6840730905532837, "length": 2.953002691268921, "mode": "test", "epoch": 47}
{"loss": 0.8560386896133423, "acc": 0.7144259810447693, "length": 2.9964864253997803, "mode": "train", "epoch": 48}
{"loss": 0.921230673789978, "acc": 0.6971279382705688, "length": 2.942558765411377, "mode": "test", "epoch": 48}
{"loss": 0.9707930088043213, "acc": 0.6882686614990234, "length": 3.000544309616089, "mode": "train", "epoch": 49}
{"loss": 1.0476672649383545, "acc": 0.6710183024406433, "length": 2.9138381481170654, "mode": "test", "epoch": 49}
{"loss": 0.8598413467407227, "acc": 0.6983237862586975, "length": 2.9941039085388184, "mode": "train", "epoch": 50}
{"loss": 0.9404557943344116, "acc": 0.710182785987854, "length": 2.9634463787078857, "mode": "test", "epoch": 50}
{"loss": 0.833214521408081, "acc": 0.7283132076263428, "length": 3.0071845054626465, "mode": "train", "epoch": 51}
{"loss": 0.9691334962844849, "acc": 0.6971279382705688, "length": 2.9399478435516357, "mode": "test", "epoch": 51}
{"loss": 0.8534348607063293, "acc": 0.7232047319412231, "length": 2.980708599090576, "mode": "train", "epoch": 52}
{"loss": 1.0666292905807495, "acc": 0.6605744361877441, "length": 2.9060051441192627, "mode": "test", "epoch": 52}
{"loss": 0.9894575476646423, "acc": 0.6881483793258667, "length": 2.9866747856140137, "mode": "train", "epoch": 53}
{"loss": 1.033914566040039, "acc": 0.6762402057647705, "length": 2.955613613128662, "mode": "test", "epoch": 53}
{"loss": 0.9929121136665344, "acc": 0.6894961595535278, "length": 3.0121867656707764, "mode": "train", "epoch": 54}
{"loss": 1.0187071561813354, "acc": 0.6971279382705688, "length": 2.986945152282715, "mode": "test", "epoch": 54}
{"loss": 0.859086811542511, "acc": 0.7286821007728577, "length": 3.029884099960327, "mode": "train", "epoch": 55}
{"loss": 1.0047028064727783, "acc": 0.6971279382705688, "length": 2.966057538986206, "mode": "test", "epoch": 55}
{"loss": 0.8351147770881653, "acc": 0.7300583720207214, "length": 3.017462730407715, "mode": "train", "epoch": 56}
{"loss": 0.9947918653488159, "acc": 0.7154046893119812, "length": 2.921670913696289, "mode": "test", "epoch": 56}
{"loss": 0.8041943311691284, "acc": 0.7330839037895203, "length": 2.99311900138855, "mode": "train", "epoch": 57}
{"loss": 1.0096782445907593, "acc": 0.7180156707763672, "length": 2.966057538986206, "mode": "test", "epoch": 57}
{"loss": 0.7744023203849792, "acc": 0.7543929219245911, "length": 2.9950549602508545, "mode": "train", "epoch": 58}
{"loss": 1.006476879119873, "acc": 0.7127937078475952, "length": 2.8798954486846924, "mode": "test", "epoch": 58}
{"loss": 0.8015829920768738, "acc": 0.7460944056510925, "length": 3.003997802734375, "mode": "train", "epoch": 59}
{"loss": 0.978801965713501, "acc": 0.704960823059082, "length": 2.9164490699768066, "mode": "test", "epoch": 59}
{"loss": 0.8230991363525391, "acc": 0.7371601462364197, "length": 3.0122199058532715, "mode": "train", "epoch": 60}
{"loss": 0.9560951590538025, "acc": 0.6945169568061829, "length": 2.9608354568481445, "mode": "test", "epoch": 60}
test accuracy: 0.39743590354919434
