# ["--data_set_name=dim[4, 4, 4, 4, 4]_dist10-0_scale10_upsampleTrue_balancedFalse.ds", "--n_epochs=60", "--batch_size=128", "--learning_rate=0.0005", "--hidden_size=128", "--temperature=1.5", "--temp_update=0.99", "--length_cost=0.0", "--vocab_size_factor=3"]
data loaded from: ../zoo/intentional_game/data/dim[4, 4, 4, 4, 4]_dist10-0_scale10_upsampleTrue_balancedFalse.ds

opts
 Namespace(batch_size=128, checkpoint_dir=None, checkpoint_freq=0, cuda=True, data_set_name='dim[4, 4, 4, 4, 4]_dist10-0_scale10_upsampleTrue_balancedFalse.ds', device=device(type='cuda'), distributed_context=DistributedContext(is_distributed=False, rank=0, local_rank=0, world_size=1, mode='none'), distributed_port=18363, fp16=False, hidden_size=128, learning_rate=0.0005, length_cost=0.0, load_from_checkpoint=None, lr=0.01, max_len=1, mode='gs', n_epochs=60, no_cuda=False, optimizer='adam', preemptable=False, random_seed=1834727287, receiver_cell='gru', save_interaction_freq=0, sender_cell='gru', temp_update=0.99, temperature=1.5, tensorboard=False, tensorboard_dir='runs/', update_freq=1, validation_freq=1, vocab_size=10, vocab_size_factor=3)
{"loss": 2.382211685180664, "acc": 0.07640866190195084, "length": 2.7835676670074463, "mode": "train", "epoch": 1}
{"loss": 2.349691152572632, "acc": 0.09552647173404694, "length": 1.7255322933197021, "mode": "test", "epoch": 1}
{"loss": 2.2860493659973145, "acc": 0.11587116122245789, "length": 2.678396463394165, "mode": "train", "epoch": 2}
{"loss": 2.266889810562134, "acc": 0.11681969463825226, "length": 2.6422152519226074, "mode": "test", "epoch": 2}
{"loss": 2.2024643421173096, "acc": 0.1371130496263504, "length": 3.1723897457122803, "mode": "train", "epoch": 3}
{"loss": 2.165600061416626, "acc": 0.14358273148536682, "length": 3.203946113586426, "mode": "test", "epoch": 3}
{"loss": 2.096851348876953, "acc": 0.16256622970104218, "length": 3.5230588912963867, "mode": "train", "epoch": 4}
{"loss": 2.103364944458008, "acc": 0.15442469716072083, "length": 3.5068373680114746, "mode": "test", "epoch": 4}
{"loss": 2.013119697570801, "acc": 0.18399694561958313, "length": 3.7791311740875244, "mode": "train", "epoch": 5}
{"loss": 2.0264365673065186, "acc": 0.17757374048233032, "length": 3.823012351989746, "mode": "test", "epoch": 5}
{"loss": 1.9432429075241089, "acc": 0.19917674362659454, "length": 3.9930615425109863, "mode": "train", "epoch": 6}
{"loss": 1.969194769859314, "acc": 0.1909552663564682, "length": 3.9745068550109863, "mode": "test", "epoch": 6}
{"loss": 1.9040189981460571, "acc": 0.2047956883907318, "length": 4.06254768371582, "mode": "train", "epoch": 7}
{"loss": 1.9355405569076538, "acc": 0.1975971907377243, "length": 4.016213893890381, "mode": "test", "epoch": 7}
{"loss": 1.8819599151611328, "acc": 0.21079404652118683, "length": 4.094602584838867, "mode": "train", "epoch": 8}
{"loss": 1.9029346704483032, "acc": 0.20365305244922638, "length": 4.109591484069824, "mode": "test", "epoch": 8}
{"loss": 1.8668463230133057, "acc": 0.21651092171669006, "length": 4.126788139343262, "mode": "train", "epoch": 9}
{"loss": 1.8951343297958374, "acc": 0.21156476438045502, "length": 4.0893731117248535, "mode": "test", "epoch": 9}
{"loss": 1.8554702997207642, "acc": 0.22584526240825653, "length": 4.1343793869018555, "mode": "train", "epoch": 10}
{"loss": 1.8724435567855835, "acc": 0.221820667386055, "length": 4.073354244232178, "mode": "test", "epoch": 10}
{"loss": 1.8440656661987305, "acc": 0.23602911829948425, "length": 4.135357856750488, "mode": "train", "epoch": 11}
{"loss": 1.8580551147460938, "acc": 0.22650907933712006, "length": 4.110764026641846, "mode": "test", "epoch": 11}
{"loss": 1.828173041343689, "acc": 0.24938741326332092, "length": 4.165788650512695, "mode": "train", "epoch": 12}
{"loss": 1.8526477813720703, "acc": 0.23979292809963226, "length": 4.118772983551025, "mode": "test", "epoch": 12}
{"loss": 1.8012539148330688, "acc": 0.26600363850593567, "length": 4.232069969177246, "mode": "train", "epoch": 13}
{"loss": 1.8170232772827148, "acc": 0.25952333211898804, "length": 4.237644195556641, "mode": "test", "epoch": 13}
{"loss": 1.765984296798706, "acc": 0.2845868468284607, "length": 4.326150894165039, "mode": "train", "epoch": 14}
{"loss": 1.7854814529418945, "acc": 0.2700722813606262, "length": 4.3089470863342285, "mode": "test", "epoch": 14}
{"loss": 1.733685851097107, "acc": 0.2956974506378174, "length": 4.3725481033325195, "mode": "train", "epoch": 15}
{"loss": 1.7577170133590698, "acc": 0.2791560888290405, "length": 4.369408130645752, "mode": "test", "epoch": 15}
{"loss": 1.709753394126892, "acc": 0.3030296862125397, "length": 4.390402793884277, "mode": "train", "epoch": 16}
{"loss": 1.7269976139068604, "acc": 0.29488182067871094, "length": 4.454385757446289, "mode": "test", "epoch": 16}
{"loss": 1.6675058603286743, "acc": 0.32197239995002747, "length": 4.437565803527832, "mode": "train", "epoch": 17}
{"loss": 1.692877173423767, "acc": 0.2961515784263611, "length": 4.420980453491211, "mode": "test", "epoch": 17}
{"loss": 1.6312592029571533, "acc": 0.33404701948165894, "length": 4.442513465881348, "mode": "train", "epoch": 18}
{"loss": 1.672713279724121, "acc": 0.31138893961906433, "length": 4.4173665046691895, "mode": "test", "epoch": 18}
{"loss": 1.6106951236724854, "acc": 0.34873995184898376, "length": 4.488236427307129, "mode": "train", "epoch": 19}
{"loss": 1.6515966653823853, "acc": 0.3202773928642273, "length": 4.532330513000488, "mode": "test", "epoch": 19}
{"loss": 1.5938774347305298, "acc": 0.35162389278411865, "length": 4.511955261230469, "mode": "train", "epoch": 20}
{"loss": 1.649947166442871, "acc": 0.3251611590385437, "length": 4.474018573760986, "mode": "test", "epoch": 20}
{"loss": 1.5779424905776978, "acc": 0.3595758378505707, "length": 4.516512870788574, "mode": "train", "epoch": 21}
{"loss": 1.631281852722168, "acc": 0.32887282967567444, "length": 4.434459686279297, "mode": "test", "epoch": 21}
{"loss": 1.5590254068374634, "acc": 0.3704632520675659, "length": 4.5262980461120605, "mode": "train", "epoch": 22}
{"loss": 1.6044872999191284, "acc": 0.34147295355796814, "length": 4.536334991455078, "mode": "test", "epoch": 22}
{"loss": 1.5455108880996704, "acc": 0.37488946318626404, "length": 4.543118476867676, "mode": "train", "epoch": 23}
{"loss": 1.584923505783081, "acc": 0.3499706983566284, "length": 4.530670166015625, "mode": "test", "epoch": 23}
{"loss": 1.5255084037780762, "acc": 0.3869514763355255, "length": 4.544777870178223, "mode": "train", "epoch": 24}
{"loss": 1.6068003177642822, "acc": 0.34733346104621887, "length": 4.571205139160156, "mode": "test", "epoch": 24}
{"loss": 1.5125371217727661, "acc": 0.39460378885269165, "length": 4.5609283447265625, "mode": "train", "epoch": 25}
{"loss": 1.5807455778121948, "acc": 0.3584684431552887, "length": 4.554893493652344, "mode": "test", "epoch": 25}
{"loss": 1.494515299797058, "acc": 0.40171709656715393, "length": 4.549988269805908, "mode": "train", "epoch": 26}
{"loss": 1.5587314367294312, "acc": 0.3674545884132385, "length": 4.5167999267578125, "mode": "test", "epoch": 26}
{"loss": 1.4776287078857422, "acc": 0.4106558859348297, "length": 4.555479526519775, "mode": "train", "epoch": 27}
{"loss": 1.5410293340682983, "acc": 0.3812268078327179, "length": 4.528326034545898, "mode": "test", "epoch": 27}
{"loss": 1.461145281791687, "acc": 0.41742515563964844, "length": 4.556610584259033, "mode": "train", "epoch": 28}
{"loss": 1.5331283807754517, "acc": 0.3808360993862152, "length": 4.568079471588135, "mode": "test", "epoch": 28}
{"loss": 1.4505456686019897, "acc": 0.42361918091773987, "length": 4.551860332489014, "mode": "train", "epoch": 29}
{"loss": 1.5235203504562378, "acc": 0.38591521978378296, "length": 4.555284023284912, "mode": "test", "epoch": 29}
{"loss": 1.4283794164657593, "acc": 0.43530288338661194, "length": 4.575516223907471, "mode": "train", "epoch": 30}
{"loss": 1.50115168094635, "acc": 0.3966594934463501, "length": 4.590642929077148, "mode": "test", "epoch": 30}
{"loss": 1.414231777191162, "acc": 0.4425911605358124, "length": 4.59262752532959, "mode": "train", "epoch": 31}
{"loss": 1.5093094110488892, "acc": 0.39333853125572205, "length": 4.586247444152832, "mode": "test", "epoch": 31}
{"loss": 1.3974515199661255, "acc": 0.4463909864425659, "length": 4.61486291885376, "mode": "train", "epoch": 32}
{"loss": 1.4860318899154663, "acc": 0.40935730934143066, "length": 4.559581756591797, "mode": "test", "epoch": 32}
{"loss": 1.3697422742843628, "acc": 0.46534445881843567, "length": 4.627202033996582, "mode": "train", "epoch": 33}
{"loss": 1.4432142972946167, "acc": 0.422543466091156, "length": 4.633033752441406, "mode": "test", "epoch": 33}
{"loss": 1.3321778774261475, "acc": 0.47830280661582947, "length": 4.647151947021484, "mode": "train", "epoch": 34}
{"loss": 1.4121745824813843, "acc": 0.43680405616760254, "length": 4.606270790100098, "mode": "test", "epoch": 34}
{"loss": 1.3038111925125122, "acc": 0.4917445480823517, "length": 4.665332794189453, "mode": "train", "epoch": 35}
{"loss": 1.4044671058654785, "acc": 0.4387575685977936, "length": 4.717229843139648, "mode": "test", "epoch": 35}
{"loss": 1.2615766525268555, "acc": 0.5047928094863892, "length": 4.69344425201416, "mode": "train", "epoch": 36}
{"loss": 1.3369054794311523, "acc": 0.46415314078330994, "length": 4.659503936767578, "mode": "test", "epoch": 36}
{"loss": 1.2367340326309204, "acc": 0.5147396922111511, "length": 4.716858386993408, "mode": "train", "epoch": 37}
{"loss": 1.325060248374939, "acc": 0.4729439318180084, "length": 4.677671432495117, "mode": "test", "epoch": 37}
{"loss": 1.2034220695495605, "acc": 0.5291749238967896, "length": 4.716175556182861, "mode": "train", "epoch": 38}
{"loss": 1.2795236110687256, "acc": 0.4909161925315857, "length": 4.719281196594238, "mode": "test", "epoch": 38}
{"loss": 1.1772716045379639, "acc": 0.5408927798271179, "length": 4.72624397277832, "mode": "train", "epoch": 39}
{"loss": 1.260676622390747, "acc": 0.5016604661941528, "length": 4.725532531738281, "mode": "test", "epoch": 39}
{"loss": 1.145782709121704, "acc": 0.5520558953285217, "length": 4.7271952629089355, "mode": "train", "epoch": 40}
{"loss": 1.2356728315353394, "acc": 0.511037290096283, "length": 4.7097086906433105, "mode": "test", "epoch": 40}
{"loss": 1.133750081062317, "acc": 0.5570395588874817, "length": 4.741781711578369, "mode": "train", "epoch": 41}
{"loss": 1.2471879720687866, "acc": 0.512209415435791, "length": 4.695350646972656, "mode": "test", "epoch": 41}
{"loss": 1.1107620000839233, "acc": 0.5678550601005554, "length": 4.7691426277160645, "mode": "train", "epoch": 42}
{"loss": 1.2245677709579468, "acc": 0.5200234651565552, "length": 4.752686023712158, "mode": "test", "epoch": 42}
{"loss": 1.1027826070785522, "acc": 0.56550532579422, "length": 4.764897346496582, "mode": "train", "epoch": 43}
{"loss": 1.2159521579742432, "acc": 0.5192420482635498, "length": 4.804161071777344, "mode": "test", "epoch": 43}
{"loss": 1.0803025960922241, "acc": 0.5774134397506714, "length": 4.7563300132751465, "mode": "train", "epoch": 44}
{"loss": 1.1944977045059204, "acc": 0.5234420895576477, "length": 4.747313976287842, "mode": "test", "epoch": 44}
{"loss": 1.0663540363311768, "acc": 0.5856296420097351, "length": 4.765474796295166, "mode": "train", "epoch": 45}
{"loss": 1.1799982786178589, "acc": 0.5319398045539856, "length": 4.772514343261719, "mode": "test", "epoch": 45}
{"loss": 1.0596158504486084, "acc": 0.5872669219970703, "length": 4.773460865020752, "mode": "train", "epoch": 46}
{"loss": 1.167756199836731, "acc": 0.5332096219062805, "length": 4.740574359893799, "mode": "test", "epoch": 46}
{"loss": 1.0419336557388306, "acc": 0.5942881107330322, "length": 4.768089294433594, "mode": "train", "epoch": 47}
{"loss": 1.1594977378845215, "acc": 0.5384840965270996, "length": 4.791072368621826, "mode": "test", "epoch": 47}
{"loss": 1.0284944772720337, "acc": 0.5958600640296936, "length": 4.7688446044921875, "mode": "train", "epoch": 48}
{"loss": 1.1410415172576904, "acc": 0.5416097044944763, "length": 4.785798072814941, "mode": "test", "epoch": 48}
{"loss": 1.0172315835952759, "acc": 0.6037319302558899, "length": 4.7707600593566895, "mode": "train", "epoch": 49}
{"loss": 1.1378506422042847, "acc": 0.5485446453094482, "length": 4.774174690246582, "mode": "test", "epoch": 49}
{"loss": 1.0082300901412964, "acc": 0.6064888834953308, "length": 4.760419845581055, "mode": "train", "epoch": 50}
{"loss": 1.1347953081130981, "acc": 0.5422934293746948, "length": 4.765969753265381, "mode": "test", "epoch": 50}
{"loss": 0.9941955804824829, "acc": 0.6145583391189575, "length": 4.77872371673584, "mode": "train", "epoch": 51}
{"loss": 1.1163113117218018, "acc": 0.5593866109848022, "length": 4.75678825378418, "mode": "test", "epoch": 51}
{"loss": 0.9852712154388428, "acc": 0.616541862487793, "length": 4.770381927490234, "mode": "train", "epoch": 52}
{"loss": 1.121795654296875, "acc": 0.5607540607452393, "length": 4.783746719360352, "mode": "test", "epoch": 52}
{"loss": 0.9913726449012756, "acc": 0.6166216731071472, "length": 4.789432048797607, "mode": "train", "epoch": 53}
{"loss": 1.1049926280975342, "acc": 0.5642703771591187, "length": 4.757765293121338, "mode": "test", "epoch": 53}
{"loss": 0.9687978625297546, "acc": 0.6237205266952515, "length": 4.79592752456665, "mode": "train", "epoch": 54}
{"loss": 1.0912060737609863, "acc": 0.5683727264404297, "length": 4.802793502807617, "mode": "test", "epoch": 54}
{"loss": 0.9515548348426819, "acc": 0.631803035736084, "length": 4.811610221862793, "mode": "train", "epoch": 55}
{"loss": 1.0829278230667114, "acc": 0.5696424841880798, "length": 4.821840286254883, "mode": "test", "epoch": 55}
{"loss": 0.9431912302970886, "acc": 0.6357093453407288, "length": 4.810920715332031, "mode": "train", "epoch": 56}
{"loss": 1.1078451871871948, "acc": 0.5717913508415222, "length": 4.787360668182373, "mode": "test", "epoch": 56}
{"loss": 0.9449738264083862, "acc": 0.6369885802268982, "length": 4.821946144104004, "mode": "train", "epoch": 57}
{"loss": 1.0610995292663574, "acc": 0.5857589244842529, "length": 4.794393539428711, "mode": "test", "epoch": 57}
{"loss": 0.9235565066337585, "acc": 0.6470004320144653, "length": 4.8167338371276855, "mode": "train", "epoch": 58}
{"loss": 1.0548688173294067, "acc": 0.5924985408782959, "length": 4.792146682739258, "mode": "test", "epoch": 58}
{"loss": 0.9111266732215881, "acc": 0.6527571082115173, "length": 4.81429386138916, "mode": "train", "epoch": 59}
{"loss": 1.0676971673965454, "acc": 0.5895682573318481, "length": 4.805723667144775, "mode": "test", "epoch": 59}
{"loss": 0.9069170951843262, "acc": 0.6528816223144531, "length": 4.825124740600586, "mode": "train", "epoch": 60}
{"loss": 1.0417767763137817, "acc": 0.5921078324317932, "length": 4.836296081542969, "mode": "test", "epoch": 60}
test accuracy: 0.5383414626121521
