# ["--data_set_name=dim[4, 4, 4, 4, 4]_dist10-0_scale10_upsampleTrue_balancedFalse.ds", "--n_epochs=60", "--batch_size=128", "--learning_rate=0.0005", "--hidden_size=256", "--temperature=1.5", "--temp_update=0.99", "--length_cost=0.0", "--vocab_size_factor=3"]
data loaded from: ../zoo/intentional_game/data/dim[4, 4, 4, 4, 4]_dist10-0_scale10_upsampleTrue_balancedFalse.ds

opts
 Namespace(batch_size=128, checkpoint_dir=None, checkpoint_freq=0, cuda=True, data_set_name='dim[4, 4, 4, 4, 4]_dist10-0_scale10_upsampleTrue_balancedFalse.ds', device=device(type='cuda'), distributed_context=DistributedContext(is_distributed=False, rank=0, local_rank=0, world_size=1, mode='none'), distributed_port=18363, fp16=False, hidden_size=256, learning_rate=0.0005, length_cost=0.0, load_from_checkpoint=None, lr=0.01, max_len=1, mode='gs', n_epochs=60, no_cuda=False, optimizer='adam', preemptable=False, random_seed=1583639243, receiver_cell='gru', save_interaction_freq=0, sender_cell='gru', temp_update=0.99, temperature=1.5, tensorboard=False, tensorboard_dir='runs/', update_freq=1, validation_freq=1, vocab_size=10, vocab_size_factor=3)
{"loss": 2.373702049255371, "acc": 0.07902602851390839, "length": 1.9917014837265015, "mode": "train", "epoch": 1}
{"loss": 2.3172707557678223, "acc": 0.09943348169326782, "length": 2.0564563274383545, "mode": "test", "epoch": 1}
{"loss": 2.2278218269348145, "acc": 0.1254042387008667, "length": 2.8317129611968994, "mode": "train", "epoch": 2}
{"loss": 2.2139854431152344, "acc": 0.13479195535182953, "length": 3.0472748279571533, "mode": "test", "epoch": 2}
{"loss": 2.104724407196045, "acc": 0.15148261189460754, "length": 3.2720446586608887, "mode": "train", "epoch": 3}
{"loss": 2.078348398208618, "acc": 0.15852706134319305, "length": 3.577554225921631, "mode": "test", "epoch": 3}
{"loss": 1.9593135118484497, "acc": 0.20935194194316864, "length": 3.611389398574829, "mode": "train", "epoch": 4}
{"loss": 1.9190205335617065, "acc": 0.22816956043243408, "length": 3.706094980239868, "mode": "test", "epoch": 4}
{"loss": 1.7781288623809814, "acc": 0.27961790561676025, "length": 3.982814073562622, "mode": "train", "epoch": 5}
{"loss": 1.7440969944000244, "acc": 0.27134206891059875, "length": 4.0858564376831055, "mode": "test", "epoch": 5}
{"loss": 1.6668308973312378, "acc": 0.2939937710762024, "length": 4.122025489807129, "mode": "train", "epoch": 6}
{"loss": 1.685049057006836, "acc": 0.28257471323013306, "length": 4.132936000823975, "mode": "test", "epoch": 6}
{"loss": 1.609391212463379, "acc": 0.3249660134315491, "length": 4.157349586486816, "mode": "train", "epoch": 7}
{"loss": 1.6282074451446533, "acc": 0.32350069284439087, "length": 4.193299293518066, "mode": "test", "epoch": 7}
{"loss": 1.542721152305603, "acc": 0.3613918125629425, "length": 4.203930377960205, "mode": "train", "epoch": 8}
{"loss": 1.5691287517547607, "acc": 0.3465520739555359, "length": 4.25483512878418, "mode": "test", "epoch": 8}
{"loss": 1.484062671661377, "acc": 0.39237672090530396, "length": 4.263034820556641, "mode": "train", "epoch": 9}
{"loss": 1.56409752368927, "acc": 0.35798007249832153, "length": 4.257667541503906, "mode": "test", "epoch": 9}
{"loss": 1.4285622835159302, "acc": 0.40985482931137085, "length": 4.281230449676514, "mode": "train", "epoch": 10}
{"loss": 1.474724292755127, "acc": 0.39607346057891846, "length": 4.278862953186035, "mode": "test", "epoch": 10}
{"loss": 1.373694658279419, "acc": 0.42734295129776, "length": 4.2904510498046875, "mode": "train", "epoch": 11}
{"loss": 1.43598210811615, "acc": 0.41189685463905334, "length": 4.311486721038818, "mode": "test", "epoch": 11}
{"loss": 1.3211228847503662, "acc": 0.45367708802223206, "length": 4.301114559173584, "mode": "train", "epoch": 12}
{"loss": 1.3822165727615356, "acc": 0.42801329493522644, "length": 4.312756538391113, "mode": "test", "epoch": 12}
{"loss": 1.27269446849823, "acc": 0.46933338046073914, "length": 4.31320858001709, "mode": "train", "epoch": 13}
{"loss": 1.3439769744873047, "acc": 0.4474506676197052, "length": 4.315002918243408, "mode": "test", "epoch": 13}
{"loss": 1.2274885177612305, "acc": 0.4899121820926666, "length": 4.327479362487793, "mode": "train", "epoch": 14}
{"loss": 1.3202027082443237, "acc": 0.458585649728775, "length": 4.310607433319092, "mode": "test", "epoch": 14}
{"loss": 1.1820459365844727, "acc": 0.5097761750221252, "length": 4.361843585968018, "mode": "train", "epoch": 15}
{"loss": 1.273419976234436, "acc": 0.4727485775947571, "length": 4.3984174728393555, "mode": "test", "epoch": 15}
{"loss": 1.1264100074768066, "acc": 0.5391432046890259, "length": 4.401872634887695, "mode": "train", "epoch": 16}
{"loss": 1.2069240808486938, "acc": 0.5077163577079773, "length": 4.388649940490723, "mode": "test", "epoch": 16}
{"loss": 1.0589457750320435, "acc": 0.574142575263977, "length": 4.435477256774902, "mode": "train", "epoch": 17}
{"loss": 1.1506341695785522, "acc": 0.5378003716468811, "length": 4.462981224060059, "mode": "test", "epoch": 17}
{"loss": 0.9887981414794922, "acc": 0.6067951917648315, "length": 4.4953227043151855, "mode": "train", "epoch": 18}
{"loss": 1.0975828170776367, "acc": 0.5712053179740906, "length": 4.4841766357421875, "mode": "test", "epoch": 18}
{"loss": 0.9167760610580444, "acc": 0.641514778137207, "length": 4.58219051361084, "mode": "train", "epoch": 19}
{"loss": 0.9904813766479492, "acc": 0.6149638891220093, "length": 4.769095420837402, "mode": "test", "epoch": 19}
{"loss": 0.7831628918647766, "acc": 0.7042487859725952, "length": 4.7416863441467285, "mode": "train", "epoch": 20}
{"loss": 0.8898458480834961, "acc": 0.6687829494476318, "length": 4.790388584136963, "mode": "test", "epoch": 20}
{"loss": 0.6969678997993469, "acc": 0.7475831508636475, "length": 4.860595703125, "mode": "train", "epoch": 21}
{"loss": 0.8296238780021667, "acc": 0.6949599385261536, "length": 4.843621730804443, "mode": "test", "epoch": 21}
{"loss": 0.6049768328666687, "acc": 0.7841699123382568, "length": 4.88705587387085, "mode": "train", "epoch": 22}
{"loss": 0.7362350821495056, "acc": 0.7380347847938538, "length": 4.968353271484375, "mode": "test", "epoch": 22}
{"loss": 0.5290133357048035, "acc": 0.815101146697998, "length": 4.949977397918701, "mode": "train", "epoch": 23}
{"loss": 0.6594505310058594, "acc": 0.7656769156455994, "length": 4.996288299560547, "mode": "test", "epoch": 23}
{"loss": 0.454271137714386, "acc": 0.8479319214820862, "length": 4.998936653137207, "mode": "train", "epoch": 24}
{"loss": 0.5787835717201233, "acc": 0.8055284023284912, "length": 5.043660640716553, "mode": "test", "epoch": 24}
{"loss": 0.36781394481658936, "acc": 0.8813283443450928, "length": 5.017323017120361, "mode": "train", "epoch": 25}
{"loss": 0.5380984544754028, "acc": 0.8155890107154846, "length": 5.081949710845947, "mode": "test", "epoch": 25}
{"loss": 0.3223300576210022, "acc": 0.8992171883583069, "length": 5.0591254234313965, "mode": "train", "epoch": 26}
{"loss": 0.4467201232910156, "acc": 0.8482125401496887, "length": 5.076186656951904, "mode": "test", "epoch": 26}
{"loss": 0.2740938663482666, "acc": 0.9158634543418884, "length": 5.1164231300354, "mode": "train", "epoch": 27}
{"loss": 0.4221222996711731, "acc": 0.8606172800064087, "length": 5.077456474304199, "mode": "test", "epoch": 27}
{"loss": 0.25870224833488464, "acc": 0.9185181856155396, "length": 5.132043838500977, "mode": "train", "epoch": 28}
{"loss": 0.4202500879764557, "acc": 0.8676499128341675, "length": 5.212639331817627, "mode": "test", "epoch": 28}
{"loss": 0.2104468196630478, "acc": 0.9389050006866455, "length": 5.148120403289795, "mode": "train", "epoch": 29}
{"loss": 0.3641567826271057, "acc": 0.892752468585968, "length": 5.196620464324951, "mode": "test", "epoch": 29}
{"loss": 0.161697119474411, "acc": 0.9542380571365356, "length": 5.165506839752197, "mode": "train", "epoch": 30}
{"loss": 0.3150368332862854, "acc": 0.9067200422286987, "length": 5.229830265045166, "mode": "test", "epoch": 30}
{"loss": 0.1374340057373047, "acc": 0.9627217054367065, "length": 5.206604480743408, "mode": "train", "epoch": 31}
{"loss": 0.2643081247806549, "acc": 0.9173666834831238, "length": 5.157745838165283, "mode": "test", "epoch": 31}
{"loss": 0.13122761249542236, "acc": 0.96592777967453, "length": 5.193724632263184, "mode": "train", "epoch": 32}
{"loss": 0.2826468050479889, "acc": 0.919808566570282, "length": 5.263332843780518, "mode": "test", "epoch": 32}
{"loss": 0.11644168943166733, "acc": 0.9691604375839233, "length": 5.203423500061035, "mode": "train", "epoch": 33}
{"loss": 0.30689042806625366, "acc": 0.9067200422286987, "length": 5.2109785079956055, "mode": "test", "epoch": 33}
{"loss": 0.105705127120018, "acc": 0.9734373092651367, "length": 5.196956634521484, "mode": "train", "epoch": 34}
{"loss": 0.20454230904579163, "acc": 0.9375854730606079, "length": 5.21478796005249, "mode": "test", "epoch": 34}
{"loss": 0.08823335915803909, "acc": 0.9779544472694397, "length": 5.193970203399658, "mode": "train", "epoch": 35}
{"loss": 0.2534443736076355, "acc": 0.9273295402526855, "length": 5.177183151245117, "mode": "test", "epoch": 35}
{"loss": 0.08294180035591125, "acc": 0.9790654182434082, "length": 5.183900356292725, "mode": "train", "epoch": 36}
{"loss": 0.1795712262392044, "acc": 0.9459855556488037, "length": 5.224750995635986, "mode": "test", "epoch": 36}
{"loss": 0.09342300891876221, "acc": 0.9754700064659119, "length": 5.210302352905273, "mode": "train", "epoch": 37}
{"loss": 0.26439961791038513, "acc": 0.9236178994178772, "length": 5.227778911590576, "mode": "test", "epoch": 37}
{"loss": 0.08334629982709885, "acc": 0.9782474040985107, "length": 5.19840145111084, "mode": "train", "epoch": 38}
{"loss": 0.1741434782743454, "acc": 0.9495018720626831, "length": 5.178550720214844, "mode": "test", "epoch": 38}
{"loss": 0.08969412744045258, "acc": 0.9777898788452148, "length": 5.208776473999023, "mode": "train", "epoch": 39}
{"loss": 0.1694428026676178, "acc": 0.9539949297904968, "length": 5.236862659454346, "mode": "test", "epoch": 39}
{"loss": 0.07493001967668533, "acc": 0.9810774922370911, "length": 5.202564239501953, "mode": "train", "epoch": 40}
{"loss": 0.16697798669338226, "acc": 0.955069363117218, "length": 5.183238983154297, "mode": "test", "epoch": 40}
{"loss": 0.08187604695558548, "acc": 0.9798732995986938, "length": 5.256772041320801, "mode": "train", "epoch": 41}
{"loss": 0.1814839392900467, "acc": 0.9495995044708252, "length": 5.279546737670898, "mode": "test", "epoch": 41}
{"loss": 0.11394958198070526, "acc": 0.9717519283294678, "length": 5.231753826141357, "mode": "train", "epoch": 42}
{"loss": 0.16713182628154755, "acc": 0.9535065293312073, "length": 5.219671726226807, "mode": "test", "epoch": 42}
{"loss": 0.06687731295824051, "acc": 0.9834268093109131, "length": 5.233270168304443, "mode": "train", "epoch": 43}
{"loss": 0.15317736566066742, "acc": 0.9553623795509338, "length": 5.279351234436035, "mode": "test", "epoch": 43}
{"loss": 0.06715838611125946, "acc": 0.9826546907424927, "length": 5.27859354019165, "mode": "train", "epoch": 44}
{"loss": 0.13184483349323273, "acc": 0.9581949710845947, "length": 5.307775020599365, "mode": "test", "epoch": 44}
{"loss": 0.050885967910289764, "acc": 0.9872702956199646, "length": 5.263025760650635, "mode": "train", "epoch": 45}
{"loss": 0.13940922915935516, "acc": 0.9619066119194031, "length": 5.236960411071777, "mode": "test", "epoch": 45}
{"loss": 0.057261873036623, "acc": 0.9860089421272278, "length": 5.229282379150391, "mode": "train", "epoch": 46}
{"loss": 0.1438244730234146, "acc": 0.959171712398529, "length": 5.252099990844727, "mode": "test", "epoch": 46}
{"loss": 0.0688745379447937, "acc": 0.9831246137619019, "length": 5.225837230682373, "mode": "train", "epoch": 47}
{"loss": 0.14517885446548462, "acc": 0.9620043039321899, "length": 5.237741947174072, "mode": "test", "epoch": 47}
{"loss": 0.05208335071802139, "acc": 0.9868671894073486, "length": 5.2612762451171875, "mode": "train", "epoch": 48}
{"loss": 0.10305549204349518, "acc": 0.9721625447273254, "length": 5.25327205657959, "mode": "test", "epoch": 48}
{"loss": 0.052892718464136124, "acc": 0.9869054555892944, "length": 5.234170913696289, "mode": "train", "epoch": 49}
{"loss": 0.11361842602491379, "acc": 0.9680601954460144, "length": 5.261965274810791, "mode": "test", "epoch": 49}
{"loss": 0.04519166797399521, "acc": 0.9888479709625244, "length": 5.276224613189697, "mode": "train", "epoch": 50}
{"loss": 0.11966117471456528, "acc": 0.9657159447669983, "length": 5.252002239227295, "mode": "test", "epoch": 50}
{"loss": 0.050219058990478516, "acc": 0.9877932071685791, "length": 5.248528480529785, "mode": "train", "epoch": 51}
{"loss": 0.13136808574199677, "acc": 0.9649345278739929, "length": 5.317933082580566, "mode": "test", "epoch": 51}
{"loss": 0.04997764527797699, "acc": 0.9874252676963806, "length": 5.266018390655518, "mode": "train", "epoch": 52}
{"loss": 0.11453377455472946, "acc": 0.9691345691680908, "length": 5.285993576049805, "mode": "test", "epoch": 52}
{"loss": 0.05042692646384239, "acc": 0.9868131875991821, "length": 5.317209243774414, "mode": "train", "epoch": 53}
{"loss": 0.08992131054401398, "acc": 0.9733346104621887, "length": 5.310900688171387, "mode": "test", "epoch": 53}
{"loss": 0.054665617644786835, "acc": 0.9861828088760376, "length": 5.289924621582031, "mode": "train", "epoch": 54}
{"loss": 0.13658507168293, "acc": 0.9639577865600586, "length": 5.3151984214782715, "mode": "test", "epoch": 54}
{"loss": 0.07630587369203568, "acc": 0.9815903902053833, "length": 5.319430828094482, "mode": "train", "epoch": 55}
{"loss": 0.1280551552772522, "acc": 0.9671810865402222, "length": 5.320765972137451, "mode": "test", "epoch": 55}
{"loss": 0.04579828307032585, "acc": 0.9890261292457581, "length": 5.304056167602539, "mode": "train", "epoch": 56}
{"loss": 0.11074971407651901, "acc": 0.9722602367401123, "length": 5.273686408996582, "mode": "test", "epoch": 56}
{"loss": 0.0436725951731205, "acc": 0.9891711473464966, "length": 5.287993907928467, "mode": "train", "epoch": 57}
{"loss": 0.15233801305294037, "acc": 0.9610275626182556, "length": 5.298789024353027, "mode": "test", "epoch": 57}
{"loss": 0.0755368173122406, "acc": 0.9797176718711853, "length": 5.3573479652404785, "mode": "train", "epoch": 58}
{"loss": 0.13315345346927643, "acc": 0.9654229283332825, "length": 5.326040267944336, "mode": "test", "epoch": 58}
{"loss": 0.0437924861907959, "acc": 0.9891521334648132, "length": 5.310028076171875, "mode": "train", "epoch": 59}
{"loss": 0.09513819962739944, "acc": 0.975581169128418, "length": 5.329947471618652, "mode": "test", "epoch": 59}
{"loss": 0.03803902491927147, "acc": 0.9899051785469055, "length": 5.347315788269043, "mode": "train", "epoch": 60}
{"loss": 0.09472910314798355, "acc": 0.9752881526947021, "length": 5.3789801597595215, "mode": "test", "epoch": 60}
test accuracy: 0.9670243859291077
