# ["--data_set_name=dim[4, 4, 4, 4, 4]_dist10-0_scale10_upsampleTrue_balancedFalse.ds", "--n_epochs=60", "--batch_size=128", "--learning_rate=0.001", "--hidden_size=256", "--temperature=1.5", "--temp_update=0.99", "--length_cost=0.0", "--vocab_size_factor=3"]
data loaded from: ../zoo/intentional_game/data/dim[4, 4, 4, 4, 4]_dist10-0_scale10_upsampleTrue_balancedFalse.ds

opts
 Namespace(batch_size=128, checkpoint_dir=None, checkpoint_freq=0, cuda=True, data_set_name='dim[4, 4, 4, 4, 4]_dist10-0_scale10_upsampleTrue_balancedFalse.ds', device=device(type='cuda'), distributed_context=DistributedContext(is_distributed=False, rank=0, local_rank=0, world_size=1, mode='none'), distributed_port=18363, fp16=False, hidden_size=256, learning_rate=0.001, length_cost=0.0, load_from_checkpoint=None, lr=0.01, max_len=1, mode='gs', n_epochs=60, no_cuda=False, optimizer='adam', preemptable=False, random_seed=1920189759, receiver_cell='gru', save_interaction_freq=0, sender_cell='gru', temp_update=0.99, temperature=1.5, tensorboard=False, tensorboard_dir='runs/', update_freq=1, validation_freq=1, vocab_size=10, vocab_size_factor=3)
{"loss": 2.397193431854248, "acc": 0.06609591096639633, "length": 1.4497560262680054, "mode": "train", "epoch": 1}
{"loss": 2.3758838176727295, "acc": 0.08800546824932098, "length": 1.6890017986297607, "mode": "test", "epoch": 1}
{"loss": 2.1583518981933594, "acc": 0.15860605239868164, "length": 2.9433114528656006, "mode": "train", "epoch": 2}
{"loss": 1.9895981550216675, "acc": 0.19525298476219177, "length": 3.3759522438049316, "mode": "test", "epoch": 2}
{"loss": 1.8148587942123413, "acc": 0.2467299848794937, "length": 3.63907790184021, "mode": "train", "epoch": 3}
{"loss": 1.7954295873641968, "acc": 0.24965813755989075, "length": 3.5228559970855713, "mode": "test", "epoch": 3}
{"loss": 1.6766382455825806, "acc": 0.312307208776474, "length": 3.82954740524292, "mode": "train", "epoch": 4}
{"loss": 1.6452404260635376, "acc": 0.330142617225647, "length": 4.014749050140381, "mode": "test", "epoch": 4}
{"loss": 1.4613656997680664, "acc": 0.41329100728034973, "length": 4.236977577209473, "mode": "train", "epoch": 5}
{"loss": 1.4238208532333374, "acc": 0.4345575273036957, "length": 4.289314270019531, "mode": "test", "epoch": 5}
{"loss": 1.152072548866272, "acc": 0.5350489616394043, "length": 4.599860191345215, "mode": "train", "epoch": 6}
{"loss": 1.079149603843689, "acc": 0.5471771955490112, "length": 4.6852898597717285, "mode": "test", "epoch": 6}
{"loss": 0.8507571816444397, "acc": 0.6501747965812683, "length": 4.869694709777832, "mode": "train", "epoch": 7}
{"loss": 0.8054071664810181, "acc": 0.6933971643447876, "length": 4.9774370193481445, "mode": "test", "epoch": 7}
{"loss": 0.5636881589889526, "acc": 0.7751786112785339, "length": 5.172241687774658, "mode": "train", "epoch": 8}
{"loss": 0.6583613753318787, "acc": 0.7472162246704102, "length": 5.236276626586914, "mode": "test", "epoch": 8}
{"loss": 0.33305126428604126, "acc": 0.8887706995010376, "length": 5.37282657623291, "mode": "train", "epoch": 9}
{"loss": 0.35932457447052, "acc": 0.87917560338974, "length": 5.348212718963623, "mode": "test", "epoch": 9}
{"loss": 0.11553190648555756, "acc": 0.971158504486084, "length": 5.48546028137207, "mode": "train", "epoch": 10}
{"loss": 0.17098453640937805, "acc": 0.9495018720626831, "length": 5.510939598083496, "mode": "test", "epoch": 10}
{"loss": 0.0541236586868763, "acc": 0.9894176721572876, "length": 5.5924296379089355, "mode": "train", "epoch": 11}
{"loss": 0.1453636735677719, "acc": 0.9561437964439392, "length": 5.589470386505127, "mode": "test", "epoch": 11}
{"loss": 0.034515514969825745, "acc": 0.9932559132575989, "length": 5.611639976501465, "mode": "train", "epoch": 12}
{"loss": 0.14349903166294098, "acc": 0.9579019546508789, "length": 5.533698081970215, "mode": "test", "epoch": 12}
{"loss": 0.02951439842581749, "acc": 0.9934468865394592, "length": 5.642843723297119, "mode": "train", "epoch": 13}
{"loss": 0.1308324933052063, "acc": 0.9664973616600037, "length": 5.555967807769775, "mode": "test", "epoch": 13}
{"loss": 0.0274564940482378, "acc": 0.993358850479126, "length": 5.661274433135986, "mode": "train", "epoch": 14}
{"loss": 0.1478630006313324, "acc": 0.9521390795707703, "length": 5.586931228637695, "mode": "test", "epoch": 14}
{"loss": 0.02829885669052601, "acc": 0.9931283593177795, "length": 5.669675827026367, "mode": "train", "epoch": 15}
{"loss": 0.1008969098329544, "acc": 0.9717718362808228, "length": 5.641238689422607, "mode": "test", "epoch": 15}
{"loss": 0.02537286840379238, "acc": 0.9941472411155701, "length": 5.638819217681885, "mode": "train", "epoch": 16}
{"loss": 0.10486582666635513, "acc": 0.967474102973938, "length": 5.6631178855896, "mode": "test", "epoch": 16}
{"loss": 0.023782966658473015, "acc": 0.9946377277374268, "length": 5.689863204956055, "mode": "train", "epoch": 17}
{"loss": 0.1060037612915039, "acc": 0.9668880701065063, "length": 5.6666340827941895, "mode": "test", "epoch": 17}
{"loss": 0.02066904678940773, "acc": 0.9957849383354187, "length": 5.717555046081543, "mode": "train", "epoch": 18}
{"loss": 0.11785206943750381, "acc": 0.9665950536727905, "length": 5.715764999389648, "mode": "test", "epoch": 18}
{"loss": 0.033730946481227875, "acc": 0.9928067922592163, "length": 5.7343573570251465, "mode": "train", "epoch": 19}
{"loss": 0.17376157641410828, "acc": 0.9513576626777649, "length": 5.762746810913086, "mode": "test", "epoch": 19}
{"loss": 0.02873697318136692, "acc": 0.9935311675071716, "length": 5.74562931060791, "mode": "train", "epoch": 20}
{"loss": 0.06928914040327072, "acc": 0.9789021015167236, "length": 5.799765586853027, "mode": "test", "epoch": 20}
{"loss": 0.021299906075000763, "acc": 0.9948609471321106, "length": 5.748417854309082, "mode": "train", "epoch": 21}
{"loss": 0.11152636259794235, "acc": 0.9693299531936646, "length": 5.737936973571777, "mode": "test", "epoch": 21}
{"loss": 0.01936137117445469, "acc": 0.9945681691169739, "length": 5.732898712158203, "mode": "train", "epoch": 22}
{"loss": 0.1125064492225647, "acc": 0.9663020372390747, "length": 5.737741947174072, "mode": "test", "epoch": 22}
{"loss": 0.016751987859606743, "acc": 0.9958021640777588, "length": 5.728437423706055, "mode": "train", "epoch": 23}
{"loss": 0.09031403809785843, "acc": 0.9740183353424072, "length": 5.680503845214844, "mode": "test", "epoch": 23}
{"loss": 0.016789088025689125, "acc": 0.9962303042411804, "length": 5.696372985839844, "mode": "train", "epoch": 24}
{"loss": 0.08490172773599625, "acc": 0.9743114113807678, "length": 5.6905646324157715, "mode": "test", "epoch": 24}
{"loss": 0.014663348905742168, "acc": 0.9963703751564026, "length": 5.746551513671875, "mode": "train", "epoch": 25}
{"loss": 0.09316184371709824, "acc": 0.9737253189086914, "length": 5.816370487213135, "mode": "test", "epoch": 25}
{"loss": 0.021498804911971092, "acc": 0.9943267703056335, "length": 5.7904486656188965, "mode": "train", "epoch": 26}
{"loss": 0.08333095163106918, "acc": 0.9760695695877075, "length": 5.763137340545654, "mode": "test", "epoch": 26}
{"loss": 0.01977907121181488, "acc": 0.9945289492607117, "length": 5.727142810821533, "mode": "train", "epoch": 27}
{"loss": 0.08008035272359848, "acc": 0.9763625860214233, "length": 5.777007102966309, "mode": "test", "epoch": 27}
{"loss": 0.017623109742999077, "acc": 0.9949204921722412, "length": 5.790736198425293, "mode": "train", "epoch": 28}
{"loss": 0.07133101671934128, "acc": 0.978120744228363, "length": 5.8483099937438965, "mode": "test", "epoch": 28}
{"loss": 0.012316456064581871, "acc": 0.9968544840812683, "length": 5.80956506729126, "mode": "train", "epoch": 29}
{"loss": 0.054679788649082184, "acc": 0.982418417930603, "length": 5.761574745178223, "mode": "test", "epoch": 29}
{"loss": 0.022795217111706734, "acc": 0.9947989583015442, "length": 5.773062705993652, "mode": "train", "epoch": 30}
{"loss": 0.10827852785587311, "acc": 0.971576452255249, "length": 5.834928512573242, "mode": "test", "epoch": 30}
{"loss": 0.02112443558871746, "acc": 0.994370698928833, "length": 5.792647838592529, "mode": "train", "epoch": 31}
{"loss": 0.104110948741436, "acc": 0.9701113700866699, "length": 5.765188694000244, "mode": "test", "epoch": 31}
{"loss": 0.018043823540210724, "acc": 0.9957301020622253, "length": 5.7737650871276855, "mode": "train", "epoch": 32}
{"loss": 0.0740458220243454, "acc": 0.9774370193481445, "length": 5.794979572296143, "mode": "test", "epoch": 32}
{"loss": 0.01328237447887659, "acc": 0.9966495037078857, "length": 5.8207011222839355, "mode": "train", "epoch": 33}
{"loss": 0.07511991262435913, "acc": 0.9771440029144287, "length": 5.853487014770508, "mode": "test", "epoch": 33}
{"loss": 0.014912905171513557, "acc": 0.995976984500885, "length": 5.843225479125977, "mode": "train", "epoch": 34}
{"loss": 0.06270056217908859, "acc": 0.9811486601829529, "length": 5.850459098815918, "mode": "test", "epoch": 34}
{"loss": 0.014473436400294304, "acc": 0.996106743812561, "length": 5.805365085601807, "mode": "train", "epoch": 35}
{"loss": 0.06426499783992767, "acc": 0.9799765348434448, "length": 5.80855655670166, "mode": "test", "epoch": 35}
{"loss": 0.01569998450577259, "acc": 0.9964445233345032, "length": 5.768307209014893, "mode": "train", "epoch": 36}
{"loss": 0.06133733317255974, "acc": 0.9818323850631714, "length": 5.728267192840576, "mode": "test", "epoch": 36}
{"loss": 0.016316959634423256, "acc": 0.9952649474143982, "length": 5.7946953773498535, "mode": "train", "epoch": 37}
{"loss": 0.064757339656353, "acc": 0.9834928512573242, "length": 5.81812858581543, "mode": "test", "epoch": 37}
{"loss": 0.016865912824869156, "acc": 0.9957154393196106, "length": 5.8319621086120605, "mode": "train", "epoch": 38}
{"loss": 0.06697206944227219, "acc": 0.9784137606620789, "length": 5.833268165588379, "mode": "test", "epoch": 38}
{"loss": 0.012488012202084064, "acc": 0.9969420433044434, "length": 5.829789161682129, "mode": "train", "epoch": 39}
{"loss": 0.059342265129089355, "acc": 0.9820277690887451, "length": 5.830435752868652, "mode": "test", "epoch": 39}
{"loss": 0.015322918072342873, "acc": 0.995532214641571, "length": 5.825679302215576, "mode": "train", "epoch": 40}
{"loss": 0.058596670627593994, "acc": 0.9812463521957397, "length": 5.844305515289307, "mode": "test", "epoch": 40}
{"loss": 0.014046184718608856, "acc": 0.9964459538459778, "length": 5.820123672485352, "mode": "train", "epoch": 41}
{"loss": 0.06197193264961243, "acc": 0.9818323850631714, "length": 5.832096099853516, "mode": "test", "epoch": 41}
{"loss": 0.014525508508086205, "acc": 0.996016263961792, "length": 5.828400611877441, "mode": "train", "epoch": 42}
{"loss": 0.06814861297607422, "acc": 0.9825161099433899, "length": 5.837077617645264, "mode": "test", "epoch": 42}
{"loss": 0.024325594305992126, "acc": 0.9942646622657776, "length": 5.819731712341309, "mode": "train", "epoch": 43}
{"loss": 0.06402995437383652, "acc": 0.9792928099632263, "length": 5.84401273727417, "mode": "test", "epoch": 43}
{"loss": 0.01407366432249546, "acc": 0.9963284730911255, "length": 5.844061851501465, "mode": "train", "epoch": 44}
{"loss": 0.06235838681459427, "acc": 0.9833952188491821, "length": 5.840007781982422, "mode": "test", "epoch": 44}
{"loss": 0.019877199083566666, "acc": 0.9947744011878967, "length": 5.841151237487793, "mode": "train", "epoch": 45}
{"loss": 0.07907610386610031, "acc": 0.9751904606819153, "length": 5.857003211975098, "mode": "test", "epoch": 45}
{"loss": 0.018034474924206734, "acc": 0.9948033094406128, "length": 5.859447479248047, "mode": "train", "epoch": 46}
{"loss": 0.06328200548887253, "acc": 0.9811486601829529, "length": 5.857100963592529, "mode": "test", "epoch": 46}
{"loss": 0.014038793742656708, "acc": 0.9961240887641907, "length": 5.853216171264648, "mode": "train", "epoch": 47}
{"loss": 0.052038371562957764, "acc": 0.9832975268363953, "length": 5.849970817565918, "mode": "test", "epoch": 47}
{"loss": 0.017360609024763107, "acc": 0.9958664178848267, "length": 5.857468128204346, "mode": "train", "epoch": 48}
{"loss": 0.042643290013074875, "acc": 0.9880836009979248, "length": 5.854854583740234, "mode": "test", "epoch": 48}
{"loss": 0.01221372839063406, "acc": 0.9965646862983704, "length": 5.848430633544922, "mode": "train", "epoch": 49}
{"loss": 0.038989681750535965, "acc": 0.9882789850234985, "length": 5.838640213012695, "mode": "test", "epoch": 49}
{"loss": 0.014018903486430645, "acc": 0.9959138631820679, "length": 5.851614952087402, "mode": "train", "epoch": 50}
{"loss": 0.06413905322551727, "acc": 0.9807579517364502, "length": 5.84752893447876, "mode": "test", "epoch": 50}
{"loss": 0.012258644215762615, "acc": 0.9965990781784058, "length": 5.852194786071777, "mode": "train", "epoch": 51}
{"loss": 0.05067284032702446, "acc": 0.9849579930305481, "length": 5.8545613288879395, "mode": "test", "epoch": 51}
{"loss": 0.01686633937060833, "acc": 0.9959051012992859, "length": 5.854918479919434, "mode": "train", "epoch": 52}
{"loss": 0.04853132739663124, "acc": 0.9849579930305481, "length": 5.852119445800781, "mode": "test", "epoch": 52}
{"loss": 0.013395603746175766, "acc": 0.9957144856452942, "length": 5.858697414398193, "mode": "train", "epoch": 53}
{"loss": 0.044753991067409515, "acc": 0.9879859089851379, "length": 5.853877544403076, "mode": "test", "epoch": 53}
{"loss": 0.018513111397624016, "acc": 0.9950258135795593, "length": 5.863008499145508, "mode": "train", "epoch": 54}
{"loss": 0.055378206074237823, "acc": 0.9832975268363953, "length": 5.847626686096191, "mode": "test", "epoch": 54}
{"loss": 0.02812901698052883, "acc": 0.9939743280410767, "length": 5.858718395233154, "mode": "train", "epoch": 55}
{"loss": 0.06150629743933678, "acc": 0.9814416766166687, "length": 5.84450101852417, "mode": "test", "epoch": 55}
{"loss": 0.014755106531083584, "acc": 0.9962472319602966, "length": 5.854914665222168, "mode": "train", "epoch": 56}
{"loss": 0.048359062522649765, "acc": 0.9854463934898376, "length": 5.853877544403076, "mode": "test", "epoch": 56}
{"loss": 0.012477332726120949, "acc": 0.9961591958999634, "length": 5.865289688110352, "mode": "train", "epoch": 57}
{"loss": 0.04765092581510544, "acc": 0.9870091676712036, "length": 5.8545613288879395, "mode": "test", "epoch": 57}
{"loss": 0.02287970669567585, "acc": 0.9949056506156921, "length": 5.858519554138184, "mode": "train", "epoch": 58}
{"loss": 0.043699849396944046, "acc": 0.9861301183700562, "length": 5.846649646759033, "mode": "test", "epoch": 58}
{"loss": 0.012791505083441734, "acc": 0.9968851208686829, "length": 5.854964256286621, "mode": "train", "epoch": 59}
{"loss": 0.036725591868162155, "acc": 0.9892557263374329, "length": 5.851924419403076, "mode": "test", "epoch": 59}
{"loss": 0.013441024348139763, "acc": 0.9963823556900024, "length": 5.85801887512207, "mode": "train", "epoch": 60}
{"loss": 0.04527634009718895, "acc": 0.9860324263572693, "length": 5.85202169418335, "mode": "test", "epoch": 60}
test accuracy: 0.9729756116867065
