# ["--data_set_name=dim[16, 16, 16]_dist10-0_scale10_upsampleTrue_balancedFalse.ds", "--n_epochs=60", "--batch_size=32", "--learning_rate=0.0005", "--hidden_size=128", "--temperature=1.5", "--temp_update=0.97", "--length_cost=0.0", "--vocab_size_factor=3"]
data loaded from: ../zoo/intentional_game/data/dim[16, 16, 16]_dist10-0_scale10_upsampleTrue_balancedFalse.ds

opts
 Namespace(batch_size=32, checkpoint_dir=None, checkpoint_freq=0, cuda=True, data_set_name='dim[16, 16, 16]_dist10-0_scale10_upsampleTrue_balancedFalse.ds', device=device(type='cuda'), distributed_context=DistributedContext(is_distributed=False, rank=0, local_rank=0, world_size=1, mode='none'), distributed_port=18363, fp16=False, hidden_size=128, learning_rate=0.0005, length_cost=0.0, load_from_checkpoint=None, lr=0.01, max_len=1, mode='gs', n_epochs=60, no_cuda=False, optimizer='adam', preemptable=False, random_seed=654915867, receiver_cell='gru', save_interaction_freq=0, sender_cell='gru', temp_update=0.97, temperature=1.5, tensorboard=False, tensorboard_dir='runs/', update_freq=1, validation_freq=1, vocab_size=10, vocab_size_factor=3)
{"loss": 2.2008893489837646, "acc": 0.114195317029953, "length": 2.1877663135528564, "mode": "train", "epoch": 1}
{"loss": 2.0518922805786133, "acc": 0.14130479097366333, "length": 2.3435757160186768, "mode": "test", "epoch": 1}
{"loss": 2.013606071472168, "acc": 0.15461000800132751, "length": 2.3416943550109863, "mode": "train", "epoch": 2}
{"loss": 2.039642333984375, "acc": 0.14598511159420013, "length": 2.344308376312256, "mode": "test", "epoch": 2}
{"loss": 1.9952199459075928, "acc": 0.1616867333650589, "length": 2.3417510986328125, "mode": "train", "epoch": 3}
{"loss": 1.9966052770614624, "acc": 0.16145049035549164, "length": 2.3428025245666504, "mode": "test", "epoch": 3}
{"loss": 1.975414752960205, "acc": 0.17265678942203522, "length": 2.3412749767303467, "mode": "train", "epoch": 4}
{"loss": 1.9934056997299194, "acc": 0.16218306124210358, "length": 2.342639684677124, "mode": "test", "epoch": 4}
{"loss": 1.9421018362045288, "acc": 0.17972062528133392, "length": 2.341315269470215, "mode": "train", "epoch": 5}
{"loss": 1.9244049787521362, "acc": 0.18766024708747864, "length": 2.3435757160186768, "mode": "test", "epoch": 5}
{"loss": 1.9034981727600098, "acc": 0.1934880018234253, "length": 2.341153621673584, "mode": "train", "epoch": 6}
{"loss": 1.9149103164672852, "acc": 0.18733465671539307, "length": 2.3435349464416504, "mode": "test", "epoch": 6}
{"loss": 1.8876253366470337, "acc": 0.20231826603412628, "length": 2.3409628868103027, "mode": "train", "epoch": 7}
{"loss": 1.8818995952606201, "acc": 0.19848601520061493, "length": 2.3435757160186768, "mode": "test", "epoch": 7}
{"loss": 1.7960633039474487, "acc": 0.23175974190235138, "length": 2.3722612857818604, "mode": "train", "epoch": 8}
{"loss": 1.838991641998291, "acc": 0.2213585078716278, "length": 2.3965649604797363, "mode": "test", "epoch": 8}
{"loss": 1.7330429553985596, "acc": 0.2492041438817978, "length": 2.419935703277588, "mode": "train", "epoch": 9}
{"loss": 1.7656455039978027, "acc": 0.2369459867477417, "length": 2.4357168674468994, "mode": "test", "epoch": 9}
{"loss": 1.7000913619995117, "acc": 0.2581748962402344, "length": 2.4331624507904053, "mode": "train", "epoch": 10}
{"loss": 1.7429308891296387, "acc": 0.2417076975107193, "length": 2.436001777648926, "mode": "test", "epoch": 10}
{"loss": 1.6844747066497803, "acc": 0.2628706991672516, "length": 2.43567156791687, "mode": "train", "epoch": 11}
{"loss": 1.6860641241073608, "acc": 0.2549346685409546, "length": 2.445688009262085, "mode": "test", "epoch": 11}
{"loss": 1.6653022766113281, "acc": 0.272447407245636, "length": 2.464510679244995, "mode": "train", "epoch": 12}
{"loss": 1.6784428358078003, "acc": 0.26144641637802124, "length": 2.4727931022644043, "mode": "test", "epoch": 12}
{"loss": 1.6404073238372803, "acc": 0.28357887268066406, "length": 2.486602544784546, "mode": "train", "epoch": 13}
{"loss": 1.6545908451080322, "acc": 0.2688535153865814, "length": 2.5237069129943848, "mode": "test", "epoch": 13}
{"loss": 1.615580677986145, "acc": 0.28673094511032104, "length": 2.5309810638427734, "mode": "train", "epoch": 14}
{"loss": 1.6341967582702637, "acc": 0.2760164439678192, "length": 2.5313174724578857, "mode": "test", "epoch": 14}
{"loss": 1.596838116645813, "acc": 0.29320651292800903, "length": 2.5538930892944336, "mode": "train", "epoch": 15}
{"loss": 1.6317636966705322, "acc": 0.27906882762908936, "length": 2.5734808444976807, "mode": "test", "epoch": 15}
{"loss": 1.572770118713379, "acc": 0.3034234642982483, "length": 2.5701217651367188, "mode": "train", "epoch": 16}
{"loss": 1.6115992069244385, "acc": 0.28745269775390625, "length": 2.5795042514801025, "mode": "test", "epoch": 16}
{"loss": 1.5520488023757935, "acc": 0.3116972744464874, "length": 2.567582368850708, "mode": "train", "epoch": 17}
{"loss": 1.587106466293335, "acc": 0.2967319190502167, "length": 2.573277473449707, "mode": "test", "epoch": 17}
{"loss": 1.5236074924468994, "acc": 0.3215354382991791, "length": 2.605520486831665, "mode": "train", "epoch": 18}
{"loss": 1.5364429950714111, "acc": 0.31223800778388977, "length": 2.622563123703003, "mode": "test", "epoch": 18}
{"loss": 1.504092812538147, "acc": 0.3269606828689575, "length": 2.6279349327087402, "mode": "train", "epoch": 19}
{"loss": 1.5060288906097412, "acc": 0.32196491956710815, "length": 2.637784481048584, "mode": "test", "epoch": 19}
{"loss": 1.492871880531311, "acc": 0.3309077322483063, "length": 2.621951103210449, "mode": "train", "epoch": 20}
{"loss": 1.5440477132797241, "acc": 0.3133368492126465, "length": 2.6149117946624756, "mode": "test", "epoch": 20}
{"loss": 1.4912041425704956, "acc": 0.3328356146812439, "length": 2.608316659927368, "mode": "train", "epoch": 21}
{"loss": 1.543450117111206, "acc": 0.31134262681007385, "length": 2.615563154220581, "mode": "test", "epoch": 21}
{"loss": 1.4830622673034668, "acc": 0.33570319414138794, "length": 2.7273569107055664, "mode": "train", "epoch": 22}
{"loss": 1.4885737895965576, "acc": 0.32908713817596436, "length": 2.764193534851074, "mode": "test", "epoch": 22}
{"loss": 1.4525489807128906, "acc": 0.35220298171043396, "length": 2.814525842666626, "mode": "train", "epoch": 23}
{"loss": 1.4531506299972534, "acc": 0.33767449855804443, "length": 2.825281858444214, "mode": "test", "epoch": 23}
{"loss": 1.4369946718215942, "acc": 0.3543913662433624, "length": 2.8285791873931885, "mode": "train", "epoch": 24}
{"loss": 1.4530333280563354, "acc": 0.33743029832839966, "length": 2.8312644958496094, "mode": "test", "epoch": 24}
{"loss": 1.4315239191055298, "acc": 0.35670948028564453, "length": 2.834662675857544, "mode": "train", "epoch": 25}
{"loss": 1.4450401067733765, "acc": 0.3404826819896698, "length": 2.8398518562316895, "mode": "test", "epoch": 25}
{"loss": 1.4218711853027344, "acc": 0.3626963496208191, "length": 2.8340911865234375, "mode": "train", "epoch": 26}
{"loss": 1.4405453205108643, "acc": 0.3429245948791504, "length": 2.8231654167175293, "mode": "test", "epoch": 26}
{"loss": 1.4166940450668335, "acc": 0.3648231327533722, "length": 2.836057662963867, "mode": "train", "epoch": 27}
{"loss": 1.4408695697784424, "acc": 0.3454478979110718, "length": 2.8032639026641846, "mode": "test", "epoch": 27}
{"loss": 1.4073244333267212, "acc": 0.36994248628616333, "length": 2.80495285987854, "mode": "train", "epoch": 28}
{"loss": 1.4302959442138672, "acc": 0.35281428694725037, "length": 2.80476975440979, "mode": "test", "epoch": 28}
{"loss": 1.396376371383667, "acc": 0.3730362355709076, "length": 2.8056957721710205, "mode": "train", "epoch": 29}
{"loss": 1.4197752475738525, "acc": 0.35871556401252747, "length": 2.893939971923828, "mode": "test", "epoch": 29}
{"loss": 1.390052318572998, "acc": 0.3753707706928253, "length": 2.860808849334717, "mode": "train", "epoch": 30}
{"loss": 1.3981512784957886, "acc": 0.3705994784832001, "length": 2.870986223220825, "mode": "test", "epoch": 30}
{"loss": 1.3722697496414185, "acc": 0.38313862681388855, "length": 2.8689725399017334, "mode": "train", "epoch": 31}
{"loss": 1.3809447288513184, "acc": 0.36510521173477173, "length": 2.8691954612731934, "mode": "test", "epoch": 31}
{"loss": 1.3717325925827026, "acc": 0.3809051513671875, "length": 2.8674445152282715, "mode": "train", "epoch": 32}
{"loss": 1.3849186897277832, "acc": 0.3622156083583832, "length": 2.8711488246917725, "mode": "test", "epoch": 32}
{"loss": 1.36516535282135, "acc": 0.38680917024612427, "length": 2.8678133487701416, "mode": "train", "epoch": 33}
{"loss": 1.3807443380355835, "acc": 0.3655121922492981, "length": 2.8694803714752197, "mode": "test", "epoch": 33}
{"loss": 1.3600072860717773, "acc": 0.38662800192832947, "length": 2.8629817962646484, "mode": "train", "epoch": 34}
{"loss": 1.380977988243103, "acc": 0.3678726851940155, "length": 2.8663058280944824, "mode": "test", "epoch": 34}
{"loss": 1.362460970878601, "acc": 0.38679492473602295, "length": 2.863687753677368, "mode": "train", "epoch": 35}
{"loss": 1.3824048042297363, "acc": 0.3692157566547394, "length": 2.866509199142456, "mode": "test", "epoch": 35}
{"loss": 1.3579918146133423, "acc": 0.3876752257347107, "length": 2.8692080974578857, "mode": "train", "epoch": 36}
{"loss": 1.374813437461853, "acc": 0.3737739622592926, "length": 2.873753547668457, "mode": "test", "epoch": 36}
{"loss": 1.349434494972229, "acc": 0.39511165022850037, "length": 2.873896837234497, "mode": "train", "epoch": 37}
{"loss": 1.3707680702209473, "acc": 0.37112855911254883, "length": 2.8751373291015625, "mode": "test", "epoch": 37}
{"loss": 1.3544102907180786, "acc": 0.3922513425350189, "length": 2.8657636642456055, "mode": "train", "epoch": 38}
{"loss": 1.3624444007873535, "acc": 0.37177973985671997, "length": 2.8462414741516113, "mode": "test", "epoch": 38}
{"loss": 1.3473188877105713, "acc": 0.3967658579349518, "length": 2.8723535537719727, "mode": "train", "epoch": 39}
{"loss": 1.3661224842071533, "acc": 0.373611181974411, "length": 2.875544309616089, "mode": "test", "epoch": 39}
{"loss": 1.3457857370376587, "acc": 0.395499050617218, "length": 2.878737211227417, "mode": "train", "epoch": 40}
{"loss": 1.358912467956543, "acc": 0.3787391781806946, "length": 2.878840923309326, "mode": "test", "epoch": 40}
{"loss": 1.3439351320266724, "acc": 0.39913031458854675, "length": 2.8697433471679688, "mode": "train", "epoch": 41}
{"loss": 1.3534111976623535, "acc": 0.37796589732170105, "length": 2.8851492404937744, "mode": "test", "epoch": 41}
{"loss": 1.3329176902770996, "acc": 0.4035598039627075, "length": 2.881699562072754, "mode": "train", "epoch": 42}
{"loss": 1.3494296073913574, "acc": 0.3799601197242737, "length": 2.8848235607147217, "mode": "test", "epoch": 42}
{"loss": 1.32816743850708, "acc": 0.40407535433769226, "length": 2.882842540740967, "mode": "train", "epoch": 43}
{"loss": 1.3433687686920166, "acc": 0.38402995467185974, "length": 2.886451482772827, "mode": "test", "epoch": 43}
{"loss": 1.3257405757904053, "acc": 0.40806329250335693, "length": 2.889039993286133, "mode": "train", "epoch": 44}
{"loss": 1.3368284702301025, "acc": 0.3821578323841095, "length": 2.8912947177886963, "mode": "test", "epoch": 44}
{"loss": 1.3197903633117676, "acc": 0.409574955701828, "length": 2.884159803390503, "mode": "train", "epoch": 45}
{"loss": 1.3404667377471924, "acc": 0.3856985867023468, "length": 2.891172409057617, "mode": "test", "epoch": 45}
{"loss": 1.3161494731903076, "acc": 0.4106895327568054, "length": 2.885225534439087, "mode": "train", "epoch": 46}
{"loss": 1.3278813362121582, "acc": 0.3889951705932617, "length": 2.8930039405822754, "mode": "test", "epoch": 46}
{"loss": 1.3191097974777222, "acc": 0.41099151968955994, "length": 2.886096954345703, "mode": "train", "epoch": 47}
{"loss": 1.3323380947113037, "acc": 0.3878149092197418, "length": 2.8926377296447754, "mode": "test", "epoch": 47}
{"loss": 1.3050435781478882, "acc": 0.41829511523246765, "length": 2.892482280731201, "mode": "train", "epoch": 48}
{"loss": 1.327003836631775, "acc": 0.3930242955684662, "length": 2.899230718612671, "mode": "test", "epoch": 48}
{"loss": 1.3039613962173462, "acc": 0.41733890771865845, "length": 2.8956644535064697, "mode": "train", "epoch": 49}
{"loss": 1.3384398221969604, "acc": 0.38525089621543884, "length": 2.8945910930633545, "mode": "test", "epoch": 49}
{"loss": 1.3076356649398804, "acc": 0.4173031151294708, "length": 2.8863322734832764, "mode": "train", "epoch": 50}
{"loss": 1.3311824798583984, "acc": 0.3905823826789856, "length": 2.885963201522827, "mode": "test", "epoch": 50}
{"loss": 1.3079485893249512, "acc": 0.4184628427028656, "length": 2.887042284011841, "mode": "train", "epoch": 51}
{"loss": 1.3255786895751953, "acc": 0.3918440341949463, "length": 2.8935329914093018, "mode": "test", "epoch": 51}
{"loss": 1.2995525598526, "acc": 0.4220995008945465, "length": 2.895991325378418, "mode": "train", "epoch": 52}
{"loss": 1.3178523778915405, "acc": 0.39599528908729553, "length": 2.8993935585021973, "mode": "test", "epoch": 52}
{"loss": 1.3018848896026611, "acc": 0.42188897728919983, "length": 2.8987534046173096, "mode": "train", "epoch": 53}
{"loss": 1.3176689147949219, "acc": 0.3938382565975189, "length": 2.90480637550354, "mode": "test", "epoch": 53}
{"loss": 1.294251561164856, "acc": 0.42505598068237305, "length": 2.8999407291412354, "mode": "train", "epoch": 54}
{"loss": 1.3177573680877686, "acc": 0.3950185179710388, "length": 2.914370536804199, "mode": "test", "epoch": 54}
{"loss": 1.2897638082504272, "acc": 0.42798057198524475, "length": 2.9326117038726807, "mode": "train", "epoch": 55}
{"loss": 1.3232579231262207, "acc": 0.4002279043197632, "length": 2.941516399383545, "mode": "test", "epoch": 55}
{"loss": 1.282835841178894, "acc": 0.43190261721611023, "length": 2.9424846172332764, "mode": "train", "epoch": 56}
{"loss": 1.3095115423202515, "acc": 0.40185585618019104, "length": 2.941028118133545, "mode": "test", "epoch": 56}
{"loss": 1.2739150524139404, "acc": 0.43465593457221985, "length": 2.940852165222168, "mode": "train", "epoch": 57}
{"loss": 1.312875509262085, "acc": 0.4058849811553955, "length": 2.9245858192443848, "mode": "test", "epoch": 57}
{"loss": 1.2812026739120483, "acc": 0.43345609307289124, "length": 2.939990758895874, "mode": "train", "epoch": 58}
{"loss": 1.3088023662567139, "acc": 0.402588427066803, "length": 2.930772066116333, "mode": "test", "epoch": 58}
{"loss": 1.2731074094772339, "acc": 0.43779098987579346, "length": 2.93794584274292, "mode": "train", "epoch": 59}
{"loss": 1.2980594635009766, "acc": 0.4034430980682373, "length": 2.9365105628967285, "mode": "test", "epoch": 59}
{"loss": 1.268908977508545, "acc": 0.43750107288360596, "length": 2.9396655559539795, "mode": "train", "epoch": 60}
{"loss": 1.3069379329681396, "acc": 0.4056814908981323, "length": 2.9350860118865967, "mode": "test", "epoch": 60}
test accuracy: 0.3394715487957001
