# ["--data_set_name=dim[16, 16, 16]_dist10-0_scale10_upsampleTrue_balancedFalse.ds", "--n_epochs=60", "--batch_size=32", "--learning_rate=0.0005", "--hidden_size=128", "--temperature=1.5", "--temp_update=0.99", "--length_cost=0.0", "--vocab_size_factor=3"]
data loaded from: ../zoo/intentional_game/data/dim[16, 16, 16]_dist10-0_scale10_upsampleTrue_balancedFalse.ds

opts
 Namespace(batch_size=32, checkpoint_dir=None, checkpoint_freq=0, cuda=True, data_set_name='dim[16, 16, 16]_dist10-0_scale10_upsampleTrue_balancedFalse.ds', device=device(type='cuda'), distributed_context=DistributedContext(is_distributed=False, rank=0, local_rank=0, world_size=1, mode='none'), distributed_port=18363, fp16=False, hidden_size=128, learning_rate=0.0005, length_cost=0.0, load_from_checkpoint=None, lr=0.01, max_len=1, mode='gs', n_epochs=60, no_cuda=False, optimizer='adam', preemptable=False, random_seed=73732902, receiver_cell='gru', save_interaction_freq=0, sender_cell='gru', temp_update=0.99, temperature=1.5, tensorboard=False, tensorboard_dir='runs/', update_freq=1, validation_freq=1, vocab_size=10, vocab_size_factor=3)
{"loss": 2.1605019569396973, "acc": 0.12530039250850677, "length": 3.024151086807251, "mode": "train", "epoch": 1}
{"loss": 2.0251474380493164, "acc": 0.15620039403438568, "length": 3.338040828704834, "mode": "test", "epoch": 1}
{"loss": 1.9241114854812622, "acc": 0.19607263803482056, "length": 3.43874192237854, "mode": "train", "epoch": 2}
{"loss": 1.8943341970443726, "acc": 0.21155020594596863, "length": 3.490171432495117, "mode": "test", "epoch": 2}
{"loss": 1.7419459819793701, "acc": 0.24973884224891663, "length": 3.493084669113159, "mode": "train", "epoch": 3}
{"loss": 1.6767882108688354, "acc": 0.2604289650917053, "length": 3.4917993545532227, "mode": "test", "epoch": 3}
{"loss": 1.5856869220733643, "acc": 0.28860795497894287, "length": 3.499035120010376, "mode": "train", "epoch": 4}
{"loss": 1.576201319694519, "acc": 0.28163281083106995, "length": 3.5002646446228027, "mode": "test", "epoch": 4}
{"loss": 1.532598853111267, "acc": 0.30386781692504883, "length": 3.5055642127990723, "mode": "train", "epoch": 5}
{"loss": 1.5568180084228516, "acc": 0.2871677875518799, "length": 3.546945571899414, "mode": "test", "epoch": 5}
{"loss": 1.5106102228164673, "acc": 0.3089034855365753, "length": 3.562098979949951, "mode": "train", "epoch": 6}
{"loss": 1.5271552801132202, "acc": 0.2942900061607361, "length": 3.559480667114258, "mode": "test", "epoch": 6}
{"loss": 1.5037552118301392, "acc": 0.3112826645374298, "length": 3.5590693950653076, "mode": "train", "epoch": 7}
{"loss": 1.518010139465332, "acc": 0.2988889217376709, "length": 3.559480667114258, "mode": "test", "epoch": 7}
{"loss": 1.488234281539917, "acc": 0.3211906850337982, "length": 3.561030626296997, "mode": "train", "epoch": 8}
{"loss": 1.4958114624023438, "acc": 0.31004029512405396, "length": 3.559480667114258, "mode": "test", "epoch": 8}
{"loss": 1.471230149269104, "acc": 0.3247172236442566, "length": 3.5610289573669434, "mode": "train", "epoch": 9}
{"loss": 1.4956772327423096, "acc": 0.3142322301864624, "length": 3.559480667114258, "mode": "test", "epoch": 9}
{"loss": 1.464415431022644, "acc": 0.32867416739463806, "length": 3.560292959213257, "mode": "train", "epoch": 10}
{"loss": 1.4842051267623901, "acc": 0.31964510679244995, "length": 3.559480667114258, "mode": "test", "epoch": 10}
{"loss": 1.4506902694702148, "acc": 0.34048569202423096, "length": 3.5596539974212646, "mode": "train", "epoch": 11}
{"loss": 1.4502308368682861, "acc": 0.3345814049243927, "length": 3.559480667114258, "mode": "test", "epoch": 11}
{"loss": 1.41121244430542, "acc": 0.3596934676170349, "length": 3.5644001960754395, "mode": "train", "epoch": 12}
{"loss": 1.4284257888793945, "acc": 0.34585487842559814, "length": 3.5574865341186523, "mode": "test", "epoch": 12}
{"loss": 1.3898460865020752, "acc": 0.36895814538002014, "length": 3.5744681358337402, "mode": "train", "epoch": 13}
{"loss": 1.4213433265686035, "acc": 0.35639575123786926, "length": 3.5892720222473145, "mode": "test", "epoch": 13}
{"loss": 1.374498963356018, "acc": 0.37498271465301514, "length": 3.559981107711792, "mode": "train", "epoch": 14}
{"loss": 1.4139455556869507, "acc": 0.3536282479763031, "length": 3.559480667114258, "mode": "test", "epoch": 14}
{"loss": 1.3654154539108276, "acc": 0.38468194007873535, "length": 3.5587661266326904, "mode": "train", "epoch": 15}
{"loss": 1.4054211378097534, "acc": 0.36746570467948914, "length": 3.559480667114258, "mode": "test", "epoch": 15}
{"loss": 1.3506405353546143, "acc": 0.3921239376068115, "length": 3.558079242706299, "mode": "train", "epoch": 16}
{"loss": 1.3998103141784668, "acc": 0.3691750466823578, "length": 3.559399366378784, "mode": "test", "epoch": 16}
{"loss": 1.3374130725860596, "acc": 0.3982963263988495, "length": 3.559485673904419, "mode": "train", "epoch": 17}
{"loss": 1.3979177474975586, "acc": 0.37698912620544434, "length": 3.559480667114258, "mode": "test", "epoch": 17}
{"loss": 1.3241299390792847, "acc": 0.4040933847427368, "length": 3.5593714714050293, "mode": "train", "epoch": 18}
{"loss": 1.388323187828064, "acc": 0.3782100975513458, "length": 3.559480667114258, "mode": "test", "epoch": 18}
{"loss": 1.3118921518325806, "acc": 0.4122460186481476, "length": 3.5593457221984863, "mode": "train", "epoch": 19}
{"loss": 1.3770756721496582, "acc": 0.3798380196094513, "length": 3.559480667114258, "mode": "test", "epoch": 19}
{"loss": 1.301449179649353, "acc": 0.41620317101478577, "length": 3.5600130558013916, "mode": "train", "epoch": 20}
{"loss": 1.3707112073898315, "acc": 0.38297179341316223, "length": 3.559480667114258, "mode": "test", "epoch": 20}
{"loss": 1.2800142765045166, "acc": 0.4261743128299713, "length": 3.5598742961883545, "mode": "train", "epoch": 21}
{"loss": 1.3480581045150757, "acc": 0.39709413051605225, "length": 3.559480667114258, "mode": "test", "epoch": 21}
{"loss": 1.2698100805282593, "acc": 0.43138161301612854, "length": 3.5788047313690186, "mode": "train", "epoch": 22}
{"loss": 1.321716547012329, "acc": 0.4058849811553955, "length": 3.586585760116577, "mode": "test", "epoch": 22}
{"loss": 1.2483726739883423, "acc": 0.44274216890335083, "length": 3.5858426094055176, "mode": "train", "epoch": 23}
{"loss": 1.3052455186843872, "acc": 0.4178096055984497, "length": 3.577632188796997, "mode": "test", "epoch": 23}
{"loss": 1.2246884107589722, "acc": 0.4564511179924011, "length": 3.5897719860076904, "mode": "train", "epoch": 24}
{"loss": 1.2561557292938232, "acc": 0.43482154607772827, "length": 3.588498592376709, "mode": "test", "epoch": 24}
{"loss": 1.2040265798568726, "acc": 0.4653691351413727, "length": 3.5753719806671143, "mode": "train", "epoch": 25}
{"loss": 1.2505097389221191, "acc": 0.44442635774612427, "length": 3.5729517936706543, "mode": "test", "epoch": 25}
{"loss": 1.1817513704299927, "acc": 0.475807785987854, "length": 3.574794054031372, "mode": "train", "epoch": 26}
{"loss": 1.221929669380188, "acc": 0.4521997570991516, "length": 3.573033332824707, "mode": "test", "epoch": 26}
{"loss": 1.175461769104004, "acc": 0.48270970582962036, "length": 3.584491014480591, "mode": "train", "epoch": 27}
{"loss": 1.3476122617721558, "acc": 0.43632736802101135, "length": 3.5873184204101562, "mode": "test", "epoch": 27}
{"loss": 1.2184464931488037, "acc": 0.4680575728416443, "length": 3.5806291103363037, "mode": "train", "epoch": 28}
{"loss": 1.2379173040390015, "acc": 0.45305442810058594, "length": 3.573033332824707, "mode": "test", "epoch": 28}
{"loss": 1.1721745729446411, "acc": 0.48642784357070923, "length": 3.5747339725494385, "mode": "train", "epoch": 29}
{"loss": 1.1968233585357666, "acc": 0.46383947134017944, "length": 3.5723819732666016, "mode": "test", "epoch": 29}
{"loss": 1.1310936212539673, "acc": 0.5012214183807373, "length": 3.5789403915405273, "mode": "train", "epoch": 30}
{"loss": 1.1574881076812744, "acc": 0.4809328019618988, "length": 3.58739972114563, "mode": "test", "epoch": 30}
{"loss": 1.1114603281021118, "acc": 0.5081661939620972, "length": 3.5787997245788574, "mode": "train", "epoch": 31}
{"loss": 1.1397504806518555, "acc": 0.4883806109428406, "length": 3.573765754699707, "mode": "test", "epoch": 31}
{"loss": 1.1010491847991943, "acc": 0.5137238502502441, "length": 3.575542449951172, "mode": "train", "epoch": 32}
{"loss": 1.1335086822509766, "acc": 0.49436327815055847, "length": 3.573033332824707, "mode": "test", "epoch": 32}
{"loss": 1.0718600749969482, "acc": 0.5244607329368591, "length": 3.575153112411499, "mode": "train", "epoch": 33}
{"loss": 1.118823528289795, "acc": 0.4986773133277893, "length": 3.5728704929351807, "mode": "test", "epoch": 33}
{"loss": 1.0532448291778564, "acc": 0.5327582359313965, "length": 3.5754780769348145, "mode": "train", "epoch": 34}
{"loss": 1.0816682577133179, "acc": 0.507427453994751, "length": 3.573033332824707, "mode": "test", "epoch": 34}
{"loss": 1.0318790674209595, "acc": 0.5410840511322021, "length": 3.5766260623931885, "mode": "train", "epoch": 35}
{"loss": 1.0811933279037476, "acc": 0.5119042992591858, "length": 3.5724635124206543, "mode": "test", "epoch": 35}
{"loss": 1.0079208612442017, "acc": 0.5527440309524536, "length": 3.5748229026794434, "mode": "train", "epoch": 36}
{"loss": 1.056603193283081, "acc": 0.5201660394668579, "length": 3.5731146335601807, "mode": "test", "epoch": 36}
{"loss": 1.0032058954238892, "acc": 0.5552500486373901, "length": 3.5750162601470947, "mode": "train", "epoch": 37}
{"loss": 1.1281766891479492, "acc": 0.5123112797737122, "length": 3.5731146335601807, "mode": "test", "epoch": 37}
{"loss": 1.0224876403808594, "acc": 0.5501548647880554, "length": 3.574580430984497, "mode": "train", "epoch": 38}
{"loss": 1.0621364116668701, "acc": 0.5234219431877136, "length": 3.573033332824707, "mode": "test", "epoch": 38}
{"loss": 0.9782235026359558, "acc": 0.5654390454292297, "length": 3.5747263431549072, "mode": "train", "epoch": 39}
{"loss": 1.0460525751113892, "acc": 0.5254568457603455, "length": 3.572788953781128, "mode": "test", "epoch": 39}
{"loss": 0.9643142819404602, "acc": 0.5713001489639282, "length": 3.5747814178466797, "mode": "train", "epoch": 40}
{"loss": 0.956017017364502, "acc": 0.5545561909675598, "length": 3.573033332824707, "mode": "test", "epoch": 40}
{"loss": 0.8634778261184692, "acc": 0.5973485708236694, "length": 3.5748870372772217, "mode": "train", "epoch": 41}
{"loss": 0.9191200733184814, "acc": 0.5628586411476135, "length": 3.573033332824707, "mode": "test", "epoch": 41}
{"loss": 0.8414199948310852, "acc": 0.6065109372138977, "length": 3.5749504566192627, "mode": "train", "epoch": 42}
{"loss": 0.8934727907180786, "acc": 0.5723006725311279, "length": 3.573033332824707, "mode": "test", "epoch": 42}
{"loss": 0.819998025894165, "acc": 0.6138946413993835, "length": 3.574815273284912, "mode": "train", "epoch": 43}
{"loss": 0.8755903244018555, "acc": 0.5760042071342468, "length": 3.573521614074707, "mode": "test", "epoch": 43}
{"loss": 0.7898126840591431, "acc": 0.6230547428131104, "length": 3.5748865604400635, "mode": "train", "epoch": 44}
{"loss": 0.8410088419914246, "acc": 0.5879695415496826, "length": 3.573033332824707, "mode": "test", "epoch": 44}
{"loss": 0.7694593071937561, "acc": 0.629852294921875, "length": 3.5748887062072754, "mode": "train", "epoch": 45}
{"loss": 0.8360549211502075, "acc": 0.587684690952301, "length": 3.573033332824707, "mode": "test", "epoch": 45}
{"loss": 0.7498533129692078, "acc": 0.6389724016189575, "length": 3.5747249126434326, "mode": "train", "epoch": 46}
{"loss": 0.8067024946212769, "acc": 0.6000162959098816, "length": 3.573033332824707, "mode": "test", "epoch": 46}
{"loss": 0.7395017743110657, "acc": 0.6451938152313232, "length": 3.574852705001831, "mode": "train", "epoch": 47}
{"loss": 0.8071560263633728, "acc": 0.6037198305130005, "length": 3.5728297233581543, "mode": "test", "epoch": 47}
{"loss": 0.7290782928466797, "acc": 0.6503639817237854, "length": 3.5746958255767822, "mode": "train", "epoch": 48}
{"loss": 0.7920136451721191, "acc": 0.6137723326683044, "length": 3.5730738639831543, "mode": "test", "epoch": 48}
{"loss": 0.7081161141395569, "acc": 0.6585457921028137, "length": 3.5748064517974854, "mode": "train", "epoch": 49}
{"loss": 0.7669582366943359, "acc": 0.6209352612495422, "length": 3.573033332824707, "mode": "test", "epoch": 49}
{"loss": 0.6929379105567932, "acc": 0.6666039824485779, "length": 3.5748682022094727, "mode": "train", "epoch": 50}
{"loss": 0.7538833618164062, "acc": 0.6281388401985168, "length": 3.573033332824707, "mode": "test", "epoch": 50}
{"loss": 0.6787753105163574, "acc": 0.6729472875595093, "length": 3.5782833099365234, "mode": "train", "epoch": 51}
{"loss": 0.7239336371421814, "acc": 0.638394832611084, "length": 3.5814170837402344, "mode": "test", "epoch": 51}
{"loss": 0.6978848576545715, "acc": 0.6645409464836121, "length": 3.5830979347229004, "mode": "train", "epoch": 52}
{"loss": 0.7300000190734863, "acc": 0.6354238986968994, "length": 3.5812950134277344, "mode": "test", "epoch": 52}
{"loss": 0.6485723853111267, "acc": 0.683373749256134, "length": 3.5835061073303223, "mode": "train", "epoch": 53}
{"loss": 0.7203614115715027, "acc": 0.6388425230979919, "length": 3.5812950134277344, "mode": "test", "epoch": 53}
{"loss": 0.6499915719032288, "acc": 0.6852251887321472, "length": 3.5832598209381104, "mode": "train", "epoch": 54}
{"loss": 0.7114667892456055, "acc": 0.640958845615387, "length": 3.5812950134277344, "mode": "test", "epoch": 54}
{"loss": 0.6367331147193909, "acc": 0.6892960071563721, "length": 3.5832607746124268, "mode": "train", "epoch": 55}
{"loss": 0.6876782774925232, "acc": 0.657034695148468, "length": 3.5812950134277344, "mode": "test", "epoch": 55}
{"loss": 0.6321567893028259, "acc": 0.6934097409248352, "length": 3.5832667350769043, "mode": "train", "epoch": 56}
{"loss": 0.6845360994338989, "acc": 0.6566277146339417, "length": 3.5812950134277344, "mode": "test", "epoch": 56}
{"loss": 0.6217196583747864, "acc": 0.6976969838142395, "length": 3.5832912921905518, "mode": "train", "epoch": 57}
{"loss": 0.6795808672904968, "acc": 0.6582963466644287, "length": 3.5812950134277344, "mode": "test", "epoch": 57}
{"loss": 0.6078578233718872, "acc": 0.7032772898674011, "length": 3.583207607269287, "mode": "train", "epoch": 58}
{"loss": 0.6613991856575012, "acc": 0.6683895587921143, "length": 3.5812950134277344, "mode": "test", "epoch": 58}
{"loss": 0.5953068137168884, "acc": 0.7089715003967285, "length": 3.583523988723755, "mode": "train", "epoch": 59}
{"loss": 0.6541315317153931, "acc": 0.6696105003356934, "length": 3.5817019939422607, "mode": "test", "epoch": 59}
{"loss": 0.5846359133720398, "acc": 0.7136027812957764, "length": 3.5833141803741455, "mode": "train", "epoch": 60}
{"loss": 0.6538641452789307, "acc": 0.6752675771713257, "length": 3.5812950134277344, "mode": "test", "epoch": 60}
test accuracy: 0.6220731735229492
