# ["--data_set_name=dim[4, 4, 4]_dist10-0_scale10_upsampleTrue_balancedFalse.ds", "--n_epochs=60", "--batch_size=32", "--learning_rate=0.001", "--hidden_size=128", "--temperature=1.5", "--temp_update=0.99", "--length_cost=0.0", "--vocab_size_factor=3"]
data loaded from: ../zoo/intentional_game/data/dim[4, 4, 4]_dist10-0_scale10_upsampleTrue_balancedFalse.ds

opts
 Namespace(batch_size=32, checkpoint_dir=None, checkpoint_freq=0, cuda=True, data_set_name='dim[4, 4, 4]_dist10-0_scale10_upsampleTrue_balancedFalse.ds', device=device(type='cuda'), distributed_context=DistributedContext(is_distributed=False, rank=0, local_rank=0, world_size=1, mode='none'), distributed_port=18363, fp16=False, hidden_size=128, learning_rate=0.001, length_cost=0.0, load_from_checkpoint=None, lr=0.01, max_len=1, mode='gs', n_epochs=60, no_cuda=False, optimizer='adam', preemptable=False, random_seed=446904985, receiver_cell='gru', save_interaction_freq=0, sender_cell='gru', temp_update=0.99, temperature=1.5, tensorboard=False, tensorboard_dir='runs/', update_freq=1, validation_freq=1, vocab_size=10, vocab_size_factor=3)
{"loss": 2.4111111164093018, "acc": 0.0826074406504631, "length": 3.166637897491455, "mode": "train", "epoch": 1}
{"loss": 2.395275831222534, "acc": 0.11227153986692429, "length": 1.0, "mode": "test", "epoch": 1}
{"loss": 2.3868744373321533, "acc": 0.08532620966434479, "length": 1.932977557182312, "mode": "train", "epoch": 2}
{"loss": 2.3487489223480225, "acc": 0.12532636523246765, "length": 1.8067885637283325, "mode": "test", "epoch": 2}
{"loss": 2.3315505981445312, "acc": 0.1366538405418396, "length": 2.1682753562927246, "mode": "train", "epoch": 3}
{"loss": 2.332160472869873, "acc": 0.13054829835891724, "length": 2.3315927982330322, "mode": "test", "epoch": 3}
{"loss": 2.3042843341827393, "acc": 0.13823997974395752, "length": 2.2635416984558105, "mode": "train", "epoch": 4}
{"loss": 2.302149772644043, "acc": 0.13054829835891724, "length": 1.9399477243423462, "mode": "test", "epoch": 4}
{"loss": 2.265843629837036, "acc": 0.1533421128988266, "length": 2.49961256980896, "mode": "train", "epoch": 5}
{"loss": 2.2977771759033203, "acc": 0.1801566630601883, "length": 2.146214008331299, "mode": "test", "epoch": 5}
{"loss": 2.181452989578247, "acc": 0.18644647300243378, "length": 2.6743695735931396, "mode": "train", "epoch": 6}
{"loss": 2.221808671951294, "acc": 0.19843341410160065, "length": 2.3550913333892822, "mode": "test", "epoch": 6}
{"loss": 2.041464328765869, "acc": 0.2117726057767868, "length": 2.7901506423950195, "mode": "train", "epoch": 7}
{"loss": 2.132704734802246, "acc": 0.22193211317062378, "length": 2.5509138107299805, "mode": "test", "epoch": 7}
{"loss": 1.9843379259109497, "acc": 0.2304157018661499, "length": 2.8110435009002686, "mode": "train", "epoch": 8}
{"loss": 2.1166629791259766, "acc": 0.18537859618663788, "length": 2.861618757247925, "mode": "test", "epoch": 8}
{"loss": 1.9706952571868896, "acc": 0.24651360511779785, "length": 2.984907627105713, "mode": "train", "epoch": 9}
{"loss": 1.999765396118164, "acc": 0.2454308122396469, "length": 2.921670913696289, "mode": "test", "epoch": 9}
{"loss": 1.8805385828018188, "acc": 0.286681592464447, "length": 3.042938470840454, "mode": "train", "epoch": 10}
{"loss": 2.0289106369018555, "acc": 0.2454308122396469, "length": 3.1540470123291016, "mode": "test", "epoch": 10}
{"loss": 1.8092437982559204, "acc": 0.3307867646217346, "length": 3.2436513900756836, "mode": "train", "epoch": 11}
{"loss": 2.032719135284424, "acc": 0.30809399485588074, "length": 3.3263707160949707, "mode": "test", "epoch": 11}
{"loss": 1.7234838008880615, "acc": 0.37638092041015625, "length": 3.288318395614624, "mode": "train", "epoch": 12}
{"loss": 2.0217833518981934, "acc": 0.33942559361457825, "length": 3.422976493835449, "mode": "test", "epoch": 12}
{"loss": 1.6170774698257446, "acc": 0.42199480533599854, "length": 3.3837311267852783, "mode": "train", "epoch": 13}
{"loss": 1.9611715078353882, "acc": 0.34464752674102783, "length": 3.3577022552490234, "mode": "test", "epoch": 13}
{"loss": 1.534826636314392, "acc": 0.4491346776485443, "length": 3.3982529640197754, "mode": "train", "epoch": 14}
{"loss": 1.9126708507537842, "acc": 0.3916448950767517, "length": 3.352480411529541, "mode": "test", "epoch": 14}
{"loss": 1.4381957054138184, "acc": 0.4921896755695343, "length": 3.4576416015625, "mode": "train", "epoch": 15}
{"loss": 1.8136296272277832, "acc": 0.4281984269618988, "length": 3.4595301151275635, "mode": "test", "epoch": 15}
{"loss": 1.3562289476394653, "acc": 0.5085449814796448, "length": 3.4914629459381104, "mode": "train", "epoch": 16}
{"loss": 1.7434313297271729, "acc": 0.44125327467918396, "length": 3.3838119506835938, "mode": "test", "epoch": 16}
{"loss": 1.3244129419326782, "acc": 0.5268244743347168, "length": 3.465057134628296, "mode": "train", "epoch": 17}
{"loss": 1.650081992149353, "acc": 0.44908615946769714, "length": 3.467362880706787, "mode": "test", "epoch": 17}
{"loss": 1.2262684106826782, "acc": 0.5421132445335388, "length": 3.5050456523895264, "mode": "train", "epoch": 18}
{"loss": 1.608883261680603, "acc": 0.4699738919734955, "length": 3.5065274238586426, "mode": "test", "epoch": 18}
{"loss": 1.1850134134292603, "acc": 0.5607908964157104, "length": 3.49722957611084, "mode": "train", "epoch": 19}
{"loss": 1.5790882110595703, "acc": 0.48825064301490784, "length": 3.47519588470459, "mode": "test", "epoch": 19}
{"loss": 1.1837316751480103, "acc": 0.5640519261360168, "length": 3.5177407264709473, "mode": "train", "epoch": 20}
{"loss": 1.4951199293136597, "acc": 0.498694509267807, "length": 3.464751958847046, "mode": "test", "epoch": 20}
{"loss": 1.1020004749298096, "acc": 0.5998442769050598, "length": 3.48679518699646, "mode": "train", "epoch": 21}
{"loss": 1.473031997680664, "acc": 0.4960835576057434, "length": 3.417754650115967, "mode": "test", "epoch": 21}
{"loss": 1.0634244680404663, "acc": 0.6052812337875366, "length": 3.5105764865875244, "mode": "train", "epoch": 22}
{"loss": 1.402617335319519, "acc": 0.5274151563644409, "length": 3.4125325679779053, "mode": "test", "epoch": 22}
{"loss": 1.0474724769592285, "acc": 0.6263571977615356, "length": 3.503438949584961, "mode": "train", "epoch": 23}
{"loss": 1.2700358629226685, "acc": 0.5430809259414673, "length": 3.454308032989502, "mode": "test", "epoch": 23}
{"loss": 0.9503974914550781, "acc": 0.6518079042434692, "length": 3.5117239952087402, "mode": "train", "epoch": 24}
{"loss": 1.2364575862884521, "acc": 0.5326370596885681, "length": 3.4595301151275635, "mode": "test", "epoch": 24}
{"loss": 0.9287406206130981, "acc": 0.665380597114563, "length": 3.5223610401153564, "mode": "train", "epoch": 25}
{"loss": 1.201758861541748, "acc": 0.5770235061645508, "length": 3.5143604278564453, "mode": "test", "epoch": 25}
{"loss": 0.8947771191596985, "acc": 0.6814984083175659, "length": 3.5537238121032715, "mode": "train", "epoch": 26}
{"loss": 1.1531965732574463, "acc": 0.5979112386703491, "length": 3.511749267578125, "mode": "test", "epoch": 26}
{"loss": 0.8580924272537231, "acc": 0.6905692219734192, "length": 3.5740365982055664, "mode": "train", "epoch": 27}
{"loss": 1.1704380512237549, "acc": 0.5796344876289368, "length": 3.5613577365875244, "mode": "test", "epoch": 27}
{"loss": 0.8223518133163452, "acc": 0.7128628492355347, "length": 3.6028106212615967, "mode": "train", "epoch": 28}
{"loss": 1.1179643869400024, "acc": 0.6266318559646606, "length": 3.4830286502838135, "mode": "test", "epoch": 28}
{"loss": 0.7561609148979187, "acc": 0.733069658279419, "length": 3.590696096420288, "mode": "train", "epoch": 29}
{"loss": 1.1050719022750854, "acc": 0.6187989711761475, "length": 3.5274150371551514, "mode": "test", "epoch": 29}
{"loss": 0.7162781357765198, "acc": 0.7606654167175293, "length": 3.591193199157715, "mode": "train", "epoch": 30}
{"loss": 0.9484767317771912, "acc": 0.6762402057647705, "length": 3.532637119293213, "mode": "test", "epoch": 30}
{"loss": 0.6670821905136108, "acc": 0.7835807204246521, "length": 3.5992236137390137, "mode": "train", "epoch": 31}
{"loss": 0.93467777967453, "acc": 0.6840730905532837, "length": 3.5300261974334717, "mode": "test", "epoch": 31}
{"loss": 0.6527671813964844, "acc": 0.7910829186439514, "length": 3.603102684020996, "mode": "train", "epoch": 32}
{"loss": 0.9353170394897461, "acc": 0.6892950534820557, "length": 3.5953001976013184, "mode": "test", "epoch": 32}
{"loss": 0.5902087688446045, "acc": 0.8091924786567688, "length": 3.609694719314575, "mode": "train", "epoch": 33}
{"loss": 0.8450114130973816, "acc": 0.7415143847465515, "length": 3.5639686584472656, "mode": "test", "epoch": 33}
{"loss": 0.5568692684173584, "acc": 0.8151729702949524, "length": 3.6167728900909424, "mode": "train", "epoch": 34}
{"loss": 0.8002337217330933, "acc": 0.7597911357879639, "length": 3.5718016624450684, "mode": "test", "epoch": 34}
{"loss": 0.5122661590576172, "acc": 0.845867395401001, "length": 3.603327989578247, "mode": "train", "epoch": 35}
{"loss": 0.7070415019989014, "acc": 0.767624020576477, "length": 3.558746814727783, "mode": "test", "epoch": 35}
{"loss": 0.46765729784965515, "acc": 0.8585610389709473, "length": 3.639988660812378, "mode": "train", "epoch": 36}
{"loss": 0.7511634826660156, "acc": 0.7859007716178894, "length": 3.603133201599121, "mode": "test", "epoch": 36}
{"loss": 0.40836456418037415, "acc": 0.8810902237892151, "length": 3.619621753692627, "mode": "train", "epoch": 37}
{"loss": 0.6958502531051636, "acc": 0.7989556193351746, "length": 3.5718016624450684, "mode": "test", "epoch": 37}
{"loss": 0.38827499747276306, "acc": 0.883434534072876, "length": 3.6381900310516357, "mode": "train", "epoch": 38}
{"loss": 0.723781943321228, "acc": 0.8015666007995605, "length": 3.5953001976013184, "mode": "test", "epoch": 38}
{"loss": 0.3584255576133728, "acc": 0.891202449798584, "length": 3.619323253631592, "mode": "train", "epoch": 39}
{"loss": 0.6839212775230408, "acc": 0.7989556193351746, "length": 3.5718016624450684, "mode": "test", "epoch": 39}
{"loss": 0.349021315574646, "acc": 0.8915964365005493, "length": 3.6225998401641846, "mode": "train", "epoch": 40}
{"loss": 0.647323727607727, "acc": 0.8146213889122009, "length": 3.535248041152954, "mode": "test", "epoch": 40}
{"loss": 0.31980544328689575, "acc": 0.9143281579017639, "length": 3.6238434314727783, "mode": "train", "epoch": 41}
{"loss": 0.601220428943634, "acc": 0.8433420658111572, "length": 3.5613577365875244, "mode": "test", "epoch": 41}
{"loss": 0.3108281195163727, "acc": 0.910214900970459, "length": 3.6133511066436768, "mode": "train", "epoch": 42}
{"loss": 0.5734516382217407, "acc": 0.8328981995582581, "length": 3.592689275741577, "mode": "test", "epoch": 42}
{"loss": 0.28634411096572876, "acc": 0.9167861342430115, "length": 3.6223385334014893, "mode": "train", "epoch": 43}
{"loss": 0.5180450081825256, "acc": 0.8485639691352844, "length": 3.569190502166748, "mode": "test", "epoch": 43}
{"loss": 0.22697652876377106, "acc": 0.936061680316925, "length": 3.611630916595459, "mode": "train", "epoch": 44}
{"loss": 0.4677391052246094, "acc": 0.8668407201766968, "length": 3.582245349884033, "mode": "test", "epoch": 44}
{"loss": 0.25269797444343567, "acc": 0.9301890730857849, "length": 3.6122899055480957, "mode": "train", "epoch": 45}
{"loss": 0.412206768989563, "acc": 0.8798955678939819, "length": 3.590078353881836, "mode": "test", "epoch": 45}
{"loss": 0.2157067060470581, "acc": 0.9380677938461304, "length": 3.6311867237091064, "mode": "train", "epoch": 46}
{"loss": 0.445228636264801, "acc": 0.8798955678939819, "length": 3.6083550453186035, "mode": "test", "epoch": 46}
{"loss": 0.22936876118183136, "acc": 0.9284508228302002, "length": 3.6352109909057617, "mode": "train", "epoch": 47}
{"loss": 0.4761228561401367, "acc": 0.8616188168525696, "length": 3.5874674320220947, "mode": "test", "epoch": 47}
{"loss": 0.23101666569709778, "acc": 0.936367392539978, "length": 3.6352033615112305, "mode": "train", "epoch": 48}
{"loss": 0.45805734395980835, "acc": 0.8798955678939819, "length": 3.582245349884033, "mode": "test", "epoch": 48}
{"loss": 0.22311122715473175, "acc": 0.9342488050460815, "length": 3.613528251647949, "mode": "train", "epoch": 49}
{"loss": 0.4216991364955902, "acc": 0.8642297387123108, "length": 3.5509138107299805, "mode": "test", "epoch": 49}
{"loss": 0.18493340909481049, "acc": 0.9440942406654358, "length": 3.6291110515594482, "mode": "train", "epoch": 50}
{"loss": 0.4073399007320404, "acc": 0.8616188168525696, "length": 3.579634428024292, "mode": "test", "epoch": 50}
{"loss": 0.22122280299663544, "acc": 0.9333917498588562, "length": 3.622631788253784, "mode": "train", "epoch": 51}
{"loss": 0.4524732828140259, "acc": 0.8720626831054688, "length": 3.569190502166748, "mode": "test", "epoch": 51}
{"loss": 0.21828235685825348, "acc": 0.9281973242759705, "length": 3.6270875930786133, "mode": "train", "epoch": 52}
{"loss": 0.4132041931152344, "acc": 0.8825065493583679, "length": 3.603133201599121, "mode": "test", "epoch": 52}
{"loss": 0.20002387464046478, "acc": 0.9360572695732117, "length": 3.6307194232940674, "mode": "train", "epoch": 53}
{"loss": 0.3852859139442444, "acc": 0.8851174712181091, "length": 3.5953001976013184, "mode": "test", "epoch": 53}
{"loss": 0.17292921245098114, "acc": 0.9484435319900513, "length": 3.6334447860717773, "mode": "train", "epoch": 54}
{"loss": 0.40825319290161133, "acc": 0.8825065493583679, "length": 3.590078353881836, "mode": "test", "epoch": 54}
{"loss": 0.15859289467334747, "acc": 0.9533553123474121, "length": 3.61592435836792, "mode": "train", "epoch": 55}
{"loss": 0.40328606963157654, "acc": 0.87467360496521, "length": 3.5744125843048096, "mode": "test", "epoch": 55}
{"loss": 0.15607568621635437, "acc": 0.9501941204071045, "length": 3.620971202850342, "mode": "train", "epoch": 56}
{"loss": 0.3608205020427704, "acc": 0.8851174712181091, "length": 3.582245349884033, "mode": "test", "epoch": 56}
{"loss": 0.15486642718315125, "acc": 0.9551658034324646, "length": 3.629046678543091, "mode": "train", "epoch": 57}
{"loss": 0.3424747586250305, "acc": 0.9033942818641663, "length": 3.5874674320220947, "mode": "test", "epoch": 57}
{"loss": 0.1422293484210968, "acc": 0.9515470266342163, "length": 3.6145145893096924, "mode": "train", "epoch": 58}
{"loss": 0.40209317207336426, "acc": 0.8798955678939819, "length": 3.5874674320220947, "mode": "test", "epoch": 58}
{"loss": 0.15043938159942627, "acc": 0.9564720988273621, "length": 3.640976667404175, "mode": "train", "epoch": 59}
{"loss": 0.33711040019989014, "acc": 0.8955613374710083, "length": 3.6083550453186035, "mode": "test", "epoch": 59}
{"loss": 0.13161596655845642, "acc": 0.9640598297119141, "length": 3.6362593173980713, "mode": "train", "epoch": 60}
{"loss": 0.40832722187042236, "acc": 0.8877284526824951, "length": 3.5718016624450684, "mode": "test", "epoch": 60}
test accuracy: 0.7128205299377441
