# ["--data_set_name=dim[16, 16, 16]_dist10-0_scale10_upsampleTrue_balancedFalse.ds", "--n_epochs=60", "--batch_size=32", "--learning_rate=0.0005", "--hidden_size=256", "--temperature=1.5", "--temp_update=0.97", "--length_cost=0.0", "--vocab_size_factor=3"]
data loaded from: ../zoo/intentional_game/data/dim[16, 16, 16]_dist10-0_scale10_upsampleTrue_balancedFalse.ds

opts
 Namespace(batch_size=32, checkpoint_dir=None, checkpoint_freq=0, cuda=True, data_set_name='dim[16, 16, 16]_dist10-0_scale10_upsampleTrue_balancedFalse.ds', device=device(type='cuda'), distributed_context=DistributedContext(is_distributed=False, rank=0, local_rank=0, world_size=1, mode='none'), distributed_port=18363, fp16=False, hidden_size=256, learning_rate=0.0005, length_cost=0.0, load_from_checkpoint=None, lr=0.01, max_len=1, mode='gs', n_epochs=60, no_cuda=False, optimizer='adam', preemptable=False, random_seed=92375025, receiver_cell='gru', save_interaction_freq=0, sender_cell='gru', temp_update=0.97, temperature=1.5, tensorboard=False, tensorboard_dir='runs/', update_freq=1, validation_freq=1, vocab_size=10, vocab_size_factor=3)
{"loss": 2.256549596786499, "acc": 0.10033849626779556, "length": 1.7879512310028076, "mode": "train", "epoch": 1}
{"loss": 2.154270648956299, "acc": 0.12445566058158875, "length": 2.396402359008789, "mode": "test", "epoch": 1}
{"loss": 1.99276602268219, "acc": 0.1655348539352417, "length": 2.7739555835723877, "mode": "train", "epoch": 2}
{"loss": 1.9618823528289795, "acc": 0.16987505555152893, "length": 2.767083168029785, "mode": "test", "epoch": 2}
{"loss": 1.9566487073898315, "acc": 0.1760409027338028, "length": 2.8659605979919434, "mode": "train", "epoch": 3}
{"loss": 1.941825270652771, "acc": 0.18652069568634033, "length": 2.8729395866394043, "mode": "test", "epoch": 3}
{"loss": 1.7833203077316284, "acc": 0.24384866654872894, "length": 2.8700218200683594, "mode": "train", "epoch": 4}
{"loss": 1.5718834400177002, "acc": 0.285702645778656, "length": 2.854055643081665, "mode": "test", "epoch": 4}
{"loss": 1.405304193496704, "acc": 0.3423177897930145, "length": 2.860126495361328, "mode": "train", "epoch": 5}
{"loss": 1.4490559101104736, "acc": 0.33869194984436035, "length": 2.859224319458008, "mode": "test", "epoch": 5}
{"loss": 1.2129956483840942, "acc": 0.42021453380584717, "length": 2.8640341758728027, "mode": "train", "epoch": 6}
{"loss": 1.2887389659881592, "acc": 0.3890765607357025, "length": 2.8604860305786133, "mode": "test", "epoch": 6}
{"loss": 1.0714035034179688, "acc": 0.46920183300971985, "length": 2.8625290393829346, "mode": "train", "epoch": 7}
{"loss": 1.270343542098999, "acc": 0.4035651683807373, "length": 2.858044147491455, "mode": "test", "epoch": 7}
{"loss": 1.009676218032837, "acc": 0.5017163157463074, "length": 2.862724781036377, "mode": "train", "epoch": 8}
{"loss": 1.1900386810302734, "acc": 0.44719386100769043, "length": 2.8538520336151123, "mode": "test", "epoch": 8}
{"loss": 0.9385471343994141, "acc": 0.5463874340057373, "length": 2.8648266792297363, "mode": "train", "epoch": 9}
{"loss": 1.174438714981079, "acc": 0.4717349708080292, "length": 2.864067316055298, "mode": "test", "epoch": 9}
{"loss": 0.8292087316513062, "acc": 0.5954574942588806, "length": 2.8724091053009033, "mode": "train", "epoch": 10}
{"loss": 1.101266622543335, "acc": 0.49363070726394653, "length": 2.8736722469329834, "mode": "test", "epoch": 10}
{"loss": 0.766869306564331, "acc": 0.6217100620269775, "length": 2.895904779434204, "mode": "train", "epoch": 11}
{"loss": 1.0280147790908813, "acc": 0.5251719355583191, "length": 2.9678890705108643, "mode": "test", "epoch": 11}
{"loss": 0.7079740762710571, "acc": 0.6458701491355896, "length": 3.0703420639038086, "mode": "train", "epoch": 12}
{"loss": 0.8664008975028992, "acc": 0.5821496844291687, "length": 3.1821658611297607, "mode": "test", "epoch": 12}
{"loss": 0.6308548450469971, "acc": 0.6829363107681274, "length": 3.300597667694092, "mode": "train", "epoch": 13}
{"loss": 0.759109377861023, "acc": 0.6277725696563721, "length": 3.3489480018615723, "mode": "test", "epoch": 13}
{"loss": 0.5583718419075012, "acc": 0.7174943089485168, "length": 3.467982292175293, "mode": "train", "epoch": 14}
{"loss": 0.676078200340271, "acc": 0.6689186692237854, "length": 3.561312198638916, "mode": "test", "epoch": 14}
{"loss": 0.5190960764884949, "acc": 0.7351698279380798, "length": 3.5592265129089355, "mode": "train", "epoch": 15}
{"loss": 0.6451963782310486, "acc": 0.6793781518936157, "length": 3.6311099529266357, "mode": "test", "epoch": 15}
{"loss": 0.5005986094474792, "acc": 0.7419812679290771, "length": 3.5967233180999756, "mode": "train", "epoch": 16}
{"loss": 0.5865243673324585, "acc": 0.6994017362594604, "length": 3.6188595294952393, "mode": "test", "epoch": 16}
{"loss": 0.48285749554634094, "acc": 0.7536848783493042, "length": 3.588761568069458, "mode": "train", "epoch": 17}
{"loss": 0.5785209536552429, "acc": 0.7059541940689087, "length": 3.5929348468780518, "mode": "test", "epoch": 17}
{"loss": 0.4761156141757965, "acc": 0.7595036029815674, "length": 3.6177632808685303, "mode": "train", "epoch": 18}
{"loss": 0.5644219517707825, "acc": 0.720890462398529, "length": 3.5971267223358154, "mode": "test", "epoch": 18}
{"loss": 0.4462350904941559, "acc": 0.7806666493415833, "length": 3.6521353721618652, "mode": "train", "epoch": 19}
{"loss": 0.5339451432228088, "acc": 0.7412803769111633, "length": 3.682756185531616, "mode": "test", "epoch": 19}
{"loss": 0.41581323742866516, "acc": 0.7983579039573669, "length": 3.6727664470672607, "mode": "train", "epoch": 20}
{"loss": 0.4920250177383423, "acc": 0.7655366063117981, "length": 3.697936534881592, "mode": "test", "epoch": 20}
{"loss": 0.38527727127075195, "acc": 0.8125138878822327, "length": 3.6931521892547607, "mode": "train", "epoch": 21}
{"loss": 0.4681623578071594, "acc": 0.7761995792388916, "length": 3.683732748031616, "mode": "test", "epoch": 21}
{"loss": 0.3669511079788208, "acc": 0.8218091726303101, "length": 3.6909303665161133, "mode": "train", "epoch": 22}
{"loss": 0.4535594880580902, "acc": 0.7846241593360901, "length": 3.6959424018859863, "mode": "test", "epoch": 22}
{"loss": 0.36078402400016785, "acc": 0.8290160894393921, "length": 3.712165355682373, "mode": "train", "epoch": 23}
{"loss": 0.45445093512535095, "acc": 0.7890602946281433, "length": 3.7204835414886475, "mode": "test", "epoch": 23}
{"loss": 0.3436664342880249, "acc": 0.8395395874977112, "length": 3.715226888656616, "mode": "train", "epoch": 24}
{"loss": 0.4177054762840271, "acc": 0.8143746852874756, "length": 3.7401814460754395, "mode": "test", "epoch": 24}
{"loss": 0.3174947500228882, "acc": 0.8560318350791931, "length": 3.7386910915374756, "mode": "train", "epoch": 25}
{"loss": 0.3826791048049927, "acc": 0.8224329352378845, "length": 3.739896535873413, "mode": "test", "epoch": 25}
{"loss": 0.29451984167099, "acc": 0.8668995499610901, "length": 3.737006664276123, "mode": "train", "epoch": 26}
{"loss": 0.3886864185333252, "acc": 0.8288633227348328, "length": 3.736884832382202, "mode": "test", "epoch": 26}
{"loss": 0.2829647958278656, "acc": 0.8705894947052002, "length": 3.7480218410491943, "mode": "train", "epoch": 27}
{"loss": 0.3633583188056946, "acc": 0.8367995023727417, "length": 3.766309976577759, "mode": "test", "epoch": 27}
{"loss": 0.2750796377658844, "acc": 0.8759050369262695, "length": 3.782503128051758, "mode": "train", "epoch": 28}
{"loss": 0.33105340600013733, "acc": 0.8529974222183228, "length": 3.763460874557495, "mode": "test", "epoch": 28}
{"loss": 0.27784228324890137, "acc": 0.8774271011352539, "length": 3.778359889984131, "mode": "train", "epoch": 29}
{"loss": 0.32780495285987854, "acc": 0.8518171906471252, "length": 3.796670913696289, "mode": "test", "epoch": 29}
{"loss": 0.26856258511543274, "acc": 0.8841748237609863, "length": 3.7868831157684326, "mode": "train", "epoch": 30}
{"loss": 0.3038598597049713, "acc": 0.8667535185813904, "length": 3.7991127967834473, "mode": "test", "epoch": 30}
{"loss": 0.25659239292144775, "acc": 0.8877207636833191, "length": 3.788008451461792, "mode": "train", "epoch": 31}
{"loss": 0.2991200387477875, "acc": 0.869724452495575, "length": 3.790036916732788, "mode": "test", "epoch": 31}
{"loss": 0.2453172206878662, "acc": 0.8923922777175903, "length": 3.7671055793762207, "mode": "train", "epoch": 32}
{"loss": 0.2914623022079468, "acc": 0.8722070455551147, "length": 3.7365593910217285, "mode": "test", "epoch": 32}
{"loss": 0.24256178736686707, "acc": 0.8949683904647827, "length": 3.7557244300842285, "mode": "train", "epoch": 33}
{"loss": 0.27662965655326843, "acc": 0.8772943615913391, "length": 3.772984504699707, "mode": "test", "epoch": 33}
{"loss": 0.23169691860675812, "acc": 0.8993463516235352, "length": 3.7618026733398438, "mode": "train", "epoch": 34}
{"loss": 0.3022651672363281, "acc": 0.8704570531845093, "length": 3.7510480880737305, "mode": "test", "epoch": 34}
{"loss": 0.2449982464313507, "acc": 0.8945707082748413, "length": 3.757859945297241, "mode": "train", "epoch": 35}
{"loss": 0.2993966042995453, "acc": 0.8760327100753784, "length": 3.7438037395477295, "mode": "test", "epoch": 35}
{"loss": 0.2504734992980957, "acc": 0.8952025175094604, "length": 3.7615725994110107, "mode": "train", "epoch": 36}
{"loss": 0.29722434282302856, "acc": 0.8694802522659302, "length": 3.770786762237549, "mode": "test", "epoch": 36}
{"loss": 0.250162273645401, "acc": 0.8937340378761292, "length": 3.768123149871826, "mode": "train", "epoch": 37}
{"loss": 0.29121312499046326, "acc": 0.8741605877876282, "length": 3.785682201385498, "mode": "test", "epoch": 37}
{"loss": 0.23067644238471985, "acc": 0.9018191695213318, "length": 3.7590346336364746, "mode": "train", "epoch": 38}
{"loss": 0.2747269570827484, "acc": 0.8839281797409058, "length": 3.7573156356811523, "mode": "test", "epoch": 38}
{"loss": 0.2256111353635788, "acc": 0.9077684283256531, "length": 3.7521398067474365, "mode": "train", "epoch": 39}
{"loss": 0.24080225825309753, "acc": 0.8952423334121704, "length": 3.7493386268615723, "mode": "test", "epoch": 39}
{"loss": 0.21899069845676422, "acc": 0.9094967246055603, "length": 3.757911205291748, "mode": "train", "epoch": 40}
{"loss": 0.2570357918739319, "acc": 0.8926376700401306, "length": 3.7490944862365723, "mode": "test", "epoch": 40}
{"loss": 0.21738062798976898, "acc": 0.9097703695297241, "length": 3.7462317943573, "mode": "train", "epoch": 41}
{"loss": 0.25798991322517395, "acc": 0.8899922966957092, "length": 3.7778682708740234, "mode": "test", "epoch": 41}
{"loss": 0.21239538490772247, "acc": 0.9120691418647766, "length": 3.7704453468322754, "mode": "train", "epoch": 42}
{"loss": 0.2859058082103729, "acc": 0.8837653994560242, "length": 3.767775058746338, "mode": "test", "epoch": 42}
{"loss": 0.22295528650283813, "acc": 0.9086405038833618, "length": 3.7791993618011475, "mode": "train", "epoch": 43}
{"loss": 0.236211895942688, "acc": 0.8964226245880127, "length": 3.774449586868286, "mode": "test", "epoch": 43}
{"loss": 0.2221231907606125, "acc": 0.9091185331344604, "length": 3.7709434032440186, "mode": "train", "epoch": 44}
{"loss": 0.24372068047523499, "acc": 0.8959749341011047, "length": 3.7722926139831543, "mode": "test", "epoch": 44}
{"loss": 0.20822051167488098, "acc": 0.9140238165855408, "length": 3.7742137908935547, "mode": "train", "epoch": 45}
{"loss": 0.2275235950946808, "acc": 0.9022424817085266, "length": 3.7679784297943115, "mode": "test", "epoch": 45}
{"loss": 0.20320214331150055, "acc": 0.9154379367828369, "length": 3.7627756595611572, "mode": "train", "epoch": 46}
{"loss": 0.237239807844162, "acc": 0.8990272879600525, "length": 3.7581701278686523, "mode": "test", "epoch": 46}
{"loss": 0.22250314056873322, "acc": 0.9120554327964783, "length": 3.7715373039245605, "mode": "train", "epoch": 47}
{"loss": 0.23593580722808838, "acc": 0.8984575271606445, "length": 3.759106159210205, "mode": "test", "epoch": 47}
{"loss": 0.20052000880241394, "acc": 0.9157623052597046, "length": 3.7428181171417236, "mode": "train", "epoch": 48}
{"loss": 0.21743744611740112, "acc": 0.9065971970558167, "length": 3.725855588912964, "mode": "test", "epoch": 48}
{"loss": 0.20273195207118988, "acc": 0.9158366918563843, "length": 3.732954978942871, "mode": "train", "epoch": 49}
{"loss": 0.22451215982437134, "acc": 0.9000040888786316, "length": 3.7258963584899902, "mode": "test", "epoch": 49}
{"loss": 0.1933196634054184, "acc": 0.9190330505371094, "length": 3.731924295425415, "mode": "train", "epoch": 50}
{"loss": 0.22237750887870789, "acc": 0.9021610617637634, "length": 3.738187313079834, "mode": "test", "epoch": 50}
{"loss": 0.19517502188682556, "acc": 0.9180194735527039, "length": 3.742520332336426, "mode": "train", "epoch": 51}
{"loss": 0.23547987639904022, "acc": 0.9003703594207764, "length": 3.737699031829834, "mode": "test", "epoch": 51}
{"loss": 0.19678601622581482, "acc": 0.9184724688529968, "length": 3.7459287643432617, "mode": "train", "epoch": 52}
{"loss": 0.21421514451503754, "acc": 0.9065564870834351, "length": 3.7536120414733887, "mode": "test", "epoch": 52}
{"loss": 0.20550839602947235, "acc": 0.9179403185844421, "length": 3.7531423568725586, "mode": "train", "epoch": 53}
{"loss": 0.21838776767253876, "acc": 0.9050099849700928, "length": 3.7614259719848633, "mode": "test", "epoch": 53}
{"loss": 0.19885952770709991, "acc": 0.9184390902519226, "length": 3.7510581016540527, "mode": "train", "epoch": 54}
{"loss": 0.23449590802192688, "acc": 0.9030564427375793, "length": 3.7628912925720215, "mode": "test", "epoch": 54}
{"loss": 0.2063954472541809, "acc": 0.9162386059761047, "length": 3.755657434463501, "mode": "train", "epoch": 55}
{"loss": 0.21989846229553223, "acc": 0.9044808745384216, "length": 3.758129596710205, "mode": "test", "epoch": 55}
{"loss": 0.1981639713048935, "acc": 0.9178614616394043, "length": 3.7638323307037354, "mode": "train", "epoch": 56}
{"loss": 0.22246819734573364, "acc": 0.9055797457695007, "length": 3.750518798828125, "mode": "test", "epoch": 56}
{"loss": 0.20636196434497833, "acc": 0.9169639945030212, "length": 3.773705244064331, "mode": "train", "epoch": 57}
{"loss": 0.2671177089214325, "acc": 0.8945097923278809, "length": 3.78250789642334, "mode": "test", "epoch": 57}
{"loss": 0.22235314548015594, "acc": 0.9106554388999939, "length": 3.7799298763275146, "mode": "train", "epoch": 58}
{"loss": 0.22906994819641113, "acc": 0.8996784687042236, "length": 3.7708680629730225, "mode": "test", "epoch": 58}
{"loss": 0.20138724148273468, "acc": 0.9177574515342712, "length": 3.774994373321533, "mode": "train", "epoch": 59}
{"loss": 0.2279040664434433, "acc": 0.9039111137390137, "length": 3.7730658054351807, "mode": "test", "epoch": 59}
{"loss": 0.19203966856002808, "acc": 0.9223722815513611, "length": 3.772754192352295, "mode": "train", "epoch": 60}
{"loss": 0.23237207531929016, "acc": 0.9040331840515137, "length": 3.783036947250366, "mode": "test", "epoch": 60}
test accuracy: 0.8741463422775269
