# ["--data_set_name=dim[16, 16, 16]_dist10-0_scale10_upsampleTrue_balancedFalse.ds", "--n_epochs=60", "--batch_size=32", "--learning_rate=0.0005", "--hidden_size=256", "--temperature=1.5", "--temp_update=0.99", "--length_cost=0.0", "--vocab_size_factor=3"]
data loaded from: ../zoo/intentional_game/data/dim[16, 16, 16]_dist10-0_scale10_upsampleTrue_balancedFalse.ds

opts
 Namespace(batch_size=32, checkpoint_dir=None, checkpoint_freq=0, cuda=True, data_set_name='dim[16, 16, 16]_dist10-0_scale10_upsampleTrue_balancedFalse.ds', device=device(type='cuda'), distributed_context=DistributedContext(is_distributed=False, rank=0, local_rank=0, world_size=1, mode='none'), distributed_port=18363, fp16=False, hidden_size=256, learning_rate=0.0005, length_cost=0.0, load_from_checkpoint=None, lr=0.01, max_len=1, mode='gs', n_epochs=60, no_cuda=False, optimizer='adam', preemptable=False, random_seed=1027515821, receiver_cell='gru', save_interaction_freq=0, sender_cell='gru', temp_update=0.99, temperature=1.5, tensorboard=False, tensorboard_dir='runs/', update_freq=1, validation_freq=1, vocab_size=10, vocab_size_factor=3)
{"loss": 2.1437532901763916, "acc": 0.12652860581874847, "length": 2.3221070766448975, "mode": "train", "epoch": 1}
{"loss": 2.0281379222869873, "acc": 0.16132839024066925, "length": 2.7240242958068848, "mode": "test", "epoch": 1}
{"loss": 1.9480993747711182, "acc": 0.185263529419899, "length": 2.6815319061279297, "mode": "train", "epoch": 2}
{"loss": 1.9338667392730713, "acc": 0.19596272706985474, "length": 2.6242318153381348, "mode": "test", "epoch": 2}
{"loss": 1.8685781955718994, "acc": 0.21497412025928497, "length": 2.621772527694702, "mode": "train", "epoch": 3}
{"loss": 1.8616280555725098, "acc": 0.21635261178016663, "length": 2.624842405319214, "mode": "test", "epoch": 3}
{"loss": 1.7422006130218506, "acc": 0.25366026163101196, "length": 2.6937594413757324, "mode": "train", "epoch": 4}
{"loss": 1.7148003578186035, "acc": 0.2544462978839874, "length": 2.7534899711608887, "mode": "test", "epoch": 4}
{"loss": 1.6049243211746216, "acc": 0.2795547842979431, "length": 2.7369797229766846, "mode": "train", "epoch": 5}
{"loss": 1.5833724737167358, "acc": 0.27687111496925354, "length": 2.7331814765930176, "mode": "test", "epoch": 5}
{"loss": 1.5622963905334473, "acc": 0.2898550033569336, "length": 2.741924285888672, "mode": "train", "epoch": 6}
{"loss": 1.5806955099105835, "acc": 0.2847259044647217, "length": 2.748605966567993, "mode": "test", "epoch": 6}
{"loss": 1.5431280136108398, "acc": 0.3041190207004547, "length": 2.7425034046173096, "mode": "train", "epoch": 7}
{"loss": 1.5453643798828125, "acc": 0.30511578917503357, "length": 2.7448618412017822, "mode": "test", "epoch": 7}
{"loss": 1.4876817464828491, "acc": 0.33516180515289307, "length": 2.732762336730957, "mode": "train", "epoch": 8}
{"loss": 1.4772675037384033, "acc": 0.3358430564403534, "length": 2.732855796813965, "mode": "test", "epoch": 8}
{"loss": 1.3716212511062622, "acc": 0.3805704116821289, "length": 2.7468576431274414, "mode": "train", "epoch": 9}
{"loss": 1.3441658020019531, "acc": 0.37934964895248413, "length": 2.7565016746520996, "mode": "test", "epoch": 9}
{"loss": 1.2081034183502197, "acc": 0.43504443764686584, "length": 2.762877941131592, "mode": "train", "epoch": 10}
{"loss": 1.3031997680664062, "acc": 0.3999430239200592, "length": 2.763827323913574, "mode": "test", "epoch": 10}
{"loss": 1.1201905012130737, "acc": 0.4764924943447113, "length": 2.776996374130249, "mode": "train", "epoch": 11}
{"loss": 1.2834010124206543, "acc": 0.42322251200675964, "length": 2.8158397674560547, "mode": "test", "epoch": 11}
{"loss": 1.000929355621338, "acc": 0.5379010438919067, "length": 2.830018997192383, "mode": "train", "epoch": 12}
{"loss": 1.1862199306488037, "acc": 0.4677058458328247, "length": 2.840665817260742, "mode": "test", "epoch": 12}
{"loss": 0.8801349997520447, "acc": 0.5963866114616394, "length": 2.848533868789673, "mode": "train", "epoch": 13}
{"loss": 1.1384141445159912, "acc": 0.495421439409256, "length": 2.8520612716674805, "mode": "test", "epoch": 13}
{"loss": 0.7727124094963074, "acc": 0.6434747576713562, "length": 2.867417335510254, "mode": "train", "epoch": 14}
{"loss": 1.070472240447998, "acc": 0.5321720838546753, "length": 2.879451274871826, "mode": "test", "epoch": 14}
{"loss": 0.7082424163818359, "acc": 0.6710827350616455, "length": 2.879363536834717, "mode": "train", "epoch": 15}
{"loss": 1.0314258337020874, "acc": 0.5515851974487305, "length": 2.890643358230591, "mode": "test", "epoch": 15}
{"loss": 0.654195249080658, "acc": 0.6961746215820312, "length": 2.9042444229125977, "mode": "train", "epoch": 16}
{"loss": 0.9981966018676758, "acc": 0.5635505318641663, "length": 2.920841693878174, "mode": "test", "epoch": 16}
{"loss": 0.6075700521469116, "acc": 0.7209854125976562, "length": 2.931464433670044, "mode": "train", "epoch": 17}
{"loss": 1.034067988395691, "acc": 0.5752716660499573, "length": 2.937649965286255, "mode": "test", "epoch": 17}
{"loss": 0.5673577189445496, "acc": 0.7382401823997498, "length": 2.950330972671509, "mode": "train", "epoch": 18}
{"loss": 1.008396029472351, "acc": 0.574416995048523, "length": 2.9549875259399414, "mode": "test", "epoch": 18}
{"loss": 0.5295392870903015, "acc": 0.7531416416168213, "length": 2.9521749019622803, "mode": "train", "epoch": 19}
{"loss": 1.0020188093185425, "acc": 0.5865451097488403, "length": 2.965080738067627, "mode": "test", "epoch": 19}
{"loss": 0.5052418112754822, "acc": 0.766307532787323, "length": 2.971275568008423, "mode": "train", "epoch": 20}
{"loss": 0.9675595164299011, "acc": 0.5961906313896179, "length": 2.989825487136841, "mode": "test", "epoch": 20}
{"loss": 0.47652265429496765, "acc": 0.7779790163040161, "length": 2.9772374629974365, "mode": "train", "epoch": 21}
{"loss": 0.99510258436203, "acc": 0.6043710112571716, "length": 2.983720541000366, "mode": "test", "epoch": 21}
{"loss": 0.4531829059123993, "acc": 0.7913073301315308, "length": 2.98606014251709, "mode": "train", "epoch": 22}
{"loss": 0.9464401602745056, "acc": 0.6191038489341736, "length": 2.9938137531280518, "mode": "test", "epoch": 22}
{"loss": 0.4349225163459778, "acc": 0.8013234734535217, "length": 2.9991137981414795, "mode": "train", "epoch": 23}
{"loss": 0.9282678365707397, "acc": 0.6396158337593079, "length": 3.00484299659729, "mode": "test", "epoch": 23}
{"loss": 0.4068218171596527, "acc": 0.8130356669425964, "length": 3.0018484592437744, "mode": "train", "epoch": 24}
{"loss": 0.8732697367668152, "acc": 0.6543079018592834, "length": 3.001831531524658, "mode": "test", "epoch": 24}
{"loss": 0.37661346793174744, "acc": 0.8303709626197815, "length": 3.0046732425689697, "mode": "train", "epoch": 25}
{"loss": 0.8785402774810791, "acc": 0.6632208824157715, "length": 3.0059826374053955, "mode": "test", "epoch": 25}
{"loss": 0.34801164269447327, "acc": 0.8462538123130798, "length": 3.022514581680298, "mode": "train", "epoch": 26}
{"loss": 0.8828691244125366, "acc": 0.6682267785072327, "length": 3.0258841514587402, "mode": "test", "epoch": 26}
{"loss": 0.33210867643356323, "acc": 0.853219211101532, "length": 3.0288703441619873, "mode": "train", "epoch": 27}
{"loss": 0.9163002967834473, "acc": 0.6742094159126282, "length": 3.0350005626678467, "mode": "test", "epoch": 27}
{"loss": 0.3140794336795807, "acc": 0.8607847094535828, "length": 3.0376381874084473, "mode": "train", "epoch": 28}
{"loss": 0.8392817378044128, "acc": 0.6895120143890381, "length": 3.0393552780151367, "mode": "test", "epoch": 28}
{"loss": 0.29753828048706055, "acc": 0.8688368201255798, "length": 3.0552403926849365, "mode": "train", "epoch": 29}
{"loss": 0.8014678955078125, "acc": 0.702128529548645, "length": 3.064629077911377, "mode": "test", "epoch": 29}
{"loss": 0.2761434018611908, "acc": 0.8804032206535339, "length": 3.0857226848602295, "mode": "train", "epoch": 30}
{"loss": 0.7701177597045898, "acc": 0.7284196615219116, "length": 3.1306824684143066, "mode": "test", "epoch": 30}
{"loss": 0.25266000628471375, "acc": 0.893775463104248, "length": 3.138309955596924, "mode": "train", "epoch": 31}
{"loss": 0.6564528942108154, "acc": 0.7516584396362305, "length": 3.179764747619629, "mode": "test", "epoch": 31}
{"loss": 0.2128848433494568, "acc": 0.9115709662437439, "length": 3.2235214710235596, "mode": "train", "epoch": 32}
{"loss": 0.5993662476539612, "acc": 0.7912579774856567, "length": 3.2807374000549316, "mode": "test", "epoch": 32}
{"loss": 0.18450765311717987, "acc": 0.9263308644294739, "length": 3.3268580436706543, "mode": "train", "epoch": 33}
{"loss": 0.4751761555671692, "acc": 0.8293923735618591, "length": 3.3556225299835205, "mode": "test", "epoch": 33}
{"loss": 0.15765784680843353, "acc": 0.9373399615287781, "length": 3.395533800125122, "mode": "train", "epoch": 34}
{"loss": 0.44725966453552246, "acc": 0.8444100618362427, "length": 3.4112977981567383, "mode": "test", "epoch": 34}
{"loss": 0.14873835444450378, "acc": 0.942017674446106, "length": 3.432903289794922, "mode": "train", "epoch": 35}
{"loss": 0.3865053057670593, "acc": 0.8587359189987183, "length": 3.4078385829925537, "mode": "test", "epoch": 35}
{"loss": 0.13421519100666046, "acc": 0.9458591938018799, "length": 3.4286305904388428, "mode": "train", "epoch": 36}
{"loss": 0.3632104992866516, "acc": 0.8706605434417725, "length": 3.4242806434631348, "mode": "test", "epoch": 36}
{"loss": 0.12839390337467194, "acc": 0.9509242177009583, "length": 3.439483404159546, "mode": "train", "epoch": 37}
{"loss": 0.3808377981185913, "acc": 0.8699279427528381, "length": 3.4562695026397705, "mode": "test", "epoch": 37}
{"loss": 0.12016429007053375, "acc": 0.9540949463844299, "length": 3.4670939445495605, "mode": "train", "epoch": 38}
{"loss": 0.36930978298187256, "acc": 0.8749338388442993, "length": 3.4653453826904297, "mode": "test", "epoch": 38}
{"loss": 0.10700836032629013, "acc": 0.9599658846855164, "length": 3.4977190494537354, "mode": "train", "epoch": 39}
{"loss": 0.35811418294906616, "acc": 0.8761548399925232, "length": 3.494119167327881, "mode": "test", "epoch": 39}
{"loss": 0.10328200459480286, "acc": 0.9626602530479431, "length": 3.508620023727417, "mode": "train", "epoch": 40}
{"loss": 0.3151828646659851, "acc": 0.894591212272644, "length": 3.5206544399261475, "mode": "test", "epoch": 40}
{"loss": 0.09257388114929199, "acc": 0.9672123789787292, "length": 3.520936965942383, "mode": "train", "epoch": 41}
{"loss": 0.295570433139801, "acc": 0.9011029005050659, "length": 3.5022995471954346, "mode": "test", "epoch": 41}
{"loss": 0.08874769508838654, "acc": 0.9690556526184082, "length": 3.5467827320098877, "mode": "train", "epoch": 42}
{"loss": 0.3086216151714325, "acc": 0.8993121981620789, "length": 3.525294065475464, "mode": "test", "epoch": 42}
{"loss": 0.08601198345422745, "acc": 0.9703694581985474, "length": 3.5438334941864014, "mode": "train", "epoch": 43}
{"loss": 0.2745140790939331, "acc": 0.9077367782592773, "length": 3.5338001251220703, "mode": "test", "epoch": 43}
{"loss": 0.08136648684740067, "acc": 0.9720184206962585, "length": 3.5690455436706543, "mode": "train", "epoch": 44}
{"loss": 0.26716554164886475, "acc": 0.9145740866661072, "length": 3.5935451984405518, "mode": "test", "epoch": 44}
{"loss": 0.07906130701303482, "acc": 0.973426342010498, "length": 3.597062349319458, "mode": "train", "epoch": 45}
{"loss": 0.26159340143203735, "acc": 0.9178706407546997, "length": 3.578975200653076, "mode": "test", "epoch": 45}
{"loss": 0.07156349718570709, "acc": 0.9762572646141052, "length": 3.6052942276000977, "mode": "train", "epoch": 46}
{"loss": 0.27463942766189575, "acc": 0.9142078161239624, "length": 3.58304500579834, "mode": "test", "epoch": 46}
{"loss": 0.07354205846786499, "acc": 0.9753531217575073, "length": 3.5998411178588867, "mode": "train", "epoch": 47}
{"loss": 0.23408880829811096, "acc": 0.920841634273529, "length": 3.5919580459594727, "mode": "test", "epoch": 47}
{"loss": 0.06984393298625946, "acc": 0.976316511631012, "length": 3.604915142059326, "mode": "train", "epoch": 48}
{"loss": 0.21223798394203186, "acc": 0.9316267371177673, "length": 3.6077489852905273, "mode": "test", "epoch": 48}
{"loss": 0.0654364600777626, "acc": 0.977705180644989, "length": 3.6222891807556152, "mode": "train", "epoch": 49}
{"loss": 0.21190091967582703, "acc": 0.930894136428833, "length": 3.6074233055114746, "mode": "test", "epoch": 49}
{"loss": 0.060182638466358185, "acc": 0.9797484874725342, "length": 3.6235601902008057, "mode": "train", "epoch": 50}
{"loss": 0.19153998792171478, "acc": 0.9375279545783997, "length": 3.621586322784424, "mode": "test", "epoch": 50}
{"loss": 0.06154352426528931, "acc": 0.9794648289680481, "length": 3.6371309757232666, "mode": "train", "epoch": 51}
{"loss": 0.17787957191467285, "acc": 0.9437141418457031, "length": 3.635627269744873, "mode": "test", "epoch": 51}
{"loss": 0.0587838776409626, "acc": 0.9804171919822693, "length": 3.649366855621338, "mode": "train", "epoch": 52}
{"loss": 0.19068637490272522, "acc": 0.937690794467926, "length": 3.636807680130005, "mode": "test", "epoch": 52}
{"loss": 0.05597124621272087, "acc": 0.9810581207275391, "length": 3.6467854976654053, "mode": "train", "epoch": 53}
{"loss": 0.17632493376731873, "acc": 0.9440804123878479, "length": 3.656872034072876, "mode": "test", "epoch": 53}
{"loss": 0.05775123089551926, "acc": 0.9812777042388916, "length": 3.681410074234009, "mode": "train", "epoch": 54}
{"loss": 0.17542466521263123, "acc": 0.9446908831596375, "length": 3.6952097415924072, "mode": "test", "epoch": 54}
{"loss": 0.04886863753199577, "acc": 0.9834890365600586, "length": 3.6696736812591553, "mode": "train", "epoch": 55}
{"loss": 0.15156780183315277, "acc": 0.9525049924850464, "length": 3.644092559814453, "mode": "test", "epoch": 55}
{"loss": 0.04824262484908104, "acc": 0.9839870929718018, "length": 3.6831021308898926, "mode": "train", "epoch": 56}
{"loss": 0.1585349142551422, "acc": 0.95222008228302, "length": 3.6850759983062744, "mode": "test", "epoch": 56}
{"loss": 0.04985784739255905, "acc": 0.9849680066108704, "length": 3.695075511932373, "mode": "train", "epoch": 57}
{"loss": 0.13069921731948853, "acc": 0.9597899913787842, "length": 3.6878840923309326, "mode": "test", "epoch": 57}
{"loss": 0.04250084608793259, "acc": 0.9868870973587036, "length": 3.6902825832366943, "mode": "train", "epoch": 58}
{"loss": 0.12637090682983398, "acc": 0.9615400433540344, "length": 3.6842620372772217, "mode": "test", "epoch": 58}
{"loss": 0.03926388919353485, "acc": 0.9882798194885254, "length": 3.6951398849487305, "mode": "train", "epoch": 59}
{"loss": 0.1318104863166809, "acc": 0.961580753326416, "length": 3.687802791595459, "mode": "test", "epoch": 59}
{"loss": 0.04154697433114052, "acc": 0.9877191185951233, "length": 3.683804750442505, "mode": "train", "epoch": 60}
{"loss": 0.11883354187011719, "acc": 0.9642261266708374, "length": 3.669325590133667, "mode": "test", "epoch": 60}
test accuracy: 0.9467479586601257
