# ["--data_set_name=dim[16, 16, 16]_dist10-0_scale10_upsampleTrue_balancedFalse.ds", "--n_epochs=60", "--batch_size=32", "--learning_rate=0.001", "--hidden_size=128", "--temperature=1.5", "--temp_update=0.97", "--length_cost=0.0", "--vocab_size_factor=3"]
data loaded from: ../zoo/intentional_game/data/dim[16, 16, 16]_dist10-0_scale10_upsampleTrue_balancedFalse.ds

opts
 Namespace(batch_size=32, checkpoint_dir=None, checkpoint_freq=0, cuda=True, data_set_name='dim[16, 16, 16]_dist10-0_scale10_upsampleTrue_balancedFalse.ds', device=device(type='cuda'), distributed_context=DistributedContext(is_distributed=False, rank=0, local_rank=0, world_size=1, mode='none'), distributed_port=18363, fp16=False, hidden_size=128, learning_rate=0.001, length_cost=0.0, load_from_checkpoint=None, lr=0.01, max_len=1, mode='gs', n_epochs=60, no_cuda=False, optimizer='adam', preemptable=False, random_seed=777572408, receiver_cell='gru', save_interaction_freq=0, sender_cell='gru', temp_update=0.97, temperature=1.5, tensorboard=False, tensorboard_dir='runs/', update_freq=1, validation_freq=1, vocab_size=10, vocab_size_factor=3)
{"loss": 2.1370644569396973, "acc": 0.12526221573352814, "length": 2.9688689708709717, "mode": "train", "epoch": 1}
{"loss": 1.9911354780197144, "acc": 0.16051442921161652, "length": 3.2419111728668213, "mode": "test", "epoch": 1}
{"loss": 1.9684624671936035, "acc": 0.17278136312961578, "length": 3.2526731491088867, "mode": "train", "epoch": 2}
{"loss": 1.950231909751892, "acc": 0.17797403037548065, "length": 3.241748332977295, "mode": "test", "epoch": 2}
{"loss": 1.9138245582580566, "acc": 0.18413591384887695, "length": 3.2514572143554688, "mode": "train", "epoch": 3}
{"loss": 1.822583556175232, "acc": 0.20039884746074677, "length": 3.2419111728668213, "mode": "test", "epoch": 3}
{"loss": 1.7663450241088867, "acc": 0.2113737016916275, "length": 3.2770345211029053, "mode": "train", "epoch": 4}
{"loss": 1.746304988861084, "acc": 0.21964918076992035, "length": 3.307354211807251, "mode": "test", "epoch": 4}
{"loss": 1.6842858791351318, "acc": 0.24855324625968933, "length": 3.4020450115203857, "mode": "train", "epoch": 5}
{"loss": 1.591132402420044, "acc": 0.2859468460083008, "length": 3.4397053718566895, "mode": "test", "epoch": 5}
{"loss": 1.5149084329605103, "acc": 0.30621233582496643, "length": 3.482011556625366, "mode": "train", "epoch": 6}
{"loss": 1.491164207458496, "acc": 0.3132147789001465, "length": 3.5149567127227783, "mode": "test", "epoch": 6}
{"loss": 1.4670343399047852, "acc": 0.32155758142471313, "length": 3.5047192573547363, "mode": "train", "epoch": 7}
{"loss": 1.462005615234375, "acc": 0.3194009065628052, "length": 3.4983110427856445, "mode": "test", "epoch": 7}
{"loss": 1.4561296701431274, "acc": 0.3242490291595459, "length": 3.5087320804595947, "mode": "train", "epoch": 8}
{"loss": 1.4510655403137207, "acc": 0.32566848397254944, "length": 3.5007121562957764, "mode": "test", "epoch": 8}
{"loss": 1.4383666515350342, "acc": 0.33741381764411926, "length": 3.5031726360321045, "mode": "train", "epoch": 9}
{"loss": 1.4420666694641113, "acc": 0.3297789990901947, "length": 3.4935085773468018, "mode": "test", "epoch": 9}
{"loss": 1.4271622896194458, "acc": 0.34348419308662415, "length": 3.5073909759521484, "mode": "train", "epoch": 10}
{"loss": 1.4245227575302124, "acc": 0.34223270416259766, "length": 3.498107433319092, "mode": "test", "epoch": 10}
{"loss": 1.3929734230041504, "acc": 0.363168329000473, "length": 3.5066747665405273, "mode": "train", "epoch": 11}
{"loss": 1.3631657361984253, "acc": 0.3688494563102722, "length": 3.492084264755249, "mode": "test", "epoch": 11}
{"loss": 1.2685673236846924, "acc": 0.40543100237846375, "length": 3.4887900352478027, "mode": "train", "epoch": 12}
{"loss": 1.2002630233764648, "acc": 0.4104432165622711, "length": 3.482438564300537, "mode": "test", "epoch": 12}
{"loss": 1.1551244258880615, "acc": 0.43541422486305237, "length": 3.484898805618286, "mode": "train", "epoch": 13}
{"loss": 1.1227478981018066, "acc": 0.43632736802101135, "length": 3.4586708545684814, "mode": "test", "epoch": 13}
{"loss": 1.089627981185913, "acc": 0.45761775970458984, "length": 3.4803547859191895, "mode": "train", "epoch": 14}
{"loss": 1.0823255777359009, "acc": 0.44792643189430237, "length": 3.4718570709228516, "mode": "test", "epoch": 14}
{"loss": 1.0542359352111816, "acc": 0.47040191292762756, "length": 3.491300582885742, "mode": "train", "epoch": 15}
{"loss": 1.051365852355957, "acc": 0.45773473381996155, "length": 3.502340078353882, "mode": "test", "epoch": 15}
{"loss": 1.020582675933838, "acc": 0.48063042759895325, "length": 3.5188486576080322, "mode": "train", "epoch": 16}
{"loss": 1.0148630142211914, "acc": 0.46721744537353516, "length": 3.5171544551849365, "mode": "test", "epoch": 16}
{"loss": 1.0033619403839111, "acc": 0.49028855562210083, "length": 3.521648406982422, "mode": "train", "epoch": 17}
{"loss": 1.0165455341339111, "acc": 0.4665255844593048, "length": 3.513735771179199, "mode": "test", "epoch": 17}
{"loss": 0.9951550364494324, "acc": 0.49059054255485535, "length": 3.5355379581451416, "mode": "train", "epoch": 18}
{"loss": 1.018167495727539, "acc": 0.46587440371513367, "length": 3.514224052429199, "mode": "test", "epoch": 18}
{"loss": 0.9886312484741211, "acc": 0.4940869212150574, "length": 3.534930467605591, "mode": "train", "epoch": 19}
{"loss": 0.9979345202445984, "acc": 0.47604900598526, "length": 3.547271251678467, "mode": "test", "epoch": 19}
{"loss": 0.9834410548210144, "acc": 0.49612560868263245, "length": 3.551311492919922, "mode": "train", "epoch": 20}
{"loss": 1.003601312637329, "acc": 0.47808390855789185, "length": 3.5431606769561768, "mode": "test", "epoch": 20}
{"loss": 0.9697631001472473, "acc": 0.5035446882247925, "length": 3.54547119140625, "mode": "train", "epoch": 21}
{"loss": 0.9905080199241638, "acc": 0.4808921217918396, "length": 3.5462944507598877, "mode": "test", "epoch": 21}
{"loss": 0.9620392918586731, "acc": 0.5096714496612549, "length": 3.5544111728668213, "mode": "train", "epoch": 22}
{"loss": 0.9752507209777832, "acc": 0.48638638854026794, "length": 3.5659518241882324, "mode": "test", "epoch": 22}
{"loss": 0.9488161206245422, "acc": 0.5159947276115417, "length": 3.5607151985168457, "mode": "train", "epoch": 23}
{"loss": 0.9781291484832764, "acc": 0.48964226245880127, "length": 3.5526840686798096, "mode": "test", "epoch": 23}
{"loss": 0.9394930005073547, "acc": 0.5232953429222107, "length": 3.560070753097534, "mode": "train", "epoch": 24}
{"loss": 0.9492055177688599, "acc": 0.5064507126808167, "length": 3.5565505027770996, "mode": "test", "epoch": 24}
{"loss": 0.9090842008590698, "acc": 0.5359131693840027, "length": 3.570712089538574, "mode": "train", "epoch": 25}
{"loss": 0.9119089841842651, "acc": 0.5179276466369629, "length": 3.5614748001098633, "mode": "test", "epoch": 25}
{"loss": 0.8818201422691345, "acc": 0.5454015135765076, "length": 3.577591896057129, "mode": "train", "epoch": 26}
{"loss": 0.9017249941825867, "acc": 0.5189858078956604, "length": 3.5696146488189697, "mode": "test", "epoch": 26}
{"loss": 0.8766101598739624, "acc": 0.550809383392334, "length": 3.569394588470459, "mode": "train", "epoch": 27}
{"loss": 0.8965330123901367, "acc": 0.5190671682357788, "length": 3.563469171524048, "mode": "test", "epoch": 27}
{"loss": 0.8634206056594849, "acc": 0.5552930235862732, "length": 3.5687713623046875, "mode": "train", "epoch": 28}
{"loss": 0.8985797166824341, "acc": 0.5272475481033325, "length": 3.5681493282318115, "mode": "test", "epoch": 28}
{"loss": 0.8590815663337708, "acc": 0.5600038170814514, "length": 3.5757837295532227, "mode": "train", "epoch": 29}
{"loss": 0.8781266212463379, "acc": 0.5287941098213196, "length": 3.575434446334839, "mode": "test", "epoch": 29}
{"loss": 0.8571235537528992, "acc": 0.5639803409576416, "length": 3.580540418624878, "mode": "train", "epoch": 30}
{"loss": 0.881495475769043, "acc": 0.5284278392791748, "length": 3.5725855827331543, "mode": "test", "epoch": 30}
{"loss": 0.8505566716194153, "acc": 0.5671857595443726, "length": 3.5800750255584717, "mode": "train", "epoch": 31}
{"loss": 0.872154951095581, "acc": 0.5356314182281494, "length": 3.5744576454162598, "mode": "test", "epoch": 31}
{"loss": 0.8384983539581299, "acc": 0.5712487101554871, "length": 3.5811612606048584, "mode": "train", "epoch": 32}
{"loss": 0.8636311888694763, "acc": 0.5357942581176758, "length": 3.5753936767578125, "mode": "test", "epoch": 32}
{"loss": 0.8328304290771484, "acc": 0.576699435710907, "length": 3.580716133117676, "mode": "train", "epoch": 33}
{"loss": 0.8875812292098999, "acc": 0.5315616130828857, "length": 3.5786495208740234, "mode": "test", "epoch": 33}
{"loss": 0.8302042484283447, "acc": 0.5767179727554321, "length": 3.5813629627227783, "mode": "train", "epoch": 34}
{"loss": 0.8610203266143799, "acc": 0.5402303338050842, "length": 3.5765740871429443, "mode": "test", "epoch": 34}
{"loss": 0.8231008648872375, "acc": 0.5798063278198242, "length": 3.5807156562805176, "mode": "train", "epoch": 35}
{"loss": 0.849937915802002, "acc": 0.5467013716697693, "length": 3.5767366886138916, "mode": "test", "epoch": 35}
{"loss": 0.8234220147132874, "acc": 0.5814782381057739, "length": 3.583285331726074, "mode": "train", "epoch": 36}
{"loss": 0.8530055284500122, "acc": 0.5443001985549927, "length": 3.5773065090179443, "mode": "test", "epoch": 36}
{"loss": 0.8203674554824829, "acc": 0.5843777060508728, "length": 3.584064483642578, "mode": "train", "epoch": 37}
{"loss": 0.867637038230896, "acc": 0.5383175015449524, "length": 3.5764520168304443, "mode": "test", "epoch": 37}
{"loss": 0.819835364818573, "acc": 0.5859398245811462, "length": 3.584254026412964, "mode": "train", "epoch": 38}
{"loss": 0.8597392439842224, "acc": 0.5426315665245056, "length": 3.5766961574554443, "mode": "test", "epoch": 38}
{"loss": 0.8150617480278015, "acc": 0.5886049270629883, "length": 3.5860817432403564, "mode": "train", "epoch": 39}
{"loss": 0.8563392162322998, "acc": 0.5435269474983215, "length": 3.578486919403076, "mode": "test", "epoch": 39}
{"loss": 0.8057721853256226, "acc": 0.5935533046722412, "length": 3.5890421867370605, "mode": "train", "epoch": 40}
{"loss": 0.8520724773406982, "acc": 0.5457653403282166, "length": 3.5773065090179443, "mode": "test", "epoch": 40}
{"loss": 0.8040288686752319, "acc": 0.594617486000061, "length": 3.589796543121338, "mode": "train", "epoch": 41}
{"loss": 0.8490177392959595, "acc": 0.5506491661071777, "length": 3.588498592376709, "mode": "test", "epoch": 41}
{"loss": 0.8187288045883179, "acc": 0.5932039618492126, "length": 3.6039035320281982, "mode": "train", "epoch": 42}
{"loss": 0.8462828397750854, "acc": 0.5519108176231384, "length": 3.5815799236297607, "mode": "test", "epoch": 42}
{"loss": 0.7964133620262146, "acc": 0.6012879610061646, "length": 3.602465867996216, "mode": "train", "epoch": 43}
{"loss": 0.8429372310638428, "acc": 0.5536201000213623, "length": 3.5996906757354736, "mode": "test", "epoch": 43}
{"loss": 0.7994518280029297, "acc": 0.6056700944900513, "length": 3.617027759552002, "mode": "train", "epoch": 44}
{"loss": 0.8373091220855713, "acc": 0.5585853457450867, "length": 3.6030280590057373, "mode": "test", "epoch": 44}
{"loss": 0.7912980914115906, "acc": 0.6085965633392334, "length": 3.637481451034546, "mode": "train", "epoch": 45}
{"loss": 0.8575968742370605, "acc": 0.5548003911972046, "length": 3.618208408355713, "mode": "test", "epoch": 45}
{"loss": 0.7843301296234131, "acc": 0.6106492280960083, "length": 3.644036054611206, "mode": "train", "epoch": 46}
{"loss": 0.8146563768386841, "acc": 0.5676203370094299, "length": 3.6354238986968994, "mode": "test", "epoch": 46}
{"loss": 0.7673184275627136, "acc": 0.6191238760948181, "length": 3.640244960784912, "mode": "train", "epoch": 47}
{"loss": 0.8172136545181274, "acc": 0.576655387878418, "length": 3.669325590133667, "mode": "test", "epoch": 47}
{"loss": 0.7568579912185669, "acc": 0.6264664530754089, "length": 3.6424360275268555, "mode": "train", "epoch": 48}
{"loss": 0.7919107675552368, "acc": 0.5834113359451294, "length": 3.647185802459717, "mode": "test", "epoch": 48}
{"loss": 0.7432239055633545, "acc": 0.6309698224067688, "length": 3.662785768508911, "mode": "train", "epoch": 49}
{"loss": 0.7983536124229431, "acc": 0.5806845426559448, "length": 3.6594765186309814, "mode": "test", "epoch": 49}
{"loss": 0.746113121509552, "acc": 0.6284531950950623, "length": 3.657106876373291, "mode": "train", "epoch": 50}
{"loss": 0.7883701324462891, "acc": 0.585242748260498, "length": 3.649627685546875, "mode": "test", "epoch": 50}
{"loss": 0.7416868209838867, "acc": 0.6330631971359253, "length": 3.6542582511901855, "mode": "train", "epoch": 51}
{"loss": 0.7886227369308472, "acc": 0.583574116230011, "length": 3.6587846279144287, "mode": "test", "epoch": 51}
{"loss": 0.7365347146987915, "acc": 0.6362282633781433, "length": 3.653062105178833, "mode": "train", "epoch": 52}
{"loss": 0.7789993286132812, "acc": 0.5872370004653931, "length": 3.6444590091705322, "mode": "test", "epoch": 52}
{"loss": 0.7413209676742554, "acc": 0.6350982785224915, "length": 3.6625254154205322, "mode": "train", "epoch": 53}
{"loss": 0.7947684526443481, "acc": 0.580888032913208, "length": 3.659151077270508, "mode": "test", "epoch": 53}
{"loss": 0.7397845387458801, "acc": 0.6372782588005066, "length": 3.664970636367798, "mode": "train", "epoch": 54}
{"loss": 0.7805854082107544, "acc": 0.5891091227531433, "length": 3.673558235168457, "mode": "test", "epoch": 54}
{"loss": 0.7279580235481262, "acc": 0.6437122821807861, "length": 3.683825969696045, "mode": "train", "epoch": 55}
{"loss": 0.7787134647369385, "acc": 0.5886207222938538, "length": 3.6705057621002197, "mode": "test", "epoch": 55}
{"loss": 0.7213973999023438, "acc": 0.6428505778312683, "length": 3.681002378463745, "mode": "train", "epoch": 56}
{"loss": 0.7708630561828613, "acc": 0.5919986963272095, "length": 3.6836514472961426, "mode": "test", "epoch": 56}
{"loss": 0.718931257724762, "acc": 0.6445898413658142, "length": 3.687370777130127, "mode": "train", "epoch": 57}
{"loss": 0.8001396656036377, "acc": 0.5917952060699463, "length": 3.6816978454589844, "mode": "test", "epoch": 57}
{"loss": 0.7153202295303345, "acc": 0.6457664370536804, "length": 3.688190221786499, "mode": "train", "epoch": 58}
{"loss": 0.7639201879501343, "acc": 0.5960278511047363, "length": 3.692889928817749, "mode": "test", "epoch": 58}
{"loss": 0.713171124458313, "acc": 0.6462059617042542, "length": 3.6873557567596436, "mode": "train", "epoch": 59}
{"loss": 0.7840591669082642, "acc": 0.5934638381004333, "length": 3.6684303283691406, "mode": "test", "epoch": 59}
{"loss": 0.7234674692153931, "acc": 0.6454657912254333, "length": 3.6760265827178955, "mode": "train", "epoch": 60}
{"loss": 0.7721104621887207, "acc": 0.5943592190742493, "length": 3.6784827709198, "mode": "test", "epoch": 60}
test accuracy: 0.5173577070236206
