# ["--data_set_name=dim[16, 16, 16]_dist10-0_scale10_upsampleTrue_balancedFalse.ds", "--n_epochs=60", "--batch_size=32", "--learning_rate=0.001", "--hidden_size=128", "--temperature=1.5", "--temp_update=0.99", "--length_cost=0.0", "--vocab_size_factor=3"]
data loaded from: ../zoo/intentional_game/data/dim[16, 16, 16]_dist10-0_scale10_upsampleTrue_balancedFalse.ds

opts
 Namespace(batch_size=32, checkpoint_dir=None, checkpoint_freq=0, cuda=True, data_set_name='dim[16, 16, 16]_dist10-0_scale10_upsampleTrue_balancedFalse.ds', device=device(type='cuda'), distributed_context=DistributedContext(is_distributed=False, rank=0, local_rank=0, world_size=1, mode='none'), distributed_port=18363, fp16=False, hidden_size=128, learning_rate=0.001, length_cost=0.0, load_from_checkpoint=None, lr=0.01, max_len=1, mode='gs', n_epochs=60, no_cuda=False, optimizer='adam', preemptable=False, random_seed=1856085602, receiver_cell='gru', save_interaction_freq=0, sender_cell='gru', temp_update=0.99, temperature=1.5, tensorboard=False, tensorboard_dir='runs/', update_freq=1, validation_freq=1, vocab_size=10, vocab_size_factor=3)
{"loss": 2.2043542861938477, "acc": 0.09746913611888885, "length": 3.0081756114959717, "mode": "train", "epoch": 1}
{"loss": 2.0925674438476562, "acc": 0.12388588488101959, "length": 3.134711742401123, "mode": "test", "epoch": 1}
{"loss": 1.9955304861068726, "acc": 0.16111989319324493, "length": 3.424798011779785, "mode": "train", "epoch": 2}
{"loss": 1.9759072065353394, "acc": 0.1725204437971115, "length": 3.415001392364502, "mode": "test", "epoch": 2}
{"loss": 1.8722589015960693, "acc": 0.2040892243385315, "length": 3.4395642280578613, "mode": "train", "epoch": 3}
{"loss": 1.7525129318237305, "acc": 0.22998656332492828, "length": 3.427821397781372, "mode": "test", "epoch": 3}
{"loss": 1.680772304534912, "acc": 0.2519153356552124, "length": 3.4435970783233643, "mode": "train", "epoch": 4}
{"loss": 1.6289372444152832, "acc": 0.2642545998096466, "length": 3.4319727420806885, "mode": "test", "epoch": 4}
{"loss": 1.5654138326644897, "acc": 0.293681800365448, "length": 3.484222173690796, "mode": "train", "epoch": 5}
{"loss": 1.560266375541687, "acc": 0.2916446328163147, "length": 3.4935085773468018, "mode": "test", "epoch": 5}
{"loss": 1.5144277811050415, "acc": 0.3152037560939789, "length": 3.5627238750457764, "mode": "train", "epoch": 6}
{"loss": 1.5269510746002197, "acc": 0.3037320375442505, "length": 3.59598708152771, "mode": "test", "epoch": 6}
{"loss": 1.4713420867919922, "acc": 0.33405783772468567, "length": 3.6064693927764893, "mode": "train", "epoch": 7}
{"loss": 1.4778141975402832, "acc": 0.3298197090625763, "length": 3.651092767715454, "mode": "test", "epoch": 7}
{"loss": 1.442489743232727, "acc": 0.34788185358047485, "length": 3.6310880184173584, "mode": "train", "epoch": 8}
{"loss": 1.454930067062378, "acc": 0.3416629433631897, "length": 3.642383337020874, "mode": "test", "epoch": 8}
{"loss": 1.4165565967559814, "acc": 0.35818880796432495, "length": 3.6834516525268555, "mode": "train", "epoch": 9}
{"loss": 1.4176199436187744, "acc": 0.35533758997917175, "length": 3.7030646800994873, "mode": "test", "epoch": 9}
{"loss": 1.3793376684188843, "acc": 0.3742007315158844, "length": 3.716855764389038, "mode": "train", "epoch": 10}
{"loss": 1.3866450786590576, "acc": 0.3676691949367523, "length": 3.7219078540802, "mode": "test", "epoch": 10}
{"loss": 1.3419394493103027, "acc": 0.3865102529525757, "length": 3.7202954292297363, "mode": "train", "epoch": 11}
{"loss": 1.3490737676620483, "acc": 0.38040781021118164, "length": 3.7219078540802, "mode": "test", "epoch": 11}
{"loss": 1.3254674673080444, "acc": 0.39469048380851746, "length": 3.719771385192871, "mode": "train", "epoch": 12}
{"loss": 1.325714349746704, "acc": 0.3891579508781433, "length": 3.7219078540802, "mode": "test", "epoch": 12}
{"loss": 1.3114761114120483, "acc": 0.40236520767211914, "length": 3.7207183837890625, "mode": "train", "epoch": 13}
{"loss": 1.312074065208435, "acc": 0.39200684428215027, "length": 3.7219078540802, "mode": "test", "epoch": 13}
{"loss": 1.301132082939148, "acc": 0.4089384377002716, "length": 3.726250410079956, "mode": "train", "epoch": 14}
{"loss": 1.305735468864441, "acc": 0.39925116300582886, "length": 3.7573156356811523, "mode": "test", "epoch": 14}
{"loss": 1.2817810773849487, "acc": 0.4168490171432495, "length": 3.7453668117523193, "mode": "train", "epoch": 15}
{"loss": 1.2909624576568604, "acc": 0.4058443009853363, "length": 3.7459607124328613, "mode": "test", "epoch": 15}
{"loss": 1.2661155462265015, "acc": 0.42660021781921387, "length": 3.7535507678985596, "mode": "train", "epoch": 16}
{"loss": 1.268707275390625, "acc": 0.41483864188194275, "length": 3.7608563899993896, "mode": "test", "epoch": 16}
{"loss": 1.2472902536392212, "acc": 0.43861857056617737, "length": 3.7614779472351074, "mode": "train", "epoch": 17}
{"loss": 1.2401902675628662, "acc": 0.43278661370277405, "length": 3.763298273086548, "mode": "test", "epoch": 17}
{"loss": 1.151242733001709, "acc": 0.4684508442878723, "length": 3.76071834564209, "mode": "train", "epoch": 18}
{"loss": 1.1146661043167114, "acc": 0.4690895676612854, "length": 3.765373706817627, "mode": "test", "epoch": 18}
{"loss": 1.0618507862091064, "acc": 0.49461421370506287, "length": 3.765641689300537, "mode": "train", "epoch": 19}
{"loss": 1.0534857511520386, "acc": 0.4858573079109192, "length": 3.7696471214294434, "mode": "test", "epoch": 19}
{"loss": 1.016332745552063, "acc": 0.5094971060752869, "length": 3.774477481842041, "mode": "train", "epoch": 20}
{"loss": 1.0164713859558105, "acc": 0.4961946904659271, "length": 3.7690367698669434, "mode": "test", "epoch": 20}
{"loss": 0.9804912209510803, "acc": 0.5193665027618408, "length": 3.7761199474334717, "mode": "train", "epoch": 21}
{"loss": 1.0050890445709229, "acc": 0.4986366033554077, "length": 3.7835659980773926, "mode": "test", "epoch": 21}
{"loss": 0.9667167663574219, "acc": 0.5258713960647583, "length": 3.787018060684204, "mode": "train", "epoch": 22}
{"loss": 0.9927932620048523, "acc": 0.5003052353858948, "length": 3.792438268661499, "mode": "test", "epoch": 22}
{"loss": 0.9458562135696411, "acc": 0.5358881950378418, "length": 3.7940385341644287, "mode": "train", "epoch": 23}
{"loss": 0.9657981395721436, "acc": 0.5136135816574097, "length": 3.8067233562469482, "mode": "test", "epoch": 23}
{"loss": 0.9207255244255066, "acc": 0.5447478890419006, "length": 3.821255683898926, "mode": "train", "epoch": 24}
{"loss": 0.9510210752487183, "acc": 0.5133694410324097, "length": 3.8218631744384766, "mode": "test", "epoch": 24}
{"loss": 0.9041686654090881, "acc": 0.5477204918861389, "length": 3.8171637058258057, "mode": "train", "epoch": 25}
{"loss": 0.9273580312728882, "acc": 0.5198811888694763, "length": 3.8149850368499756, "mode": "test", "epoch": 25}
{"loss": 0.8986480832099915, "acc": 0.5522518754005432, "length": 3.813704490661621, "mode": "train", "epoch": 26}
{"loss": 0.9365640878677368, "acc": 0.5189858078956604, "length": 3.814781665802002, "mode": "test", "epoch": 26}
{"loss": 0.8903086185455322, "acc": 0.5537630319595337, "length": 3.8148157596588135, "mode": "train", "epoch": 27}
{"loss": 0.9121724963188171, "acc": 0.5269219875335693, "length": 3.8120548725128174, "mode": "test", "epoch": 27}
{"loss": 0.8805946707725525, "acc": 0.5602786540985107, "length": 3.813504695892334, "mode": "train", "epoch": 28}
{"loss": 0.9201842546463013, "acc": 0.524520754814148, "length": 3.814659595489502, "mode": "test", "epoch": 28}
{"loss": 0.8733285069465637, "acc": 0.5686980485916138, "length": 3.8167922496795654, "mode": "train", "epoch": 29}
{"loss": 0.904986560344696, "acc": 0.5377070307731628, "length": 3.81697940826416, "mode": "test", "epoch": 29}
{"loss": 0.8586066365242004, "acc": 0.577032208442688, "length": 3.815582752227783, "mode": "train", "epoch": 30}
{"loss": 0.8820853233337402, "acc": 0.5427943468093872, "length": 3.814333915710449, "mode": "test", "epoch": 30}
{"loss": 0.8434869647026062, "acc": 0.5860691666603088, "length": 3.8157780170440674, "mode": "train", "epoch": 31}
{"loss": 0.8721911907196045, "acc": 0.5528061389923096, "length": 3.814455986022949, "mode": "test", "epoch": 31}
{"loss": 0.8282688856124878, "acc": 0.5964090824127197, "length": 3.81657338142395, "mode": "train", "epoch": 32}
{"loss": 0.861162543296814, "acc": 0.5611900091171265, "length": 3.8146188259124756, "mode": "test", "epoch": 32}
{"loss": 0.8089346289634705, "acc": 0.6047348380088806, "length": 3.8158578872680664, "mode": "train", "epoch": 33}
{"loss": 0.85020911693573, "acc": 0.567050576210022, "length": 3.8147408962249756, "mode": "test", "epoch": 33}
{"loss": 0.7991017699241638, "acc": 0.6091619729995728, "length": 3.816768169403076, "mode": "train", "epoch": 34}
{"loss": 0.8246104121208191, "acc": 0.5748646855354309, "length": 3.818159580230713, "mode": "test", "epoch": 34}
{"loss": 0.7778133153915405, "acc": 0.618889331817627, "length": 3.8188602924346924, "mode": "train", "epoch": 35}
{"loss": 0.8258304595947266, "acc": 0.580765962600708, "length": 3.8151073455810547, "mode": "test", "epoch": 35}
{"loss": 0.7727522253990173, "acc": 0.6251173615455627, "length": 3.81734037399292, "mode": "train", "epoch": 36}
{"loss": 0.800058126449585, "acc": 0.5934638381004333, "length": 3.814089775085449, "mode": "test", "epoch": 36}
{"loss": 0.7239960432052612, "acc": 0.644260048866272, "length": 3.8167803287506104, "mode": "train", "epoch": 37}
{"loss": 0.7291401624679565, "acc": 0.6134060621261597, "length": 3.8151073455810547, "mode": "test", "epoch": 37}
{"loss": 0.6795516610145569, "acc": 0.6575789451599121, "length": 3.815692901611328, "mode": "train", "epoch": 38}
{"loss": 0.71924889087677, "acc": 0.6200805902481079, "length": 3.8186886310577393, "mode": "test", "epoch": 38}
{"loss": 0.6660832762718201, "acc": 0.6606748700141907, "length": 3.8185884952545166, "mode": "train", "epoch": 39}
{"loss": 0.7142895460128784, "acc": 0.6193886995315552, "length": 3.818159580230713, "mode": "test", "epoch": 39}
{"loss": 0.6570703983306885, "acc": 0.667770504951477, "length": 3.8182570934295654, "mode": "train", "epoch": 40}
{"loss": 0.6950130462646484, "acc": 0.6318830847740173, "length": 3.816450357437134, "mode": "test", "epoch": 40}
{"loss": 0.6399014592170715, "acc": 0.6739364266395569, "length": 3.8178749084472656, "mode": "train", "epoch": 41}
{"loss": 0.6925718188285828, "acc": 0.6342028975486755, "length": 3.816368818283081, "mode": "test", "epoch": 41}
{"loss": 0.6325121521949768, "acc": 0.6777253150939941, "length": 3.817970037460327, "mode": "train", "epoch": 42}
{"loss": 0.6863950490951538, "acc": 0.6342843174934387, "length": 3.8153107166290283, "mode": "test", "epoch": 42}
{"loss": 0.6313016414642334, "acc": 0.6815418004989624, "length": 3.819960594177246, "mode": "train", "epoch": 43}
{"loss": 0.6816660761833191, "acc": 0.6399821043014526, "length": 3.818525791168213, "mode": "test", "epoch": 43}
{"loss": 0.6207071542739868, "acc": 0.6833970546722412, "length": 3.8210768699645996, "mode": "train", "epoch": 44}
{"loss": 0.6778521537780762, "acc": 0.6428309679031372, "length": 3.8185665607452393, "mode": "test", "epoch": 44}
{"loss": 0.6165035367012024, "acc": 0.6886764764785767, "length": 3.8230490684509277, "mode": "train", "epoch": 45}
{"loss": 0.6790937185287476, "acc": 0.6428716778755188, "length": 3.82206654548645, "mode": "test", "epoch": 45}
{"loss": 0.61508709192276, "acc": 0.6889628767967224, "length": 3.8206279277801514, "mode": "train", "epoch": 46}
{"loss": 0.6790034174919128, "acc": 0.6429123878479004, "length": 3.8197062015533447, "mode": "test", "epoch": 46}
{"loss": 0.6043673157691956, "acc": 0.6935582756996155, "length": 3.820795774459839, "mode": "train", "epoch": 47}
{"loss": 0.6605212092399597, "acc": 0.6482031941413879, "length": 3.8162059783935547, "mode": "test", "epoch": 47}
{"loss": 0.600268542766571, "acc": 0.699242889881134, "length": 3.820986032485962, "mode": "train", "epoch": 48}
{"loss": 0.6572064757347107, "acc": 0.6508892774581909, "length": 3.8204386234283447, "mode": "test", "epoch": 48}
{"loss": 0.5960391163825989, "acc": 0.6999406814575195, "length": 3.8222053050994873, "mode": "train", "epoch": 49}
{"loss": 0.6537018418312073, "acc": 0.6497904062271118, "length": 3.823735237121582, "mode": "test", "epoch": 49}
{"loss": 0.5941125154495239, "acc": 0.699489414691925, "length": 3.8236277103424072, "mode": "train", "epoch": 50}
{"loss": 0.6743983626365662, "acc": 0.64775550365448, "length": 3.822392225265503, "mode": "test", "epoch": 50}
{"loss": 0.5957250595092773, "acc": 0.7024513483047485, "length": 3.823493480682373, "mode": "train", "epoch": 51}
{"loss": 0.6728290319442749, "acc": 0.6471450328826904, "length": 3.8221073150634766, "mode": "test", "epoch": 51}
{"loss": 0.5906317830085754, "acc": 0.7047721147537231, "length": 3.824676990509033, "mode": "train", "epoch": 52}
{"loss": 0.662904679775238, "acc": 0.65223228931427, "length": 3.820601463317871, "mode": "test", "epoch": 52}
{"loss": 0.5910590291023254, "acc": 0.7042802572250366, "length": 3.8262829780578613, "mode": "train", "epoch": 53}
{"loss": 0.6577969789505005, "acc": 0.6528427600860596, "length": 3.8278050422668457, "mode": "test", "epoch": 53}
{"loss": 0.5816439390182495, "acc": 0.7085267305374146, "length": 3.8290257453918457, "mode": "train", "epoch": 54}
{"loss": 0.6579082012176514, "acc": 0.6539823412895203, "length": 3.8299622535705566, "mode": "test", "epoch": 54}
{"loss": 0.5811569094657898, "acc": 0.7092494368553162, "length": 3.831141710281372, "mode": "train", "epoch": 55}
{"loss": 0.6511046886444092, "acc": 0.6576045155525208, "length": 3.831956386566162, "mode": "test", "epoch": 55}
{"loss": 0.5789512395858765, "acc": 0.7106949687004089, "length": 3.8315649032592773, "mode": "train", "epoch": 56}
{"loss": 0.6617296934127808, "acc": 0.6564242243766785, "length": 3.830613374710083, "mode": "test", "epoch": 56}
{"loss": 0.57420814037323, "acc": 0.7146772742271423, "length": 3.8297698497772217, "mode": "train", "epoch": 57}
{"loss": 0.6352637410163879, "acc": 0.6657034754753113, "length": 3.8350088596343994, "mode": "test", "epoch": 57}
{"loss": 0.5734214186668396, "acc": 0.7146271467208862, "length": 3.832200765609741, "mode": "train", "epoch": 58}
{"loss": 0.6450467705726624, "acc": 0.6625697016716003, "length": 3.8310611248016357, "mode": "test", "epoch": 58}
{"loss": 0.5840391516685486, "acc": 0.7118455171585083, "length": 3.8315389156341553, "mode": "train", "epoch": 59}
{"loss": 0.6437227725982666, "acc": 0.6591917276382446, "length": 3.8317527770996094, "mode": "test", "epoch": 59}
{"loss": 0.5601641535758972, "acc": 0.7200704216957092, "length": 3.830280303955078, "mode": "train", "epoch": 60}
{"loss": 0.6268017292022705, "acc": 0.6707093715667725, "length": 3.8299214839935303, "mode": "test", "epoch": 60}
test accuracy: 0.5926015973091125
