# ["--data_set_name=dim[16, 16, 16]_dist10-0_scale10_upsampleTrue_balancedFalse.ds", "--n_epochs=60", "--batch_size=32", "--learning_rate=0.001", "--hidden_size=256", "--temperature=1.5", "--temp_update=0.97", "--length_cost=0.0", "--vocab_size_factor=3"]
data loaded from: ../zoo/intentional_game/data/dim[16, 16, 16]_dist10-0_scale10_upsampleTrue_balancedFalse.ds

opts
 Namespace(batch_size=32, checkpoint_dir=None, checkpoint_freq=0, cuda=True, data_set_name='dim[16, 16, 16]_dist10-0_scale10_upsampleTrue_balancedFalse.ds', device=device(type='cuda'), distributed_context=DistributedContext(is_distributed=False, rank=0, local_rank=0, world_size=1, mode='none'), distributed_port=18363, fp16=False, hidden_size=256, learning_rate=0.001, length_cost=0.0, load_from_checkpoint=None, lr=0.01, max_len=1, mode='gs', n_epochs=60, no_cuda=False, optimizer='adam', preemptable=False, random_seed=316998900, receiver_cell='gru', save_interaction_freq=0, sender_cell='gru', temp_update=0.97, temperature=1.5, tensorboard=False, tensorboard_dir='runs/', update_freq=1, validation_freq=1, vocab_size=10, vocab_size_factor=3)
{"loss": 2.1213772296905518, "acc": 0.13030679523944855, "length": 2.8162600994110107, "mode": "train", "epoch": 1}
{"loss": 1.8793472051620483, "acc": 0.20324772596359253, "length": 3.3296568393707275, "mode": "test", "epoch": 1}
{"loss": 1.6717503070831299, "acc": 0.252194881439209, "length": 3.4237453937530518, "mode": "train", "epoch": 2}
{"loss": 1.5147826671600342, "acc": 0.30633673071861267, "length": 3.547393321990967, "mode": "test", "epoch": 2}
{"loss": 1.4545332193374634, "acc": 0.3311430513858795, "length": 3.5486066341400146, "mode": "train", "epoch": 3}
{"loss": 1.4317182302474976, "acc": 0.350006103515625, "length": 3.5647714138031006, "mode": "test", "epoch": 3}
{"loss": 1.3893986940383911, "acc": 0.3637982904911041, "length": 3.556988000869751, "mode": "train", "epoch": 4}
{"loss": 1.3872268199920654, "acc": 0.3628261089324951, "length": 3.5723819732666016, "mode": "test", "epoch": 4}
{"loss": 1.2515121698379517, "acc": 0.423465758562088, "length": 3.5701241493225098, "mode": "train", "epoch": 5}
{"loss": 1.1031813621520996, "acc": 0.457409143447876, "length": 3.6123886108398438, "mode": "test", "epoch": 5}
{"loss": 0.9922613501548767, "acc": 0.5025486350059509, "length": 3.6562321186065674, "mode": "train", "epoch": 6}
{"loss": 0.9408961534500122, "acc": 0.5173985362052917, "length": 3.70025634765625, "mode": "test", "epoch": 6}
{"loss": 0.8906060457229614, "acc": 0.5398977994918823, "length": 3.693466901779175, "mode": "train", "epoch": 7}
{"loss": 0.8970533609390259, "acc": 0.5332302451133728, "length": 3.725733518600464, "mode": "test", "epoch": 7}
{"loss": 0.8547298312187195, "acc": 0.5555943250656128, "length": 3.7002859115600586, "mode": "train", "epoch": 8}
{"loss": 0.8507372736930847, "acc": 0.5610272288322449, "length": 3.675226926803589, "mode": "test", "epoch": 8}
{"loss": 0.7536740899085999, "acc": 0.6051514744758606, "length": 3.6890716552734375, "mode": "train", "epoch": 9}
{"loss": 0.7665292024612427, "acc": 0.5934231281280518, "length": 3.6953725814819336, "mode": "test", "epoch": 9}
{"loss": 0.6996864676475525, "acc": 0.6318461298942566, "length": 3.688723564147949, "mode": "train", "epoch": 10}
{"loss": 0.7181629538536072, "acc": 0.6219527125358582, "length": 3.6855642795562744, "mode": "test", "epoch": 10}
{"loss": 0.646684467792511, "acc": 0.6562750935554504, "length": 3.6772212982177734, "mode": "train", "epoch": 11}
{"loss": 0.674679696559906, "acc": 0.630906343460083, "length": 3.670994281768799, "mode": "test", "epoch": 11}
{"loss": 0.6205151677131653, "acc": 0.6694520711898804, "length": 3.6795499324798584, "mode": "train", "epoch": 12}
{"loss": 0.6611326932907104, "acc": 0.6462089419364929, "length": 3.6864190101623535, "mode": "test", "epoch": 12}
{"loss": 0.6012030243873596, "acc": 0.6774771809577942, "length": 3.683997631072998, "mode": "train", "epoch": 13}
{"loss": 0.6473397016525269, "acc": 0.6484473347663879, "length": 3.692889928817749, "mode": "test", "epoch": 13}
{"loss": 0.5896902680397034, "acc": 0.6846804618835449, "length": 3.6935207843780518, "mode": "train", "epoch": 14}
{"loss": 0.6339400410652161, "acc": 0.6550405025482178, "length": 3.7109601497650146, "mode": "test", "epoch": 14}
{"loss": 0.5795897841453552, "acc": 0.6887442469596863, "length": 3.7036988735198975, "mode": "train", "epoch": 15}
{"loss": 0.6133315563201904, "acc": 0.6609417796134949, "length": 3.694558620452881, "mode": "test", "epoch": 15}
{"loss": 0.5642184615135193, "acc": 0.6978642344474792, "length": 3.6934542655944824, "mode": "train", "epoch": 16}
{"loss": 0.6011245250701904, "acc": 0.6758373975753784, "length": 3.6948435306549072, "mode": "test", "epoch": 16}
{"loss": 0.5413545966148376, "acc": 0.7120932340621948, "length": 3.7017862796783447, "mode": "train", "epoch": 17}
{"loss": 0.5842691659927368, "acc": 0.6871514916419983, "length": 3.694558620452881, "mode": "test", "epoch": 17}
{"loss": 0.5236690640449524, "acc": 0.7251622676849365, "length": 3.695096492767334, "mode": "train", "epoch": 18}
{"loss": 0.5707436800003052, "acc": 0.6971226334571838, "length": 3.6945993900299072, "mode": "test", "epoch": 18}
{"loss": 0.5150454640388489, "acc": 0.7325988411903381, "length": 3.694115161895752, "mode": "train", "epoch": 19}
{"loss": 0.5565347075462341, "acc": 0.7034308910369873, "length": 3.6950063705444336, "mode": "test", "epoch": 19}
{"loss": 0.502504825592041, "acc": 0.7372536659240723, "length": 3.6861512660980225, "mode": "train", "epoch": 20}
{"loss": 0.5477155447006226, "acc": 0.7072972059249878, "length": 3.7011518478393555, "mode": "test", "epoch": 20}
{"loss": 0.48610299825668335, "acc": 0.7517318725585938, "length": 3.7100465297698975, "mode": "train", "epoch": 21}
{"loss": 0.5125378370285034, "acc": 0.7318790555000305, "length": 3.7034308910369873, "mode": "test", "epoch": 21}
{"loss": 0.46050703525543213, "acc": 0.7689972519874573, "length": 3.7157700061798096, "mode": "train", "epoch": 22}
{"loss": 0.5069513320922852, "acc": 0.7464083433151245, "length": 3.720198631286621, "mode": "test", "epoch": 22}
{"loss": 0.4459961950778961, "acc": 0.7779043316841125, "length": 3.7133729457855225, "mode": "train", "epoch": 23}
{"loss": 0.4800429940223694, "acc": 0.7538968920707703, "length": 3.7167391777038574, "mode": "test", "epoch": 23}
{"loss": 0.4398081302642822, "acc": 0.781822919845581, "length": 3.7364988327026367, "mode": "train", "epoch": 24}
{"loss": 0.4796953797340393, "acc": 0.7566643357276917, "length": 3.7312278747558594, "mode": "test", "epoch": 24}
{"loss": 0.41173848509788513, "acc": 0.7954258918762207, "length": 3.7311768531799316, "mode": "train", "epoch": 25}
{"loss": 0.4454960227012634, "acc": 0.7726181149482727, "length": 3.7217044830322266, "mode": "test", "epoch": 25}
{"loss": 0.40204206109046936, "acc": 0.8030740022659302, "length": 3.726076602935791, "mode": "train", "epoch": 26}
{"loss": 0.4437994360923767, "acc": 0.7738390564918518, "length": 3.7364373207092285, "mode": "test", "epoch": 26}
{"loss": 0.38624581694602966, "acc": 0.8101351261138916, "length": 3.7228691577911377, "mode": "train", "epoch": 27}
{"loss": 0.42553576827049255, "acc": 0.7840136885643005, "length": 3.7242276668548584, "mode": "test", "epoch": 27}
{"loss": 0.3835142254829407, "acc": 0.8138522505760193, "length": 3.734490156173706, "mode": "train", "epoch": 28}
{"loss": 0.4120309352874756, "acc": 0.7895079851150513, "length": 3.740954875946045, "mode": "test", "epoch": 28}
{"loss": 0.37909361720085144, "acc": 0.81501305103302, "length": 3.7444286346435547, "mode": "train", "epoch": 29}
{"loss": 0.4314269721508026, "acc": 0.7875951528549194, "length": 3.7498676776885986, "mode": "test", "epoch": 29}
{"loss": 0.3695342242717743, "acc": 0.8229510188102722, "length": 3.7626562118530273, "mode": "train", "epoch": 30}
{"loss": 0.38461023569107056, "acc": 0.8055838346481323, "length": 3.7756705284118652, "mode": "test", "epoch": 30}
{"loss": 0.33681491017341614, "acc": 0.8344770669937134, "length": 3.7758948802948, "mode": "train", "epoch": 31}
{"loss": 0.37750300765037537, "acc": 0.8118920922279358, "length": 3.785071849822998, "mode": "test", "epoch": 31}
{"loss": 0.34453052282333374, "acc": 0.8331024646759033, "length": 3.7738428115844727, "mode": "train", "epoch": 32}
{"loss": 0.3780818581581116, "acc": 0.8073745369911194, "length": 3.768751859664917, "mode": "test", "epoch": 32}
{"loss": 0.3240252435207367, "acc": 0.8409525752067566, "length": 3.7682244777679443, "mode": "train", "epoch": 33}
{"loss": 0.3601571023464203, "acc": 0.8128688335418701, "length": 3.7784786224365234, "mode": "test", "epoch": 33}
{"loss": 0.33533012866973877, "acc": 0.8385018110275269, "length": 3.7729461193084717, "mode": "train", "epoch": 34}
{"loss": 0.37686192989349365, "acc": 0.8114444017410278, "length": 3.7759554386138916, "mode": "test", "epoch": 34}
{"loss": 0.3197327256202698, "acc": 0.8457663655281067, "length": 3.769530773162842, "mode": "train", "epoch": 35}
{"loss": 0.37943780422210693, "acc": 0.8077408075332642, "length": 3.7800252437591553, "mode": "test", "epoch": 35}
{"loss": 0.3175447881221771, "acc": 0.8432413339614868, "length": 3.7710354328155518, "mode": "train", "epoch": 36}
{"loss": 0.365174263715744, "acc": 0.812095582485199, "length": 3.7701356410980225, "mode": "test", "epoch": 36}
{"loss": 0.32650163769721985, "acc": 0.8446090817451477, "length": 3.7737903594970703, "mode": "train", "epoch": 37}
{"loss": 0.36405253410339355, "acc": 0.8127467632293701, "length": 3.7803914546966553, "mode": "test", "epoch": 37}
{"loss": 0.31075045466423035, "acc": 0.851075291633606, "length": 3.7817270755767822, "mode": "train", "epoch": 38}
{"loss": 0.3523316979408264, "acc": 0.8191770911216736, "length": 3.781327486038208, "mode": "test", "epoch": 38}
{"loss": 0.30859220027923584, "acc": 0.8518233299255371, "length": 3.7738497257232666, "mode": "train", "epoch": 39}
{"loss": 0.36347758769989014, "acc": 0.8179154396057129, "length": 3.775996208190918, "mode": "test", "epoch": 39}
{"loss": 0.3054600656032562, "acc": 0.8545904159545898, "length": 3.772213935852051, "mode": "train", "epoch": 40}
{"loss": 0.36760836839675903, "acc": 0.8196654319763184, "length": 3.7703797817230225, "mode": "test", "epoch": 40}
{"loss": 0.2934007942676544, "acc": 0.8592945337295532, "length": 3.7635769844055176, "mode": "train", "epoch": 41}
{"loss": 0.34603962302207947, "acc": 0.8272353410720825, "length": 3.790891647338867, "mode": "test", "epoch": 41}
{"loss": 0.28670939803123474, "acc": 0.8619277477264404, "length": 3.7667157649993896, "mode": "train", "epoch": 42}
{"loss": 0.3545644283294678, "acc": 0.8250376582145691, "length": 3.7751007080078125, "mode": "test", "epoch": 42}
{"loss": 0.31073564291000366, "acc": 0.8547822833061218, "length": 3.773296356201172, "mode": "train", "epoch": 43}
{"loss": 0.3557412028312683, "acc": 0.8238573670387268, "length": 3.7691588401794434, "mode": "test", "epoch": 43}
{"loss": 0.299659788608551, "acc": 0.8576202392578125, "length": 3.7711079120635986, "mode": "train", "epoch": 44}
{"loss": 0.34549689292907715, "acc": 0.8270725607872009, "length": 3.7617108821868896, "mode": "test", "epoch": 44}
{"loss": 0.2994901239871979, "acc": 0.8590646982192993, "length": 3.7592785358428955, "mode": "train", "epoch": 45}
{"loss": 0.3429516553878784, "acc": 0.8284156322479248, "length": 3.756786346435547, "mode": "test", "epoch": 45}
{"loss": 0.30059710144996643, "acc": 0.859440803527832, "length": 3.770479917526245, "mode": "train", "epoch": 46}
{"loss": 0.3621743321418762, "acc": 0.8208864331245422, "length": 3.7763216495513916, "mode": "test", "epoch": 46}
{"loss": 0.3097952902317047, "acc": 0.8571370840072632, "length": 3.7704834938049316, "mode": "train", "epoch": 47}
{"loss": 0.35881277918815613, "acc": 0.8220666646957397, "length": 3.747710704803467, "mode": "test", "epoch": 47}
{"loss": 0.300001859664917, "acc": 0.859523355960846, "length": 3.759523630142212, "mode": "train", "epoch": 48}
{"loss": 0.3406388759613037, "acc": 0.8283342123031616, "length": 3.7691588401794434, "mode": "test", "epoch": 48}
{"loss": 0.30121031403541565, "acc": 0.8597875237464905, "length": 3.7643237113952637, "mode": "train", "epoch": 49}
{"loss": 0.37692198157310486, "acc": 0.8186479806900024, "length": 3.7690367698669434, "mode": "test", "epoch": 49}
{"loss": 0.29534927010536194, "acc": 0.8631075024604797, "length": 3.764773368835449, "mode": "train", "epoch": 50}
{"loss": 0.34636664390563965, "acc": 0.8279272317886353, "length": 3.7922754287719727, "mode": "test", "epoch": 50}
{"loss": 0.317550927400589, "acc": 0.856676459312439, "length": 3.7597596645355225, "mode": "train", "epoch": 51}
{"loss": 0.35478460788726807, "acc": 0.8229620456695557, "length": 3.765618085861206, "mode": "test", "epoch": 51}
{"loss": 0.29512283205986023, "acc": 0.8635759353637695, "length": 3.763641834259033, "mode": "train", "epoch": 52}
{"loss": 0.3594076335430145, "acc": 0.8253225088119507, "length": 3.7922754287719727, "mode": "test", "epoch": 52}
{"loss": 0.29516860842704773, "acc": 0.8623914122581482, "length": 3.7711400985717773, "mode": "train", "epoch": 53}
{"loss": 0.36114490032196045, "acc": 0.8226771354675293, "length": 3.769972801208496, "mode": "test", "epoch": 53}
{"loss": 0.2919129431247711, "acc": 0.8654882311820984, "length": 3.7591583728790283, "mode": "train", "epoch": 54}
{"loss": 0.3401305675506592, "acc": 0.829310953617096, "length": 3.7616703510284424, "mode": "test", "epoch": 54}
{"loss": 0.3053832948207855, "acc": 0.8607641458511353, "length": 3.76229190826416, "mode": "train", "epoch": 55}
{"loss": 0.346680223941803, "acc": 0.8277644515037537, "length": 3.767327308654785, "mode": "test", "epoch": 55}
{"loss": 0.3044951856136322, "acc": 0.8605274558067322, "length": 3.771920680999756, "mode": "train", "epoch": 56}
{"loss": 0.3549604117870331, "acc": 0.8259736895561218, "length": 3.7959790229797363, "mode": "test", "epoch": 56}
{"loss": 0.2960125207901001, "acc": 0.8651695847511292, "length": 3.801593065261841, "mode": "train", "epoch": 57}
{"loss": 0.37785905599594116, "acc": 0.8201131224632263, "length": 3.7869439125061035, "mode": "test", "epoch": 57}
{"loss": 0.3065106272697449, "acc": 0.8599615693092346, "length": 3.7842631340026855, "mode": "train", "epoch": 58}
{"loss": 0.35562044382095337, "acc": 0.8280086517333984, "length": 3.786659002304077, "mode": "test", "epoch": 58}
{"loss": 0.3045179843902588, "acc": 0.8627104163169861, "length": 3.7978591918945312, "mode": "train", "epoch": 59}
{"loss": 0.33765920996665955, "acc": 0.8317936062812805, "length": 3.8016767501831055, "mode": "test", "epoch": 59}
{"loss": 0.30583396553993225, "acc": 0.8622103929519653, "length": 3.799936294555664, "mode": "train", "epoch": 60}
{"loss": 0.36095255613327026, "acc": 0.8219445943832397, "length": 3.800659418106079, "mode": "test", "epoch": 60}
test accuracy: 0.7656910419464111
