# ["--data_set_name=dim[16, 16, 16]_dist10-0_scale10_upsampleTrue_balancedFalse.ds", "--n_epochs=60", "--batch_size=32", "--learning_rate=0.001", "--hidden_size=256", "--temperature=1.5", "--temp_update=0.99", "--length_cost=0.0", "--vocab_size_factor=3"]
data loaded from: ../zoo/intentional_game/data/dim[16, 16, 16]_dist10-0_scale10_upsampleTrue_balancedFalse.ds

opts
 Namespace(batch_size=32, checkpoint_dir=None, checkpoint_freq=0, cuda=True, data_set_name='dim[16, 16, 16]_dist10-0_scale10_upsampleTrue_balancedFalse.ds', device=device(type='cuda'), distributed_context=DistributedContext(is_distributed=False, rank=0, local_rank=0, world_size=1, mode='none'), distributed_port=18363, fp16=False, hidden_size=256, learning_rate=0.001, length_cost=0.0, load_from_checkpoint=None, lr=0.01, max_len=1, mode='gs', n_epochs=60, no_cuda=False, optimizer='adam', preemptable=False, random_seed=1240437130, receiver_cell='gru', save_interaction_freq=0, sender_cell='gru', temp_update=0.99, temperature=1.5, tensorboard=False, tensorboard_dir='runs/', update_freq=1, validation_freq=1, vocab_size=10, vocab_size_factor=3)
{"loss": 2.300480604171753, "acc": 0.08887602388858795, "length": 1.4606252908706665, "mode": "train", "epoch": 1}
{"loss": 2.176443338394165, "acc": 0.13422326743602753, "length": 1.7620772123336792, "mode": "test", "epoch": 1}
{"loss": 1.857300043106079, "acc": 0.19557270407676697, "length": 2.6334331035614014, "mode": "train", "epoch": 2}
{"loss": 1.614755630493164, "acc": 0.26356273889541626, "length": 2.948312997817993, "mode": "test", "epoch": 2}
{"loss": 1.5587290525436401, "acc": 0.2814997136592865, "length": 2.9457387924194336, "mode": "train", "epoch": 3}
{"loss": 1.5264263153076172, "acc": 0.2915632128715515, "length": 2.9499003887176514, "mode": "test", "epoch": 3}
{"loss": 1.4724140167236328, "acc": 0.316989541053772, "length": 2.947078227996826, "mode": "train", "epoch": 4}
{"loss": 1.4758288860321045, "acc": 0.31744739413261414, "length": 2.9496967792510986, "mode": "test", "epoch": 4}
{"loss": 1.4281435012817383, "acc": 0.34083184599876404, "length": 2.944075107574463, "mode": "train", "epoch": 5}
{"loss": 1.4194271564483643, "acc": 0.3367384374141693, "length": 2.9497780799865723, "mode": "test", "epoch": 5}
{"loss": 1.35879385471344, "acc": 0.3738572299480438, "length": 2.94752836227417, "mode": "train", "epoch": 6}
{"loss": 1.3396639823913574, "acc": 0.38879165053367615, "length": 2.9685401916503906, "mode": "test", "epoch": 6}
{"loss": 1.1811968088150024, "acc": 0.44604817032814026, "length": 3.076181650161743, "mode": "train", "epoch": 7}
{"loss": 1.1455128192901611, "acc": 0.4568800628185272, "length": 3.1432175636291504, "mode": "test", "epoch": 7}
{"loss": 1.0765340328216553, "acc": 0.48550498485565186, "length": 3.1693575382232666, "mode": "train", "epoch": 8}
{"loss": 1.1060473918914795, "acc": 0.48406657576560974, "length": 3.184730052947998, "mode": "test", "epoch": 8}
{"loss": 0.8787416815757751, "acc": 0.5651668310165405, "length": 3.3819754123687744, "mode": "train", "epoch": 9}
{"loss": 0.849817156791687, "acc": 0.5662366151809692, "length": 3.535672187805176, "mode": "test", "epoch": 9}
{"loss": 0.696567714214325, "acc": 0.6337082386016846, "length": 3.581578493118286, "mode": "train", "epoch": 10}
{"loss": 0.7575244307518005, "acc": 0.6183305382728577, "length": 3.616987466812134, "mode": "test", "epoch": 10}
{"loss": 0.5863216519355774, "acc": 0.6973093748092651, "length": 3.640446662902832, "mode": "train", "epoch": 11}
{"loss": 0.6875017881393433, "acc": 0.6664767265319824, "length": 3.6562206745147705, "mode": "test", "epoch": 11}
{"loss": 0.5169456005096436, "acc": 0.7333717942237854, "length": 3.676380157470703, "mode": "train", "epoch": 12}
{"loss": 0.6546475887298584, "acc": 0.6855642795562744, "length": 3.69989013671875, "mode": "test", "epoch": 12}
{"loss": 0.45745691657066345, "acc": 0.7670598030090332, "length": 3.6978600025177, "mode": "train", "epoch": 13}
{"loss": 0.6082562208175659, "acc": 0.7137682437896729, "length": 3.7108380794525146, "mode": "test", "epoch": 13}
{"loss": 0.3986789882183075, "acc": 0.8004614114761353, "length": 3.7065441608428955, "mode": "train", "epoch": 14}
{"loss": 0.5809172987937927, "acc": 0.7313092947006226, "length": 3.709332227706909, "mode": "test", "epoch": 14}
{"loss": 0.3654227554798126, "acc": 0.8166943192481995, "length": 3.719733238220215, "mode": "train", "epoch": 15}
{"loss": 0.5543099641799927, "acc": 0.7554841041564941, "length": 3.7271173000335693, "mode": "test", "epoch": 15}
{"loss": 0.3364570736885071, "acc": 0.8312622308731079, "length": 3.7265915870666504, "mode": "train", "epoch": 16}
{"loss": 0.4956732392311096, "acc": 0.771356463432312, "length": 3.6974074840545654, "mode": "test", "epoch": 16}
{"loss": 0.30725136399269104, "acc": 0.8468648791313171, "length": 3.7166666984558105, "mode": "train", "epoch": 17}
{"loss": 0.49321767687797546, "acc": 0.7811241149902344, "length": 3.7541003227233887, "mode": "test", "epoch": 17}
{"loss": 0.2637999951839447, "acc": 0.8749611377716064, "length": 3.729264736175537, "mode": "train", "epoch": 18}
{"loss": 0.4351603388786316, "acc": 0.8234503865242004, "length": 3.709291458129883, "mode": "test", "epoch": 18}
{"loss": 0.21345743536949158, "acc": 0.8995119333267212, "length": 3.71578311920166, "mode": "train", "epoch": 19}
{"loss": 0.4089062809944153, "acc": 0.833543598651886, "length": 3.7236580848693848, "mode": "test", "epoch": 19}
{"loss": 0.19475694000720978, "acc": 0.9067049026489258, "length": 3.737281084060669, "mode": "train", "epoch": 20}
{"loss": 0.36766141653060913, "acc": 0.8435147404670715, "length": 3.722966194152832, "mode": "test", "epoch": 20}
{"loss": 0.18818706274032593, "acc": 0.9095997214317322, "length": 3.748593330383301, "mode": "train", "epoch": 21}
{"loss": 0.3416554927825928, "acc": 0.8537707328796387, "length": 3.768873929977417, "mode": "test", "epoch": 21}
{"loss": 0.1810513138771057, "acc": 0.9123720526695251, "length": 3.7383639812469482, "mode": "train", "epoch": 22}
{"loss": 0.3432962894439697, "acc": 0.8518171906471252, "length": 3.729152202606201, "mode": "test", "epoch": 22}
{"loss": 0.17839165031909943, "acc": 0.9144577383995056, "length": 3.72036075592041, "mode": "train", "epoch": 23}
{"loss": 0.33034607768058777, "acc": 0.8599568605422974, "length": 3.6969192028045654, "mode": "test", "epoch": 23}
{"loss": 0.1752306967973709, "acc": 0.9159080386161804, "length": 3.7321999073028564, "mode": "train", "epoch": 24}
{"loss": 0.3153892755508423, "acc": 0.8610557317733765, "length": 3.718611478805542, "mode": "test", "epoch": 24}
{"loss": 0.1715579330921173, "acc": 0.9172971248626709, "length": 3.6811676025390625, "mode": "train", "epoch": 25}
{"loss": 0.32288041710853577, "acc": 0.8632941246032715, "length": 3.6933376789093018, "mode": "test", "epoch": 25}
{"loss": 0.16735175251960754, "acc": 0.9189178347587585, "length": 3.697439432144165, "mode": "train", "epoch": 26}
{"loss": 0.31729668378829956, "acc": 0.8650034666061401, "length": 3.6813316345214844, "mode": "test", "epoch": 26}
{"loss": 0.1639178842306137, "acc": 0.9227545261383057, "length": 3.7023463249206543, "mode": "train", "epoch": 27}
{"loss": 0.2836063504219055, "acc": 0.8842537999153137, "length": 3.70835542678833, "mode": "test", "epoch": 27}
{"loss": 0.14336025714874268, "acc": 0.9334625601768494, "length": 3.7240278720855713, "mode": "train", "epoch": 28}
{"loss": 0.2652466297149658, "acc": 0.8908469080924988, "length": 3.744699001312256, "mode": "test", "epoch": 28}
{"loss": 0.13674820959568024, "acc": 0.9363134503364563, "length": 3.7494330406188965, "mode": "train", "epoch": 29}
{"loss": 0.2886672914028168, "acc": 0.8855154514312744, "length": 3.759106159210205, "mode": "test", "epoch": 29}
{"loss": 0.13604100048542023, "acc": 0.9367294311523438, "length": 3.7442831993103027, "mode": "train", "epoch": 30}
{"loss": 0.2895338535308838, "acc": 0.8817304968833923, "length": 3.730942964553833, "mode": "test", "epoch": 30}
{"loss": 0.13397878408432007, "acc": 0.9382358193397522, "length": 3.7305192947387695, "mode": "train", "epoch": 31}
{"loss": 0.28307175636291504, "acc": 0.8877538442611694, "length": 3.7178380489349365, "mode": "test", "epoch": 31}
{"loss": 0.1322760283946991, "acc": 0.9394748210906982, "length": 3.7573893070220947, "mode": "train", "epoch": 32}
{"loss": 0.2730344533920288, "acc": 0.8901143670082092, "length": 3.77900767326355, "mode": "test", "epoch": 32}
{"loss": 0.13305619359016418, "acc": 0.9383461475372314, "length": 3.772442579269409, "mode": "train", "epoch": 33}
{"loss": 0.26261967420578003, "acc": 0.8964633345603943, "length": 3.7453501224517822, "mode": "test", "epoch": 33}
{"loss": 0.12523789703845978, "acc": 0.9420757293701172, "length": 3.7627036571502686, "mode": "train", "epoch": 34}
{"loss": 0.24289773404598236, "acc": 0.8988237977027893, "length": 3.6945993900299072, "mode": "test", "epoch": 34}
{"loss": 0.12885673344135284, "acc": 0.9416452050209045, "length": 3.740703821182251, "mode": "train", "epoch": 35}
{"loss": 0.24207650125026703, "acc": 0.8978063464164734, "length": 3.7922346591949463, "mode": "test", "epoch": 35}
{"loss": 0.12707248330116272, "acc": 0.9426401257514954, "length": 3.766622304916382, "mode": "train", "epoch": 36}
{"loss": 0.2357141375541687, "acc": 0.9022831916809082, "length": 3.7520246505737305, "mode": "test", "epoch": 36}
{"loss": 0.12288282066583633, "acc": 0.943247377872467, "length": 3.755164623260498, "mode": "train", "epoch": 37}
{"loss": 0.2327021211385727, "acc": 0.9024459719657898, "length": 3.7341175079345703, "mode": "test", "epoch": 37}
{"loss": 0.1259472668170929, "acc": 0.9430674910545349, "length": 3.766045331954956, "mode": "train", "epoch": 38}
{"loss": 0.2270427644252777, "acc": 0.9021610617637634, "length": 3.7451467514038086, "mode": "test", "epoch": 38}
{"loss": 0.11993911862373352, "acc": 0.9461005330085754, "length": 3.763951301574707, "mode": "train", "epoch": 39}
{"loss": 0.22105228900909424, "acc": 0.9104228615760803, "length": 3.780350923538208, "mode": "test", "epoch": 39}
{"loss": 0.11276999861001968, "acc": 0.9503728151321411, "length": 3.7379517555236816, "mode": "train", "epoch": 40}
{"loss": 0.20186695456504822, "acc": 0.9164462089538574, "length": 3.741931438446045, "mode": "test", "epoch": 40}
{"loss": 0.11034806072711945, "acc": 0.9516605138778687, "length": 3.7619032859802246, "mode": "train", "epoch": 41}
{"loss": 0.2018069624900818, "acc": 0.9183590412139893, "length": 3.765984296798706, "mode": "test", "epoch": 41}
{"loss": 0.10625014454126358, "acc": 0.9521773457527161, "length": 3.7528862953186035, "mode": "train", "epoch": 42}
{"loss": 0.19014357030391693, "acc": 0.9214521050453186, "length": 3.747710704803467, "mode": "test", "epoch": 42}
{"loss": 0.10785297304391861, "acc": 0.9522125124931335, "length": 3.7462267875671387, "mode": "train", "epoch": 43}
{"loss": 0.1850513517856598, "acc": 0.9232835173606873, "length": 3.6838955879211426, "mode": "test", "epoch": 43}
{"loss": 0.1067829430103302, "acc": 0.9528496265411377, "length": 3.7032418251037598, "mode": "train", "epoch": 44}
{"loss": 0.18236884474754333, "acc": 0.9225916862487793, "length": 3.774571657180786, "mode": "test", "epoch": 44}
{"loss": 0.10670091956853867, "acc": 0.9533920884132385, "length": 3.723130464553833, "mode": "train", "epoch": 45}
{"loss": 0.1829080581665039, "acc": 0.9243823885917664, "length": 3.709576368331909, "mode": "test", "epoch": 45}
{"loss": 0.10473335534334183, "acc": 0.9546434283256531, "length": 3.70690655708313, "mode": "train", "epoch": 46}
{"loss": 0.1839008629322052, "acc": 0.9243823885917664, "length": 3.6939074993133545, "mode": "test", "epoch": 46}
{"loss": 0.1054903045296669, "acc": 0.9543432593345642, "length": 3.7053773403167725, "mode": "train", "epoch": 47}
{"loss": 0.2071913331747055, "acc": 0.9171380996704102, "length": 3.7744088172912598, "mode": "test", "epoch": 47}
{"loss": 0.10598360747098923, "acc": 0.9538906812667847, "length": 3.7295331954956055, "mode": "train", "epoch": 48}
{"loss": 0.1693248152732849, "acc": 0.9269464015960693, "length": 3.721500873565674, "mode": "test", "epoch": 48}
{"loss": 0.10069310665130615, "acc": 0.9560348987579346, "length": 3.711463212966919, "mode": "train", "epoch": 49}
{"loss": 0.18214288353919983, "acc": 0.9266208410263062, "length": 3.726222038269043, "mode": "test", "epoch": 49}
{"loss": 0.10347382724285126, "acc": 0.9558731317520142, "length": 3.7045273780822754, "mode": "train", "epoch": 50}
{"loss": 0.16180795431137085, "acc": 0.9315046072006226, "length": 3.693378448486328, "mode": "test", "epoch": 50}
{"loss": 0.09886220842599869, "acc": 0.9575446248054504, "length": 3.6757378578186035, "mode": "train", "epoch": 51}
{"loss": 0.17272552847862244, "acc": 0.9289813041687012, "length": 3.7279720306396484, "mode": "test", "epoch": 51}
{"loss": 0.0991283506155014, "acc": 0.9565311074256897, "length": 3.7105891704559326, "mode": "train", "epoch": 52}
{"loss": 0.15325096249580383, "acc": 0.9342314004898071, "length": 3.674046754837036, "mode": "test", "epoch": 52}
{"loss": 0.09356284886598587, "acc": 0.9588207602500916, "length": 3.7094783782958984, "mode": "train", "epoch": 53}
{"loss": 0.1674649715423584, "acc": 0.930772066116333, "length": 3.7001750469207764, "mode": "test", "epoch": 53}
{"loss": 0.09331170469522476, "acc": 0.9590475559234619, "length": 3.713730573654175, "mode": "train", "epoch": 54}
{"loss": 0.164296954870224, "acc": 0.931219756603241, "length": 3.6982622146606445, "mode": "test", "epoch": 54}
{"loss": 0.09534558653831482, "acc": 0.9582549929618835, "length": 3.722670316696167, "mode": "train", "epoch": 55}
{"loss": 0.15227246284484863, "acc": 0.9359407424926758, "length": 3.6998493671417236, "mode": "test", "epoch": 55}
{"loss": 0.09490697830915451, "acc": 0.95923912525177, "length": 3.7025506496429443, "mode": "train", "epoch": 56}
{"loss": 0.16007770597934723, "acc": 0.9324814081192017, "length": 3.6820642948150635, "mode": "test", "epoch": 56}
{"loss": 0.09408066421747208, "acc": 0.9594900608062744, "length": 3.7011890411376953, "mode": "train", "epoch": 57}
{"loss": 0.1630568504333496, "acc": 0.9336616396903992, "length": 3.724797487258911, "mode": "test", "epoch": 57}
{"loss": 0.09451300650835037, "acc": 0.9601891040802002, "length": 3.704458236694336, "mode": "train", "epoch": 58}
{"loss": 0.1455034762620926, "acc": 0.937690794467926, "length": 3.689837694168091, "mode": "test", "epoch": 58}
{"loss": 0.09296005964279175, "acc": 0.9600957036018372, "length": 3.7132723331451416, "mode": "train", "epoch": 59}
{"loss": 0.1519441455602646, "acc": 0.9358593225479126, "length": 3.6779537200927734, "mode": "test", "epoch": 59}
{"loss": 0.09875331819057465, "acc": 0.9586480855941772, "length": 3.678269386291504, "mode": "train", "epoch": 60}
{"loss": 0.15046900510787964, "acc": 0.9356151819229126, "length": 3.6546742916107178, "mode": "test", "epoch": 60}
test accuracy: 0.9098780751228333
