# ["--data_set_name=dim[16, 16, 16]_dist10-0_scale10_upsampleTrue_balancedFalse.ds", "--n_epochs=60", "--batch_size=64", "--learning_rate=0.0005", "--hidden_size=128", "--temperature=1.5", "--temp_update=0.97", "--length_cost=0.0", "--vocab_size_factor=3"]
data loaded from: ../zoo/intentional_game/data/dim[16, 16, 16]_dist10-0_scale10_upsampleTrue_balancedFalse.ds

opts
 Namespace(batch_size=64, checkpoint_dir=None, checkpoint_freq=0, cuda=True, data_set_name='dim[16, 16, 16]_dist10-0_scale10_upsampleTrue_balancedFalse.ds', device=device(type='cuda'), distributed_context=DistributedContext(is_distributed=False, rank=0, local_rank=0, world_size=1, mode='none'), distributed_port=18363, fp16=False, hidden_size=128, learning_rate=0.0005, length_cost=0.0, load_from_checkpoint=None, lr=0.01, max_len=1, mode='gs', n_epochs=60, no_cuda=False, optimizer='adam', preemptable=False, random_seed=609524486, receiver_cell='gru', save_interaction_freq=0, sender_cell='gru', temp_update=0.97, temperature=1.5, tensorboard=False, tensorboard_dir='runs/', update_freq=1, validation_freq=1, vocab_size=10, vocab_size_factor=3)
{"loss": 2.26580810546875, "acc": 0.0949481874704361, "length": 2.852945566177368, "mode": "train", "epoch": 1}
{"loss": 2.1431236267089844, "acc": 0.11822880804538727, "length": 3.0231165885925293, "mode": "test", "epoch": 1}
{"loss": 2.0034258365631104, "acc": 0.1617894470691681, "length": 3.279937505722046, "mode": "train", "epoch": 2}
{"loss": 1.9680390357971191, "acc": 0.16613081097602844, "length": 3.3006796836853027, "mode": "test", "epoch": 2}
{"loss": 1.955048680305481, "acc": 0.174806609749794, "length": 3.289508819580078, "mode": "train", "epoch": 3}
{"loss": 1.9459459781646729, "acc": 0.1738228052854538, "length": 3.3006796836853027, "mode": "test", "epoch": 3}
{"loss": 1.9471588134765625, "acc": 0.17750155925750732, "length": 3.289663076400757, "mode": "train", "epoch": 4}
{"loss": 1.94954252243042, "acc": 0.18033453822135925, "length": 3.3006796836853027, "mode": "test", "epoch": 4}
{"loss": 1.931683897972107, "acc": 0.18750564754009247, "length": 3.2893481254577637, "mode": "train", "epoch": 5}
{"loss": 1.927594542503357, "acc": 0.18961377441883087, "length": 3.3006796836853027, "mode": "test", "epoch": 5}
{"loss": 1.9149755239486694, "acc": 0.19449500739574432, "length": 3.2894961833953857, "mode": "train", "epoch": 6}
{"loss": 1.9117248058319092, "acc": 0.19421268999576569, "length": 3.3006796836853027, "mode": "test", "epoch": 6}
{"loss": 1.9061769247055054, "acc": 0.20006540417671204, "length": 3.28905987739563, "mode": "train", "epoch": 7}
{"loss": 1.9042537212371826, "acc": 0.19449758529663086, "length": 3.3006796836853027, "mode": "test", "epoch": 7}
{"loss": 1.8942502737045288, "acc": 0.2031782567501068, "length": 3.2895078659057617, "mode": "train", "epoch": 8}
{"loss": 1.8923966884613037, "acc": 0.21159090101718903, "length": 3.3006796836853027, "mode": "test", "epoch": 8}
{"loss": 1.8446025848388672, "acc": 0.2153124362230301, "length": 3.289402484893799, "mode": "train", "epoch": 9}
{"loss": 1.8302819728851318, "acc": 0.2144397795200348, "length": 3.3006796836853027, "mode": "test", "epoch": 9}
{"loss": 1.7830806970596313, "acc": 0.2284785509109497, "length": 3.289405345916748, "mode": "train", "epoch": 10}
{"loss": 1.759995460510254, "acc": 0.23250986635684967, "length": 3.297912120819092, "mode": "test", "epoch": 10}
{"loss": 1.7154428958892822, "acc": 0.2499467432498932, "length": 3.289451837539673, "mode": "train", "epoch": 11}
{"loss": 1.6637386083602905, "acc": 0.26498717069625854, "length": 3.3006796836853027, "mode": "test", "epoch": 11}
{"loss": 1.6267198324203491, "acc": 0.2830347716808319, "length": 3.2894411087036133, "mode": "train", "epoch": 12}
{"loss": 1.6046175956726074, "acc": 0.28244680166244507, "length": 3.30047607421875, "mode": "test", "epoch": 12}
{"loss": 1.5792874097824097, "acc": 0.29863810539245605, "length": 3.289440631866455, "mode": "train", "epoch": 13}
{"loss": 1.59047532081604, "acc": 0.2938016355037689, "length": 3.3006796836853027, "mode": "test", "epoch": 13}
{"loss": 1.5573112964630127, "acc": 0.30593037605285645, "length": 3.2894809246063232, "mode": "train", "epoch": 14}
{"loss": 1.5534725189208984, "acc": 0.30031338334083557, "length": 3.3006796836853027, "mode": "test", "epoch": 14}
{"loss": 1.5442346334457397, "acc": 0.31035295128822327, "length": 3.2892935276031494, "mode": "train", "epoch": 15}
{"loss": 1.548140525817871, "acc": 0.3036099374294281, "length": 3.2984819412231445, "mode": "test", "epoch": 15}
{"loss": 1.5364848375320435, "acc": 0.31444478034973145, "length": 3.2893035411834717, "mode": "train", "epoch": 16}
{"loss": 1.581324815750122, "acc": 0.29457491636276245, "length": 3.3006796836853027, "mode": "test", "epoch": 16}
{"loss": 1.5173734426498413, "acc": 0.3194982409477234, "length": 3.289478302001953, "mode": "train", "epoch": 17}
{"loss": 1.52193021774292, "acc": 0.3092670142650604, "length": 3.3006796836853027, "mode": "test", "epoch": 17}
{"loss": 1.5133724212646484, "acc": 0.32291072607040405, "length": 3.289479970932007, "mode": "train", "epoch": 18}
{"loss": 1.5223201513290405, "acc": 0.31134262681007385, "length": 3.3006796836853027, "mode": "test", "epoch": 18}
{"loss": 1.4974486827850342, "acc": 0.32789161801338196, "length": 3.290210008621216, "mode": "train", "epoch": 19}
{"loss": 1.4980428218841553, "acc": 0.3178136944770813, "length": 3.3006796836853027, "mode": "test", "epoch": 19}
{"loss": 1.5004771947860718, "acc": 0.32744812965393066, "length": 3.289405584335327, "mode": "train", "epoch": 20}
{"loss": 1.517659068107605, "acc": 0.30983680486679077, "length": 3.3006796836853027, "mode": "test", "epoch": 20}
{"loss": 1.500220775604248, "acc": 0.3254057765007019, "length": 3.2896323204040527, "mode": "train", "epoch": 21}
{"loss": 1.4949835538864136, "acc": 0.31952300667762756, "length": 3.3006796836853027, "mode": "test", "epoch": 21}
{"loss": 1.4841386079788208, "acc": 0.3345027565956116, "length": 3.289487838745117, "mode": "train", "epoch": 22}
{"loss": 1.4902658462524414, "acc": 0.32094746828079224, "length": 3.3006796836853027, "mode": "test", "epoch": 22}
{"loss": 1.475399374961853, "acc": 0.3350997269153595, "length": 3.289458751678467, "mode": "train", "epoch": 23}
{"loss": 1.4750730991363525, "acc": 0.321598619222641, "length": 3.3006796836853027, "mode": "test", "epoch": 23}
{"loss": 1.4718317985534668, "acc": 0.336708664894104, "length": 3.2894458770751953, "mode": "train", "epoch": 24}
{"loss": 1.4790527820587158, "acc": 0.3224940001964569, "length": 3.3006796836853027, "mode": "test", "epoch": 24}
{"loss": 1.4613115787506104, "acc": 0.33997219800949097, "length": 3.289485216140747, "mode": "train", "epoch": 25}
{"loss": 1.467045783996582, "acc": 0.32338935136795044, "length": 3.3006796836853027, "mode": "test", "epoch": 25}
{"loss": 1.463561773300171, "acc": 0.340819776058197, "length": 3.2894198894500732, "mode": "train", "epoch": 26}
{"loss": 1.4683369398117065, "acc": 0.3277033865451813, "length": 3.3006796836853027, "mode": "test", "epoch": 26}
{"loss": 1.459790825843811, "acc": 0.33986377716064453, "length": 3.289860963821411, "mode": "train", "epoch": 27}
{"loss": 1.4727592468261719, "acc": 0.3271336257457733, "length": 3.30035400390625, "mode": "test", "epoch": 27}
{"loss": 1.458093285560608, "acc": 0.34252941608428955, "length": 3.2893896102905273, "mode": "train", "epoch": 28}
{"loss": 1.4622254371643066, "acc": 0.33047088980674744, "length": 3.3006796836853027, "mode": "test", "epoch": 28}
{"loss": 1.4486011266708374, "acc": 0.3462531268596649, "length": 3.2894351482391357, "mode": "train", "epoch": 29}
{"loss": 1.4609112739562988, "acc": 0.3323836922645569, "length": 3.3006796836853027, "mode": "test", "epoch": 29}
{"loss": 1.4444128274917603, "acc": 0.3502664864063263, "length": 3.2894742488861084, "mode": "train", "epoch": 30}
{"loss": 1.4431920051574707, "acc": 0.33861055970191956, "length": 3.3006796836853027, "mode": "test", "epoch": 30}
{"loss": 1.4289225339889526, "acc": 0.3565807044506073, "length": 3.289454460144043, "mode": "train", "epoch": 31}
{"loss": 1.5402588844299316, "acc": 0.32916852831840515, "length": 3.2938015460968018, "mode": "test", "epoch": 31}
{"loss": 1.4518994092941284, "acc": 0.34964290261268616, "length": 3.2892332077026367, "mode": "train", "epoch": 32}
{"loss": 1.437314510345459, "acc": 0.34097105264663696, "length": 3.3006389141082764, "mode": "test", "epoch": 32}
{"loss": 1.417881965637207, "acc": 0.3625824451446533, "length": 3.289457082748413, "mode": "train", "epoch": 33}
{"loss": 1.4306634664535522, "acc": 0.3418664336204529, "length": 3.3006796836853027, "mode": "test", "epoch": 33}
{"loss": 1.4180611371994019, "acc": 0.36143478751182556, "length": 3.289456367492676, "mode": "train", "epoch": 34}
{"loss": 1.4385517835617065, "acc": 0.3425990045070648, "length": 3.3006796836853027, "mode": "test", "epoch": 34}
{"loss": 1.4197479486465454, "acc": 0.36173009872436523, "length": 3.2893261909484863, "mode": "train", "epoch": 35}
{"loss": 1.4223027229309082, "acc": 0.34589555859565735, "length": 3.3006796836853027, "mode": "test", "epoch": 35}
{"loss": 1.4147268533706665, "acc": 0.36105453968048096, "length": 3.289214611053467, "mode": "train", "epoch": 36}
{"loss": 1.425284743309021, "acc": 0.3453257977962494, "length": 3.2984819412231445, "mode": "test", "epoch": 36}
{"loss": 1.4089182615280151, "acc": 0.36496683955192566, "length": 3.2870211601257324, "mode": "train", "epoch": 37}
{"loss": 1.4154808521270752, "acc": 0.352692186832428, "length": 3.3006796836853027, "mode": "test", "epoch": 37}
{"loss": 1.4052822589874268, "acc": 0.3638290762901306, "length": 3.28934907913208, "mode": "train", "epoch": 38}
{"loss": 1.429508924484253, "acc": 0.34955841302871704, "length": 3.3006796836853027, "mode": "test", "epoch": 38}
{"loss": 1.3994100093841553, "acc": 0.3677557110786438, "length": 3.2894909381866455, "mode": "train", "epoch": 39}
{"loss": 1.4280948638916016, "acc": 0.3467502295970917, "length": 3.3006796836853027, "mode": "test", "epoch": 39}
{"loss": 1.3997130393981934, "acc": 0.36736026406288147, "length": 3.2894716262817383, "mode": "train", "epoch": 40}
{"loss": 1.4180729389190674, "acc": 0.347604900598526, "length": 3.3006796836853027, "mode": "test", "epoch": 40}
{"loss": 1.4075103998184204, "acc": 0.36701062321662903, "length": 3.2894744873046875, "mode": "train", "epoch": 41}
{"loss": 1.409299373626709, "acc": 0.3544422388076782, "length": 3.3006796836853027, "mode": "test", "epoch": 41}
{"loss": 1.404253602027893, "acc": 0.3690459728240967, "length": 3.289544105529785, "mode": "train", "epoch": 42}
{"loss": 1.4061559438705444, "acc": 0.35517480969429016, "length": 3.3006796836853027, "mode": "test", "epoch": 42}
{"loss": 1.3996937274932861, "acc": 0.37059155106544495, "length": 3.289461851119995, "mode": "train", "epoch": 43}
{"loss": 1.409977674484253, "acc": 0.35057589411735535, "length": 3.3006389141082764, "mode": "test", "epoch": 43}
{"loss": 1.3951224088668823, "acc": 0.36986029148101807, "length": 3.287597894668579, "mode": "train", "epoch": 44}
{"loss": 1.417032241821289, "acc": 0.3496398329734802, "length": 3.298441171646118, "mode": "test", "epoch": 44}
{"loss": 1.401535987854004, "acc": 0.3703744411468506, "length": 3.287339448928833, "mode": "train", "epoch": 45}
{"loss": 1.4102144241333008, "acc": 0.3533840775489807, "length": 3.29526686668396, "mode": "test", "epoch": 45}
{"loss": 1.40413236618042, "acc": 0.3700762987136841, "length": 3.286811113357544, "mode": "train", "epoch": 46}
{"loss": 1.4407094717025757, "acc": 0.3522038161754608, "length": 3.298441171646118, "mode": "test", "epoch": 46}
{"loss": 1.4135961532592773, "acc": 0.3713783919811249, "length": 3.2873456478118896, "mode": "train", "epoch": 47}
{"loss": 1.4084374904632568, "acc": 0.35322126746177673, "length": 3.2986855506896973, "mode": "test", "epoch": 47}
{"loss": 1.3933568000793457, "acc": 0.37374141812324524, "length": 3.2874135971069336, "mode": "train", "epoch": 48}
{"loss": 1.4032090902328491, "acc": 0.3550119996070862, "length": 3.298522710800171, "mode": "test", "epoch": 48}
{"loss": 1.3886765241622925, "acc": 0.3751448392868042, "length": 3.2873623371124268, "mode": "train", "epoch": 49}
{"loss": 1.3987488746643066, "acc": 0.3582271635532379, "length": 3.298441171646118, "mode": "test", "epoch": 49}
{"loss": 1.3986032009124756, "acc": 0.3707141578197479, "length": 3.2863104343414307, "mode": "train", "epoch": 50}
{"loss": 1.4019774198532104, "acc": 0.35562247037887573, "length": 3.2977492809295654, "mode": "test", "epoch": 50}
{"loss": 1.3923052549362183, "acc": 0.37508299946784973, "length": 3.286844491958618, "mode": "train", "epoch": 51}
{"loss": 1.403253436088562, "acc": 0.3534654676914215, "length": 3.2977492809295654, "mode": "test", "epoch": 51}
{"loss": 1.3873347043991089, "acc": 0.37652117013931274, "length": 3.2869293689727783, "mode": "train", "epoch": 52}
{"loss": 1.4195218086242676, "acc": 0.35171544551849365, "length": 3.298441171646118, "mode": "test", "epoch": 52}
{"loss": 1.4007648229599, "acc": 0.37218719720840454, "length": 3.2865922451019287, "mode": "train", "epoch": 53}
{"loss": 1.4077072143554688, "acc": 0.35517480969429016, "length": 3.299133062362671, "mode": "test", "epoch": 53}
{"loss": 1.3905197381973267, "acc": 0.3780592381954193, "length": 3.2868289947509766, "mode": "train", "epoch": 54}
{"loss": 1.4106324911117554, "acc": 0.35668063163757324, "length": 3.294208526611328, "mode": "test", "epoch": 54}
{"loss": 1.4020503759384155, "acc": 0.373648464679718, "length": 3.2814691066741943, "mode": "train", "epoch": 55}
{"loss": 1.4168782234191895, "acc": 0.3455292880535126, "length": 3.2931911945343018, "mode": "test", "epoch": 55}
{"loss": 1.4015986919403076, "acc": 0.37287184596061707, "length": 3.2818710803985596, "mode": "train", "epoch": 56}
{"loss": 1.4147462844848633, "acc": 0.352407306432724, "length": 3.2918074131011963, "mode": "test", "epoch": 56}
{"loss": 1.3921782970428467, "acc": 0.37555715441703796, "length": 3.2822775840759277, "mode": "train", "epoch": 57}
{"loss": 1.412488341331482, "acc": 0.35554108023643494, "length": 3.295022487640381, "mode": "test", "epoch": 57}
{"loss": 1.3958755731582642, "acc": 0.3743683397769928, "length": 3.2831618785858154, "mode": "train", "epoch": 58}
{"loss": 1.3986515998840332, "acc": 0.3574132025241852, "length": 3.2959587574005127, "mode": "test", "epoch": 58}
{"loss": 1.381989598274231, "acc": 0.3786484897136688, "length": 3.2862699031829834, "mode": "train", "epoch": 59}
{"loss": 1.3940789699554443, "acc": 0.3607097864151001, "length": 3.2959587574005127, "mode": "test", "epoch": 59}
{"loss": 1.3867154121398926, "acc": 0.3816862404346466, "length": 3.2857913970947266, "mode": "train", "epoch": 60}
{"loss": 1.3953440189361572, "acc": 0.36270400881767273, "length": 3.297586679458618, "mode": "test", "epoch": 60}
test accuracy: 0.30272358655929565
