# ["--data_set_name=dim[16, 16, 16]_dist10-0_scale10_upsampleTrue_balancedFalse.ds", "--n_epochs=60", "--batch_size=64", "--learning_rate=0.0005", "--hidden_size=128", "--temperature=1.5", "--temp_update=0.99", "--length_cost=0.0", "--vocab_size_factor=3"]
data loaded from: ../zoo/intentional_game/data/dim[16, 16, 16]_dist10-0_scale10_upsampleTrue_balancedFalse.ds

opts
 Namespace(batch_size=64, checkpoint_dir=None, checkpoint_freq=0, cuda=True, data_set_name='dim[16, 16, 16]_dist10-0_scale10_upsampleTrue_balancedFalse.ds', device=device(type='cuda'), distributed_context=DistributedContext(is_distributed=False, rank=0, local_rank=0, world_size=1, mode='none'), distributed_port=18363, fp16=False, hidden_size=128, learning_rate=0.0005, length_cost=0.0, load_from_checkpoint=None, lr=0.01, max_len=1, mode='gs', n_epochs=60, no_cuda=False, optimizer='adam', preemptable=False, random_seed=436790173, receiver_cell='gru', save_interaction_freq=0, sender_cell='gru', temp_update=0.99, temperature=1.5, tensorboard=False, tensorboard_dir='runs/', update_freq=1, validation_freq=1, vocab_size=10, vocab_size_factor=3)
{"loss": 2.2425975799560547, "acc": 0.10588745027780533, "length": 2.548095703125, "mode": "train", "epoch": 1}
{"loss": 2.0632054805755615, "acc": 0.13540352880954742, "length": 2.59114408493042, "mode": "test", "epoch": 1}
{"loss": 1.999398946762085, "acc": 0.1623762845993042, "length": 2.603025436401367, "mode": "train", "epoch": 2}
{"loss": 1.9840924739837646, "acc": 0.16389238834381104, "length": 2.607464075088501, "mode": "test", "epoch": 2}
{"loss": 1.9647518396377563, "acc": 0.17709064483642578, "length": 2.604592800140381, "mode": "train", "epoch": 3}
{"loss": 1.9730910062789917, "acc": 0.16702616214752197, "length": 2.607464075088501, "mode": "test", "epoch": 3}
{"loss": 1.9565775394439697, "acc": 0.1767560839653015, "length": 2.59407901763916, "mode": "train", "epoch": 4}
{"loss": 1.9658163785934448, "acc": 0.17793333530426025, "length": 2.5658702850341797, "mode": "test", "epoch": 4}
{"loss": 1.9410563707351685, "acc": 0.18927675485610962, "length": 2.5612432956695557, "mode": "train", "epoch": 5}
{"loss": 1.9747450351715088, "acc": 0.18253225088119507, "length": 2.5657482147216797, "mode": "test", "epoch": 5}
{"loss": 1.9109407663345337, "acc": 0.19697825610637665, "length": 2.5619401931762695, "mode": "train", "epoch": 6}
{"loss": 1.923595666885376, "acc": 0.1903463453054428, "length": 2.5657482147216797, "mode": "test", "epoch": 6}
{"loss": 1.8852310180664062, "acc": 0.20654886960983276, "length": 2.5616917610168457, "mode": "train", "epoch": 7}
{"loss": 1.881765604019165, "acc": 0.20284074544906616, "length": 2.5657482147216797, "mode": "test", "epoch": 7}
{"loss": 1.8635822534561157, "acc": 0.20975381135940552, "length": 2.5613842010498047, "mode": "train", "epoch": 8}
{"loss": 1.8726887702941895, "acc": 0.20072443783283234, "length": 2.5657482147216797, "mode": "test", "epoch": 8}
{"loss": 1.8487205505371094, "acc": 0.2162151038646698, "length": 2.5617058277130127, "mode": "train", "epoch": 9}
{"loss": 1.852823257446289, "acc": 0.21130600571632385, "length": 2.5657482147216797, "mode": "test", "epoch": 9}
{"loss": 1.835198998451233, "acc": 0.22017599642276764, "length": 2.561800479888916, "mode": "train", "epoch": 10}
{"loss": 1.8439749479293823, "acc": 0.2155386358499527, "length": 2.5659518241882324, "mode": "test", "epoch": 10}
{"loss": 1.8143073320388794, "acc": 0.2285924106836319, "length": 2.5634243488311768, "mode": "train", "epoch": 11}
{"loss": 1.8084969520568848, "acc": 0.22347483038902283, "length": 2.5661144256591797, "mode": "test", "epoch": 11}
{"loss": 1.768206238746643, "acc": 0.24447208642959595, "length": 2.6302502155303955, "mode": "train", "epoch": 12}
{"loss": 1.7798999547958374, "acc": 0.23279476165771484, "length": 2.6771397590637207, "mode": "test", "epoch": 12}
{"loss": 1.7352286577224731, "acc": 0.259133905172348, "length": 2.675999641418457, "mode": "train", "epoch": 13}
{"loss": 1.744587779045105, "acc": 0.24948109686374664, "length": 2.693500518798828, "mode": "test", "epoch": 13}
{"loss": 1.7038456201553345, "acc": 0.2714788019657135, "length": 2.6910781860351562, "mode": "train", "epoch": 14}
{"loss": 1.7313646078109741, "acc": 0.2520450949668884, "length": 2.7121810913085938, "mode": "test", "epoch": 14}
{"loss": 1.6870540380477905, "acc": 0.27682897448539734, "length": 2.6962168216705322, "mode": "train", "epoch": 15}
{"loss": 1.7172616720199585, "acc": 0.2583940327167511, "length": 2.711855411529541, "mode": "test", "epoch": 15}
{"loss": 1.6726747751235962, "acc": 0.28342002630233765, "length": 2.698540449142456, "mode": "train", "epoch": 16}
{"loss": 1.7080178260803223, "acc": 0.26352202892303467, "length": 2.705954074859619, "mode": "test", "epoch": 16}
{"loss": 1.6604316234588623, "acc": 0.2884765863418579, "length": 2.6985116004943848, "mode": "train", "epoch": 17}
{"loss": 1.7112915515899658, "acc": 0.2631150484085083, "length": 2.7060763835906982, "mode": "test", "epoch": 17}
{"loss": 1.6452146768569946, "acc": 0.29726648330688477, "length": 2.697072744369507, "mode": "train", "epoch": 18}
{"loss": 1.6914236545562744, "acc": 0.27894672751426697, "length": 2.7077856063842773, "mode": "test", "epoch": 18}
{"loss": 1.598515510559082, "acc": 0.31482717394828796, "length": 2.6972732543945312, "mode": "train", "epoch": 19}
{"loss": 1.609779715538025, "acc": 0.3001912832260132, "length": 2.712099552154541, "mode": "test", "epoch": 19}
{"loss": 1.5291918516159058, "acc": 0.33931511640548706, "length": 2.69549298286438, "mode": "train", "epoch": 20}
{"loss": 1.6128511428833008, "acc": 0.2943307161331177, "length": 2.705465793609619, "mode": "test", "epoch": 20}
{"loss": 1.496018648147583, "acc": 0.34914660453796387, "length": 2.6945126056671143, "mode": "train", "epoch": 21}
{"loss": 1.6041994094848633, "acc": 0.3104472756385803, "length": 2.7083146572113037, "mode": "test", "epoch": 21}
{"loss": 1.4734327793121338, "acc": 0.35779908299446106, "length": 2.6943249702453613, "mode": "train", "epoch": 22}
{"loss": 1.592138648033142, "acc": 0.3163892328739166, "length": 2.7070937156677246, "mode": "test", "epoch": 22}
{"loss": 1.4580745697021484, "acc": 0.3633635640144348, "length": 2.6948657035827637, "mode": "train", "epoch": 23}
{"loss": 1.5909678936004639, "acc": 0.3143543303012848, "length": 2.6962273120880127, "mode": "test", "epoch": 23}
{"loss": 1.4438635110855103, "acc": 0.3682790696620941, "length": 2.695272207260132, "mode": "train", "epoch": 24}
{"loss": 1.605027198791504, "acc": 0.31866833567619324, "length": 2.705099582672119, "mode": "test", "epoch": 24}
{"loss": 1.4323809146881104, "acc": 0.375373512506485, "length": 2.6959140300750732, "mode": "train", "epoch": 25}
{"loss": 1.5865892171859741, "acc": 0.32102885842323303, "length": 2.7080297470092773, "mode": "test", "epoch": 25}
{"loss": 1.422240972518921, "acc": 0.37698468565940857, "length": 2.695952892303467, "mode": "train", "epoch": 26}
{"loss": 1.608931064605713, "acc": 0.31842416524887085, "length": 2.7125065326690674, "mode": "test", "epoch": 26}
{"loss": 1.4134262800216675, "acc": 0.3836757242679596, "length": 2.695741891860962, "mode": "train", "epoch": 27}
{"loss": 1.5884207487106323, "acc": 0.3224532902240753, "length": 2.7084367275238037, "mode": "test", "epoch": 27}
{"loss": 1.4019732475280762, "acc": 0.3888440430164337, "length": 2.6956193447113037, "mode": "train", "epoch": 28}
{"loss": 1.603027582168579, "acc": 0.3288022577762604, "length": 2.7063610553741455, "mode": "test", "epoch": 28}
{"loss": 1.3833409547805786, "acc": 0.3967772424221039, "length": 2.6977429389953613, "mode": "train", "epoch": 29}
{"loss": 1.5240147113800049, "acc": 0.3443083167076111, "length": 2.707500696182251, "mode": "test", "epoch": 29}
{"loss": 1.3635504245758057, "acc": 0.403999000787735, "length": 2.700301170349121, "mode": "train", "epoch": 30}
{"loss": 1.5070112943649292, "acc": 0.35672134160995483, "length": 2.7127509117126465, "mode": "test", "epoch": 30}
{"loss": 1.3464431762695312, "acc": 0.41189634799957275, "length": 2.7022809982299805, "mode": "train", "epoch": 31}
{"loss": 1.4765732288360596, "acc": 0.35920393466949463, "length": 2.7108380794525146, "mode": "test", "epoch": 31}
{"loss": 1.3391462564468384, "acc": 0.41428205370903015, "length": 2.701483726501465, "mode": "train", "epoch": 32}
{"loss": 1.5481094121932983, "acc": 0.3535061776638031, "length": 2.702454090118408, "mode": "test", "epoch": 32}
{"loss": 1.326141595840454, "acc": 0.4203425943851471, "length": 2.7033469676971436, "mode": "train", "epoch": 33}
{"loss": 1.493779182434082, "acc": 0.36254119873046875, "length": 2.705587863922119, "mode": "test", "epoch": 33}
{"loss": 1.314300298690796, "acc": 0.42465025186538696, "length": 2.7057411670684814, "mode": "train", "epoch": 34}
{"loss": 1.4926375150680542, "acc": 0.36726221442222595, "length": 2.7202394008636475, "mode": "test", "epoch": 34}
{"loss": 1.307410717010498, "acc": 0.42580121755599976, "length": 2.7076480388641357, "mode": "train", "epoch": 35}
{"loss": 1.48067307472229, "acc": 0.3712506592273712, "length": 2.713564872741699, "mode": "test", "epoch": 35}
{"loss": 1.2990607023239136, "acc": 0.4310930073261261, "length": 2.7118687629699707, "mode": "train", "epoch": 36}
{"loss": 1.4797004461288452, "acc": 0.3664482533931732, "length": 2.7204020023345947, "mode": "test", "epoch": 36}
{"loss": 1.2874892950057983, "acc": 0.4355482757091522, "length": 2.7143518924713135, "mode": "train", "epoch": 37}
{"loss": 1.4402694702148438, "acc": 0.37527981400489807, "length": 2.725245237350464, "mode": "test", "epoch": 37}
{"loss": 1.2799856662750244, "acc": 0.4375854432582855, "length": 2.714268684387207, "mode": "train", "epoch": 38}
{"loss": 1.4482405185699463, "acc": 0.378535658121109, "length": 2.720198631286621, "mode": "test", "epoch": 38}
{"loss": 1.2733618021011353, "acc": 0.4437711834907532, "length": 2.715733528137207, "mode": "train", "epoch": 39}
{"loss": 1.4614129066467285, "acc": 0.3771926164627075, "length": 2.7227625846862793, "mode": "test", "epoch": 39}
{"loss": 1.2692161798477173, "acc": 0.4433290958404541, "length": 2.7161834239959717, "mode": "train", "epoch": 40}
{"loss": 1.4533332586288452, "acc": 0.37784379720687866, "length": 2.722966194152832, "mode": "test", "epoch": 40}
{"loss": 1.2651500701904297, "acc": 0.4457942843437195, "length": 2.718071222305298, "mode": "train", "epoch": 41}
{"loss": 1.4340357780456543, "acc": 0.38048920035362244, "length": 2.721256732940674, "mode": "test", "epoch": 41}
{"loss": 1.2588446140289307, "acc": 0.4484110474586487, "length": 2.719032049179077, "mode": "train", "epoch": 42}
{"loss": 1.421322226524353, "acc": 0.3859834671020508, "length": 2.7266695499420166, "mode": "test", "epoch": 42}
{"loss": 1.2548861503601074, "acc": 0.4494898319244385, "length": 2.719689130783081, "mode": "train", "epoch": 43}
{"loss": 1.4120930433273315, "acc": 0.38614627718925476, "length": 2.723088264465332, "mode": "test", "epoch": 43}
{"loss": 1.254459023475647, "acc": 0.4518451690673828, "length": 2.7200050354003906, "mode": "train", "epoch": 44}
{"loss": 1.4170734882354736, "acc": 0.3869602382183075, "length": 2.7185299396514893, "mode": "test", "epoch": 44}
{"loss": 1.2470937967300415, "acc": 0.4525473415851593, "length": 2.7206060886383057, "mode": "train", "epoch": 45}
{"loss": 1.4710090160369873, "acc": 0.39225101470947266, "length": 2.7272393703460693, "mode": "test", "epoch": 45}
{"loss": 1.2387691736221313, "acc": 0.4564836919307709, "length": 2.720899820327759, "mode": "train", "epoch": 46}
{"loss": 1.4277513027191162, "acc": 0.3926987051963806, "length": 2.7300069332122803, "mode": "test", "epoch": 46}
{"loss": 1.2403144836425781, "acc": 0.45781075954437256, "length": 2.721137762069702, "mode": "train", "epoch": 47}
{"loss": 1.4082140922546387, "acc": 0.39489641785621643, "length": 2.7260591983795166, "mode": "test", "epoch": 47}
{"loss": 1.237571358680725, "acc": 0.4576669931411743, "length": 2.72121262550354, "mode": "train", "epoch": 48}
{"loss": 1.4229469299316406, "acc": 0.39371615648269653, "length": 2.7244720458984375, "mode": "test", "epoch": 48}
{"loss": 1.2359471321105957, "acc": 0.46070876717567444, "length": 2.7219841480255127, "mode": "train", "epoch": 49}
{"loss": 1.4167118072509766, "acc": 0.4012046754360199, "length": 2.7269139289855957, "mode": "test", "epoch": 49}
{"loss": 1.2335506677627563, "acc": 0.46179506182670593, "length": 2.7226402759552, "mode": "train", "epoch": 50}
{"loss": 1.4186933040618896, "acc": 0.39440804719924927, "length": 2.720768451690674, "mode": "test", "epoch": 50}
{"loss": 1.2321828603744507, "acc": 0.4638359248638153, "length": 2.724135160446167, "mode": "train", "epoch": 51}
{"loss": 1.377583384513855, "acc": 0.4013674557209015, "length": 2.721989393234253, "mode": "test", "epoch": 51}
{"loss": 1.2234452962875366, "acc": 0.4658852815628052, "length": 2.723862648010254, "mode": "train", "epoch": 52}
{"loss": 1.4081153869628906, "acc": 0.3961580693721771, "length": 2.725733518600464, "mode": "test", "epoch": 52}
{"loss": 1.2200140953063965, "acc": 0.4695000946521759, "length": 2.7246363162994385, "mode": "train", "epoch": 53}
{"loss": 1.4161990880966187, "acc": 0.3999837338924408, "length": 2.728989362716675, "mode": "test", "epoch": 53}
{"loss": 1.2201781272888184, "acc": 0.46868062019348145, "length": 2.7252087593078613, "mode": "train", "epoch": 54}
{"loss": 1.4337363243103027, "acc": 0.3986406624317169, "length": 2.7221927642822266, "mode": "test", "epoch": 54}
{"loss": 1.2143924236297607, "acc": 0.4700121283531189, "length": 2.723660469055176, "mode": "train", "epoch": 55}
{"loss": 1.4330734014511108, "acc": 0.4014488756656647, "length": 2.7230474948883057, "mode": "test", "epoch": 55}
{"loss": 1.2127834558486938, "acc": 0.4711768925189972, "length": 2.7259562015533447, "mode": "train", "epoch": 56}
{"loss": 1.4094617366790771, "acc": 0.4048675298690796, "length": 2.7352163791656494, "mode": "test", "epoch": 56}
{"loss": 1.2114540338516235, "acc": 0.4743898808956146, "length": 2.731572389602661, "mode": "train", "epoch": 57}
{"loss": 1.4023010730743408, "acc": 0.40059420466423035, "length": 2.7410361766815186, "mode": "test", "epoch": 57}
{"loss": 1.2098665237426758, "acc": 0.47425442934036255, "length": 2.7376511096954346, "mode": "train", "epoch": 58}
{"loss": 1.4126088619232178, "acc": 0.40527451038360596, "length": 2.740344285964966, "mode": "test", "epoch": 58}
{"loss": 1.2050108909606934, "acc": 0.47473838925361633, "length": 2.7459592819213867, "mode": "train", "epoch": 59}
{"loss": 1.3546650409698486, "acc": 0.41239672899246216, "length": 2.752594470977783, "mode": "test", "epoch": 59}
{"loss": 1.2053859233856201, "acc": 0.47654277086257935, "length": 2.74823260307312, "mode": "train", "epoch": 60}
{"loss": 1.3817195892333984, "acc": 0.4096699357032776, "length": 2.751617670059204, "mode": "test", "epoch": 60}
test accuracy: 0.3543902337551117
