# ["--data_set_name=dim[16, 16, 16]_dist10-0_scale10_upsampleTrue_balancedFalse.ds", "--n_epochs=60", "--batch_size=64", "--learning_rate=0.0005", "--hidden_size=256", "--temperature=1.5", "--temp_update=0.97", "--length_cost=0.0", "--vocab_size_factor=3"]
data loaded from: ../zoo/intentional_game/data/dim[16, 16, 16]_dist10-0_scale10_upsampleTrue_balancedFalse.ds

opts
 Namespace(batch_size=64, checkpoint_dir=None, checkpoint_freq=0, cuda=True, data_set_name='dim[16, 16, 16]_dist10-0_scale10_upsampleTrue_balancedFalse.ds', device=device(type='cuda'), distributed_context=DistributedContext(is_distributed=False, rank=0, local_rank=0, world_size=1, mode='none'), distributed_port=18363, fp16=False, hidden_size=256, learning_rate=0.0005, length_cost=0.0, load_from_checkpoint=None, lr=0.01, max_len=1, mode='gs', n_epochs=60, no_cuda=False, optimizer='adam', preemptable=False, random_seed=691265499, receiver_cell='gru', save_interaction_freq=0, sender_cell='gru', temp_update=0.97, temperature=1.5, tensorboard=False, tensorboard_dir='runs/', update_freq=1, validation_freq=1, vocab_size=10, vocab_size_factor=3)
{"loss": 2.2875277996063232, "acc": 0.09445419907569885, "length": 2.245655059814453, "mode": "train", "epoch": 1}
{"loss": 2.0606837272644043, "acc": 0.13707216084003448, "length": 2.589923143386841, "mode": "test", "epoch": 1}
{"loss": 1.8591967821121216, "acc": 0.202849343419075, "length": 2.612140655517578, "mode": "train", "epoch": 2}
{"loss": 1.8367030620574951, "acc": 0.2059338241815567, "length": 2.6686336994171143, "mode": "test", "epoch": 2}
{"loss": 1.6860469579696655, "acc": 0.26127469539642334, "length": 2.6552608013153076, "mode": "train", "epoch": 3}
{"loss": 1.7065553665161133, "acc": 0.2679174542427063, "length": 2.667005777359009, "mode": "test", "epoch": 3}
{"loss": 1.5666881799697876, "acc": 0.3116242587566376, "length": 2.6649227142333984, "mode": "train", "epoch": 4}
{"loss": 1.6885913610458374, "acc": 0.2807781398296356, "length": 2.667168617248535, "mode": "test", "epoch": 4}
{"loss": 1.4926573038101196, "acc": 0.32908087968826294, "length": 2.6915626525878906, "mode": "train", "epoch": 5}
{"loss": 1.5610812902450562, "acc": 0.30287736654281616, "length": 2.7004191875457764, "mode": "test", "epoch": 5}
{"loss": 1.4547791481018066, "acc": 0.34764915704727173, "length": 2.695688009262085, "mode": "train", "epoch": 6}
{"loss": 1.5582212209701538, "acc": 0.31708112359046936, "length": 2.7040820121765137, "mode": "test", "epoch": 6}
{"loss": 1.405521035194397, "acc": 0.3651358187198639, "length": 2.7069387435913086, "mode": "train", "epoch": 7}
{"loss": 1.4775912761688232, "acc": 0.33881404995918274, "length": 2.716576337814331, "mode": "test", "epoch": 7}
{"loss": 1.3715883493423462, "acc": 0.37909650802612305, "length": 2.716923236846924, "mode": "train", "epoch": 8}
{"loss": 1.4821295738220215, "acc": 0.3439827561378479, "length": 2.7277684211730957, "mode": "test", "epoch": 8}
{"loss": 1.3475533723831177, "acc": 0.39167049527168274, "length": 2.7188048362731934, "mode": "train", "epoch": 9}
{"loss": 1.494081735610962, "acc": 0.3510235548019409, "length": 2.7182857990264893, "mode": "test", "epoch": 9}
{"loss": 1.307438850402832, "acc": 0.4083746671676636, "length": 2.7212679386138916, "mode": "train", "epoch": 10}
{"loss": 1.407198190689087, "acc": 0.3704773783683777, "length": 2.729111671447754, "mode": "test", "epoch": 10}
{"loss": 1.1919236183166504, "acc": 0.4369945228099823, "length": 2.724418878555298, "mode": "train", "epoch": 11}
{"loss": 1.3148000240325928, "acc": 0.38891375064849854, "length": 2.725977897644043, "mode": "test", "epoch": 11}
{"loss": 1.1587804555892944, "acc": 0.4468327760696411, "length": 2.7338109016418457, "mode": "train", "epoch": 12}
{"loss": 1.3068145513534546, "acc": 0.3962394595146179, "length": 2.7433559894561768, "mode": "test", "epoch": 12}
{"loss": 1.1270984411239624, "acc": 0.45752251148223877, "length": 2.7394492626190186, "mode": "train", "epoch": 13}
{"loss": 1.306652307510376, "acc": 0.4010418653488159, "length": 2.7400593757629395, "mode": "test", "epoch": 13}
{"loss": 1.1076093912124634, "acc": 0.46781525015830994, "length": 2.7390153408050537, "mode": "train", "epoch": 14}
{"loss": 1.285608172416687, "acc": 0.41943755745887756, "length": 2.7431118488311768, "mode": "test", "epoch": 14}
{"loss": 1.0971390008926392, "acc": 0.47720426321029663, "length": 2.738358974456787, "mode": "train", "epoch": 15}
{"loss": 1.2740135192871094, "acc": 0.4225306212902069, "length": 2.7425827980041504, "mode": "test", "epoch": 15}
{"loss": 1.073504090309143, "acc": 0.4844692647457123, "length": 2.7388150691986084, "mode": "train", "epoch": 16}
{"loss": 1.2245603799819946, "acc": 0.4342110753059387, "length": 2.7434780597686768, "mode": "test", "epoch": 16}
{"loss": 1.068084955215454, "acc": 0.48490065336227417, "length": 2.7393548488616943, "mode": "train", "epoch": 17}
{"loss": 1.2534502744674683, "acc": 0.43018192052841187, "length": 2.7416059970855713, "mode": "test", "epoch": 17}
{"loss": 1.0605359077453613, "acc": 0.48799437284469604, "length": 2.738370180130005, "mode": "train", "epoch": 18}
{"loss": 1.2276456356048584, "acc": 0.43539130687713623, "length": 2.7386350631713867, "mode": "test", "epoch": 18}
{"loss": 1.0456862449645996, "acc": 0.49580705165863037, "length": 2.7432050704956055, "mode": "train", "epoch": 19}
{"loss": 1.2277673482894897, "acc": 0.4371820390224457, "length": 2.749664306640625, "mode": "test", "epoch": 19}
{"loss": 1.0386158227920532, "acc": 0.5024404525756836, "length": 2.7553627490997314, "mode": "train", "epoch": 20}
{"loss": 1.2174607515335083, "acc": 0.4441007673740387, "length": 2.7541003227233887, "mode": "test", "epoch": 20}
{"loss": 1.023248553276062, "acc": 0.509726881980896, "length": 2.7615692615509033, "mode": "train", "epoch": 21}
{"loss": 1.1565101146697998, "acc": 0.4633511006832123, "length": 2.7673680782318115, "mode": "test", "epoch": 21}
{"loss": 1.0086802244186401, "acc": 0.5150450468063354, "length": 2.7633414268493652, "mode": "train", "epoch": 22}
{"loss": 1.1113373041152954, "acc": 0.46396157145500183, "length": 2.767530918121338, "mode": "test", "epoch": 22}
{"loss": 0.9945048093795776, "acc": 0.5192602276802063, "length": 2.766367197036743, "mode": "train", "epoch": 23}
{"loss": 1.105953574180603, "acc": 0.46961864829063416, "length": 2.765740156173706, "mode": "test", "epoch": 23}
{"loss": 0.9948050379753113, "acc": 0.5222150087356567, "length": 2.7722034454345703, "mode": "train", "epoch": 24}
{"loss": 1.0831100940704346, "acc": 0.4777583181858063, "length": 2.7762808799743652, "mode": "test", "epoch": 24}
{"loss": 0.9834500551223755, "acc": 0.5249963402748108, "length": 2.7744762897491455, "mode": "train", "epoch": 25}
{"loss": 1.0806821584701538, "acc": 0.48292702436447144, "length": 2.774205446243286, "mode": "test", "epoch": 25}
{"loss": 0.9748808741569519, "acc": 0.5289335250854492, "length": 2.776746988296509, "mode": "train", "epoch": 26}
{"loss": 1.0967700481414795, "acc": 0.4728338420391083, "length": 2.783403158187866, "mode": "test", "epoch": 26}
{"loss": 0.9743708372116089, "acc": 0.528312623500824, "length": 2.782637119293213, "mode": "train", "epoch": 27}
{"loss": 1.0810186862945557, "acc": 0.490619033575058, "length": 2.788938283920288, "mode": "test", "epoch": 27}
{"loss": 0.9671287536621094, "acc": 0.5321999192237854, "length": 2.7841155529022217, "mode": "train", "epoch": 28}
{"loss": 1.059365153312683, "acc": 0.4896015524864197, "length": 2.789874315261841, "mode": "test", "epoch": 28}
{"loss": 0.9649794101715088, "acc": 0.534490704536438, "length": 2.7855820655822754, "mode": "train", "epoch": 29}
{"loss": 1.1082003116607666, "acc": 0.47906067967414856, "length": 2.7836880683898926, "mode": "test", "epoch": 29}
{"loss": 0.9654659628868103, "acc": 0.5362483263015747, "length": 2.786121368408203, "mode": "train", "epoch": 30}
{"loss": 1.064098596572876, "acc": 0.4963167905807495, "length": 2.7882869243621826, "mode": "test", "epoch": 30}
{"loss": 0.9532411694526672, "acc": 0.538788378238678, "length": 2.78723406791687, "mode": "train", "epoch": 31}
{"loss": 1.0374715328216553, "acc": 0.4964796006679535, "length": 2.793048620223999, "mode": "test", "epoch": 31}
{"loss": 0.9559071660041809, "acc": 0.5378907918930054, "length": 2.7904715538024902, "mode": "train", "epoch": 32}
{"loss": 1.042358636856079, "acc": 0.4978633224964142, "length": 2.7923567295074463, "mode": "test", "epoch": 32}
{"loss": 0.9461960196495056, "acc": 0.5452646017074585, "length": 2.7889404296875, "mode": "train", "epoch": 33}
{"loss": 1.0300633907318115, "acc": 0.5030727386474609, "length": 2.795083522796631, "mode": "test", "epoch": 33}
{"loss": 0.9491074085235596, "acc": 0.5455791354179382, "length": 2.7973482608795166, "mode": "train", "epoch": 34}
{"loss": 1.0230940580368042, "acc": 0.5067355632781982, "length": 2.8061130046844482, "mode": "test", "epoch": 34}
{"loss": 0.9390900731086731, "acc": 0.5477650165557861, "length": 2.806091785430908, "mode": "train", "epoch": 35}
{"loss": 1.033177137374878, "acc": 0.5025843381881714, "length": 2.8068861961364746, "mode": "test", "epoch": 35}
{"loss": 0.9392133355140686, "acc": 0.5487540364265442, "length": 2.8096046447753906, "mode": "train", "epoch": 36}
{"loss": 1.0203630924224854, "acc": 0.5109682083129883, "length": 2.82170033454895, "mode": "test", "epoch": 36}
{"loss": 0.9235156178474426, "acc": 0.5541797876358032, "length": 2.8316283226013184, "mode": "train", "epoch": 37}
{"loss": 0.9540979266166687, "acc": 0.5338000059127808, "length": 2.863619804382324, "mode": "test", "epoch": 37}
{"loss": 0.9109511971473694, "acc": 0.5601434111595154, "length": 2.8655989170074463, "mode": "train", "epoch": 38}
{"loss": 0.9608466625213623, "acc": 0.5296080708503723, "length": 2.8734686374664307, "mode": "test", "epoch": 38}
{"loss": 0.9050521850585938, "acc": 0.5602007508277893, "length": 2.8869681358337402, "mode": "train", "epoch": 39}
{"loss": 0.9348778128623962, "acc": 0.537910521030426, "length": 2.9009809494018555, "mode": "test", "epoch": 39}
{"loss": 0.8911165595054626, "acc": 0.5680973529815674, "length": 2.9007766246795654, "mode": "train", "epoch": 40}
{"loss": 0.9226881861686707, "acc": 0.540922224521637, "length": 2.925562620162964, "mode": "test", "epoch": 40}
{"loss": 0.8874295353889465, "acc": 0.5705795884132385, "length": 2.905996084213257, "mode": "train", "epoch": 41}
{"loss": 0.929806649684906, "acc": 0.5403117537498474, "length": 2.911318302154541, "mode": "test", "epoch": 41}
{"loss": 0.8820581436157227, "acc": 0.5703755021095276, "length": 2.9070849418640137, "mode": "train", "epoch": 42}
{"loss": 0.9356875419616699, "acc": 0.5439745783805847, "length": 2.907696008682251, "mode": "test", "epoch": 42}
{"loss": 0.8820838928222656, "acc": 0.5707527995109558, "length": 2.9057297706604004, "mode": "train", "epoch": 43}
{"loss": 0.9203062057495117, "acc": 0.5415326952934265, "length": 2.9068820476531982, "mode": "test", "epoch": 43}
{"loss": 0.8770912289619446, "acc": 0.5742704272270203, "length": 2.9129583835601807, "mode": "train", "epoch": 44}
{"loss": 0.9752968549728394, "acc": 0.5402303338050842, "length": 2.894021511077881, "mode": "test", "epoch": 44}
{"loss": 0.8775363564491272, "acc": 0.5755396485328674, "length": 2.912682294845581, "mode": "train", "epoch": 45}
{"loss": 0.9123243689537048, "acc": 0.5451955795288086, "length": 2.9190101623535156, "mode": "test", "epoch": 45}
{"loss": 0.8698777556419373, "acc": 0.5766129493713379, "length": 2.921998977661133, "mode": "train", "epoch": 46}
{"loss": 0.9042882919311523, "acc": 0.5480444431304932, "length": 2.918806791305542, "mode": "test", "epoch": 46}
{"loss": 0.867923378944397, "acc": 0.5788030028343201, "length": 2.921874761581421, "mode": "train", "epoch": 47}
{"loss": 0.8977025747299194, "acc": 0.5520328879356384, "length": 2.9154694080352783, "mode": "test", "epoch": 47}
{"loss": 0.8582940697669983, "acc": 0.5820022821426392, "length": 2.9262683391571045, "mode": "train", "epoch": 48}
{"loss": 0.8919029235839844, "acc": 0.5523991584777832, "length": 2.928696393966675, "mode": "test", "epoch": 48}
{"loss": 0.8649091720581055, "acc": 0.5828375220298767, "length": 2.9291343688964844, "mode": "train", "epoch": 49}
{"loss": 0.8968061804771423, "acc": 0.5555329322814941, "length": 2.927760362625122, "mode": "test", "epoch": 49}
{"loss": 0.8565880656242371, "acc": 0.5835427641868591, "length": 2.9320051670074463, "mode": "train", "epoch": 50}
{"loss": 0.8999919891357422, "acc": 0.5506491661071777, "length": 2.915062427520752, "mode": "test", "epoch": 50}
{"loss": 0.8637838959693909, "acc": 0.5869978070259094, "length": 2.938586473464966, "mode": "train", "epoch": 51}
{"loss": 0.8800713419914246, "acc": 0.5577713847160339, "length": 2.9404990673065186, "mode": "test", "epoch": 51}
{"loss": 0.8537960052490234, "acc": 0.588415801525116, "length": 2.9454305171966553, "mode": "train", "epoch": 52}
{"loss": 0.8801936507225037, "acc": 0.5628586411476135, "length": 2.942737340927124, "mode": "test", "epoch": 52}
{"loss": 0.8528262972831726, "acc": 0.5909681916236877, "length": 2.9524664878845215, "mode": "train", "epoch": 53}
{"loss": 0.8783779144287109, "acc": 0.564242422580719, "length": 2.9546620845794678, "mode": "test", "epoch": 53}
{"loss": 0.8426302075386047, "acc": 0.5941548943519592, "length": 2.9614014625549316, "mode": "train", "epoch": 54}
{"loss": 0.8606479167938232, "acc": 0.5689226984977722, "length": 2.963289976119995, "mode": "test", "epoch": 54}
{"loss": 0.8252051472663879, "acc": 0.5998411774635315, "length": 2.968973398208618, "mode": "train", "epoch": 55}
{"loss": 0.8604369163513184, "acc": 0.5694518089294434, "length": 2.9891741275787354, "mode": "test", "epoch": 55}
{"loss": 0.8233674168586731, "acc": 0.6017664074897766, "length": 2.982240915298462, "mode": "train", "epoch": 56}
{"loss": 0.8702818155288696, "acc": 0.5693296790122986, "length": 2.983435869216919, "mode": "test", "epoch": 56}
{"loss": 0.8353387713432312, "acc": 0.5984119176864624, "length": 2.9920918941497803, "mode": "train", "epoch": 57}
{"loss": 0.862937331199646, "acc": 0.5716087818145752, "length": 2.9937732219696045, "mode": "test", "epoch": 57}
{"loss": 0.825768768787384, "acc": 0.605247974395752, "length": 3.0008251667022705, "mode": "train", "epoch": 58}
{"loss": 0.8521396517753601, "acc": 0.5737658143043518, "length": 3.001831531524658, "mode": "test", "epoch": 58}
{"loss": 0.8193337321281433, "acc": 0.6033051013946533, "length": 2.9951272010803223, "mode": "train", "epoch": 59}
{"loss": 0.8533293008804321, "acc": 0.573847234249115, "length": 2.9925928115844727, "mode": "test", "epoch": 59}
{"loss": 0.8172871470451355, "acc": 0.6031808257102966, "length": 2.991849422454834, "mode": "train", "epoch": 60}
{"loss": 0.8547437191009521, "acc": 0.5731146335601807, "length": 2.990435838699341, "mode": "test", "epoch": 60}
test accuracy: 0.5163007974624634
