# ["--data_set_name=dim[16, 16, 16]_dist10-0_scale10_upsampleTrue_balancedFalse.ds", "--n_epochs=60", "--batch_size=64", "--learning_rate=0.0005", "--hidden_size=256", "--temperature=1.5", "--temp_update=0.99", "--length_cost=0.0", "--vocab_size_factor=3"]
data loaded from: ../zoo/intentional_game/data/dim[16, 16, 16]_dist10-0_scale10_upsampleTrue_balancedFalse.ds

opts
 Namespace(batch_size=64, checkpoint_dir=None, checkpoint_freq=0, cuda=True, data_set_name='dim[16, 16, 16]_dist10-0_scale10_upsampleTrue_balancedFalse.ds', device=device(type='cuda'), distributed_context=DistributedContext(is_distributed=False, rank=0, local_rank=0, world_size=1, mode='none'), distributed_port=18363, fp16=False, hidden_size=256, learning_rate=0.0005, length_cost=0.0, load_from_checkpoint=None, lr=0.01, max_len=1, mode='gs', n_epochs=60, no_cuda=False, optimizer='adam', preemptable=False, random_seed=1652105417, receiver_cell='gru', save_interaction_freq=0, sender_cell='gru', temp_update=0.99, temperature=1.5, tensorboard=False, tensorboard_dir='runs/', update_freq=1, validation_freq=1, vocab_size=10, vocab_size_factor=3)
{"loss": 2.2144217491149902, "acc": 0.11122427880764008, "length": 2.366530656814575, "mode": "train", "epoch": 1}
{"loss": 2.017256259918213, "acc": 0.15204916894435883, "length": 2.7535712718963623, "mode": "test", "epoch": 1}
{"loss": 1.9586832523345947, "acc": 0.17805102467536926, "length": 2.757363796234131, "mode": "train", "epoch": 2}
{"loss": 1.9636061191558838, "acc": 0.1844450831413269, "length": 2.7535712718963623, "mode": "test", "epoch": 2}
{"loss": 1.8921138048171997, "acc": 0.20495548844337463, "length": 2.7576565742492676, "mode": "train", "epoch": 3}
{"loss": 1.8648319244384766, "acc": 0.2118350863456726, "length": 2.7535712718963623, "mode": "test", "epoch": 3}
{"loss": 1.7433582544326782, "acc": 0.24315185844898224, "length": 2.758247137069702, "mode": "train", "epoch": 4}
{"loss": 1.7104988098144531, "acc": 0.25664401054382324, "length": 2.7535712718963623, "mode": "test", "epoch": 4}
{"loss": 1.6067354679107666, "acc": 0.29377996921539307, "length": 2.7581465244293213, "mode": "train", "epoch": 5}
{"loss": 1.6297874450683594, "acc": 0.2893248200416565, "length": 2.7535712718963623, "mode": "test", "epoch": 5}
{"loss": 1.5168148279190063, "acc": 0.32321101427078247, "length": 2.7583513259887695, "mode": "train", "epoch": 6}
{"loss": 1.5939610004425049, "acc": 0.30076107382774353, "length": 2.753530502319336, "mode": "test", "epoch": 6}
{"loss": 1.4642189741134644, "acc": 0.34336501359939575, "length": 2.7583224773406982, "mode": "train", "epoch": 7}
{"loss": 1.519437313079834, "acc": 0.31960439682006836, "length": 2.7535712718963623, "mode": "test", "epoch": 7}
{"loss": 1.4191263914108276, "acc": 0.3628934919834137, "length": 2.7642483711242676, "mode": "train", "epoch": 8}
{"loss": 1.537325143814087, "acc": 0.32656383514404297, "length": 2.7653331756591797, "mode": "test", "epoch": 8}
{"loss": 1.3785773515701294, "acc": 0.385445237159729, "length": 2.782224178314209, "mode": "train", "epoch": 9}
{"loss": 1.5172995328903198, "acc": 0.3407268822193146, "length": 2.801839590072632, "mode": "test", "epoch": 9}
{"loss": 1.3276162147521973, "acc": 0.40687546133995056, "length": 2.823885917663574, "mode": "train", "epoch": 10}
{"loss": 1.483599066734314, "acc": 0.35647714138031006, "length": 2.832282066345215, "mode": "test", "epoch": 10}
{"loss": 1.2932847738265991, "acc": 0.4260690212249756, "length": 2.829277515411377, "mode": "train", "epoch": 11}
{"loss": 1.4523229598999023, "acc": 0.38378575444221497, "length": 2.8370842933654785, "mode": "test", "epoch": 11}
{"loss": 1.2229835987091064, "acc": 0.46184906363487244, "length": 2.8339767456054688, "mode": "train", "epoch": 12}
{"loss": 1.428153395652771, "acc": 0.39355337619781494, "length": 2.8430263996124268, "mode": "test", "epoch": 12}
{"loss": 1.1720997095108032, "acc": 0.478272020816803, "length": 2.8361406326293945, "mode": "train", "epoch": 13}
{"loss": 1.3821041584014893, "acc": 0.4108094871044159, "length": 2.8418867588043213, "mode": "test", "epoch": 13}
{"loss": 1.130767822265625, "acc": 0.49935874342918396, "length": 2.8359711170196533, "mode": "train", "epoch": 14}
{"loss": 1.2972337007522583, "acc": 0.4344959557056427, "length": 2.838834285736084, "mode": "test", "epoch": 14}
{"loss": 1.0800182819366455, "acc": 0.5192866921424866, "length": 2.8362255096435547, "mode": "train", "epoch": 15}
{"loss": 1.2426872253417969, "acc": 0.4537055790424347, "length": 2.8419275283813477, "mode": "test", "epoch": 15}
{"loss": 0.9843040108680725, "acc": 0.5462011098861694, "length": 2.8363451957702637, "mode": "train", "epoch": 16}
{"loss": 1.2250728607177734, "acc": 0.4654267132282257, "length": 2.840502977371216, "mode": "test", "epoch": 16}
{"loss": 0.9159658551216125, "acc": 0.5689871907234192, "length": 2.837475538253784, "mode": "train", "epoch": 17}
{"loss": 1.1986885070800781, "acc": 0.4844735562801361, "length": 2.840055465698242, "mode": "test", "epoch": 17}
{"loss": 0.8774560689926147, "acc": 0.5881167650222778, "length": 2.8378684520721436, "mode": "train", "epoch": 18}
{"loss": 1.1398195028305054, "acc": 0.5042122602462769, "length": 2.841357707977295, "mode": "test", "epoch": 18}
{"loss": 0.8007657527923584, "acc": 0.6147492527961731, "length": 2.8384625911712646, "mode": "train", "epoch": 19}
{"loss": 1.0340063571929932, "acc": 0.5214684009552002, "length": 2.8369622230529785, "mode": "test", "epoch": 19}
{"loss": 0.7602508664131165, "acc": 0.6306922435760498, "length": 2.838313102722168, "mode": "train", "epoch": 20}
{"loss": 1.065582275390625, "acc": 0.5244801044464111, "length": 2.841845989227295, "mode": "test", "epoch": 20}
{"loss": 0.724882185459137, "acc": 0.6491397023200989, "length": 2.8421549797058105, "mode": "train", "epoch": 21}
{"loss": 1.0404441356658936, "acc": 0.5373814702033997, "length": 2.8501484394073486, "mode": "test", "epoch": 21}
{"loss": 0.6905905604362488, "acc": 0.6644877791404724, "length": 2.8501343727111816, "mode": "train", "epoch": 22}
{"loss": 1.0302155017852783, "acc": 0.5497944951057434, "length": 2.8619511127471924, "mode": "test", "epoch": 22}
{"loss": 0.658699631690979, "acc": 0.6795212030410767, "length": 2.866990327835083, "mode": "train", "epoch": 23}
{"loss": 0.9949302077293396, "acc": 0.5672133564949036, "length": 2.872654676437378, "mode": "test", "epoch": 23}
{"loss": 0.6375935673713684, "acc": 0.687909722328186, "length": 2.8857362270355225, "mode": "train", "epoch": 24}
{"loss": 0.9668039679527283, "acc": 0.5750274658203125, "length": 2.8848235607147217, "mode": "test", "epoch": 24}
{"loss": 0.6164610981941223, "acc": 0.697655975818634, "length": 2.8869142532348633, "mode": "train", "epoch": 25}
{"loss": 0.9398874640464783, "acc": 0.5824345946311951, "length": 2.887998104095459, "mode": "test", "epoch": 25}
{"loss": 0.6057499051094055, "acc": 0.7041694521903992, "length": 2.8913235664367676, "mode": "train", "epoch": 26}
{"loss": 0.9747977256774902, "acc": 0.5865451097488403, "length": 2.8944284915924072, "mode": "test", "epoch": 26}
{"loss": 0.5894185900688171, "acc": 0.7130889892578125, "length": 2.892843008041382, "mode": "train", "epoch": 27}
{"loss": 0.9438632726669312, "acc": 0.5887428522109985, "length": 2.8877131938934326, "mode": "test", "epoch": 27}
{"loss": 0.5814952850341797, "acc": 0.7178128361701965, "length": 2.8934569358825684, "mode": "train", "epoch": 28}
{"loss": 0.9357337951660156, "acc": 0.5993651151657104, "length": 2.89585280418396, "mode": "test", "epoch": 28}
{"loss": 0.5820322632789612, "acc": 0.7194017171859741, "length": 2.9006409645080566, "mode": "train", "epoch": 29}
{"loss": 0.9229248762130737, "acc": 0.6009930372238159, "length": 2.900940179824829, "mode": "test", "epoch": 29}
{"loss": 0.5612927079200745, "acc": 0.7258879542350769, "length": 2.905540704727173, "mode": "train", "epoch": 30}
{"loss": 0.8631155490875244, "acc": 0.6132025718688965, "length": 2.9057018756866455, "mode": "test", "epoch": 30}
{"loss": 0.552131175994873, "acc": 0.7310976386070251, "length": 2.9185376167297363, "mode": "train", "epoch": 31}
{"loss": 0.840955376625061, "acc": 0.6242318153381348, "length": 2.944894313812256, "mode": "test", "epoch": 31}
{"loss": 0.5379219055175781, "acc": 0.7361561059951782, "length": 2.9370579719543457, "mode": "train", "epoch": 32}
{"loss": 0.8673787117004395, "acc": 0.6234585642814636, "length": 2.9453012943267822, "mode": "test", "epoch": 32}
{"loss": 0.5355384349822998, "acc": 0.7374227643013, "length": 2.9508605003356934, "mode": "train", "epoch": 33}
{"loss": 0.8144389986991882, "acc": 0.635586678981781, "length": 2.9726507663726807, "mode": "test", "epoch": 33}
{"loss": 0.5189763903617859, "acc": 0.7448808550834656, "length": 2.9686086177825928, "mode": "train", "epoch": 34}
{"loss": 0.8117140531539917, "acc": 0.638150691986084, "length": 2.980302095413208, "mode": "test", "epoch": 34}
{"loss": 0.5052560567855835, "acc": 0.7498644590377808, "length": 2.979764223098755, "mode": "train", "epoch": 35}
{"loss": 0.7924260497093201, "acc": 0.649993896484375, "length": 2.989825487136841, "mode": "test", "epoch": 35}
{"loss": 0.4924543797969818, "acc": 0.7539050579071045, "length": 2.9813294410705566, "mode": "train", "epoch": 36}
{"loss": 0.7583127021789551, "acc": 0.6578080058097839, "length": 3.0234014987945557, "mode": "test", "epoch": 36}
{"loss": 0.4833213984966278, "acc": 0.760238766670227, "length": 3.007763147354126, "mode": "train", "epoch": 37}
{"loss": 0.7292627692222595, "acc": 0.6595579981803894, "length": 3.0191688537597656, "mode": "test", "epoch": 37}
{"loss": 0.47122880816459656, "acc": 0.7660911083221436, "length": 3.0158185958862305, "mode": "train", "epoch": 38}
{"loss": 0.7354328036308289, "acc": 0.6649302244186401, "length": 3.024866819381714, "mode": "test", "epoch": 38}
{"loss": 0.46576377749443054, "acc": 0.7692341208457947, "length": 3.025104284286499, "mode": "train", "epoch": 39}
{"loss": 0.7308371067047119, "acc": 0.6672906875610352, "length": 3.0304017066955566, "mode": "test", "epoch": 39}
{"loss": 0.4604281783103943, "acc": 0.7722978591918945, "length": 3.032132625579834, "mode": "train", "epoch": 40}
{"loss": 0.7326971888542175, "acc": 0.6664767265319824, "length": 3.0386228561401367, "mode": "test", "epoch": 40}
{"loss": 0.45200300216674805, "acc": 0.777855634689331, "length": 3.0374491214752197, "mode": "train", "epoch": 41}
{"loss": 0.69757080078125, "acc": 0.6784013509750366, "length": 3.0459485054016113, "mode": "test", "epoch": 41}
{"loss": 0.4433813691139221, "acc": 0.7819234728813171, "length": 3.0409915447235107, "mode": "train", "epoch": 42}
{"loss": 0.7106443643569946, "acc": 0.6816165447235107, "length": 3.0512800216674805, "mode": "test", "epoch": 42}
{"loss": 0.4353240728378296, "acc": 0.7850852012634277, "length": 3.0596890449523926, "mode": "train", "epoch": 43}
{"loss": 0.7143284678459167, "acc": 0.6819014549255371, "length": 3.0846118927001953, "mode": "test", "epoch": 43}
{"loss": 0.4248169958591461, "acc": 0.7908770442008972, "length": 3.0852317810058594, "mode": "train", "epoch": 44}
{"loss": 0.6408501863479614, "acc": 0.6996459364891052, "length": 3.098937749862671, "mode": "test", "epoch": 44}
{"loss": 0.4125235974788666, "acc": 0.7968757152557373, "length": 3.0980777740478516, "mode": "train", "epoch": 45}
{"loss": 0.6301001906394958, "acc": 0.7064832448959351, "length": 3.0991005897521973, "mode": "test", "epoch": 45}
{"loss": 0.40961432456970215, "acc": 0.796978235244751, "length": 3.1141257286071777, "mode": "train", "epoch": 46}
{"loss": 0.6305065751075745, "acc": 0.7125880122184753, "length": 3.1299092769622803, "mode": "test", "epoch": 46}
{"loss": 0.4036753475666046, "acc": 0.8009507656097412, "length": 3.1434335708618164, "mode": "train", "epoch": 47}
{"loss": 0.6121060848236084, "acc": 0.7122624516487122, "length": 3.162508726119995, "mode": "test", "epoch": 47}
{"loss": 0.4039527475833893, "acc": 0.8022472858428955, "length": 3.152376651763916, "mode": "train", "epoch": 48}
{"loss": 0.5877490639686584, "acc": 0.7239428758621216, "length": 3.168654203414917, "mode": "test", "epoch": 48}
{"loss": 0.39577269554138184, "acc": 0.8047972917556763, "length": 3.168247699737549, "mode": "train", "epoch": 49}
{"loss": 0.6107843518257141, "acc": 0.7205649018287659, "length": 3.1780147552490234, "mode": "test", "epoch": 49}
{"loss": 0.38845714926719666, "acc": 0.8080271482467651, "length": 3.1752262115478516, "mode": "train", "epoch": 50}
{"loss": 0.5798956155776978, "acc": 0.7307394742965698, "length": 3.1887998580932617, "mode": "test", "epoch": 50}
{"loss": 0.38433539867401123, "acc": 0.810585618019104, "length": 3.2031633853912354, "mode": "train", "epoch": 51}
{"loss": 0.5726988315582275, "acc": 0.735501229763031, "length": 3.209230422973633, "mode": "test", "epoch": 51}
{"loss": 0.38069263100624084, "acc": 0.8137324452400208, "length": 3.2073872089385986, "mode": "train", "epoch": 52}
{"loss": 0.5387829542160034, "acc": 0.745106041431427, "length": 3.2178585529327393, "mode": "test", "epoch": 52}
{"loss": 0.3741389513015747, "acc": 0.8159120678901672, "length": 3.219468355178833, "mode": "train", "epoch": 53}
{"loss": 0.5381219387054443, "acc": 0.7445769309997559, "length": 3.2375972270965576, "mode": "test", "epoch": 53}
{"loss": 0.3669210970401764, "acc": 0.8188236355781555, "length": 3.223066806793213, "mode": "train", "epoch": 54}
{"loss": 0.527946412563324, "acc": 0.7517398595809937, "length": 3.228969097137451, "mode": "test", "epoch": 54}
{"loss": 0.36190980672836304, "acc": 0.8215746283531189, "length": 3.2414300441741943, "mode": "train", "epoch": 55}
{"loss": 0.5082289576530457, "acc": 0.7590248584747314, "length": 3.2474868297576904, "mode": "test", "epoch": 55}
{"loss": 0.35439586639404297, "acc": 0.8236590027809143, "length": 3.2421786785125732, "mode": "train", "epoch": 56}
{"loss": 0.5095022320747375, "acc": 0.7565015554428101, "length": 3.2433762550354004, "mode": "test", "epoch": 56}
{"loss": 0.3532440960407257, "acc": 0.8255988359451294, "length": 3.2508597373962402, "mode": "train", "epoch": 57}
{"loss": 0.5024735331535339, "acc": 0.7624435424804688, "length": 3.261568546295166, "mode": "test", "epoch": 57}
{"loss": 0.3487967550754547, "acc": 0.8279812335968018, "length": 3.2685670852661133, "mode": "train", "epoch": 58}
{"loss": 0.5005354881286621, "acc": 0.759635329246521, "length": 3.271376848220825, "mode": "test", "epoch": 58}
{"loss": 0.3470539450645447, "acc": 0.8314898014068604, "length": 3.2830002307891846, "mode": "train", "epoch": 59}
{"loss": 0.5186342000961304, "acc": 0.7633795738220215, "length": 3.295022487640381, "mode": "test", "epoch": 59}
{"loss": 0.3411772549152374, "acc": 0.8348913788795471, "length": 3.285407781600952, "mode": "train", "epoch": 60}
{"loss": 0.4749133586883545, "acc": 0.7767286896705627, "length": 3.2986040115356445, "mode": "test", "epoch": 60}
test accuracy: 0.7357317209243774
