# ["--data_set_name=dim[4, 4, 4]_dist10-0_scale10_upsampleTrue_balancedFalse.ds", "--n_epochs=60", "--batch_size=32", "--learning_rate=0.001", "--hidden_size=256", "--temperature=1.5", "--temp_update=0.97", "--length_cost=0.0", "--vocab_size_factor=3"]
data loaded from: ../zoo/intentional_game/data/dim[4, 4, 4]_dist10-0_scale10_upsampleTrue_balancedFalse.ds

opts
 Namespace(batch_size=32, checkpoint_dir=None, checkpoint_freq=0, cuda=True, data_set_name='dim[4, 4, 4]_dist10-0_scale10_upsampleTrue_balancedFalse.ds', device=device(type='cuda'), distributed_context=DistributedContext(is_distributed=False, rank=0, local_rank=0, world_size=1, mode='none'), distributed_port=18363, fp16=False, hidden_size=256, learning_rate=0.001, length_cost=0.0, load_from_checkpoint=None, lr=0.01, max_len=1, mode='gs', n_epochs=60, no_cuda=False, optimizer='adam', preemptable=False, random_seed=1635017848, receiver_cell='gru', save_interaction_freq=0, sender_cell='gru', temp_update=0.97, temperature=1.5, tensorboard=False, tensorboard_dir='runs/', update_freq=1, validation_freq=1, vocab_size=10, vocab_size_factor=3)
{"loss": 2.4293699264526367, "acc": 0.07989118993282318, "length": 1.6288514137268066, "mode": "train", "epoch": 1}
{"loss": 2.4074268341064453, "acc": 0.09138381481170654, "length": 1.0, "mode": "test", "epoch": 1}
{"loss": 2.4045798778533936, "acc": 0.08021186292171478, "length": 1.001692295074463, "mode": "train", "epoch": 2}
{"loss": 2.3990283012390137, "acc": 0.08877284824848175, "length": 1.0, "mode": "test", "epoch": 2}
{"loss": 2.405991554260254, "acc": 0.08108125627040863, "length": 1.0009558200836182, "mode": "train", "epoch": 3}
{"loss": 2.412346363067627, "acc": 0.09660574048757553, "length": 1.0, "mode": "test", "epoch": 3}
{"loss": 2.408132314682007, "acc": 0.08455260843038559, "length": 1.000717043876648, "mode": "train", "epoch": 4}
{"loss": 2.399500608444214, "acc": 0.10182767361402512, "length": 1.0, "mode": "test", "epoch": 4}
{"loss": 2.4082186222076416, "acc": 0.08195165544748306, "length": 1.0005871057510376, "mode": "train", "epoch": 5}
{"loss": 2.408189296722412, "acc": 0.07832898199558258, "length": 1.0, "mode": "test", "epoch": 5}
{"loss": 2.403703451156616, "acc": 0.09154211729764938, "length": 1.0004072189331055, "mode": "train", "epoch": 6}
{"loss": 2.398071527481079, "acc": 0.09399478137493134, "length": 1.0, "mode": "test", "epoch": 6}
{"loss": 2.402076005935669, "acc": 0.07759345322847366, "length": 1.0002641677856445, "mode": "train", "epoch": 7}
{"loss": 2.3966338634490967, "acc": 0.10182767361402512, "length": 1.0, "mode": "test", "epoch": 7}
{"loss": 2.4008607864379883, "acc": 0.08892588317394257, "length": 1.0002455711364746, "mode": "train", "epoch": 8}
{"loss": 2.3967108726501465, "acc": 0.09660574048757553, "length": 1.0, "mode": "test", "epoch": 8}
{"loss": 2.404168128967285, "acc": 0.07585090398788452, "length": 1.0001451969146729, "mode": "train", "epoch": 9}
{"loss": 2.393064498901367, "acc": 0.09138381481170654, "length": 1.0, "mode": "test", "epoch": 9}
{"loss": 2.3995583057403564, "acc": 0.0897994339466095, "length": 1.0001569986343384, "mode": "train", "epoch": 10}
{"loss": 2.3953630924224854, "acc": 0.1096605733036995, "length": 1.0, "mode": "test", "epoch": 10}
{"loss": 2.398815870285034, "acc": 0.08979884535074234, "length": 1.0001436471939087, "mode": "train", "epoch": 11}
{"loss": 2.3977980613708496, "acc": 0.10182767361402512, "length": 1.0, "mode": "test", "epoch": 11}
{"loss": 2.397786855697632, "acc": 0.08456842601299286, "length": 1.0000852346420288, "mode": "train", "epoch": 12}
{"loss": 2.394624710083008, "acc": 0.10182767361402512, "length": 1.0, "mode": "test", "epoch": 12}
{"loss": 2.399507761001587, "acc": 0.09415899217128754, "length": 1.0000756978988647, "mode": "train", "epoch": 13}
{"loss": 2.3924014568328857, "acc": 0.1096605733036995, "length": 1.0, "mode": "test", "epoch": 13}
{"loss": 2.398662805557251, "acc": 0.07410629838705063, "length": 1.0000553131103516, "mode": "train", "epoch": 14}
{"loss": 2.396602153778076, "acc": 0.11749347299337387, "length": 1.0, "mode": "test", "epoch": 14}
{"loss": 2.397050619125366, "acc": 0.0810810774564743, "length": 1.0000863075256348, "mode": "train", "epoch": 15}
{"loss": 2.3949544429779053, "acc": 0.09660574048757553, "length": 1.0, "mode": "test", "epoch": 15}
{"loss": 2.3982174396514893, "acc": 0.09503044188022614, "length": 1.0000381469726562, "mode": "train", "epoch": 16}
{"loss": 2.3923914432525635, "acc": 0.1070496067404747, "length": 1.0, "mode": "test", "epoch": 16}
{"loss": 2.3966550827026367, "acc": 0.09328658133745193, "length": 1.0000405311584473, "mode": "train", "epoch": 17}
{"loss": 2.393043279647827, "acc": 0.1070496067404747, "length": 1.0, "mode": "test", "epoch": 17}
{"loss": 2.3967044353485107, "acc": 0.10026127845048904, "length": 1.0000278949737549, "mode": "train", "epoch": 18}
{"loss": 2.397846221923828, "acc": 0.11227153986692429, "length": 1.0, "mode": "test", "epoch": 18}
{"loss": 2.391984224319458, "acc": 0.08369658887386322, "length": 1.0000234842300415, "mode": "train", "epoch": 19}
{"loss": 2.391812562942505, "acc": 0.1070496067404747, "length": 1.0, "mode": "test", "epoch": 19}
{"loss": 2.3954670429229736, "acc": 0.08892765641212463, "length": 1.0000156164169312, "mode": "train", "epoch": 20}
{"loss": 2.396129608154297, "acc": 0.12271540611982346, "length": 1.0, "mode": "test", "epoch": 20}
{"loss": 2.395761251449585, "acc": 0.09590229392051697, "length": 1.0000073909759521, "mode": "train", "epoch": 21}
{"loss": 2.3967385292053223, "acc": 0.09399478137493134, "length": 1.0, "mode": "test", "epoch": 21}
{"loss": 2.3926339149475098, "acc": 0.10985178500413895, "length": 1.000034213066101, "mode": "train", "epoch": 22}
{"loss": 2.3920531272888184, "acc": 0.11749347299337387, "length": 1.0, "mode": "test", "epoch": 22}
{"loss": 2.3933749198913574, "acc": 0.0880557969212532, "length": 1.0000020265579224, "mode": "train", "epoch": 23}
{"loss": 2.3927736282348633, "acc": 0.1070496067404747, "length": 1.0, "mode": "test", "epoch": 23}
{"loss": 2.3944361209869385, "acc": 0.09503050893545151, "length": 1.0000042915344238, "mode": "train", "epoch": 24}
{"loss": 2.39025616645813, "acc": 0.12010443955659866, "length": 1.0, "mode": "test", "epoch": 24}
{"loss": 2.3924174308776855, "acc": 0.08282475918531418, "length": 1.000003695487976, "mode": "train", "epoch": 25}
{"loss": 2.390289783477783, "acc": 0.1096605733036995, "length": 1.0, "mode": "test", "epoch": 25}
{"loss": 2.3898751735687256, "acc": 0.10200522840023041, "length": 1.0000016689300537, "mode": "train", "epoch": 26}
{"loss": 2.3919007778167725, "acc": 0.11488250643014908, "length": 1.0, "mode": "test", "epoch": 26}
{"loss": 2.3912291526794434, "acc": 0.10374888777732849, "length": 1.0000096559524536, "mode": "train", "epoch": 27}
{"loss": 2.3910348415374756, "acc": 0.1070496067404747, "length": 1.0, "mode": "test", "epoch": 27}
{"loss": 2.391152858734131, "acc": 0.1063644289970398, "length": 1.0000004768371582, "mode": "train", "epoch": 28}
{"loss": 2.3929924964904785, "acc": 0.1096605733036995, "length": 1.0, "mode": "test", "epoch": 28}
{"loss": 2.391288995742798, "acc": 0.09590235352516174, "length": 1.0000004768371582, "mode": "train", "epoch": 29}
{"loss": 2.3955307006835938, "acc": 0.11488250643014908, "length": 1.0, "mode": "test", "epoch": 29}
{"loss": 2.389136791229248, "acc": 0.08631211519241333, "length": 1.0000001192092896, "mode": "train", "epoch": 30}
{"loss": 2.3947339057922363, "acc": 0.12010443955659866, "length": 1.0, "mode": "test", "epoch": 30}
{"loss": 2.3905646800994873, "acc": 0.10026155412197113, "length": 1.000000238418579, "mode": "train", "epoch": 31}
{"loss": 2.3909482955932617, "acc": 0.12010443955659866, "length": 1.0, "mode": "test", "epoch": 31}
{"loss": 2.389247179031372, "acc": 0.10810811072587967, "length": 1.0000004768371582, "mode": "train", "epoch": 32}
{"loss": 2.3966445922851562, "acc": 0.12793733179569244, "length": 1.0, "mode": "test", "epoch": 32}
{"loss": 2.389089345932007, "acc": 0.11072362959384918, "length": 1.0, "mode": "train", "epoch": 33}
{"loss": 2.3917763233184814, "acc": 0.11488250643014908, "length": 1.0, "mode": "test", "epoch": 33}
{"loss": 2.3868567943573, "acc": 0.09503044933080673, "length": 1.000000238418579, "mode": "train", "epoch": 34}
{"loss": 2.3966212272644043, "acc": 0.08877284824848175, "length": 1.0, "mode": "test", "epoch": 34}
{"loss": 2.388566255569458, "acc": 0.10374891012907028, "length": 1.0, "mode": "train", "epoch": 35}
{"loss": 2.391653537750244, "acc": 0.12271540611982346, "length": 1.0, "mode": "test", "epoch": 35}
{"loss": 2.387970209121704, "acc": 0.11159546673297882, "length": 1.0, "mode": "train", "epoch": 36}
{"loss": 2.3954555988311768, "acc": 0.12271540611982346, "length": 1.0, "mode": "test", "epoch": 36}
{"loss": 2.3872435092926025, "acc": 0.11508282274007797, "length": 1.0000025033950806, "mode": "train", "epoch": 37}
{"loss": 2.392078399658203, "acc": 0.12271540611982346, "length": 1.0, "mode": "test", "epoch": 37}
{"loss": 2.3852078914642334, "acc": 0.10374891012907028, "length": 1.0, "mode": "train", "epoch": 38}
{"loss": 2.3941874504089355, "acc": 0.12271540611982346, "length": 1.0, "mode": "test", "epoch": 38}
{"loss": 2.3841185569763184, "acc": 0.10374891012907028, "length": 1.0, "mode": "train", "epoch": 39}
{"loss": 2.3959765434265137, "acc": 0.12793733179569244, "length": 1.0, "mode": "test", "epoch": 39}
{"loss": 2.385667562484741, "acc": 0.11246730387210846, "length": 1.0, "mode": "train", "epoch": 40}
{"loss": 2.393211603164673, "acc": 0.12010443955659866, "length": 1.0, "mode": "test", "epoch": 40}
{"loss": 2.3860464096069336, "acc": 0.12205754220485687, "length": 1.0000001192092896, "mode": "train", "epoch": 41}
{"loss": 2.3988969326019287, "acc": 0.1070496067404747, "length": 1.0, "mode": "test", "epoch": 41}
{"loss": 2.3865389823913574, "acc": 0.10462074726819992, "length": 1.0, "mode": "train", "epoch": 42}
{"loss": 2.3938913345336914, "acc": 0.11227153986692429, "length": 1.0, "mode": "test", "epoch": 42}
{"loss": 2.3904757499694824, "acc": 0.09328683465719223, "length": 1.0, "mode": "train", "epoch": 43}
{"loss": 2.394824266433716, "acc": 0.12532636523246765, "length": 1.0, "mode": "test", "epoch": 43}
{"loss": 2.3855412006378174, "acc": 0.10897994786500931, "length": 1.0, "mode": "train", "epoch": 44}
{"loss": 2.393967390060425, "acc": 0.12793733179569244, "length": 1.0, "mode": "test", "epoch": 44}
{"loss": 2.383913993835449, "acc": 0.1063644289970398, "length": 1.0, "mode": "train", "epoch": 45}
{"loss": 2.394134998321533, "acc": 0.12271540611982346, "length": 1.0, "mode": "test", "epoch": 45}
{"loss": 2.38612699508667, "acc": 0.10897994786500931, "length": 1.0, "mode": "train", "epoch": 46}
{"loss": 2.3956031799316406, "acc": 0.1096605733036995, "length": 1.0, "mode": "test", "epoch": 46}
{"loss": 2.382791519165039, "acc": 0.12467306107282639, "length": 1.000000238418579, "mode": "train", "epoch": 47}
{"loss": 2.3941197395324707, "acc": 0.12010443955659866, "length": 1.0, "mode": "test", "epoch": 47}
{"loss": 2.383084297180176, "acc": 0.11159546673297882, "length": 1.0000061988830566, "mode": "train", "epoch": 48}
{"loss": 2.3936543464660645, "acc": 0.1070496067404747, "length": 1.0, "mode": "test", "epoch": 48}
{"loss": 2.382960081100464, "acc": 0.12554490566253662, "length": 1.0, "mode": "train", "epoch": 49}
{"loss": 2.3939998149871826, "acc": 0.1070496067404747, "length": 1.0, "mode": "test", "epoch": 49}
{"loss": 2.383549451828003, "acc": 0.11072362959384918, "length": 1.0, "mode": "train", "epoch": 50}
{"loss": 2.3949086666107178, "acc": 0.11488250643014908, "length": 1.0, "mode": "test", "epoch": 50}
{"loss": 2.382551431655884, "acc": 0.11159546673297882, "length": 1.0, "mode": "train", "epoch": 51}
{"loss": 2.392874002456665, "acc": 0.1383811980485916, "length": 1.0, "mode": "test", "epoch": 51}
{"loss": 2.383477210998535, "acc": 0.1063644289970398, "length": 1.0, "mode": "train", "epoch": 52}
{"loss": 2.3963632583618164, "acc": 0.13577023148536682, "length": 1.0, "mode": "test", "epoch": 52}
{"loss": 2.3844103813171387, "acc": 0.12118570506572723, "length": 1.0000004768371582, "mode": "train", "epoch": 53}
{"loss": 2.3956897258758545, "acc": 0.12271540611982346, "length": 1.0, "mode": "test", "epoch": 53}
{"loss": 2.382861852645874, "acc": 0.11246730387210846, "length": 1.0, "mode": "train", "epoch": 54}
{"loss": 2.3985421657562256, "acc": 0.10443864017724991, "length": 1.0, "mode": "test", "epoch": 54}
{"loss": 2.381730318069458, "acc": 0.10200522840023041, "length": 1.0, "mode": "train", "epoch": 55}
{"loss": 2.3931684494018555, "acc": 0.12532636523246765, "length": 1.0, "mode": "test", "epoch": 55}
{"loss": 2.3817994594573975, "acc": 0.12641674280166626, "length": 1.0, "mode": "train", "epoch": 56}
{"loss": 2.392662763595581, "acc": 0.13054829835891724, "length": 1.0, "mode": "test", "epoch": 56}
{"loss": 2.381026268005371, "acc": 0.11682650446891785, "length": 1.0, "mode": "train", "epoch": 57}
{"loss": 2.3951005935668945, "acc": 0.13054829835891724, "length": 1.0, "mode": "test", "epoch": 57}
{"loss": 2.3800668716430664, "acc": 0.13513512909412384, "length": 1.0, "mode": "train", "epoch": 58}
{"loss": 2.3946900367736816, "acc": 0.13315926492214203, "length": 1.0, "mode": "test", "epoch": 58}
{"loss": 2.3788845539093018, "acc": 0.12467306107282639, "length": 1.0, "mode": "train", "epoch": 59}
{"loss": 2.394659996032715, "acc": 0.12793733179569244, "length": 1.0, "mode": "test", "epoch": 59}
{"loss": 2.3813602924346924, "acc": 0.12292937934398651, "length": 1.0, "mode": "train", "epoch": 60}
{"loss": 2.3959505558013916, "acc": 0.1436031311750412, "length": 1.0, "mode": "test", "epoch": 60}
test accuracy: 0.043589744716882706
