# ["--data_set_name=dim[16, 16, 16]_dist10-0_scale10_upsampleTrue_balancedFalse.ds", "--n_epochs=60", "--batch_size=64", "--learning_rate=0.001", "--hidden_size=128", "--temperature=1.5", "--temp_update=0.97", "--length_cost=0.0", "--vocab_size_factor=3"]
data loaded from: ../zoo/intentional_game/data/dim[16, 16, 16]_dist10-0_scale10_upsampleTrue_balancedFalse.ds

opts
 Namespace(batch_size=64, checkpoint_dir=None, checkpoint_freq=0, cuda=True, data_set_name='dim[16, 16, 16]_dist10-0_scale10_upsampleTrue_balancedFalse.ds', device=device(type='cuda'), distributed_context=DistributedContext(is_distributed=False, rank=0, local_rank=0, world_size=1, mode='none'), distributed_port=18363, fp16=False, hidden_size=128, learning_rate=0.001, length_cost=0.0, load_from_checkpoint=None, lr=0.01, max_len=1, mode='gs', n_epochs=60, no_cuda=False, optimizer='adam', preemptable=False, random_seed=1378690394, receiver_cell='gru', save_interaction_freq=0, sender_cell='gru', temp_update=0.97, temperature=1.5, tensorboard=False, tensorboard_dir='runs/', update_freq=1, validation_freq=1, vocab_size=10, vocab_size_factor=3)
{"loss": 2.1592342853546143, "acc": 0.11986017227172852, "length": 2.3658359050750732, "mode": "train", "epoch": 1}
{"loss": 2.078467845916748, "acc": 0.14667697250843048, "length": 2.6937038898468018, "mode": "test", "epoch": 1}
{"loss": 1.9464927911758423, "acc": 0.1838827133178711, "length": 2.699634313583374, "mode": "train", "epoch": 2}
{"loss": 1.9661535024642944, "acc": 0.17589841783046722, "length": 2.738553524017334, "mode": "test", "epoch": 2}
{"loss": 1.9079622030258179, "acc": 0.19890134036540985, "length": 2.699618101119995, "mode": "train", "epoch": 3}
{"loss": 1.9041471481323242, "acc": 0.19966627657413483, "length": 2.6968376636505127, "mode": "test", "epoch": 3}
{"loss": 1.9011213779449463, "acc": 0.20050731301307678, "length": 2.695977210998535, "mode": "train", "epoch": 4}
{"loss": 1.8992054462432861, "acc": 0.20304423570632935, "length": 2.6968376636505127, "mode": "test", "epoch": 4}
{"loss": 1.8942487239837646, "acc": 0.20549079775810242, "length": 2.717036247253418, "mode": "train", "epoch": 5}
{"loss": 1.8948777914047241, "acc": 0.20739896595478058, "length": 2.7167391777038574, "mode": "test", "epoch": 5}
{"loss": 1.892152190208435, "acc": 0.20767991244792938, "length": 2.68096661567688, "mode": "train", "epoch": 6}
{"loss": 1.9147250652313232, "acc": 0.19925929605960846, "length": 2.6128768920898438, "mode": "test", "epoch": 6}
{"loss": 1.8792479038238525, "acc": 0.21521680057048798, "length": 2.7028372287750244, "mode": "train", "epoch": 7}
{"loss": 1.8802990913391113, "acc": 0.2155386358499527, "length": 2.738431453704834, "mode": "test", "epoch": 7}
{"loss": 1.8658905029296875, "acc": 0.2221623659133911, "length": 2.736088991165161, "mode": "train", "epoch": 8}
{"loss": 1.8757065534591675, "acc": 0.21395140886306763, "length": 2.737576723098755, "mode": "test", "epoch": 8}
{"loss": 1.8526331186294556, "acc": 0.22955860197544098, "length": 2.727386951446533, "mode": "train", "epoch": 9}
{"loss": 1.8641422986984253, "acc": 0.2237190157175064, "length": 2.6975295543670654, "mode": "test", "epoch": 9}
{"loss": 1.8416178226470947, "acc": 0.23475492000579834, "length": 2.6957106590270996, "mode": "train", "epoch": 10}
{"loss": 1.85014009475708, "acc": 0.23035284876823425, "length": 2.69602370262146, "mode": "test", "epoch": 10}
{"loss": 1.8248331546783447, "acc": 0.24120284616947174, "length": 2.6954433917999268, "mode": "train", "epoch": 11}
{"loss": 1.8365496397018433, "acc": 0.23303894698619843, "length": 2.6968376636505127, "mode": "test", "epoch": 11}
{"loss": 1.8237898349761963, "acc": 0.2466350942850113, "length": 2.717238426208496, "mode": "train", "epoch": 12}
{"loss": 1.8291915655136108, "acc": 0.24439379572868347, "length": 2.7610597610473633, "mode": "test", "epoch": 12}
{"loss": 1.8083924055099487, "acc": 0.2569783627986908, "length": 2.7640881538391113, "mode": "train", "epoch": 13}
{"loss": 1.8187916278839111, "acc": 0.24699848890304565, "length": 2.761018991470337, "mode": "test", "epoch": 13}
{"loss": 1.783131718635559, "acc": 0.26772743463516235, "length": 2.7649898529052734, "mode": "train", "epoch": 14}
{"loss": 1.7951197624206543, "acc": 0.26246386766433716, "length": 2.763338804244995, "mode": "test", "epoch": 14}
{"loss": 1.7384315729141235, "acc": 0.28477245569229126, "length": 2.7907538414001465, "mode": "train", "epoch": 15}
{"loss": 1.7329219579696655, "acc": 0.28492939472198486, "length": 2.802694320678711, "mode": "test", "epoch": 15}
{"loss": 1.699620008468628, "acc": 0.2991485595703125, "length": 2.804872512817383, "mode": "train", "epoch": 16}
{"loss": 1.70431649684906, "acc": 0.2938016355037689, "length": 2.802449941635132, "mode": "test", "epoch": 16}
{"loss": 1.6694029569625854, "acc": 0.31091544032096863, "length": 2.8046417236328125, "mode": "train", "epoch": 17}
{"loss": 1.7077555656433105, "acc": 0.2952667772769928, "length": 2.802734851837158, "mode": "test", "epoch": 17}
{"loss": 1.6446762084960938, "acc": 0.320797324180603, "length": 2.804453134536743, "mode": "train", "epoch": 18}
{"loss": 1.6537036895751953, "acc": 0.30792397260665894, "length": 2.8027756214141846, "mode": "test", "epoch": 18}
{"loss": 1.6238353252410889, "acc": 0.33102530241012573, "length": 2.8046748638153076, "mode": "train", "epoch": 19}
{"loss": 1.6392581462860107, "acc": 0.3144357204437256, "length": 2.8027756214141846, "mode": "test", "epoch": 19}
{"loss": 1.5977592468261719, "acc": 0.34149134159088135, "length": 2.8048675060272217, "mode": "train", "epoch": 20}
{"loss": 1.6209213733673096, "acc": 0.32562777400016785, "length": 2.8027756214141846, "mode": "test", "epoch": 20}
{"loss": 1.5662355422973633, "acc": 0.34918275475502014, "length": 2.8049938678741455, "mode": "train", "epoch": 21}
{"loss": 1.5655044317245483, "acc": 0.340401291847229, "length": 2.8027756214141846, "mode": "test", "epoch": 21}
{"loss": 1.5449024438858032, "acc": 0.35817620158195496, "length": 2.8042209148406982, "mode": "train", "epoch": 22}
{"loss": 1.5682415962219238, "acc": 0.3452850878238678, "length": 2.802694320678711, "mode": "test", "epoch": 22}
{"loss": 1.527632713317871, "acc": 0.36158984899520874, "length": 2.7517247200012207, "mode": "train", "epoch": 23}
{"loss": 1.5425374507904053, "acc": 0.34691303968429565, "length": 2.7385129928588867, "mode": "test", "epoch": 23}
{"loss": 1.5055718421936035, "acc": 0.37058499455451965, "length": 2.7358250617980957, "mode": "train", "epoch": 24}
{"loss": 1.5181858539581299, "acc": 0.35875624418258667, "length": 2.736762762069702, "mode": "test", "epoch": 24}
{"loss": 1.4930977821350098, "acc": 0.37618646025657654, "length": 2.7345519065856934, "mode": "train", "epoch": 25}
{"loss": 1.528042197227478, "acc": 0.3547271192073822, "length": 2.735786199569702, "mode": "test", "epoch": 25}
{"loss": 1.4833446741104126, "acc": 0.38172197341918945, "length": 2.7340757846832275, "mode": "train", "epoch": 26}
{"loss": 1.4973044395446777, "acc": 0.36376217007637024, "length": 2.736274480819702, "mode": "test", "epoch": 26}
{"loss": 1.478151798248291, "acc": 0.3841104507446289, "length": 2.734025478363037, "mode": "train", "epoch": 27}
{"loss": 1.503441572189331, "acc": 0.366977334022522, "length": 2.736477851867676, "mode": "test", "epoch": 27}
{"loss": 1.4722278118133545, "acc": 0.38694286346435547, "length": 2.7341153621673584, "mode": "train", "epoch": 28}
{"loss": 1.4921875, "acc": 0.366977334022522, "length": 2.736477851867676, "mode": "test", "epoch": 28}
{"loss": 1.468420147895813, "acc": 0.3896012306213379, "length": 2.7338902950286865, "mode": "train", "epoch": 29}
{"loss": 1.5052292346954346, "acc": 0.3678726851940155, "length": 2.736477851867676, "mode": "test", "epoch": 29}
{"loss": 1.4569051265716553, "acc": 0.3941629230976105, "length": 2.7341063022613525, "mode": "train", "epoch": 30}
{"loss": 1.483840823173523, "acc": 0.3775995969772339, "length": 2.736477851867676, "mode": "test", "epoch": 30}
{"loss": 1.450678825378418, "acc": 0.39659157395362854, "length": 2.733962297439575, "mode": "train", "epoch": 31}
{"loss": 1.4954289197921753, "acc": 0.3747507333755493, "length": 2.736152410507202, "mode": "test", "epoch": 31}
{"loss": 1.4440810680389404, "acc": 0.40302732586860657, "length": 2.732140064239502, "mode": "train", "epoch": 32}
{"loss": 1.4682420492172241, "acc": 0.3819950222969055, "length": 2.7360708713531494, "mode": "test", "epoch": 32}
{"loss": 1.4467793703079224, "acc": 0.4026917815208435, "length": 2.731775999069214, "mode": "train", "epoch": 33}
{"loss": 1.4607388973236084, "acc": 0.3812624514102936, "length": 2.736640691757202, "mode": "test", "epoch": 33}
{"loss": 1.4381966590881348, "acc": 0.404475599527359, "length": 2.7344324588775635, "mode": "train", "epoch": 34}
{"loss": 1.4575445652008057, "acc": 0.385454386472702, "length": 2.736477851867676, "mode": "test", "epoch": 34}
{"loss": 1.4194856882095337, "acc": 0.413585901260376, "length": 2.750790596008301, "mode": "train", "epoch": 35}
{"loss": 1.4225504398345947, "acc": 0.3965243697166443, "length": 2.7690773010253906, "mode": "test", "epoch": 35}
{"loss": 1.39691162109375, "acc": 0.4203908443450928, "length": 2.764932155609131, "mode": "train", "epoch": 36}
{"loss": 1.4247511625289917, "acc": 0.39705345034599304, "length": 2.7696471214294434, "mode": "test", "epoch": 36}
{"loss": 1.4341089725494385, "acc": 0.41208821535110474, "length": 2.7658872604370117, "mode": "train", "epoch": 37}
{"loss": 1.4681423902511597, "acc": 0.38614627718925476, "length": 2.7702577114105225, "mode": "test", "epoch": 37}
{"loss": 1.413036823272705, "acc": 0.4172588884830475, "length": 2.764937162399292, "mode": "train", "epoch": 38}
{"loss": 1.4213354587554932, "acc": 0.39717552065849304, "length": 2.7691588401794434, "mode": "test", "epoch": 38}
{"loss": 1.3920775651931763, "acc": 0.4237622022628784, "length": 2.7654194831848145, "mode": "train", "epoch": 39}
{"loss": 1.4019054174423218, "acc": 0.40877458453178406, "length": 2.794839382171631, "mode": "test", "epoch": 39}
{"loss": 1.3855564594268799, "acc": 0.4272928237915039, "length": 2.7888453006744385, "mode": "train", "epoch": 40}
{"loss": 1.4122982025146484, "acc": 0.4056408107280731, "length": 2.7934556007385254, "mode": "test", "epoch": 40}
{"loss": 1.3793057203292847, "acc": 0.43077337741851807, "length": 2.801283836364746, "mode": "train", "epoch": 41}
{"loss": 1.3841527700424194, "acc": 0.41862356662750244, "length": 2.8103861808776855, "mode": "test", "epoch": 41}
{"loss": 1.348901391029358, "acc": 0.44192513823509216, "length": 2.8210389614105225, "mode": "train", "epoch": 42}
{"loss": 1.3674100637435913, "acc": 0.42224574089050293, "length": 2.8305726051330566, "mode": "test", "epoch": 42}
{"loss": 1.3358542919158936, "acc": 0.44764482975006104, "length": 2.825801134109497, "mode": "train", "epoch": 43}
{"loss": 1.3663381338119507, "acc": 0.42338529229164124, "length": 2.8295552730560303, "mode": "test", "epoch": 43}
{"loss": 1.3437739610671997, "acc": 0.44516751170158386, "length": 2.8147339820861816, "mode": "train", "epoch": 44}
{"loss": 1.3505775928497314, "acc": 0.42428064346313477, "length": 2.820601463317871, "mode": "test", "epoch": 44}
{"loss": 1.3267542123794556, "acc": 0.452286034822464, "length": 2.8214356899261475, "mode": "train", "epoch": 45}
{"loss": 1.358600378036499, "acc": 0.42586788535118103, "length": 2.820805072784424, "mode": "test", "epoch": 45}
{"loss": 1.3249019384384155, "acc": 0.4536311626434326, "length": 2.82116961479187, "mode": "train", "epoch": 46}
{"loss": 1.3620208501815796, "acc": 0.4262341856956482, "length": 2.8212525844573975, "mode": "test", "epoch": 46}
{"loss": 1.3309358358383179, "acc": 0.451827734708786, "length": 2.8205971717834473, "mode": "train", "epoch": 47}
{"loss": 1.3303940296173096, "acc": 0.4371006488800049, "length": 2.824101686477661, "mode": "test", "epoch": 47}
{"loss": 1.3222206830978394, "acc": 0.45767349004745483, "length": 2.82033109664917, "mode": "train", "epoch": 48}
{"loss": 1.367584466934204, "acc": 0.4226527214050293, "length": 2.8227179050445557, "mode": "test", "epoch": 48}
{"loss": 1.3394407033920288, "acc": 0.4512694180011749, "length": 2.814831495285034, "mode": "train", "epoch": 49}
{"loss": 1.3521862030029297, "acc": 0.428716778755188, "length": 2.820235252380371, "mode": "test", "epoch": 49}
{"loss": 1.3198179006576538, "acc": 0.4566862881183624, "length": 2.814351797103882, "mode": "train", "epoch": 50}
{"loss": 1.339180827140808, "acc": 0.4344959557056427, "length": 2.816368818283081, "mode": "test", "epoch": 50}
{"loss": 1.3176538944244385, "acc": 0.45928826928138733, "length": 2.816558599472046, "mode": "train", "epoch": 51}
{"loss": 1.355156660079956, "acc": 0.43030402064323425, "length": 2.8232061862945557, "mode": "test", "epoch": 51}
{"loss": 1.3167389631271362, "acc": 0.45894524455070496, "length": 2.817950487136841, "mode": "train", "epoch": 52}
{"loss": 1.347080111503601, "acc": 0.4294493496417999, "length": 2.819380521774292, "mode": "test", "epoch": 52}
{"loss": 1.3343398571014404, "acc": 0.455966979265213, "length": 2.8211700916290283, "mode": "train", "epoch": 53}
{"loss": 1.3494417667388916, "acc": 0.43164706230163574, "length": 2.8281307220458984, "mode": "test", "epoch": 53}
{"loss": 1.310593605041504, "acc": 0.46463871002197266, "length": 2.820352554321289, "mode": "train", "epoch": 54}
{"loss": 1.3423069715499878, "acc": 0.4344959557056427, "length": 2.8292295932769775, "mode": "test", "epoch": 54}
{"loss": 1.2940460443496704, "acc": 0.4675138294696808, "length": 2.8257362842559814, "mode": "train", "epoch": 55}
{"loss": 1.338289499282837, "acc": 0.4366122782230377, "length": 2.8188107013702393, "mode": "test", "epoch": 55}
{"loss": 1.2973169088363647, "acc": 0.46778765320777893, "length": 2.8208582401275635, "mode": "train", "epoch": 56}
{"loss": 1.3254632949829102, "acc": 0.44231003522872925, "length": 2.8221073150634766, "mode": "test", "epoch": 56}
{"loss": 1.3105685710906982, "acc": 0.46564775705337524, "length": 2.823448419570923, "mode": "train", "epoch": 57}
{"loss": 1.3300076723098755, "acc": 0.43876928091049194, "length": 2.827113151550293, "mode": "test", "epoch": 57}
{"loss": 1.3146464824676514, "acc": 0.46297401189804077, "length": 2.8228671550750732, "mode": "train", "epoch": 58}
{"loss": 1.3339437246322632, "acc": 0.4392169713973999, "length": 2.8305318355560303, "mode": "test", "epoch": 58}
{"loss": 1.2877990007400513, "acc": 0.4746062159538269, "length": 2.8261396884918213, "mode": "train", "epoch": 59}
{"loss": 1.3534445762634277, "acc": 0.4296935498714447, "length": 2.8258516788482666, "mode": "test", "epoch": 59}
{"loss": 1.301842451095581, "acc": 0.4678844213485718, "length": 2.824843406677246, "mode": "train", "epoch": 60}
{"loss": 1.3226101398468018, "acc": 0.4430426061153412, "length": 2.830369234085083, "mode": "test", "epoch": 60}
test accuracy: 0.3799593448638916
