# ["--data_set_name=dim[16, 16, 16]_dist10-0_scale10_upsampleTrue_balancedFalse.ds", "--n_epochs=60", "--batch_size=64", "--learning_rate=0.001", "--hidden_size=128", "--temperature=1.5", "--temp_update=0.99", "--length_cost=0.0", "--vocab_size_factor=3"]
data loaded from: ../zoo/intentional_game/data/dim[16, 16, 16]_dist10-0_scale10_upsampleTrue_balancedFalse.ds

opts
 Namespace(batch_size=64, checkpoint_dir=None, checkpoint_freq=0, cuda=True, data_set_name='dim[16, 16, 16]_dist10-0_scale10_upsampleTrue_balancedFalse.ds', device=device(type='cuda'), distributed_context=DistributedContext(is_distributed=False, rank=0, local_rank=0, world_size=1, mode='none'), distributed_port=18363, fp16=False, hidden_size=128, learning_rate=0.001, length_cost=0.0, load_from_checkpoint=None, lr=0.01, max_len=1, mode='gs', n_epochs=60, no_cuda=False, optimizer='adam', preemptable=False, random_seed=1656610442, receiver_cell='gru', save_interaction_freq=0, sender_cell='gru', temp_update=0.99, temperature=1.5, tensorboard=False, tensorboard_dir='runs/', update_freq=1, validation_freq=1, vocab_size=10, vocab_size_factor=3)
{"loss": 2.2580742835998535, "acc": 0.09276401996612549, "length": 3.0814390182495117, "mode": "train", "epoch": 1}
{"loss": 2.0108563899993896, "acc": 0.11936835944652557, "length": 3.489560842514038, "mode": "test", "epoch": 1}
{"loss": 1.9705437421798706, "acc": 0.13633368909358978, "length": 3.4590187072753906, "mode": "train", "epoch": 2}
{"loss": 1.8764032125473022, "acc": 0.1678808331489563, "length": 3.459118366241455, "mode": "test", "epoch": 2}
{"loss": 1.7703195810317993, "acc": 0.20161695778369904, "length": 3.4797637462615967, "mode": "train", "epoch": 3}
{"loss": 1.738556146621704, "acc": 0.2036547213792801, "length": 3.4883806705474854, "mode": "test", "epoch": 3}
{"loss": 1.6996461153030396, "acc": 0.22645358741283417, "length": 3.489853858947754, "mode": "train", "epoch": 4}
{"loss": 1.71171236038208, "acc": 0.2226608544588089, "length": 3.4804036617279053, "mode": "test", "epoch": 4}
{"loss": 1.6532344818115234, "acc": 0.24833764135837555, "length": 3.486196994781494, "mode": "train", "epoch": 5}
{"loss": 1.6605126857757568, "acc": 0.23975418508052826, "length": 3.488461971282959, "mode": "test", "epoch": 5}
{"loss": 1.6261224746704102, "acc": 0.260618656873703, "length": 3.486577272415161, "mode": "train", "epoch": 6}
{"loss": 1.6371649503707886, "acc": 0.2524113655090332, "length": 3.4889097213745117, "mode": "test", "epoch": 6}
{"loss": 1.6035621166229248, "acc": 0.27213403582572937, "length": 3.4863860607147217, "mode": "train", "epoch": 7}
{"loss": 1.6252541542053223, "acc": 0.2621789872646332, "length": 3.4922876358032227, "mode": "test", "epoch": 7}
{"loss": 1.582217812538147, "acc": 0.280651718378067, "length": 3.488060712814331, "mode": "train", "epoch": 8}
{"loss": 1.607225775718689, "acc": 0.2711733281612396, "length": 3.4932644367218018, "mode": "test", "epoch": 8}
{"loss": 1.5724810361862183, "acc": 0.2838456332683563, "length": 3.497164011001587, "mode": "train", "epoch": 9}
{"loss": 1.5877139568328857, "acc": 0.2759757339954376, "length": 3.5004680156707764, "mode": "test", "epoch": 9}
{"loss": 1.5542093515396118, "acc": 0.29577964544296265, "length": 3.506368398666382, "mode": "train", "epoch": 10}
{"loss": 1.5464630126953125, "acc": 0.2925399839878082, "length": 3.5178463459014893, "mode": "test", "epoch": 10}
{"loss": 1.5030540227890015, "acc": 0.3173768222332001, "length": 3.5142457485198975, "mode": "train", "epoch": 11}
{"loss": 1.496739149093628, "acc": 0.3132961690425873, "length": 3.485653877258301, "mode": "test", "epoch": 11}
{"loss": 1.4575861692428589, "acc": 0.3312305510044098, "length": 3.4989686012268066, "mode": "train", "epoch": 12}
{"loss": 1.4772839546203613, "acc": 0.31992998719215393, "length": 3.4892759323120117, "mode": "test", "epoch": 12}
{"loss": 1.433341383934021, "acc": 0.3346283733844757, "length": 3.5009238719940186, "mode": "train", "epoch": 13}
{"loss": 1.4418036937713623, "acc": 0.3282731771469116, "length": 3.5005900859832764, "mode": "test", "epoch": 13}
{"loss": 1.4282790422439575, "acc": 0.33760443329811096, "length": 3.5004849433898926, "mode": "train", "epoch": 14}
{"loss": 1.4371631145477295, "acc": 0.3296568989753723, "length": 3.497619152069092, "mode": "test", "epoch": 14}
{"loss": 1.4231986999511719, "acc": 0.33947819471359253, "length": 3.5006566047668457, "mode": "train", "epoch": 15}
{"loss": 1.4384922981262207, "acc": 0.32705220580101013, "length": 3.497619152069092, "mode": "test", "epoch": 15}
{"loss": 1.423876404762268, "acc": 0.3395802676677704, "length": 3.5007615089416504, "mode": "train", "epoch": 16}
{"loss": 1.4349530935287476, "acc": 0.33022668957710266, "length": 3.498148202896118, "mode": "test", "epoch": 16}
{"loss": 1.4184720516204834, "acc": 0.3444730043411255, "length": 3.5005252361297607, "mode": "train", "epoch": 17}
{"loss": 1.430458426475525, "acc": 0.3295348286628723, "length": 3.497619152069092, "mode": "test", "epoch": 17}
{"loss": 1.4169244766235352, "acc": 0.34425029158592224, "length": 3.500776767730713, "mode": "train", "epoch": 18}
{"loss": 1.4342082738876343, "acc": 0.32798826694488525, "length": 3.4985551834106445, "mode": "test", "epoch": 18}
{"loss": 1.4128682613372803, "acc": 0.3494948148727417, "length": 3.500624418258667, "mode": "train", "epoch": 19}
{"loss": 1.4357999563217163, "acc": 0.33034878969192505, "length": 3.498026132583618, "mode": "test", "epoch": 19}
{"loss": 1.4092214107513428, "acc": 0.3536250591278076, "length": 3.5027284622192383, "mode": "train", "epoch": 20}
{"loss": 1.4308249950408936, "acc": 0.33368605375289917, "length": 3.501485586166382, "mode": "test", "epoch": 20}
{"loss": 1.4014374017715454, "acc": 0.35546937584877014, "length": 3.5052032470703125, "mode": "train", "epoch": 21}
{"loss": 1.418479323387146, "acc": 0.34687232971191406, "length": 3.502828598022461, "mode": "test", "epoch": 21}
{"loss": 1.3872400522232056, "acc": 0.36269789934158325, "length": 3.5053677558898926, "mode": "train", "epoch": 22}
{"loss": 1.3984427452087402, "acc": 0.34691303968429565, "length": 3.502828598022461, "mode": "test", "epoch": 22}
{"loss": 1.369615912437439, "acc": 0.37176981568336487, "length": 3.505340576171875, "mode": "train", "epoch": 23}
{"loss": 1.3764418363571167, "acc": 0.3583492636680603, "length": 3.5055553913116455, "mode": "test", "epoch": 23}
{"loss": 1.3506897687911987, "acc": 0.3804386556148529, "length": 3.5033204555511475, "mode": "train", "epoch": 24}
{"loss": 1.3647401332855225, "acc": 0.3621342182159424, "length": 3.498595952987671, "mode": "test", "epoch": 24}
{"loss": 1.3287551403045654, "acc": 0.3879393935203552, "length": 3.502258539199829, "mode": "train", "epoch": 25}
{"loss": 1.3469440937042236, "acc": 0.373611181974411, "length": 3.501770496368408, "mode": "test", "epoch": 25}
{"loss": 1.3127955198287964, "acc": 0.3963702619075775, "length": 3.5031635761260986, "mode": "train", "epoch": 26}
{"loss": 1.320939064025879, "acc": 0.3763786554336548, "length": 3.5005900859832764, "mode": "test", "epoch": 26}
{"loss": 1.2951252460479736, "acc": 0.4023543894290924, "length": 3.5038397312164307, "mode": "train", "epoch": 27}
{"loss": 1.3133593797683716, "acc": 0.3823206126689911, "length": 3.502462148666382, "mode": "test", "epoch": 27}
{"loss": 1.2834856510162354, "acc": 0.4070035219192505, "length": 3.504164934158325, "mode": "train", "epoch": 28}
{"loss": 1.3146171569824219, "acc": 0.38382646441459656, "length": 3.502258777618408, "mode": "test", "epoch": 28}
{"loss": 1.2820039987564087, "acc": 0.4093815088272095, "length": 3.5067312717437744, "mode": "train", "epoch": 29}
{"loss": 1.2880263328552246, "acc": 0.39225101470947266, "length": 3.505758762359619, "mode": "test", "epoch": 29}
{"loss": 1.265660047531128, "acc": 0.41212573647499084, "length": 3.50689435005188, "mode": "train", "epoch": 30}
{"loss": 1.2942795753479004, "acc": 0.3907858729362488, "length": 3.5047414302825928, "mode": "test", "epoch": 30}
{"loss": 1.2558397054672241, "acc": 0.4144032597541809, "length": 3.5074410438537598, "mode": "train", "epoch": 31}
{"loss": 1.2810887098312378, "acc": 0.3918847441673279, "length": 3.5027878284454346, "mode": "test", "epoch": 31}
{"loss": 1.248906135559082, "acc": 0.4205493628978729, "length": 3.50443172454834, "mode": "train", "epoch": 32}
{"loss": 1.290834665298462, "acc": 0.3940824568271637, "length": 3.5027878284454346, "mode": "test", "epoch": 32}
{"loss": 1.2409658432006836, "acc": 0.42443257570266724, "length": 3.505397081375122, "mode": "train", "epoch": 33}
{"loss": 1.284651279449463, "acc": 0.3913556635379791, "length": 3.5047414302825928, "mode": "test", "epoch": 33}
{"loss": 1.2406657934188843, "acc": 0.4233025312423706, "length": 3.507204532623291, "mode": "train", "epoch": 34}
{"loss": 1.2832348346710205, "acc": 0.3918847441673279, "length": 3.50417160987854, "mode": "test", "epoch": 34}
{"loss": 1.2346957921981812, "acc": 0.4259622395038605, "length": 3.5068788528442383, "mode": "train", "epoch": 35}
{"loss": 1.2661731243133545, "acc": 0.3991697430610657, "length": 3.5042123794555664, "mode": "test", "epoch": 35}
{"loss": 1.228629469871521, "acc": 0.42963093519210815, "length": 3.50700306892395, "mode": "train", "epoch": 36}
{"loss": 1.2619086503982544, "acc": 0.3988034725189209, "length": 3.505758762359619, "mode": "test", "epoch": 36}
{"loss": 1.2284523248672485, "acc": 0.4298708140850067, "length": 3.5070836544036865, "mode": "train", "epoch": 37}
{"loss": 1.264310359954834, "acc": 0.4013267755508423, "length": 3.5042123794555664, "mode": "test", "epoch": 37}
{"loss": 1.229057788848877, "acc": 0.43007081747055054, "length": 3.5061471462249756, "mode": "train", "epoch": 38}
{"loss": 1.2601475715637207, "acc": 0.40055349469184875, "length": 3.5048227310180664, "mode": "test", "epoch": 38}
{"loss": 1.219294548034668, "acc": 0.43362709879875183, "length": 3.506815195083618, "mode": "train", "epoch": 39}
{"loss": 1.2608246803283691, "acc": 0.4012046754360199, "length": 3.5033984184265137, "mode": "test", "epoch": 39}
{"loss": 1.2167404890060425, "acc": 0.43578311800956726, "length": 3.5066890716552734, "mode": "train", "epoch": 40}
{"loss": 1.2704763412475586, "acc": 0.40323957800865173, "length": 3.5051889419555664, "mode": "test", "epoch": 40}
{"loss": 1.2166469097137451, "acc": 0.4377806782722473, "length": 3.507169246673584, "mode": "train", "epoch": 41}
{"loss": 1.2641527652740479, "acc": 0.4035244882106781, "length": 3.5049855709075928, "mode": "test", "epoch": 41}
{"loss": 1.2173659801483154, "acc": 0.4363580346107483, "length": 3.5068533420562744, "mode": "train", "epoch": 42}
{"loss": 1.25987708568573, "acc": 0.4049082398414612, "length": 3.5043344497680664, "mode": "test", "epoch": 42}
{"loss": 1.210985541343689, "acc": 0.4396583139896393, "length": 3.507028579711914, "mode": "train", "epoch": 43}
{"loss": 1.2725472450256348, "acc": 0.400309294462204, "length": 3.50429368019104, "mode": "test", "epoch": 43}
{"loss": 1.2102817296981812, "acc": 0.4415607750415802, "length": 3.5072238445281982, "mode": "train", "epoch": 44}
{"loss": 1.2506641149520874, "acc": 0.4056814908981323, "length": 3.5047414302825928, "mode": "test", "epoch": 44}
{"loss": 1.1976206302642822, "acc": 0.44574451446533203, "length": 3.5223634243011475, "mode": "train", "epoch": 45}
{"loss": 1.2381923198699951, "acc": 0.4084082841873169, "length": 3.5201661586761475, "mode": "test", "epoch": 45}
{"loss": 1.193291425704956, "acc": 0.44780224561691284, "length": 3.5205326080322266, "mode": "train", "epoch": 46}
{"loss": 1.2567039728164673, "acc": 0.4093036651611328, "length": 3.5159335136413574, "mode": "test", "epoch": 46}
{"loss": 1.19398832321167, "acc": 0.4474523961544037, "length": 3.5358622074127197, "mode": "train", "epoch": 47}
{"loss": 1.2288397550582886, "acc": 0.41467583179473877, "length": 3.5425500869750977, "mode": "test", "epoch": 47}
{"loss": 1.1835808753967285, "acc": 0.45354163646698, "length": 3.545243978500366, "mode": "train", "epoch": 48}
{"loss": 1.2218458652496338, "acc": 0.4180945158004761, "length": 3.5434861183166504, "mode": "test", "epoch": 48}
{"loss": 1.1777111291885376, "acc": 0.457440584897995, "length": 3.5536255836486816, "mode": "train", "epoch": 49}
{"loss": 1.2130061388015747, "acc": 0.42078059911727905, "length": 3.5626959800720215, "mode": "test", "epoch": 49}
{"loss": 1.1660386323928833, "acc": 0.45941463112831116, "length": 3.564596176147461, "mode": "train", "epoch": 50}
{"loss": 1.2190614938735962, "acc": 0.42220503091812134, "length": 3.5785274505615234, "mode": "test", "epoch": 50}
{"loss": 1.1629396677017212, "acc": 0.46281003952026367, "length": 3.5864057540893555, "mode": "train", "epoch": 51}
{"loss": 1.219752311706543, "acc": 0.42391437292099, "length": 3.5849578380584717, "mode": "test", "epoch": 51}
{"loss": 1.1618050336837769, "acc": 0.4642954170703888, "length": 3.5849268436431885, "mode": "train", "epoch": 52}
{"loss": 1.2065633535385132, "acc": 0.42900165915489197, "length": 3.5838184356689453, "mode": "test", "epoch": 52}
{"loss": 1.1543375253677368, "acc": 0.4677266478538513, "length": 3.584773063659668, "mode": "train", "epoch": 53}
{"loss": 1.2050873041152954, "acc": 0.42700743675231934, "length": 3.584021806716919, "mode": "test", "epoch": 53}
{"loss": 1.1582982540130615, "acc": 0.4678895175457001, "length": 3.586575984954834, "mode": "train", "epoch": 54}
{"loss": 1.2028110027313232, "acc": 0.42818769812583923, "length": 3.58739972114563, "mode": "test", "epoch": 54}
{"loss": 1.1537550687789917, "acc": 0.468695729970932, "length": 3.5866549015045166, "mode": "train", "epoch": 55}
{"loss": 1.2000834941864014, "acc": 0.4286353886127472, "length": 3.58727765083313, "mode": "test", "epoch": 55}
{"loss": 1.1439493894577026, "acc": 0.4721958339214325, "length": 3.587707281112671, "mode": "train", "epoch": 56}
{"loss": 1.1924467086791992, "acc": 0.4322575330734253, "length": 3.5882136821746826, "mode": "test", "epoch": 56}
{"loss": 1.1429442167282104, "acc": 0.47356703877449036, "length": 3.586418390274048, "mode": "train", "epoch": 57}
{"loss": 1.1903598308563232, "acc": 0.432949423789978, "length": 3.586300849914551, "mode": "test", "epoch": 57}
{"loss": 1.1343573331832886, "acc": 0.4766528010368347, "length": 3.5858209133148193, "mode": "train", "epoch": 58}
{"loss": 1.1940743923187256, "acc": 0.43636807799339294, "length": 3.58691143989563, "mode": "test", "epoch": 58}
{"loss": 1.1398046016693115, "acc": 0.47547969222068787, "length": 3.586240291595459, "mode": "train", "epoch": 59}
{"loss": 1.1817235946655273, "acc": 0.4342924654483795, "length": 3.586178779602051, "mode": "test", "epoch": 59}
{"loss": 1.1262811422348022, "acc": 0.48108598589897156, "length": 3.586731195449829, "mode": "train", "epoch": 60}
{"loss": 1.179631233215332, "acc": 0.4384029805660248, "length": 3.5877254009246826, "mode": "test", "epoch": 60}
test accuracy: 0.3492682874202728
