# ["--data_set_name=dim[16, 16, 16]_dist10-0_scale10_upsampleTrue_balancedFalse.ds", "--n_epochs=60", "--batch_size=64", "--learning_rate=0.001", "--hidden_size=256", "--temperature=1.5", "--temp_update=0.97", "--length_cost=0.0", "--vocab_size_factor=3"]
data loaded from: ../zoo/intentional_game/data/dim[16, 16, 16]_dist10-0_scale10_upsampleTrue_balancedFalse.ds

opts
 Namespace(batch_size=64, checkpoint_dir=None, checkpoint_freq=0, cuda=True, data_set_name='dim[16, 16, 16]_dist10-0_scale10_upsampleTrue_balancedFalse.ds', device=device(type='cuda'), distributed_context=DistributedContext(is_distributed=False, rank=0, local_rank=0, world_size=1, mode='none'), distributed_port=18363, fp16=False, hidden_size=256, learning_rate=0.001, length_cost=0.0, load_from_checkpoint=None, lr=0.01, max_len=1, mode='gs', n_epochs=60, no_cuda=False, optimizer='adam', preemptable=False, random_seed=1122058045, receiver_cell='gru', save_interaction_freq=0, sender_cell='gru', temp_update=0.97, temperature=1.5, tensorboard=False, tensorboard_dir='runs/', update_freq=1, validation_freq=1, vocab_size=10, vocab_size_factor=3)
{"loss": 2.329796552658081, "acc": 0.07886547595262527, "length": 1.4907152652740479, "mode": "train", "epoch": 1}
{"loss": 2.093801498413086, "acc": 0.12701965868473053, "length": 2.0378901958465576, "mode": "test", "epoch": 1}
{"loss": 1.889926552772522, "acc": 0.18206578493118286, "length": 2.1775214672088623, "mode": "train", "epoch": 2}
{"loss": 1.8087880611419678, "acc": 0.19934068620204926, "length": 2.209718704223633, "mode": "test", "epoch": 2}
{"loss": 1.7561770677566528, "acc": 0.21483752131462097, "length": 2.214639663696289, "mode": "train", "epoch": 3}
{"loss": 1.7093815803527832, "acc": 0.22550974786281586, "length": 2.3056042194366455, "mode": "test", "epoch": 3}
{"loss": 1.6203908920288086, "acc": 0.2714790105819702, "length": 2.3993399143218994, "mode": "train", "epoch": 4}
{"loss": 1.6239265203475952, "acc": 0.27345243096351624, "length": 2.4797933101654053, "mode": "test", "epoch": 4}
{"loss": 1.5347535610198975, "acc": 0.3023107945919037, "length": 2.4687998294830322, "mode": "train", "epoch": 5}
{"loss": 1.5938137769699097, "acc": 0.288103848695755, "length": 2.486060857772827, "mode": "test", "epoch": 5}
{"loss": 1.5002418756484985, "acc": 0.31219950318336487, "length": 2.49514102935791, "mode": "train", "epoch": 6}
{"loss": 1.5176167488098145, "acc": 0.3023482859134674, "length": 2.5604982376098633, "mode": "test", "epoch": 6}
{"loss": 1.4777365922927856, "acc": 0.3180106580257416, "length": 2.552567720413208, "mode": "train", "epoch": 7}
{"loss": 1.5046920776367188, "acc": 0.3080867826938629, "length": 2.583777666091919, "mode": "test", "epoch": 7}
{"loss": 1.473406434059143, "acc": 0.3225122094154358, "length": 2.5495312213897705, "mode": "train", "epoch": 8}
{"loss": 1.510406494140625, "acc": 0.3071506917476654, "length": 2.5257010459899902, "mode": "test", "epoch": 8}
{"loss": 1.4679275751113892, "acc": 0.322677344083786, "length": 2.564720630645752, "mode": "train", "epoch": 9}
{"loss": 1.543655276298523, "acc": 0.3106507658958435, "length": 2.603353500366211, "mode": "test", "epoch": 9}
{"loss": 1.461500883102417, "acc": 0.326106458902359, "length": 2.6006972789764404, "mode": "train", "epoch": 10}
{"loss": 1.4757070541381836, "acc": 0.3141508400440216, "length": 2.665459394454956, "mode": "test", "epoch": 10}
{"loss": 1.4577661752700806, "acc": 0.330776572227478, "length": 2.642784357070923, "mode": "train", "epoch": 11}
{"loss": 1.4719607830047607, "acc": 0.32111024856567383, "length": 2.651092767715454, "mode": "test", "epoch": 11}
{"loss": 1.4496980905532837, "acc": 0.33776357769966125, "length": 2.647653818130493, "mode": "train", "epoch": 12}
{"loss": 1.444791555404663, "acc": 0.33014529943466187, "length": 2.648325204849243, "mode": "test", "epoch": 12}
{"loss": 1.4159705638885498, "acc": 0.35034528374671936, "length": 2.7085561752319336, "mode": "train", "epoch": 13}
{"loss": 1.416202425956726, "acc": 0.3451629877090454, "length": 2.7363152503967285, "mode": "test", "epoch": 13}
{"loss": 1.3839735984802246, "acc": 0.36088719964027405, "length": 2.7504143714904785, "mode": "train", "epoch": 14}
{"loss": 1.3786578178405762, "acc": 0.35440152883529663, "length": 2.740018606185913, "mode": "test", "epoch": 14}
{"loss": 1.3525835275650024, "acc": 0.37420496344566345, "length": 2.780890941619873, "mode": "train", "epoch": 15}
{"loss": 1.344602346420288, "acc": 0.3664889633655548, "length": 2.80888032913208, "mode": "test", "epoch": 15}
{"loss": 1.3212720155715942, "acc": 0.3827742338180542, "length": 2.826277494430542, "mode": "train", "epoch": 16}
{"loss": 1.3523941040039062, "acc": 0.36616337299346924, "length": 2.8317935466766357, "mode": "test", "epoch": 16}
{"loss": 1.3060507774353027, "acc": 0.3874129056930542, "length": 2.8448688983917236, "mode": "train", "epoch": 17}
{"loss": 1.3085544109344482, "acc": 0.37527981400489807, "length": 2.8623580932617188, "mode": "test", "epoch": 17}
{"loss": 1.2972856760025024, "acc": 0.39332836866378784, "length": 2.867002010345459, "mode": "train", "epoch": 18}
{"loss": 1.363818883895874, "acc": 0.37340766191482544, "length": 2.873021125793457, "mode": "test", "epoch": 18}
{"loss": 1.284548282623291, "acc": 0.39778953790664673, "length": 2.889902353286743, "mode": "train", "epoch": 19}
{"loss": 1.2899703979492188, "acc": 0.38154736161231995, "length": 2.8978469371795654, "mode": "test", "epoch": 19}
{"loss": 1.2701441049575806, "acc": 0.40638822317123413, "length": 2.8964309692382812, "mode": "train", "epoch": 20}
{"loss": 1.2858819961547852, "acc": 0.3810589611530304, "length": 2.9095680713653564, "mode": "test", "epoch": 20}
{"loss": 1.2643420696258545, "acc": 0.40761446952819824, "length": 2.909475564956665, "mode": "train", "epoch": 21}
{"loss": 1.27278470993042, "acc": 0.38997191190719604, "length": 2.9152660369873047, "mode": "test", "epoch": 21}
{"loss": 1.2578401565551758, "acc": 0.41069287061691284, "length": 2.908811330795288, "mode": "train", "epoch": 22}
{"loss": 1.2720286846160889, "acc": 0.3926580250263214, "length": 2.90867280960083, "mode": "test", "epoch": 22}
{"loss": 1.2539747953414917, "acc": 0.41538166999816895, "length": 2.952153444290161, "mode": "train", "epoch": 23}
{"loss": 1.277661919593811, "acc": 0.39457082748413086, "length": 3.0045175552368164, "mode": "test", "epoch": 23}
{"loss": 1.2366960048675537, "acc": 0.42330485582351685, "length": 2.992598533630371, "mode": "train", "epoch": 24}
{"loss": 1.2564568519592285, "acc": 0.40311750769615173, "length": 3.0272679328918457, "mode": "test", "epoch": 24}
{"loss": 1.2261043787002563, "acc": 0.43053409457206726, "length": 3.0533313751220703, "mode": "train", "epoch": 25}
{"loss": 1.236588478088379, "acc": 0.406943142414093, "length": 3.043384552001953, "mode": "test", "epoch": 25}
{"loss": 1.2017446756362915, "acc": 0.437816858291626, "length": 3.0677642822265625, "mode": "train", "epoch": 26}
{"loss": 1.2177047729492188, "acc": 0.4130479097366333, "length": 3.083146810531616, "mode": "test", "epoch": 26}
{"loss": 1.1942980289459229, "acc": 0.4440041780471802, "length": 3.0980045795440674, "mode": "train", "epoch": 27}
{"loss": 1.1935124397277832, "acc": 0.43408897519111633, "length": 3.161531925201416, "mode": "test", "epoch": 27}
{"loss": 1.1543141603469849, "acc": 0.4599587321281433, "length": 3.155677318572998, "mode": "train", "epoch": 28}
{"loss": 1.1630982160568237, "acc": 0.4394611418247223, "length": 3.1608400344848633, "mode": "test", "epoch": 28}
{"loss": 1.1317015886306763, "acc": 0.46869558095932007, "length": 3.158557176589966, "mode": "train", "epoch": 29}
{"loss": 1.1510882377624512, "acc": 0.4429612159729004, "length": 3.1689388751983643, "mode": "test", "epoch": 29}
{"loss": 1.1256096363067627, "acc": 0.4743981659412384, "length": 3.1775643825531006, "mode": "train", "epoch": 30}
{"loss": 1.1398978233337402, "acc": 0.45040902495384216, "length": 3.198038339614868, "mode": "test", "epoch": 30}
{"loss": 1.1144839525222778, "acc": 0.4801211953163147, "length": 3.1910769939422607, "mode": "train", "epoch": 31}
{"loss": 1.183271884918213, "acc": 0.4476008415222168, "length": 3.1927475929260254, "mode": "test", "epoch": 31}
{"loss": 1.106900691986084, "acc": 0.48731115460395813, "length": 3.1851463317871094, "mode": "train", "epoch": 32}
{"loss": 1.129098653793335, "acc": 0.4543974697589874, "length": 3.1871719360351562, "mode": "test", "epoch": 32}
{"loss": 1.0982013940811157, "acc": 0.4929268956184387, "length": 3.202666997909546, "mode": "train", "epoch": 33}
{"loss": 1.122710943222046, "acc": 0.46147897839546204, "length": 3.2711732387542725, "mode": "test", "epoch": 33}
{"loss": 1.0791027545928955, "acc": 0.4993543028831482, "length": 3.252767324447632, "mode": "train", "epoch": 34}
{"loss": 1.1040269136428833, "acc": 0.46876397728919983, "length": 3.252045154571533, "mode": "test", "epoch": 34}
{"loss": 1.0438125133514404, "acc": 0.5113317966461182, "length": 3.3168821334838867, "mode": "train", "epoch": 35}
{"loss": 1.0984256267547607, "acc": 0.47906067967414856, "length": 3.3606691360473633, "mode": "test", "epoch": 35}
{"loss": 0.9691712260246277, "acc": 0.5310192704200745, "length": 3.403289556503296, "mode": "train", "epoch": 36}
{"loss": 0.9661097526550293, "acc": 0.5055960416793823, "length": 3.411745548248291, "mode": "test", "epoch": 36}
{"loss": 0.9287749528884888, "acc": 0.5446629524230957, "length": 3.413994073867798, "mode": "train", "epoch": 37}
{"loss": 0.9516208171844482, "acc": 0.5145496726036072, "length": 3.4148385524749756, "mode": "test", "epoch": 37}
{"loss": 0.9115221500396729, "acc": 0.551997721195221, "length": 3.415325880050659, "mode": "train", "epoch": 38}
{"loss": 0.9454039931297302, "acc": 0.5157706141471863, "length": 3.4124374389648438, "mode": "test", "epoch": 38}
{"loss": 0.896382212638855, "acc": 0.5565689206123352, "length": 3.4176998138427734, "mode": "train", "epoch": 39}
{"loss": 0.9246571063995361, "acc": 0.5222416520118713, "length": 3.421146869659424, "mode": "test", "epoch": 39}
{"loss": 0.8895308375358582, "acc": 0.5610710382461548, "length": 3.4235427379608154, "mode": "train", "epoch": 40}
{"loss": 0.9327713847160339, "acc": 0.523381233215332, "length": 3.432786703109741, "mode": "test", "epoch": 40}
{"loss": 0.8896706700325012, "acc": 0.5618849396705627, "length": 3.428229808807373, "mode": "train", "epoch": 41}
{"loss": 0.929616391658783, "acc": 0.5261487364768982, "length": 3.4212281703948975, "mode": "test", "epoch": 41}
{"loss": 0.8769857287406921, "acc": 0.56705242395401, "length": 3.4251832962036133, "mode": "train", "epoch": 42}
{"loss": 0.9363168478012085, "acc": 0.5253754258155823, "length": 3.422245740890503, "mode": "test", "epoch": 42}
{"loss": 0.8722259402275085, "acc": 0.5695978999137878, "length": 3.4275968074798584, "mode": "train", "epoch": 43}
{"loss": 0.924575686454773, "acc": 0.5255382657051086, "length": 3.4272923469543457, "mode": "test", "epoch": 43}
{"loss": 0.8688163757324219, "acc": 0.5724338293075562, "length": 3.428595781326294, "mode": "train", "epoch": 44}
{"loss": 0.9124995470046997, "acc": 0.530747652053833, "length": 3.4312400817871094, "mode": "test", "epoch": 44}
{"loss": 0.8694679737091064, "acc": 0.5748811364173889, "length": 3.4310970306396484, "mode": "train", "epoch": 45}
{"loss": 0.9074519872665405, "acc": 0.5305441617965698, "length": 3.431565761566162, "mode": "test", "epoch": 45}
{"loss": 0.8632262349128723, "acc": 0.5748109817504883, "length": 3.439148426055908, "mode": "train", "epoch": 46}
{"loss": 0.8876723051071167, "acc": 0.5427943468093872, "length": 3.4686012268066406, "mode": "test", "epoch": 46}
{"loss": 0.8310858011245728, "acc": 0.5918376445770264, "length": 3.4942712783813477, "mode": "train", "epoch": 47}
{"loss": 0.8623597025871277, "acc": 0.5554108619689941, "length": 3.505840301513672, "mode": "test", "epoch": 47}
{"loss": 0.8123324513435364, "acc": 0.5995981693267822, "length": 3.5254507064819336, "mode": "train", "epoch": 48}
{"loss": 0.85065096616745, "acc": 0.5572422742843628, "length": 3.529282569885254, "mode": "test", "epoch": 48}
{"loss": 0.8069126009941101, "acc": 0.604564368724823, "length": 3.530440330505371, "mode": "train", "epoch": 49}
{"loss": 0.8541221618652344, "acc": 0.5580155253410339, "length": 3.5272881984710693, "mode": "test", "epoch": 49}
{"loss": 0.7917813658714294, "acc": 0.6071593761444092, "length": 3.5307488441467285, "mode": "train", "epoch": 50}
{"loss": 0.8333617448806763, "acc": 0.5609051585197449, "length": 3.532904624938965, "mode": "test", "epoch": 50}
{"loss": 0.7858240008354187, "acc": 0.6116428971290588, "length": 3.5453834533691406, "mode": "train", "epoch": 51}
{"loss": 0.8419921398162842, "acc": 0.5600911378860474, "length": 3.5445444583892822, "mode": "test", "epoch": 51}
{"loss": 0.7954885959625244, "acc": 0.6093695759773254, "length": 3.545212745666504, "mode": "train", "epoch": 52}
{"loss": 0.8360721468925476, "acc": 0.5585853457450867, "length": 3.550934076309204, "mode": "test", "epoch": 52}
{"loss": 0.7758391499519348, "acc": 0.6180282831192017, "length": 3.5384418964385986, "mode": "train", "epoch": 53}
{"loss": 0.8334599733352661, "acc": 0.5594806671142578, "length": 3.5299336910247803, "mode": "test", "epoch": 53}
{"loss": 0.7819440960884094, "acc": 0.615337073802948, "length": 3.534943103790283, "mode": "train", "epoch": 54}
{"loss": 0.8482404947280884, "acc": 0.5572422742843628, "length": 3.5320498943328857, "mode": "test", "epoch": 54}
{"loss": 0.7772799134254456, "acc": 0.6179665327072144, "length": 3.545778751373291, "mode": "train", "epoch": 55}
{"loss": 0.8174178004264832, "acc": 0.569166898727417, "length": 3.5308289527893066, "mode": "test", "epoch": 55}
{"loss": 0.7699727416038513, "acc": 0.6195349097251892, "length": 3.5390994548797607, "mode": "train", "epoch": 56}
{"loss": 0.822696328163147, "acc": 0.566358745098114, "length": 3.5414512157440186, "mode": "test", "epoch": 56}
{"loss": 0.7672885060310364, "acc": 0.6243802905082703, "length": 3.5389437675476074, "mode": "train", "epoch": 57}
{"loss": 0.8304452300071716, "acc": 0.5650970935821533, "length": 3.531846523284912, "mode": "test", "epoch": 57}
{"loss": 0.7649856209754944, "acc": 0.628861665725708, "length": 3.5399250984191895, "mode": "train", "epoch": 58}
{"loss": 0.8245010375976562, "acc": 0.5723006725311279, "length": 3.543323516845703, "mode": "test", "epoch": 58}
{"loss": 0.7695375084877014, "acc": 0.6290583610534668, "length": 3.5593016147613525, "mode": "train", "epoch": 59}
{"loss": 0.8122973442077637, "acc": 0.5765740275382996, "length": 3.570021629333496, "mode": "test", "epoch": 59}
{"loss": 0.7474387288093567, "acc": 0.6344894766807556, "length": 3.5671746730804443, "mode": "train", "epoch": 60}
{"loss": 0.7990478277206421, "acc": 0.5784054398536682, "length": 3.5756380558013916, "mode": "test", "epoch": 60}
test accuracy: 0.49536585807800293
