# ["--data_set_name=dim[16, 16, 16]_dist10-0_scale10_upsampleTrue_balancedFalse.ds", "--n_epochs=60", "--batch_size=64", "--learning_rate=0.001", "--hidden_size=256", "--temperature=1.5", "--temp_update=0.99", "--length_cost=0.0", "--vocab_size_factor=3"]
data loaded from: ../zoo/intentional_game/data/dim[16, 16, 16]_dist10-0_scale10_upsampleTrue_balancedFalse.ds

opts
 Namespace(batch_size=64, checkpoint_dir=None, checkpoint_freq=0, cuda=True, data_set_name='dim[16, 16, 16]_dist10-0_scale10_upsampleTrue_balancedFalse.ds', device=device(type='cuda'), distributed_context=DistributedContext(is_distributed=False, rank=0, local_rank=0, world_size=1, mode='none'), distributed_port=18363, fp16=False, hidden_size=256, learning_rate=0.001, length_cost=0.0, load_from_checkpoint=None, lr=0.01, max_len=1, mode='gs', n_epochs=60, no_cuda=False, optimizer='adam', preemptable=False, random_seed=554914956, receiver_cell='gru', save_interaction_freq=0, sender_cell='gru', temp_update=0.99, temperature=1.5, tensorboard=False, tensorboard_dir='runs/', update_freq=1, validation_freq=1, vocab_size=10, vocab_size_factor=3)
{"loss": 2.1422321796417236, "acc": 0.127271369099617, "length": 2.8137035369873047, "mode": "train", "epoch": 1}
{"loss": 1.9798200130462646, "acc": 0.17459607124328613, "length": 3.2943713665008545, "mode": "test", "epoch": 1}
{"loss": 1.8092199563980103, "acc": 0.22241978347301483, "length": 3.3640196323394775, "mode": "train", "epoch": 2}
{"loss": 1.6983941793441772, "acc": 0.2609580457210541, "length": 3.505026340484619, "mode": "test", "epoch": 2}
{"loss": 1.5744094848632812, "acc": 0.29522207379341125, "length": 3.522542715072632, "mode": "train", "epoch": 3}
{"loss": 1.5403980016708374, "acc": 0.3130519688129425, "length": 3.5232183933258057, "mode": "test", "epoch": 3}
{"loss": 1.4715474843978882, "acc": 0.33315739035606384, "length": 3.5704314708709717, "mode": "train", "epoch": 4}
{"loss": 1.4525601863861084, "acc": 0.34601765871047974, "length": 3.5753531455993652, "mode": "test", "epoch": 4}
{"loss": 1.4030929803848267, "acc": 0.3633219301700592, "length": 3.588618278503418, "mode": "train", "epoch": 5}
{"loss": 1.3980534076690674, "acc": 0.36469823122024536, "length": 3.5936267375946045, "mode": "test", "epoch": 5}
{"loss": 1.3629264831542969, "acc": 0.38540199398994446, "length": 3.596625328063965, "mode": "train", "epoch": 6}
{"loss": 1.374886393547058, "acc": 0.3753204941749573, "length": 3.594888210296631, "mode": "test", "epoch": 6}
{"loss": 1.290063500404358, "acc": 0.4163791537284851, "length": 3.599172830581665, "mode": "train", "epoch": 7}
{"loss": 1.2605568170547485, "acc": 0.4321354329586029, "length": 3.5939929485321045, "mode": "test", "epoch": 7}
{"loss": 1.073310375213623, "acc": 0.4786686599254608, "length": 3.6126015186309814, "mode": "train", "epoch": 8}
{"loss": 1.0743436813354492, "acc": 0.4736884832382202, "length": 3.6273248195648193, "mode": "test", "epoch": 8}
{"loss": 1.0080901384353638, "acc": 0.4983116686344147, "length": 3.629270553588867, "mode": "train", "epoch": 9}
{"loss": 1.0355432033538818, "acc": 0.47922345995903015, "length": 3.6152782440185547, "mode": "test", "epoch": 9}
{"loss": 0.9842692613601685, "acc": 0.5078691840171814, "length": 3.6340172290802, "mode": "train", "epoch": 10}
{"loss": 1.0164556503295898, "acc": 0.4966423809528351, "length": 3.6381914615631104, "mode": "test", "epoch": 10}
{"loss": 0.9026710987091064, "acc": 0.5523027181625366, "length": 3.6612863540649414, "mode": "train", "epoch": 11}
{"loss": 0.9417338371276855, "acc": 0.5483293533325195, "length": 3.6768956184387207, "mode": "test", "epoch": 11}
{"loss": 0.7418270111083984, "acc": 0.6361070871353149, "length": 3.683823347091675, "mode": "train", "epoch": 12}
{"loss": 0.760354220867157, "acc": 0.6285458207130432, "length": 3.6929714679718018, "mode": "test", "epoch": 12}
{"loss": 0.6199375987052917, "acc": 0.6882087588310242, "length": 3.7086122035980225, "mode": "train", "epoch": 13}
{"loss": 0.7121312022209167, "acc": 0.6567498445510864, "length": 3.716535806655884, "mode": "test", "epoch": 13}
{"loss": 0.5735180377960205, "acc": 0.7115729451179504, "length": 3.7356860637664795, "mode": "train", "epoch": 14}
{"loss": 0.6606003642082214, "acc": 0.6791746616363525, "length": 3.743274688720703, "mode": "test", "epoch": 14}
{"loss": 0.5237326622009277, "acc": 0.7380148768424988, "length": 3.757157325744629, "mode": "train", "epoch": 15}
{"loss": 0.6586938500404358, "acc": 0.6937039494514465, "length": 3.7597575187683105, "mode": "test", "epoch": 15}
{"loss": 0.4799899458885193, "acc": 0.7560725808143616, "length": 3.7645668983459473, "mode": "train", "epoch": 16}
{"loss": 0.5807687640190125, "acc": 0.7134426832199097, "length": 3.752676010131836, "mode": "test", "epoch": 16}
{"loss": 0.45296287536621094, "acc": 0.7686261534690857, "length": 3.7659003734588623, "mode": "train", "epoch": 17}
{"loss": 0.5600947141647339, "acc": 0.7274429202079773, "length": 3.7627692222595215, "mode": "test", "epoch": 17}
{"loss": 0.43273189663887024, "acc": 0.7786223292350769, "length": 3.761502265930176, "mode": "train", "epoch": 18}
{"loss": 0.5206053853034973, "acc": 0.7458792924880981, "length": 3.7568678855895996, "mode": "test", "epoch": 18}
{"loss": 0.40822094678878784, "acc": 0.7934948205947876, "length": 3.7696151733398438, "mode": "train", "epoch": 19}
{"loss": 0.5065761804580688, "acc": 0.7566236853599548, "length": 3.777339220046997, "mode": "test", "epoch": 19}
{"loss": 0.40084731578826904, "acc": 0.7981958389282227, "length": 3.776977300643921, "mode": "train", "epoch": 20}
{"loss": 0.47827038168907166, "acc": 0.7641121745109558, "length": 3.759920120239258, "mode": "test", "epoch": 20}
{"loss": 0.3823148310184479, "acc": 0.8066261410713196, "length": 3.7770862579345703, "mode": "train", "epoch": 21}
{"loss": 0.47521325945854187, "acc": 0.7716413736343384, "length": 3.7728216648101807, "mode": "test", "epoch": 21}
{"loss": 0.36122754216194153, "acc": 0.819045901298523, "length": 3.774399995803833, "mode": "train", "epoch": 22}
{"loss": 0.4470459818840027, "acc": 0.7875137329101562, "length": 3.766594648361206, "mode": "test", "epoch": 22}
{"loss": 0.3386460244655609, "acc": 0.8301266431808472, "length": 3.7725706100463867, "mode": "train", "epoch": 23}
{"loss": 0.4253961741924286, "acc": 0.7983394861221313, "length": 3.772618055343628, "mode": "test", "epoch": 23}
{"loss": 0.33441150188446045, "acc": 0.8342180848121643, "length": 3.7754180431365967, "mode": "train", "epoch": 24}
{"loss": 0.41224047541618347, "acc": 0.8009849190711975, "length": 3.7725775241851807, "mode": "test", "epoch": 24}
{"loss": 0.3249019682407379, "acc": 0.8422995209693909, "length": 3.776827573776245, "mode": "train", "epoch": 25}
{"loss": 0.40521085262298584, "acc": 0.8074966669082642, "length": 3.771763563156128, "mode": "test", "epoch": 25}
{"loss": 0.29532918334007263, "acc": 0.8597325086593628, "length": 3.786184549331665, "mode": "train", "epoch": 26}
{"loss": 0.3685624301433563, "acc": 0.830979585647583, "length": 3.781205415725708, "mode": "test", "epoch": 26}
{"loss": 0.2631809413433075, "acc": 0.8753007054328918, "length": 3.801004648208618, "mode": "train", "epoch": 27}
{"loss": 0.36025699973106384, "acc": 0.837776243686676, "length": 3.8089210987091064, "mode": "test", "epoch": 27}
{"loss": 0.24807646870613098, "acc": 0.8835530877113342, "length": 3.8109352588653564, "mode": "train", "epoch": 28}
{"loss": 0.355548620223999, "acc": 0.8433926105499268, "length": 3.80863618850708, "mode": "test", "epoch": 28}
{"loss": 0.23937790095806122, "acc": 0.8882927894592285, "length": 3.813551425933838, "mode": "train", "epoch": 29}
{"loss": 0.3246864676475525, "acc": 0.855317234992981, "length": 3.8081884384155273, "mode": "test", "epoch": 29}
{"loss": 0.21898338198661804, "acc": 0.8995628356933594, "length": 3.8106014728546143, "mode": "train", "epoch": 30}
{"loss": 0.3128805458545685, "acc": 0.8631313443183899, "length": 3.8039557933807373, "mode": "test", "epoch": 30}
{"loss": 0.21004025638103485, "acc": 0.9039995074272156, "length": 3.812985897064209, "mode": "train", "epoch": 31}
{"loss": 0.3106115460395813, "acc": 0.8662651181221008, "length": 3.8200724124908447, "mode": "test", "epoch": 31}
{"loss": 0.2063700407743454, "acc": 0.9063754081726074, "length": 3.817189931869507, "mode": "train", "epoch": 32}
{"loss": 0.28726038336753845, "acc": 0.8742420077323914, "length": 3.816816568374634, "mode": "test", "epoch": 32}
{"loss": 0.18843494355678558, "acc": 0.9133662581443787, "length": 3.815328598022461, "mode": "train", "epoch": 33}
{"loss": 0.2905578315258026, "acc": 0.8750152587890625, "length": 3.8113629817962646, "mode": "test", "epoch": 33}
{"loss": 0.18183621764183044, "acc": 0.916760265827179, "length": 3.820472240447998, "mode": "train", "epoch": 34}
{"loss": 0.2809799909591675, "acc": 0.8780269622802734, "length": 3.813723564147949, "mode": "test", "epoch": 34}
{"loss": 0.18499533832073212, "acc": 0.9169529676437378, "length": 3.8249552249908447, "mode": "train", "epoch": 35}
{"loss": 0.27886879444122314, "acc": 0.8808351159095764, "length": 3.8205201625823975, "mode": "test", "epoch": 35}
{"loss": 0.1808389574289322, "acc": 0.9196900725364685, "length": 3.8271827697753906, "mode": "train", "epoch": 36}
{"loss": 0.26348841190338135, "acc": 0.8871433734893799, "length": 3.8247528076171875, "mode": "test", "epoch": 36}
{"loss": 0.17273101210594177, "acc": 0.9227635264396667, "length": 3.8282477855682373, "mode": "train", "epoch": 37}
{"loss": 0.2691936194896698, "acc": 0.8868178129196167, "length": 3.8308982849121094, "mode": "test", "epoch": 37}
{"loss": 0.17373879253864288, "acc": 0.9240505695343018, "length": 3.8295345306396484, "mode": "train", "epoch": 38}
{"loss": 0.2755706012248993, "acc": 0.8873468637466431, "length": 3.832404136657715, "mode": "test", "epoch": 38}
{"loss": 0.16759955883026123, "acc": 0.9308379292488098, "length": 3.8358170986175537, "mode": "train", "epoch": 39}
{"loss": 0.28532442450523376, "acc": 0.8894631862640381, "length": 3.8308167457580566, "mode": "test", "epoch": 39}
{"loss": 0.15433524549007416, "acc": 0.9345973134040833, "length": 3.8445632457733154, "mode": "train", "epoch": 40}
{"loss": 0.2634001076221466, "acc": 0.8992307782173157, "length": 3.8510847091674805, "mode": "test", "epoch": 40}
{"loss": 0.1544216424226761, "acc": 0.9371483325958252, "length": 3.8523895740509033, "mode": "train", "epoch": 41}
{"loss": 0.22373798489570618, "acc": 0.9128647446632385, "length": 3.8464856147766113, "mode": "test", "epoch": 41}
{"loss": 0.13314494490623474, "acc": 0.9448305368423462, "length": 3.8546535968780518, "mode": "train", "epoch": 42}
{"loss": 0.22638371586799622, "acc": 0.9116030931472778, "length": 3.8485612869262695, "mode": "test", "epoch": 42}
{"loss": 0.13914208114147186, "acc": 0.94388747215271, "length": 3.8545920848846436, "mode": "train", "epoch": 43}
{"loss": 0.2253984808921814, "acc": 0.9154694676399231, "length": 3.849578857421875, "mode": "test", "epoch": 43}
{"loss": 0.12988883256912231, "acc": 0.9479971528053284, "length": 3.854297399520874, "mode": "train", "epoch": 44}
{"loss": 0.22000651061534882, "acc": 0.9180334806442261, "length": 3.8460381031036377, "mode": "test", "epoch": 44}
{"loss": 0.12469390779733658, "acc": 0.9505228996276855, "length": 3.854524612426758, "mode": "train", "epoch": 45}
{"loss": 0.18874764442443848, "acc": 0.9272313117980957, "length": 3.859346389770508, "mode": "test", "epoch": 45}
{"loss": 0.1113271564245224, "acc": 0.9558041095733643, "length": 3.861602783203125, "mode": "train", "epoch": 46}
{"loss": 0.19274893403053284, "acc": 0.9285336136817932, "length": 3.8621952533721924, "mode": "test", "epoch": 46}
{"loss": 0.11161938309669495, "acc": 0.9558765292167664, "length": 3.8629064559936523, "mode": "train", "epoch": 47}
{"loss": 0.1755639761686325, "acc": 0.9323999881744385, "length": 3.8654918670654297, "mode": "test", "epoch": 47}
{"loss": 0.10901132225990295, "acc": 0.9575672149658203, "length": 3.8580193519592285, "mode": "train", "epoch": 48}
{"loss": 0.18647974729537964, "acc": 0.9293882846832275, "length": 3.857433557510376, "mode": "test", "epoch": 48}
{"loss": 0.11106593906879425, "acc": 0.956415057182312, "length": 3.863060235977173, "mode": "train", "epoch": 49}
{"loss": 0.16479255259037018, "acc": 0.9372023940086365, "length": 3.8643929958343506, "mode": "test", "epoch": 49}
{"loss": 0.10882517695426941, "acc": 0.9580179452896118, "length": 3.8636810779571533, "mode": "train", "epoch": 50}
{"loss": 0.23745183646678925, "acc": 0.9208823442459106, "length": 3.858410358428955, "mode": "test", "epoch": 50}
{"loss": 0.10303018242120743, "acc": 0.9607857465744019, "length": 3.865025758743286, "mode": "train", "epoch": 51}
{"loss": 0.1571277230978012, "acc": 0.9405396580696106, "length": 3.863334894180298, "mode": "test", "epoch": 51}
{"loss": 0.0950883999466896, "acc": 0.9625846147537231, "length": 3.8677544593811035, "mode": "train", "epoch": 52}
{"loss": 0.15681545436382294, "acc": 0.9385454654693604, "length": 3.869276762008667, "mode": "test", "epoch": 52}
{"loss": 0.09488866478204727, "acc": 0.9627281427383423, "length": 3.873715877532959, "mode": "train", "epoch": 53}
{"loss": 0.1687663495540619, "acc": 0.9372838139533997, "length": 3.8685848712921143, "mode": "test", "epoch": 53}
{"loss": 0.09972227364778519, "acc": 0.9614543914794922, "length": 3.8753833770751953, "mode": "train", "epoch": 54}
{"loss": 0.154018372297287, "acc": 0.9407431483268738, "length": 3.877742052078247, "mode": "test", "epoch": 54}
{"loss": 0.08888407051563263, "acc": 0.9651288390159607, "length": 3.8751885890960693, "mode": "train", "epoch": 55}
{"loss": 0.16044369339942932, "acc": 0.9404175877571106, "length": 3.8696024417877197, "mode": "test", "epoch": 55}
{"loss": 0.0935610756278038, "acc": 0.9644149541854858, "length": 3.8744006156921387, "mode": "train", "epoch": 56}
{"loss": 0.1554955244064331, "acc": 0.9402547478675842, "length": 3.872532606124878, "mode": "test", "epoch": 56}
{"loss": 0.09300098568201065, "acc": 0.9645887613296509, "length": 3.8721983432769775, "mode": "train", "epoch": 57}
{"loss": 0.17540064454078674, "acc": 0.9367547035217285, "length": 3.8743233680725098, "mode": "test", "epoch": 57}
{"loss": 0.09598437696695328, "acc": 0.9640038013458252, "length": 3.876516580581665, "mode": "train", "epoch": 58}
{"loss": 0.16044458746910095, "acc": 0.9407838582992554, "length": 3.878840923309326, "mode": "test", "epoch": 58}
{"loss": 0.08826116472482681, "acc": 0.9657489657402039, "length": 3.875098466873169, "mode": "train", "epoch": 59}
{"loss": 0.15317438542842865, "acc": 0.9411501288414001, "length": 3.8713932037353516, "mode": "test", "epoch": 59}
{"loss": 0.09590748697519302, "acc": 0.964022159576416, "length": 3.868647336959839, "mode": "train", "epoch": 60}
{"loss": 0.16299813985824585, "acc": 0.9422082901000977, "length": 3.8716373443603516, "mode": "test", "epoch": 60}
test accuracy: 0.9183740019798279
