# ["--data_set_name=dim[16, 16, 16]_dist10-0_scale10_upsampleTrue_balancedFalse.ds", "--n_epochs=60", "--batch_size=128", "--learning_rate=0.0005", "--hidden_size=128", "--temperature=1.5", "--temp_update=0.97", "--length_cost=0.0", "--vocab_size_factor=3"]
data loaded from: ../zoo/intentional_game/data/dim[16, 16, 16]_dist10-0_scale10_upsampleTrue_balancedFalse.ds

opts
 Namespace(batch_size=128, checkpoint_dir=None, checkpoint_freq=0, cuda=True, data_set_name='dim[16, 16, 16]_dist10-0_scale10_upsampleTrue_balancedFalse.ds', device=device(type='cuda'), distributed_context=DistributedContext(is_distributed=False, rank=0, local_rank=0, world_size=1, mode='none'), distributed_port=18363, fp16=False, hidden_size=128, learning_rate=0.0005, length_cost=0.0, load_from_checkpoint=None, lr=0.01, max_len=1, mode='gs', n_epochs=60, no_cuda=False, optimizer='adam', preemptable=False, random_seed=1142222747, receiver_cell='gru', save_interaction_freq=0, sender_cell='gru', temp_update=0.97, temperature=1.5, tensorboard=False, tensorboard_dir='runs/', update_freq=1, validation_freq=1, vocab_size=10, vocab_size_factor=3)
{"loss": 2.324978828430176, "acc": 0.08240851014852524, "length": 2.8687961101531982, "mode": "train", "epoch": 1}
{"loss": 2.222158908843994, "acc": 0.0940132662653923, "length": 2.9085915088653564, "mode": "test", "epoch": 1}
{"loss": 2.059513807296753, "acc": 0.1465219110250473, "length": 3.1961865425109863, "mode": "train", "epoch": 2}
{"loss": 1.988872766494751, "acc": 0.15685157477855682, "length": 3.253103256225586, "mode": "test", "epoch": 2}
{"loss": 1.9763567447662354, "acc": 0.16747963428497314, "length": 3.249602794647217, "mode": "train", "epoch": 3}
{"loss": 2.0131306648254395, "acc": 0.15514224767684937, "length": 3.253103256225586, "mode": "test", "epoch": 3}
{"loss": 1.9554753303527832, "acc": 0.17999756336212158, "length": 3.2496421337127686, "mode": "train", "epoch": 4}
{"loss": 1.9659130573272705, "acc": 0.17431117594242096, "length": 3.252411365509033, "mode": "test", "epoch": 4}
{"loss": 1.9181900024414062, "acc": 0.19874659180641174, "length": 3.2499313354492188, "mode": "train", "epoch": 5}
{"loss": 1.928349256515503, "acc": 0.19254405796527863, "length": 3.255992889404297, "mode": "test", "epoch": 5}
{"loss": 1.8730103969573975, "acc": 0.2131931334733963, "length": 3.2498137950897217, "mode": "train", "epoch": 6}
{"loss": 1.8953633308410645, "acc": 0.2071140706539154, "length": 3.253103256225586, "mode": "test", "epoch": 6}
{"loss": 1.8350300788879395, "acc": 0.22199168801307678, "length": 3.2497246265411377, "mode": "train", "epoch": 7}
{"loss": 1.8259022235870361, "acc": 0.2179398536682129, "length": 3.253103256225586, "mode": "test", "epoch": 7}
{"loss": 1.8122942447662354, "acc": 0.22702594101428986, "length": 3.249950885772705, "mode": "train", "epoch": 8}
{"loss": 1.8299931287765503, "acc": 0.21582353115081787, "length": 3.253103256225586, "mode": "test", "epoch": 8}
{"loss": 1.7957513332366943, "acc": 0.23524707555770874, "length": 3.2496955394744873, "mode": "train", "epoch": 9}
{"loss": 1.7921411991119385, "acc": 0.23255056142807007, "length": 3.253103256225586, "mode": "test", "epoch": 9}
{"loss": 1.7803196907043457, "acc": 0.24269703030586243, "length": 3.2496912479400635, "mode": "train", "epoch": 10}
{"loss": 1.7797057628631592, "acc": 0.24077163636684418, "length": 3.253103256225586, "mode": "test", "epoch": 10}
{"loss": 1.7722054719924927, "acc": 0.24542026221752167, "length": 3.249703884124756, "mode": "train", "epoch": 11}
{"loss": 1.7770570516586304, "acc": 0.24138212203979492, "length": 3.253103256225586, "mode": "test", "epoch": 11}
{"loss": 1.6921069622039795, "acc": 0.2702013850212097, "length": 3.249760866165161, "mode": "train", "epoch": 12}
{"loss": 1.6649225950241089, "acc": 0.26860934495925903, "length": 3.253103256225586, "mode": "test", "epoch": 12}
{"loss": 1.6521388292312622, "acc": 0.27702370285987854, "length": 3.2496864795684814, "mode": "train", "epoch": 13}
{"loss": 1.6511731147766113, "acc": 0.2690163254737854, "length": 3.253103256225586, "mode": "test", "epoch": 13}
{"loss": 1.6509920358657837, "acc": 0.2782360911369324, "length": 3.249612808227539, "mode": "train", "epoch": 14}
{"loss": 1.664273738861084, "acc": 0.2690163254737854, "length": 3.253103256225586, "mode": "test", "epoch": 14}
{"loss": 1.6447675228118896, "acc": 0.27920565009117126, "length": 3.2496798038482666, "mode": "train", "epoch": 15}
{"loss": 1.6505959033966064, "acc": 0.26954540610313416, "length": 3.253103256225586, "mode": "test", "epoch": 15}
{"loss": 1.6397719383239746, "acc": 0.2816811800003052, "length": 3.2497103214263916, "mode": "train", "epoch": 16}
{"loss": 1.6442478895187378, "acc": 0.27581295371055603, "length": 3.253103256225586, "mode": "test", "epoch": 16}
{"loss": 1.6378170251846313, "acc": 0.28548794984817505, "length": 3.249659538269043, "mode": "train", "epoch": 17}
{"loss": 1.642909288406372, "acc": 0.2752838730812073, "length": 3.253103256225586, "mode": "test", "epoch": 17}
{"loss": 1.6309255361557007, "acc": 0.28817281126976013, "length": 3.249690294265747, "mode": "train", "epoch": 18}
{"loss": 1.637137770652771, "acc": 0.27943509817123413, "length": 3.253103256225586, "mode": "test", "epoch": 18}
{"loss": 1.6343722343444824, "acc": 0.2886684834957123, "length": 3.249377727508545, "mode": "train", "epoch": 19}
{"loss": 1.6548975706100464, "acc": 0.2764641344547272, "length": 3.252981185913086, "mode": "test", "epoch": 19}
{"loss": 1.6091704368591309, "acc": 0.29898470640182495, "length": 3.249777317047119, "mode": "train", "epoch": 20}
{"loss": 1.5930737257003784, "acc": 0.29437142610549927, "length": 3.253103256225586, "mode": "test", "epoch": 20}
{"loss": 1.5781947374343872, "acc": 0.3047114908695221, "length": 3.249692916870117, "mode": "train", "epoch": 21}
{"loss": 1.5842232704162598, "acc": 0.29799357056617737, "length": 3.253103256225586, "mode": "test", "epoch": 21}
{"loss": 1.5691841840744019, "acc": 0.3080688714981079, "length": 3.249720573425293, "mode": "train", "epoch": 22}
{"loss": 1.5788254737854004, "acc": 0.2990517318248749, "length": 3.253103256225586, "mode": "test", "epoch": 22}
{"loss": 1.5645946264266968, "acc": 0.3109799325466156, "length": 3.249687671661377, "mode": "train", "epoch": 23}
{"loss": 1.575218677520752, "acc": 0.29616212844848633, "length": 3.253103256225586, "mode": "test", "epoch": 23}
{"loss": 1.5584228038787842, "acc": 0.31196674704551697, "length": 3.2496066093444824, "mode": "train", "epoch": 24}
{"loss": 1.569443941116333, "acc": 0.2979121804237366, "length": 3.2526962757110596, "mode": "test", "epoch": 24}
{"loss": 1.5575861930847168, "acc": 0.3113425374031067, "length": 3.2496893405914307, "mode": "train", "epoch": 25}
{"loss": 1.5674155950546265, "acc": 0.2987668514251709, "length": 3.253103256225586, "mode": "test", "epoch": 25}
{"loss": 1.561409592628479, "acc": 0.31153634190559387, "length": 3.249453544616699, "mode": "train", "epoch": 26}
{"loss": 1.565426230430603, "acc": 0.2988482415676117, "length": 3.253103256225586, "mode": "test", "epoch": 26}
{"loss": 1.547926902770996, "acc": 0.3142758011817932, "length": 3.2496798038482666, "mode": "train", "epoch": 27}
{"loss": 1.5612332820892334, "acc": 0.30055755376815796, "length": 3.253103256225586, "mode": "test", "epoch": 27}
{"loss": 1.5461970567703247, "acc": 0.313774049282074, "length": 3.2497048377990723, "mode": "train", "epoch": 28}
{"loss": 1.5543744564056396, "acc": 0.3038541376590729, "length": 3.253103256225586, "mode": "test", "epoch": 28}
{"loss": 1.543316125869751, "acc": 0.3166520297527313, "length": 3.2496654987335205, "mode": "train", "epoch": 29}
{"loss": 1.5525410175323486, "acc": 0.3010866343975067, "length": 3.253103256225586, "mode": "test", "epoch": 29}
{"loss": 1.5404901504516602, "acc": 0.3182641565799713, "length": 3.2496838569641113, "mode": "train", "epoch": 30}
{"loss": 1.5500181913375854, "acc": 0.30312156677246094, "length": 3.253103256225586, "mode": "test", "epoch": 30}
{"loss": 1.54127037525177, "acc": 0.3160897195339203, "length": 3.249884605407715, "mode": "train", "epoch": 31}
{"loss": 1.5467188358306885, "acc": 0.3059704601764679, "length": 3.2520856857299805, "mode": "test", "epoch": 31}
{"loss": 1.5332475900650024, "acc": 0.31923744082450867, "length": 3.249687433242798, "mode": "train", "epoch": 32}
{"loss": 1.5398342609405518, "acc": 0.30552276968955994, "length": 3.253103256225586, "mode": "test", "epoch": 32}
{"loss": 1.5276576280593872, "acc": 0.31896719336509705, "length": 3.2496819496154785, "mode": "train", "epoch": 33}
{"loss": 1.5406465530395508, "acc": 0.30295878648757935, "length": 3.253103256225586, "mode": "test", "epoch": 33}
{"loss": 1.5309406518936157, "acc": 0.32081112265586853, "length": 3.2500720024108887, "mode": "train", "epoch": 34}
{"loss": 1.542218565940857, "acc": 0.30422040820121765, "length": 3.253103256225586, "mode": "test", "epoch": 34}
{"loss": 1.5224357843399048, "acc": 0.3218420743942261, "length": 3.2496964931488037, "mode": "train", "epoch": 35}
{"loss": 1.53996741771698, "acc": 0.3071100115776062, "length": 3.253103256225586, "mode": "test", "epoch": 35}
{"loss": 1.5253998041152954, "acc": 0.320791095495224, "length": 3.251173496246338, "mode": "train", "epoch": 36}
{"loss": 1.5354764461517334, "acc": 0.30983680486679077, "length": 3.253103256225586, "mode": "test", "epoch": 36}
{"loss": 1.5240020751953125, "acc": 0.3228619694709778, "length": 3.2496917247772217, "mode": "train", "epoch": 37}
{"loss": 1.5357803106307983, "acc": 0.3080867826938629, "length": 3.253103256225586, "mode": "test", "epoch": 37}
{"loss": 1.521480679512024, "acc": 0.3225522041320801, "length": 3.249671459197998, "mode": "train", "epoch": 38}
{"loss": 1.5788459777832031, "acc": 0.3025110960006714, "length": 3.253103256225586, "mode": "test", "epoch": 38}
{"loss": 1.5231863260269165, "acc": 0.32198238372802734, "length": 3.249699831008911, "mode": "train", "epoch": 39}
{"loss": 1.5331333875656128, "acc": 0.30637744069099426, "length": 3.253103256225586, "mode": "test", "epoch": 39}
{"loss": 1.519418716430664, "acc": 0.32567229866981506, "length": 3.2513177394866943, "mode": "train", "epoch": 40}
{"loss": 1.5311729907989502, "acc": 0.30890074372291565, "length": 3.252411365509033, "mode": "test", "epoch": 40}
{"loss": 1.522058367729187, "acc": 0.32335254549980164, "length": 3.2496628761291504, "mode": "train", "epoch": 41}
{"loss": 1.5381369590759277, "acc": 0.2997435927391052, "length": 3.2531440258026123, "mode": "test", "epoch": 41}
{"loss": 1.51888108253479, "acc": 0.3260195255279541, "length": 3.2498273849487305, "mode": "train", "epoch": 42}
{"loss": 1.5274184942245483, "acc": 0.3049122989177704, "length": 3.253103256225586, "mode": "test", "epoch": 42}
{"loss": 1.5180103778839111, "acc": 0.3249167799949646, "length": 3.2497358322143555, "mode": "train", "epoch": 43}
{"loss": 1.5253777503967285, "acc": 0.31028449535369873, "length": 3.253103256225586, "mode": "test", "epoch": 43}
{"loss": 1.5128138065338135, "acc": 0.32738497853279114, "length": 3.249601125717163, "mode": "train", "epoch": 44}
{"loss": 1.5273792743682861, "acc": 0.30873793363571167, "length": 3.253103256225586, "mode": "test", "epoch": 44}
{"loss": 1.5129035711288452, "acc": 0.32926779985427856, "length": 3.2496845722198486, "mode": "train", "epoch": 45}
{"loss": 1.522979497909546, "acc": 0.3096739947795868, "length": 3.253103256225586, "mode": "test", "epoch": 45}
{"loss": 1.5173660516738892, "acc": 0.3270232677459717, "length": 3.2495713233947754, "mode": "train", "epoch": 46}
{"loss": 1.5217959880828857, "acc": 0.31126123666763306, "length": 3.253103256225586, "mode": "test", "epoch": 46}
{"loss": 1.513101577758789, "acc": 0.32768046855926514, "length": 3.2496721744537354, "mode": "train", "epoch": 47}
{"loss": 1.5217618942260742, "acc": 0.30772048234939575, "length": 3.253103256225586, "mode": "test", "epoch": 47}
{"loss": 1.508254885673523, "acc": 0.32864370942115784, "length": 3.2496845722198486, "mode": "train", "epoch": 48}
{"loss": 1.5212771892547607, "acc": 0.30910423398017883, "length": 3.253103256225586, "mode": "test", "epoch": 48}
{"loss": 1.5289995670318604, "acc": 0.32518211007118225, "length": 3.2595155239105225, "mode": "train", "epoch": 49}
{"loss": 1.7796385288238525, "acc": 0.27442920207977295, "length": 3.279191017150879, "mode": "test", "epoch": 49}
{"loss": 1.5209404230117798, "acc": 0.3273836076259613, "length": 3.2513887882232666, "mode": "train", "epoch": 50}
{"loss": 1.52037513256073, "acc": 0.3121972978115082, "length": 3.2531845569610596, "mode": "test", "epoch": 50}
{"loss": 1.5091325044631958, "acc": 0.3303583562374115, "length": 3.2508153915405273, "mode": "train", "epoch": 51}
{"loss": 1.5229089260101318, "acc": 0.31374382972717285, "length": 3.253103256225586, "mode": "test", "epoch": 51}
{"loss": 1.5165525674819946, "acc": 0.3321373760700226, "length": 3.249842882156372, "mode": "train", "epoch": 52}
{"loss": 1.5207746028900146, "acc": 0.31590086221694946, "length": 3.253103256225586, "mode": "test", "epoch": 52}
{"loss": 1.5078421831130981, "acc": 0.33052051067352295, "length": 3.249807834625244, "mode": "train", "epoch": 53}
{"loss": 1.5192182064056396, "acc": 0.31504619121551514, "length": 3.253103256225586, "mode": "test", "epoch": 53}
{"loss": 1.5052073001861572, "acc": 0.33217108249664307, "length": 3.249702215194702, "mode": "train", "epoch": 54}
{"loss": 1.5195724964141846, "acc": 0.311708927154541, "length": 3.253103256225586, "mode": "test", "epoch": 54}
{"loss": 1.504577398300171, "acc": 0.3338138163089752, "length": 3.2498574256896973, "mode": "train", "epoch": 55}
{"loss": 1.5187537670135498, "acc": 0.3145985007286072, "length": 3.2530624866485596, "mode": "test", "epoch": 55}
{"loss": 1.5028817653656006, "acc": 0.3355322480201721, "length": 3.2501134872436523, "mode": "train", "epoch": 56}
{"loss": 1.5159939527511597, "acc": 0.31581947207450867, "length": 3.2531845569610596, "mode": "test", "epoch": 56}
{"loss": 1.5004984140396118, "acc": 0.3365391194820404, "length": 3.2495992183685303, "mode": "train", "epoch": 57}
{"loss": 1.5194753408432007, "acc": 0.31146472692489624, "length": 3.253103256225586, "mode": "test", "epoch": 57}
{"loss": 1.5022032260894775, "acc": 0.3338063359260559, "length": 3.2496917247772217, "mode": "train", "epoch": 58}
{"loss": 1.5197356939315796, "acc": 0.31272637844085693, "length": 3.253103256225586, "mode": "test", "epoch": 58}
{"loss": 1.4991964101791382, "acc": 0.334572434425354, "length": 3.24967098236084, "mode": "train", "epoch": 59}
{"loss": 1.5131248235702515, "acc": 0.31508690118789673, "length": 3.253103256225586, "mode": "test", "epoch": 59}
{"loss": 1.495156168937683, "acc": 0.3362954258918762, "length": 3.24967098236084, "mode": "train", "epoch": 60}
{"loss": 1.5115878582000732, "acc": 0.3168369233608246, "length": 3.253103256225586, "mode": "test", "epoch": 60}
test accuracy: 0.27073171734809875
