# ["--data_set_name=dim[16, 16, 16]_dist10-0_scale10_upsampleTrue_balancedFalse.ds", "--n_epochs=60", "--batch_size=128", "--learning_rate=0.0005", "--hidden_size=128", "--temperature=1.5", "--temp_update=0.99", "--length_cost=0.0", "--vocab_size_factor=3"]
data loaded from: ../zoo/intentional_game/data/dim[16, 16, 16]_dist10-0_scale10_upsampleTrue_balancedFalse.ds

opts
 Namespace(batch_size=128, checkpoint_dir=None, checkpoint_freq=0, cuda=True, data_set_name='dim[16, 16, 16]_dist10-0_scale10_upsampleTrue_balancedFalse.ds', device=device(type='cuda'), distributed_context=DistributedContext(is_distributed=False, rank=0, local_rank=0, world_size=1, mode='none'), distributed_port=18363, fp16=False, hidden_size=128, learning_rate=0.0005, length_cost=0.0, load_from_checkpoint=None, lr=0.01, max_len=1, mode='gs', n_epochs=60, no_cuda=False, optimizer='adam', preemptable=False, random_seed=2098923248, receiver_cell='gru', save_interaction_freq=0, sender_cell='gru', temp_update=0.99, temperature=1.5, tensorboard=False, tensorboard_dir='runs/', update_freq=1, validation_freq=1, vocab_size=10, vocab_size_factor=3)
{"loss": 2.3259613513946533, "acc": 0.0810728371143341, "length": 2.888345956802368, "mode": "train", "epoch": 1}
{"loss": 2.2376186847686768, "acc": 0.08660615980625153, "length": 3.0110700130462646, "mode": "test", "epoch": 1}
{"loss": 2.076873779296875, "acc": 0.14361408352851868, "length": 3.2490756511688232, "mode": "train", "epoch": 2}
{"loss": 2.005962371826172, "acc": 0.1582760214805603, "length": 3.220829486846924, "mode": "test", "epoch": 2}
{"loss": 1.982462763786316, "acc": 0.16986215114593506, "length": 3.2285478115081787, "mode": "train", "epoch": 3}
{"loss": 1.9704207181930542, "acc": 0.17068901658058167, "length": 3.220951557159424, "mode": "test", "epoch": 3}
{"loss": 1.9582017660140991, "acc": 0.17900368571281433, "length": 3.228825569152832, "mode": "train", "epoch": 4}
{"loss": 1.9631375074386597, "acc": 0.17882870137691498, "length": 3.220951557159424, "mode": "test", "epoch": 4}
{"loss": 1.9413261413574219, "acc": 0.18662410974502563, "length": 3.2289671897888184, "mode": "train", "epoch": 5}
{"loss": 1.9405901432037354, "acc": 0.18436367809772491, "length": 3.220951557159424, "mode": "test", "epoch": 5}
{"loss": 1.9177614450454712, "acc": 0.19545438885688782, "length": 3.2286386489868164, "mode": "train", "epoch": 6}
{"loss": 1.9174580574035645, "acc": 0.19478246569633484, "length": 3.220951557159424, "mode": "test", "epoch": 6}
{"loss": 1.8966012001037598, "acc": 0.20518210530281067, "length": 3.228635787963867, "mode": "train", "epoch": 7}
{"loss": 1.9010753631591797, "acc": 0.20320703089237213, "length": 3.22123646736145, "mode": "test", "epoch": 7}
{"loss": 1.8819146156311035, "acc": 0.21082797646522522, "length": 3.228623151779175, "mode": "train", "epoch": 8}
{"loss": 1.8927271366119385, "acc": 0.20398029685020447, "length": 3.220951557159424, "mode": "test", "epoch": 8}
{"loss": 1.869296669960022, "acc": 0.21546584367752075, "length": 3.2287564277648926, "mode": "train", "epoch": 9}
{"loss": 1.8676151037216187, "acc": 0.21268975734710693, "length": 3.220951557159424, "mode": "test", "epoch": 9}
{"loss": 1.8511788845062256, "acc": 0.221359521150589, "length": 3.2286086082458496, "mode": "train", "epoch": 10}
{"loss": 1.8567113876342773, "acc": 0.21610842645168304, "length": 3.220951557159424, "mode": "test", "epoch": 10}
{"loss": 1.8392902612686157, "acc": 0.22726896405220032, "length": 3.228621482849121, "mode": "train", "epoch": 11}
{"loss": 1.847330093383789, "acc": 0.22062593698501587, "length": 3.220951557159424, "mode": "test", "epoch": 11}
{"loss": 1.8019379377365112, "acc": 0.24078834056854248, "length": 3.2285542488098145, "mode": "train", "epoch": 12}
{"loss": 1.7858505249023438, "acc": 0.24138212203979492, "length": 3.220951557159424, "mode": "test", "epoch": 12}
{"loss": 1.7277768850326538, "acc": 0.2674470543861389, "length": 3.2286601066589355, "mode": "train", "epoch": 13}
{"loss": 1.7395470142364502, "acc": 0.257173091173172, "length": 3.220951557159424, "mode": "test", "epoch": 13}
{"loss": 1.6626461744308472, "acc": 0.28392696380615234, "length": 3.2288284301757812, "mode": "train", "epoch": 14}
{"loss": 1.6722261905670166, "acc": 0.26624882221221924, "length": 3.220951557159424, "mode": "test", "epoch": 14}
{"loss": 1.618018627166748, "acc": 0.2921195924282074, "length": 3.228590965270996, "mode": "train", "epoch": 15}
{"loss": 1.6399471759796143, "acc": 0.27072563767433167, "length": 3.220951557159424, "mode": "test", "epoch": 15}
{"loss": 1.600115418434143, "acc": 0.2951901853084564, "length": 3.2286038398742676, "mode": "train", "epoch": 16}
{"loss": 1.6241273880004883, "acc": 0.2799641788005829, "length": 3.220951557159424, "mode": "test", "epoch": 16}
{"loss": 1.5841938257217407, "acc": 0.3064914345741272, "length": 3.2287042140960693, "mode": "train", "epoch": 17}
{"loss": 1.6012985706329346, "acc": 0.2942086160182953, "length": 3.220951557159424, "mode": "test", "epoch": 17}
{"loss": 1.5535112619400024, "acc": 0.3173593580722809, "length": 3.228520154953003, "mode": "train", "epoch": 18}
{"loss": 1.5663617849349976, "acc": 0.302388995885849, "length": 3.220951557159424, "mode": "test", "epoch": 18}
{"loss": 1.5248841047286987, "acc": 0.328152596950531, "length": 3.228580951690674, "mode": "train", "epoch": 19}
{"loss": 1.593628168106079, "acc": 0.3012494444847107, "length": 3.220951557159424, "mode": "test", "epoch": 19}
{"loss": 1.5171291828155518, "acc": 0.331892728805542, "length": 3.2285735607147217, "mode": "train", "epoch": 20}
{"loss": 1.5375754833221436, "acc": 0.31040656566619873, "length": 3.220951557159424, "mode": "test", "epoch": 20}
{"loss": 1.4944416284561157, "acc": 0.3420272767543793, "length": 3.228694200515747, "mode": "train", "epoch": 21}
{"loss": 1.5191187858581543, "acc": 0.32066255807876587, "length": 3.220951557159424, "mode": "test", "epoch": 21}
{"loss": 1.4792534112930298, "acc": 0.34878283739089966, "length": 3.228377103805542, "mode": "train", "epoch": 22}
{"loss": 1.5013402700424194, "acc": 0.3273371160030365, "length": 3.220951557159424, "mode": "test", "epoch": 22}
{"loss": 1.4648929834365845, "acc": 0.35388514399528503, "length": 3.2287793159484863, "mode": "train", "epoch": 23}
{"loss": 1.4984339475631714, "acc": 0.32766270637512207, "length": 3.220951557159424, "mode": "test", "epoch": 23}
{"loss": 1.4455938339233398, "acc": 0.3629625737667084, "length": 3.229154586791992, "mode": "train", "epoch": 24}
{"loss": 1.4822677373886108, "acc": 0.3334011733531952, "length": 3.220951557159424, "mode": "test", "epoch": 24}
{"loss": 1.4332748651504517, "acc": 0.36838337779045105, "length": 3.2290539741516113, "mode": "train", "epoch": 25}
{"loss": 1.462789535522461, "acc": 0.3430466949939728, "length": 3.220951557159424, "mode": "test", "epoch": 25}
{"loss": 1.4176607131958008, "acc": 0.3764309883117676, "length": 3.2354538440704346, "mode": "train", "epoch": 26}
{"loss": 1.4558266401290894, "acc": 0.34479671716690063, "length": 3.2257540225982666, "mode": "test", "epoch": 26}
{"loss": 1.3951420783996582, "acc": 0.38571590185165405, "length": 3.253227710723877, "mode": "train", "epoch": 27}
{"loss": 1.4442003965377808, "acc": 0.3572504222393036, "length": 3.229457378387451, "mode": "test", "epoch": 27}
{"loss": 1.380147933959961, "acc": 0.39270150661468506, "length": 3.2558696269989014, "mode": "train", "epoch": 28}
{"loss": 1.4324239492416382, "acc": 0.36380285024642944, "length": 3.241626262664795, "mode": "test", "epoch": 28}
{"loss": 1.366339921951294, "acc": 0.39763128757476807, "length": 3.2574894428253174, "mode": "train", "epoch": 29}
{"loss": 1.414785385131836, "acc": 0.373896062374115, "length": 3.2393064498901367, "mode": "test", "epoch": 29}
{"loss": 1.3519238233566284, "acc": 0.40262943506240845, "length": 3.2591097354888916, "mode": "train", "epoch": 30}
{"loss": 1.4107205867767334, "acc": 0.3764193654060364, "length": 3.240161180496216, "mode": "test", "epoch": 30}
{"loss": 1.3425554037094116, "acc": 0.40715256333351135, "length": 3.2596912384033203, "mode": "train", "epoch": 31}
{"loss": 1.4165014028549194, "acc": 0.378698468208313, "length": 3.2742257118225098, "mode": "test", "epoch": 31}
{"loss": 1.330898404121399, "acc": 0.4111032783985138, "length": 3.2677714824676514, "mode": "train", "epoch": 32}
{"loss": 1.382094144821167, "acc": 0.38740792870521545, "length": 3.2610394954681396, "mode": "test", "epoch": 32}
{"loss": 1.3162033557891846, "acc": 0.41943779587745667, "length": 3.2740795612335205, "mode": "train", "epoch": 33}
{"loss": 1.3853462934494019, "acc": 0.3916812539100647, "length": 3.2870864868164062, "mode": "test", "epoch": 33}
{"loss": 1.303357720375061, "acc": 0.4252171814441681, "length": 3.284966468811035, "mode": "train", "epoch": 34}
{"loss": 1.397391676902771, "acc": 0.38651254773139954, "length": 3.3036506175994873, "mode": "test", "epoch": 34}
{"loss": 1.2935482263565063, "acc": 0.42865270376205444, "length": 3.2938778400421143, "mode": "train", "epoch": 35}
{"loss": 1.3649063110351562, "acc": 0.3985592722892761, "length": 3.319930076599121, "mode": "test", "epoch": 35}
{"loss": 1.2819429636001587, "acc": 0.43297168612480164, "length": 3.3098320960998535, "mode": "train", "epoch": 36}
{"loss": 1.3467873334884644, "acc": 0.40169304609298706, "length": 3.314964771270752, "mode": "test", "epoch": 36}
{"loss": 1.2748943567276, "acc": 0.4383198022842407, "length": 3.3170852661132812, "mode": "train", "epoch": 37}
{"loss": 1.340566635131836, "acc": 0.407105952501297, "length": 3.327540636062622, "mode": "test", "epoch": 37}
{"loss": 1.2235028743743896, "acc": 0.4525790810585022, "length": 3.321589469909668, "mode": "train", "epoch": 38}
{"loss": 1.2703588008880615, "acc": 0.42086198925971985, "length": 3.3272149562835693, "mode": "test", "epoch": 38}
{"loss": 1.2295947074890137, "acc": 0.44364410638809204, "length": 3.3229494094848633, "mode": "train", "epoch": 39}
{"loss": 1.2595279216766357, "acc": 0.4155712127685547, "length": 3.3309593200683594, "mode": "test", "epoch": 39}
{"loss": 1.1762624979019165, "acc": 0.46147674322128296, "length": 3.324143409729004, "mode": "train", "epoch": 40}
{"loss": 1.2381958961486816, "acc": 0.4271702468395233, "length": 3.333726644515991, "mode": "test", "epoch": 40}
{"loss": 1.1546928882598877, "acc": 0.4698285162448883, "length": 3.3269593715667725, "mode": "train", "epoch": 41}
{"loss": 1.2117103338241577, "acc": 0.43502503633499146, "length": 3.319563627243042, "mode": "test", "epoch": 41}
{"loss": 1.1395964622497559, "acc": 0.4727064371109009, "length": 3.3291985988616943, "mode": "train", "epoch": 42}
{"loss": 1.2012766599655151, "acc": 0.43880999088287354, "length": 3.3307151794433594, "mode": "test", "epoch": 42}
{"loss": 1.1339696645736694, "acc": 0.47503533959388733, "length": 3.3308610916137695, "mode": "train", "epoch": 43}
{"loss": 1.2011971473693848, "acc": 0.4395832419395447, "length": 3.335761785507202, "mode": "test", "epoch": 43}
{"loss": 1.129044532775879, "acc": 0.47657033801078796, "length": 3.33255934715271, "mode": "train", "epoch": 44}
{"loss": 1.198050618171692, "acc": 0.4414553642272949, "length": 3.3404011726379395, "mode": "test", "epoch": 44}
{"loss": 1.1131243705749512, "acc": 0.48122304677963257, "length": 3.3338258266448975, "mode": "train", "epoch": 45}
{"loss": 1.1808215379714966, "acc": 0.4454438090324402, "length": 3.333319664001465, "mode": "test", "epoch": 45}
{"loss": 1.1188417673110962, "acc": 0.48154211044311523, "length": 3.3341481685638428, "mode": "train", "epoch": 46}
{"loss": 1.1915268898010254, "acc": 0.44210654497146606, "length": 3.3377559185028076, "mode": "test", "epoch": 46}
{"loss": 1.108660101890564, "acc": 0.4822601079940796, "length": 3.3350279331207275, "mode": "train", "epoch": 47}
{"loss": 1.1731756925582886, "acc": 0.44841480255126953, "length": 3.3425989151000977, "mode": "test", "epoch": 47}
{"loss": 1.1004877090454102, "acc": 0.4872600734233856, "length": 3.335615396499634, "mode": "train", "epoch": 48}
{"loss": 1.16432523727417, "acc": 0.4500834345817566, "length": 3.338040828704834, "mode": "test", "epoch": 48}
{"loss": 1.093030571937561, "acc": 0.48901158571243286, "length": 3.3362605571746826, "mode": "train", "epoch": 49}
{"loss": 1.160535454750061, "acc": 0.45549631118774414, "length": 3.3248138427734375, "mode": "test", "epoch": 49}
{"loss": 1.0884772539138794, "acc": 0.49473506212234497, "length": 3.335517644882202, "mode": "train", "epoch": 50}
{"loss": 1.1645212173461914, "acc": 0.4500834345817566, "length": 3.3348255157470703, "mode": "test", "epoch": 50}
{"loss": 1.0851401090621948, "acc": 0.4941307008266449, "length": 3.3371052742004395, "mode": "train", "epoch": 51}
{"loss": 1.1429722309112549, "acc": 0.46253713965415955, "length": 3.343250274658203, "mode": "test", "epoch": 51}
{"loss": 1.1084628105163574, "acc": 0.48718366026878357, "length": 3.337644100189209, "mode": "train", "epoch": 52}
{"loss": 1.1603442430496216, "acc": 0.4560253918170929, "length": 3.335476875305176, "mode": "test", "epoch": 52}
{"loss": 1.07915461063385, "acc": 0.4971504211425781, "length": 3.337397575378418, "mode": "train", "epoch": 53}
{"loss": 1.1315228939056396, "acc": 0.46143826842308044, "length": 3.3367791175842285, "mode": "test", "epoch": 53}
{"loss": 1.0663037300109863, "acc": 0.5044203996658325, "length": 3.3381752967834473, "mode": "train", "epoch": 54}
{"loss": 1.1177397966384888, "acc": 0.4651825428009033, "length": 3.332587242126465, "mode": "test", "epoch": 54}
{"loss": 1.0666065216064453, "acc": 0.504550576210022, "length": 3.3382935523986816, "mode": "train", "epoch": 55}
{"loss": 1.1176308393478394, "acc": 0.4669325649738312, "length": 3.3310813903808594, "mode": "test", "epoch": 55}
{"loss": 1.072117567062378, "acc": 0.5017232298851013, "length": 3.3385398387908936, "mode": "train", "epoch": 56}
{"loss": 1.1253678798675537, "acc": 0.47214195132255554, "length": 3.343005895614624, "mode": "test", "epoch": 56}
{"loss": 1.0622060298919678, "acc": 0.5073926448822021, "length": 3.3394534587860107, "mode": "train", "epoch": 57}
{"loss": 1.117081880569458, "acc": 0.4699442386627197, "length": 3.344430446624756, "mode": "test", "epoch": 57}
{"loss": 1.0649434328079224, "acc": 0.5076545476913452, "length": 3.3390681743621826, "mode": "train", "epoch": 58}
{"loss": 1.1248466968536377, "acc": 0.4642871618270874, "length": 3.336250066757202, "mode": "test", "epoch": 58}
{"loss": 1.050092339515686, "acc": 0.5135026574134827, "length": 3.3405282497406006, "mode": "train", "epoch": 59}
{"loss": 1.1048197746276855, "acc": 0.4748280346393585, "length": 3.343738555908203, "mode": "test", "epoch": 59}
{"loss": 1.0454128980636597, "acc": 0.5146669745445251, "length": 3.3401145935058594, "mode": "train", "epoch": 60}
{"loss": 1.1145570278167725, "acc": 0.4725489318370819, "length": 3.3338894844055176, "mode": "test", "epoch": 60}
test accuracy: 0.4206097424030304
