# ["--data_set_name=dim[16, 16, 16]_dist10-0_scale10_upsampleTrue_balancedFalse.ds", "--n_epochs=60", "--batch_size=128", "--learning_rate=0.0005", "--hidden_size=256", "--temperature=1.5", "--temp_update=0.97", "--length_cost=0.0", "--vocab_size_factor=3"]
data loaded from: ../zoo/intentional_game/data/dim[16, 16, 16]_dist10-0_scale10_upsampleTrue_balancedFalse.ds

opts
 Namespace(batch_size=128, checkpoint_dir=None, checkpoint_freq=0, cuda=True, data_set_name='dim[16, 16, 16]_dist10-0_scale10_upsampleTrue_balancedFalse.ds', device=device(type='cuda'), distributed_context=DistributedContext(is_distributed=False, rank=0, local_rank=0, world_size=1, mode='none'), distributed_port=18363, fp16=False, hidden_size=256, learning_rate=0.0005, length_cost=0.0, load_from_checkpoint=None, lr=0.01, max_len=1, mode='gs', n_epochs=60, no_cuda=False, optimizer='adam', preemptable=False, random_seed=649381012, receiver_cell='gru', save_interaction_freq=0, sender_cell='gru', temp_update=0.97, temperature=1.5, tensorboard=False, tensorboard_dir='runs/', update_freq=1, validation_freq=1, vocab_size=10, vocab_size_factor=3)
{"loss": 2.258542060852051, "acc": 0.09654910862445831, "length": 2.0912275314331055, "mode": "train", "epoch": 1}
{"loss": 2.086294174194336, "acc": 0.1344267576932907, "length": 2.4725489616394043, "mode": "test", "epoch": 1}
{"loss": 1.9907798767089844, "acc": 0.16804572939872742, "length": 2.4736382961273193, "mode": "train", "epoch": 2}
{"loss": 1.9840329885482788, "acc": 0.1701599508523941, "length": 2.472386121749878, "mode": "test", "epoch": 2}
{"loss": 1.9570451974868774, "acc": 0.1816994696855545, "length": 2.4738848209381104, "mode": "train", "epoch": 3}
{"loss": 1.951781988143921, "acc": 0.18171828985214233, "length": 2.4726710319519043, "mode": "test", "epoch": 3}
{"loss": 1.9310411214828491, "acc": 0.19177912175655365, "length": 2.4740798473358154, "mode": "train", "epoch": 4}
{"loss": 1.9276678562164307, "acc": 0.19071263074874878, "length": 2.4726710319519043, "mode": "test", "epoch": 4}
{"loss": 1.8937851190567017, "acc": 0.1990957409143448, "length": 2.48494291305542, "mode": "train", "epoch": 5}
{"loss": 1.8753623962402344, "acc": 0.20455007255077362, "length": 2.477473497390747, "mode": "test", "epoch": 5}
{"loss": 1.861235499382019, "acc": 0.2094016820192337, "length": 2.4778430461883545, "mode": "train", "epoch": 6}
{"loss": 1.8643605709075928, "acc": 0.20882341265678406, "length": 2.4726710319519043, "mode": "test", "epoch": 6}
{"loss": 1.8405323028564453, "acc": 0.21883191168308258, "length": 2.4739513397216797, "mode": "train", "epoch": 7}
{"loss": 1.8323729038238525, "acc": 0.21688169240951538, "length": 2.4726710319519043, "mode": "test", "epoch": 7}
{"loss": 1.7582955360412598, "acc": 0.24649307131767273, "length": 2.498051881790161, "mode": "train", "epoch": 8}
{"loss": 1.785078525543213, "acc": 0.2263237088918686, "length": 2.5080785751342773, "mode": "test", "epoch": 8}
{"loss": 1.718240737915039, "acc": 0.25578632950782776, "length": 2.4875526428222656, "mode": "train", "epoch": 9}
{"loss": 1.7550467252731323, "acc": 0.23291684687137604, "length": 2.4727118015289307, "mode": "test", "epoch": 9}
{"loss": 1.6959261894226074, "acc": 0.262332558631897, "length": 2.474405288696289, "mode": "train", "epoch": 10}
{"loss": 1.7525897026062012, "acc": 0.2428472638130188, "length": 2.4726710319519043, "mode": "test", "epoch": 10}
{"loss": 1.6735844612121582, "acc": 0.26928767561912537, "length": 2.473909616470337, "mode": "train", "epoch": 11}
{"loss": 1.6793540716171265, "acc": 0.2629522681236267, "length": 2.4726710319519043, "mode": "test", "epoch": 11}
{"loss": 1.64914071559906, "acc": 0.28037551045417786, "length": 2.474482536315918, "mode": "train", "epoch": 12}
{"loss": 1.6917661428451538, "acc": 0.2618127167224884, "length": 2.4726710319519043, "mode": "test", "epoch": 12}
{"loss": 1.6265709400177002, "acc": 0.2885262370109558, "length": 2.4739694595336914, "mode": "train", "epoch": 13}
{"loss": 1.6970231533050537, "acc": 0.27084773778915405, "length": 2.472630262374878, "mode": "test", "epoch": 13}
{"loss": 1.6164919137954712, "acc": 0.2910420298576355, "length": 2.4738190174102783, "mode": "train", "epoch": 14}
{"loss": 1.6286219358444214, "acc": 0.28175491094589233, "length": 2.4726710319519043, "mode": "test", "epoch": 14}
{"loss": 1.6127219200134277, "acc": 0.29289793968200684, "length": 2.472409725189209, "mode": "train", "epoch": 15}
{"loss": 1.6159815788269043, "acc": 0.28273168206214905, "length": 2.4723453521728516, "mode": "test", "epoch": 15}
{"loss": 1.5984728336334229, "acc": 0.2975437045097351, "length": 2.4738802909851074, "mode": "train", "epoch": 16}
{"loss": 1.608777403831482, "acc": 0.28387123346328735, "length": 2.4726710319519043, "mode": "test", "epoch": 16}
{"loss": 1.5899410247802734, "acc": 0.29915785789489746, "length": 2.473796844482422, "mode": "train", "epoch": 17}
{"loss": 1.6018004417419434, "acc": 0.28757479786872864, "length": 2.4726710319519043, "mode": "test", "epoch": 17}
{"loss": 1.5894495248794556, "acc": 0.30067574977874756, "length": 2.4739346504211426, "mode": "train", "epoch": 18}
{"loss": 1.5985816717147827, "acc": 0.2905457615852356, "length": 2.4726710319519043, "mode": "test", "epoch": 18}
{"loss": 1.5890761613845825, "acc": 0.30259475111961365, "length": 2.4740874767303467, "mode": "train", "epoch": 19}
{"loss": 1.5966753959655762, "acc": 0.2950632870197296, "length": 2.472752332687378, "mode": "test", "epoch": 19}
{"loss": 1.5817862749099731, "acc": 0.30576077103614807, "length": 2.473557233810425, "mode": "train", "epoch": 20}
{"loss": 1.6034667491912842, "acc": 0.2896097004413605, "length": 2.4721827507019043, "mode": "test", "epoch": 20}
{"loss": 1.5666831731796265, "acc": 0.3130764067173004, "length": 2.495603322982788, "mode": "train", "epoch": 21}
{"loss": 1.582900047302246, "acc": 0.2997843027114868, "length": 2.505962371826172, "mode": "test", "epoch": 21}
{"loss": 1.5572394132614136, "acc": 0.31771591305732727, "length": 2.4981939792633057, "mode": "train", "epoch": 22}
{"loss": 1.5728000402450562, "acc": 0.304505318403244, "length": 2.5047006607055664, "mode": "test", "epoch": 22}
{"loss": 1.5497461557388306, "acc": 0.32116881012916565, "length": 2.4962100982666016, "mode": "train", "epoch": 23}
{"loss": 1.566291093826294, "acc": 0.30902284383773804, "length": 2.5061252117156982, "mode": "test", "epoch": 23}
{"loss": 1.5453100204467773, "acc": 0.32119837403297424, "length": 2.496676206588745, "mode": "train", "epoch": 24}
{"loss": 1.5818934440612793, "acc": 0.30287736654281616, "length": 2.477839708328247, "mode": "test", "epoch": 24}
{"loss": 1.5451176166534424, "acc": 0.32427820563316345, "length": 2.4961886405944824, "mode": "train", "epoch": 25}
{"loss": 1.5625823736190796, "acc": 0.3108135461807251, "length": 2.505962371826172, "mode": "test", "epoch": 25}
{"loss": 1.5317802429199219, "acc": 0.32656484842300415, "length": 2.4970881938934326, "mode": "train", "epoch": 26}
{"loss": 1.5506772994995117, "acc": 0.3154531717300415, "length": 2.505840301513672, "mode": "test", "epoch": 26}
{"loss": 1.523965835571289, "acc": 0.3333820402622223, "length": 2.4954586029052734, "mode": "train", "epoch": 27}
{"loss": 1.5372216701507568, "acc": 0.321313738822937, "length": 2.505962371826172, "mode": "test", "epoch": 27}
{"loss": 1.5052584409713745, "acc": 0.3399430215358734, "length": 2.4968292713165283, "mode": "train", "epoch": 28}
{"loss": 1.5233968496322632, "acc": 0.330796480178833, "length": 2.50478196144104, "mode": "test", "epoch": 28}
{"loss": 1.4969947338104248, "acc": 0.3433714509010315, "length": 2.4964096546173096, "mode": "train", "epoch": 29}
{"loss": 1.5167326927185059, "acc": 0.3294941186904907, "length": 2.4830899238586426, "mode": "test", "epoch": 29}
{"loss": 1.487705945968628, "acc": 0.3462999761104584, "length": 2.496565580368042, "mode": "train", "epoch": 30}
{"loss": 1.5057883262634277, "acc": 0.3284766674041748, "length": 2.50465989112854, "mode": "test", "epoch": 30}
{"loss": 1.4775583744049072, "acc": 0.3500562608242035, "length": 2.4963552951812744, "mode": "train", "epoch": 31}
{"loss": 1.4957611560821533, "acc": 0.33608725666999817, "length": 2.505840301513672, "mode": "test", "epoch": 31}
{"loss": 1.4732656478881836, "acc": 0.3521994650363922, "length": 2.496904134750366, "mode": "train", "epoch": 32}
{"loss": 1.4878700971603394, "acc": 0.3420292139053345, "length": 2.505962371826172, "mode": "test", "epoch": 32}
{"loss": 1.4663485288619995, "acc": 0.35482972860336304, "length": 2.4966652393341064, "mode": "train", "epoch": 33}
{"loss": 1.5011205673217773, "acc": 0.33885475993156433, "length": 2.505962371826172, "mode": "test", "epoch": 33}
{"loss": 1.4632244110107422, "acc": 0.35612642765045166, "length": 2.4963207244873047, "mode": "train", "epoch": 34}
{"loss": 1.4845523834228516, "acc": 0.34101176261901855, "length": 2.505962371826172, "mode": "test", "epoch": 34}
{"loss": 1.4614145755767822, "acc": 0.3558986485004425, "length": 2.4971165657043457, "mode": "train", "epoch": 35}
{"loss": 1.4765303134918213, "acc": 0.34369784593582153, "length": 2.505148410797119, "mode": "test", "epoch": 35}
{"loss": 1.4586142301559448, "acc": 0.3563578426837921, "length": 2.497082471847534, "mode": "train", "epoch": 36}
{"loss": 1.4731281995773315, "acc": 0.34329086542129517, "length": 2.505962371826172, "mode": "test", "epoch": 36}
{"loss": 1.4460362195968628, "acc": 0.36115363240242004, "length": 2.4959566593170166, "mode": "train", "epoch": 37}
{"loss": 1.4690130949020386, "acc": 0.3455292880535126, "length": 2.4990437030792236, "mode": "test", "epoch": 37}
{"loss": 1.442812204360962, "acc": 0.3634452819824219, "length": 2.496079444885254, "mode": "train", "epoch": 38}
{"loss": 1.4588682651519775, "acc": 0.349721223115921, "length": 2.505840301513672, "mode": "test", "epoch": 38}
{"loss": 1.4407142400741577, "acc": 0.3640037178993225, "length": 2.4960570335388184, "mode": "train", "epoch": 39}
{"loss": 1.486405372619629, "acc": 0.3382035791873932, "length": 2.473240852355957, "mode": "test", "epoch": 39}
{"loss": 1.4389756917953491, "acc": 0.36439812183380127, "length": 2.4979071617126465, "mode": "train", "epoch": 40}
{"loss": 1.464679479598999, "acc": 0.35045379400253296, "length": 2.505962371826172, "mode": "test", "epoch": 40}
{"loss": 1.4363034963607788, "acc": 0.3662433624267578, "length": 2.4971203804016113, "mode": "train", "epoch": 41}
{"loss": 1.4531850814819336, "acc": 0.352570116519928, "length": 2.5057995319366455, "mode": "test", "epoch": 41}
{"loss": 1.4354617595672607, "acc": 0.36825743317604065, "length": 2.4971797466278076, "mode": "train", "epoch": 42}
{"loss": 1.4602835178375244, "acc": 0.3536282479763031, "length": 2.505962371826172, "mode": "test", "epoch": 42}
{"loss": 1.4329338073730469, "acc": 0.36960330605506897, "length": 2.497379779815674, "mode": "train", "epoch": 43}
{"loss": 1.4526722431182861, "acc": 0.35301777720451355, "length": 2.50006103515625, "mode": "test", "epoch": 43}
{"loss": 1.425634503364563, "acc": 0.37017518281936646, "length": 2.4973719120025635, "mode": "train", "epoch": 44}
{"loss": 1.4495840072631836, "acc": 0.3501282036304474, "length": 2.505962371826172, "mode": "test", "epoch": 44}
{"loss": 1.425715446472168, "acc": 0.3721993863582611, "length": 2.4973528385162354, "mode": "train", "epoch": 45}
{"loss": 1.4501054286956787, "acc": 0.3537096679210663, "length": 2.505962371826172, "mode": "test", "epoch": 45}
{"loss": 1.429211974143982, "acc": 0.37026548385620117, "length": 2.4985344409942627, "mode": "train", "epoch": 46}
{"loss": 1.4688639640808105, "acc": 0.3476862907409668, "length": 2.5113751888275146, "mode": "test", "epoch": 46}
{"loss": 1.4273278713226318, "acc": 0.37308475375175476, "length": 2.4975075721740723, "mode": "train", "epoch": 47}
{"loss": 1.4478578567504883, "acc": 0.3533840775489807, "length": 2.505962371826172, "mode": "test", "epoch": 47}
{"loss": 1.424602746963501, "acc": 0.374065101146698, "length": 2.498185396194458, "mode": "train", "epoch": 48}
{"loss": 1.4470027685165405, "acc": 0.3548492193222046, "length": 2.505962371826172, "mode": "test", "epoch": 48}
{"loss": 1.4226645231246948, "acc": 0.37605196237564087, "length": 2.4988975524902344, "mode": "train", "epoch": 49}
{"loss": 1.4454278945922852, "acc": 0.3570876121520996, "length": 2.506002902984619, "mode": "test", "epoch": 49}
{"loss": 1.419633150100708, "acc": 0.37544581294059753, "length": 2.49934983253479, "mode": "train", "epoch": 50}
{"loss": 1.4440886974334717, "acc": 0.3570062220096588, "length": 2.505962371826172, "mode": "test", "epoch": 50}
{"loss": 1.422598123550415, "acc": 0.3749348819255829, "length": 2.5004239082336426, "mode": "train", "epoch": 51}
{"loss": 1.442391276359558, "acc": 0.35541898012161255, "length": 2.50429368019104, "mode": "test", "epoch": 51}
{"loss": 1.4162592887878418, "acc": 0.376970112323761, "length": 2.4986631870269775, "mode": "train", "epoch": 52}
{"loss": 1.446073055267334, "acc": 0.3558666706085205, "length": 2.505962371826172, "mode": "test", "epoch": 52}
{"loss": 1.4183690547943115, "acc": 0.3769398033618927, "length": 2.5002264976501465, "mode": "train", "epoch": 53}
{"loss": 1.4574363231658936, "acc": 0.35293638706207275, "length": 2.5086891651153564, "mode": "test", "epoch": 53}
{"loss": 1.4175444841384888, "acc": 0.3774799406528473, "length": 2.503525972366333, "mode": "train", "epoch": 54}
{"loss": 1.440161108970642, "acc": 0.3604249060153961, "length": 2.5090553760528564, "mode": "test", "epoch": 54}
{"loss": 1.4242841005325317, "acc": 0.37783050537109375, "length": 2.503925085067749, "mode": "train", "epoch": 55}
{"loss": 1.4481499195098877, "acc": 0.36140164732933044, "length": 2.5104799270629883, "mode": "test", "epoch": 55}
{"loss": 1.414830207824707, "acc": 0.3812934458255768, "length": 2.5066235065460205, "mode": "train", "epoch": 56}
{"loss": 1.4349583387374878, "acc": 0.36233770847320557, "length": 2.5112123489379883, "mode": "test", "epoch": 56}
{"loss": 1.4099652767181396, "acc": 0.3838101029396057, "length": 2.5073156356811523, "mode": "train", "epoch": 57}
{"loss": 1.4458755254745483, "acc": 0.35773879289627075, "length": 2.5094215869903564, "mode": "test", "epoch": 57}
{"loss": 1.4148235321044922, "acc": 0.3815356194972992, "length": 2.5088706016540527, "mode": "train", "epoch": 58}
{"loss": 1.4389715194702148, "acc": 0.35989582538604736, "length": 2.5086891651153564, "mode": "test", "epoch": 58}
{"loss": 1.4139190912246704, "acc": 0.38168880343437195, "length": 2.5099594593048096, "mode": "train", "epoch": 59}
{"loss": 1.4394829273223877, "acc": 0.3640470504760742, "length": 2.5086891651153564, "mode": "test", "epoch": 59}
{"loss": 1.4106801748275757, "acc": 0.3824582099914551, "length": 2.504730701446533, "mode": "train", "epoch": 60}
{"loss": 1.4318253993988037, "acc": 0.364413321018219, "length": 2.5086891651153564, "mode": "test", "epoch": 60}
test accuracy: 0.3003658652305603
