# ["--data_set_name=dim[16, 16, 16]_dist10-0_scale10_upsampleTrue_balancedFalse.ds", "--n_epochs=60", "--batch_size=128", "--learning_rate=0.0005", "--hidden_size=256", "--temperature=1.5", "--temp_update=0.99", "--length_cost=0.0", "--vocab_size_factor=3"]
data loaded from: ../zoo/intentional_game/data/dim[16, 16, 16]_dist10-0_scale10_upsampleTrue_balancedFalse.ds

opts
 Namespace(batch_size=128, checkpoint_dir=None, checkpoint_freq=0, cuda=True, data_set_name='dim[16, 16, 16]_dist10-0_scale10_upsampleTrue_balancedFalse.ds', device=device(type='cuda'), distributed_context=DistributedContext(is_distributed=False, rank=0, local_rank=0, world_size=1, mode='none'), distributed_port=18363, fp16=False, hidden_size=256, learning_rate=0.0005, length_cost=0.0, load_from_checkpoint=None, lr=0.01, max_len=1, mode='gs', n_epochs=60, no_cuda=False, optimizer='adam', preemptable=False, random_seed=1863944966, receiver_cell='gru', save_interaction_freq=0, sender_cell='gru', temp_update=0.99, temperature=1.5, tensorboard=False, tensorboard_dir='runs/', update_freq=1, validation_freq=1, vocab_size=10, vocab_size_factor=3)
{"loss": 2.27677321434021, "acc": 0.09487088024616241, "length": 2.0558695793151855, "mode": "train", "epoch": 1}
{"loss": 2.2483668327331543, "acc": 0.09722843766212463, "length": 2.266777992248535, "mode": "test", "epoch": 1}
{"loss": 1.9896215200424194, "acc": 0.16562548279762268, "length": 2.53157377243042, "mode": "train", "epoch": 2}
{"loss": 2.037881851196289, "acc": 0.15738065540790558, "length": 2.5345733165740967, "mode": "test", "epoch": 2}
{"loss": 1.93224036693573, "acc": 0.19147635996341705, "length": 2.542551279067993, "mode": "train", "epoch": 3}
{"loss": 1.9726636409759521, "acc": 0.1761019080877304, "length": 2.5383174419403076, "mode": "test", "epoch": 3}
{"loss": 1.8514883518218994, "acc": 0.21460172533988953, "length": 2.542165756225586, "mode": "train", "epoch": 4}
{"loss": 1.8567928075790405, "acc": 0.20853851735591888, "length": 2.540515184402466, "mode": "test", "epoch": 4}
{"loss": 1.8022520542144775, "acc": 0.24031272530555725, "length": 2.542557954788208, "mode": "train", "epoch": 5}
{"loss": 1.8232401609420776, "acc": 0.2261202186346054, "length": 2.5399861335754395, "mode": "test", "epoch": 5}
{"loss": 1.7108685970306396, "acc": 0.2670139670372009, "length": 2.54243803024292, "mode": "train", "epoch": 6}
{"loss": 1.7051072120666504, "acc": 0.2585568428039551, "length": 2.540515184402466, "mode": "test", "epoch": 6}
{"loss": 1.647320032119751, "acc": 0.28773990273475647, "length": 2.542634963989258, "mode": "train", "epoch": 7}
{"loss": 1.6908059120178223, "acc": 0.2653127610683441, "length": 2.540515184402466, "mode": "test", "epoch": 7}
{"loss": 1.6146618127822876, "acc": 0.2982019782066345, "length": 2.5426981449127197, "mode": "train", "epoch": 8}
{"loss": 1.7110099792480469, "acc": 0.2653941512107849, "length": 2.540515184402466, "mode": "test", "epoch": 8}
{"loss": 1.5944725275039673, "acc": 0.3058820366859436, "length": 2.54267954826355, "mode": "train", "epoch": 9}
{"loss": 1.6727261543273926, "acc": 0.27919092774391174, "length": 2.540515184402466, "mode": "test", "epoch": 9}
{"loss": 1.5789916515350342, "acc": 0.3173030614852905, "length": 2.5427370071411133, "mode": "train", "epoch": 10}
{"loss": 1.6671584844589233, "acc": 0.27577224373817444, "length": 2.540515184402466, "mode": "test", "epoch": 10}
{"loss": 1.5567874908447266, "acc": 0.3263022303581238, "length": 2.5427017211914062, "mode": "train", "epoch": 11}
{"loss": 1.606615424156189, "acc": 0.2988482415676117, "length": 2.540515184402466, "mode": "test", "epoch": 11}
{"loss": 1.5228419303894043, "acc": 0.33747777342796326, "length": 2.5427849292755127, "mode": "train", "epoch": 12}
{"loss": 1.5832018852233887, "acc": 0.29835984110832214, "length": 2.540515184402466, "mode": "test", "epoch": 12}
{"loss": 1.4703450202941895, "acc": 0.3522820770740509, "length": 2.5427749156951904, "mode": "train", "epoch": 13}
{"loss": 1.6191409826278687, "acc": 0.30397623777389526, "length": 2.540271043777466, "mode": "test", "epoch": 13}
{"loss": 1.4466077089309692, "acc": 0.36188003420829773, "length": 2.543954610824585, "mode": "train", "epoch": 14}
{"loss": 1.5832194089889526, "acc": 0.31936022639274597, "length": 2.540515184402466, "mode": "test", "epoch": 14}
{"loss": 1.424934983253479, "acc": 0.373231440782547, "length": 2.5427310466766357, "mode": "train", "epoch": 15}
{"loss": 1.5478639602661133, "acc": 0.3305929899215698, "length": 2.540515184402466, "mode": "test", "epoch": 15}
{"loss": 1.3991079330444336, "acc": 0.38496413826942444, "length": 2.5429911613464355, "mode": "train", "epoch": 16}
{"loss": 1.4873064756393433, "acc": 0.34117454290390015, "length": 2.540515184402466, "mode": "test", "epoch": 16}
{"loss": 1.3714172840118408, "acc": 0.39630216360092163, "length": 2.542717218399048, "mode": "train", "epoch": 17}
{"loss": 1.516074538230896, "acc": 0.34593626856803894, "length": 2.540515184402466, "mode": "test", "epoch": 17}
{"loss": 1.3466876745224, "acc": 0.4074607789516449, "length": 2.542755603790283, "mode": "train", "epoch": 18}
{"loss": 1.5009372234344482, "acc": 0.35322126746177673, "length": 2.540515184402466, "mode": "test", "epoch": 18}
{"loss": 1.3229601383209229, "acc": 0.4164589047431946, "length": 2.543055534362793, "mode": "train", "epoch": 19}
{"loss": 1.4602622985839844, "acc": 0.36250051856040955, "length": 2.540515184402466, "mode": "test", "epoch": 19}
{"loss": 1.3014428615570068, "acc": 0.42530766129493713, "length": 2.543048858642578, "mode": "train", "epoch": 20}
{"loss": 1.437185287475586, "acc": 0.3703145980834961, "length": 2.540515184402466, "mode": "test", "epoch": 20}
{"loss": 1.2935328483581543, "acc": 0.42686381936073303, "length": 2.542905330657959, "mode": "train", "epoch": 21}
{"loss": 1.440934419631958, "acc": 0.3712913691997528, "length": 2.540515184402466, "mode": "test", "epoch": 21}
{"loss": 1.2728277444839478, "acc": 0.4356655180454254, "length": 2.542694568634033, "mode": "train", "epoch": 22}
{"loss": 1.4142417907714844, "acc": 0.3824020326137543, "length": 2.540637254714966, "mode": "test", "epoch": 22}
{"loss": 1.2555758953094482, "acc": 0.4422503113746643, "length": 2.542722225189209, "mode": "train", "epoch": 23}
{"loss": 1.4061169624328613, "acc": 0.38052988052368164, "length": 2.5405967235565186, "mode": "test", "epoch": 23}
{"loss": 1.2456822395324707, "acc": 0.44723305106163025, "length": 2.5427114963531494, "mode": "train", "epoch": 24}
{"loss": 1.4079570770263672, "acc": 0.38765209913253784, "length": 2.540433883666992, "mode": "test", "epoch": 24}
{"loss": 1.2327775955200195, "acc": 0.45374414324760437, "length": 2.5427639484405518, "mode": "train", "epoch": 25}
{"loss": 1.4482512474060059, "acc": 0.38150665163993835, "length": 2.540515184402466, "mode": "test", "epoch": 25}
{"loss": 1.2152137756347656, "acc": 0.461277574300766, "length": 2.542703151702881, "mode": "train", "epoch": 26}
{"loss": 1.4433636665344238, "acc": 0.3905009925365448, "length": 2.540555953979492, "mode": "test", "epoch": 26}
{"loss": 1.206297516822815, "acc": 0.46451178193092346, "length": 2.5427441596984863, "mode": "train", "epoch": 27}
{"loss": 1.3805574178695679, "acc": 0.4012453854084015, "length": 2.540515184402466, "mode": "test", "epoch": 27}
{"loss": 1.1924141645431519, "acc": 0.4711226224899292, "length": 2.5427236557006836, "mode": "train", "epoch": 28}
{"loss": 1.3831596374511719, "acc": 0.39929184317588806, "length": 2.540515184402466, "mode": "test", "epoch": 28}
{"loss": 1.1800228357315063, "acc": 0.481110155582428, "length": 2.542775869369507, "mode": "train", "epoch": 29}
{"loss": 1.4147642850875854, "acc": 0.4069838523864746, "length": 2.5404746532440186, "mode": "test", "epoch": 29}
{"loss": 1.1631463766098022, "acc": 0.48991143703460693, "length": 2.5428202152252197, "mode": "train", "epoch": 30}
{"loss": 1.3923128843307495, "acc": 0.4145130515098572, "length": 2.540515184402466, "mode": "test", "epoch": 30}
{"loss": 1.142306923866272, "acc": 0.4968670606613159, "length": 2.5429301261901855, "mode": "train", "epoch": 31}
{"loss": 1.3878062963485718, "acc": 0.41508281230926514, "length": 2.540515184402466, "mode": "test", "epoch": 31}
{"loss": 1.133091688156128, "acc": 0.503980278968811, "length": 2.5427985191345215, "mode": "train", "epoch": 32}
{"loss": 1.348217487335205, "acc": 0.42660045623779297, "length": 2.540515184402466, "mode": "test", "epoch": 32}
{"loss": 1.1249449253082275, "acc": 0.5066347122192383, "length": 2.542752504348755, "mode": "train", "epoch": 33}
{"loss": 1.3313449621200562, "acc": 0.43058890104293823, "length": 2.540515184402466, "mode": "test", "epoch": 33}
{"loss": 1.11042058467865, "acc": 0.5120596289634705, "length": 2.5427474975585938, "mode": "train", "epoch": 34}
{"loss": 1.3731341361999512, "acc": 0.4286760687828064, "length": 2.5405967235565186, "mode": "test", "epoch": 34}
{"loss": 1.1072722673416138, "acc": 0.5139808058738708, "length": 2.5427987575531006, "mode": "train", "epoch": 35}
{"loss": 1.3562226295471191, "acc": 0.4309552013874054, "length": 2.540515184402466, "mode": "test", "epoch": 35}
{"loss": 1.102195382118225, "acc": 0.5162897706031799, "length": 2.5427258014678955, "mode": "train", "epoch": 36}
{"loss": 1.3525023460388184, "acc": 0.4308737814426422, "length": 2.540515184402466, "mode": "test", "epoch": 36}
{"loss": 1.0912319421768188, "acc": 0.5199846625328064, "length": 2.5427961349487305, "mode": "train", "epoch": 37}
{"loss": 1.3440769910812378, "acc": 0.4356762170791626, "length": 2.540515184402466, "mode": "test", "epoch": 37}
{"loss": 1.0847115516662598, "acc": 0.5252185463905334, "length": 2.5428435802459717, "mode": "train", "epoch": 38}
{"loss": 1.3190101385116577, "acc": 0.44971713423728943, "length": 2.5405967235565186, "mode": "test", "epoch": 38}
{"loss": 1.0757167339324951, "acc": 0.5310414433479309, "length": 2.5427472591400146, "mode": "train", "epoch": 39}
{"loss": 1.3373453617095947, "acc": 0.4414553642272949, "length": 2.540515184402466, "mode": "test", "epoch": 39}
{"loss": 1.0709290504455566, "acc": 0.5308821201324463, "length": 2.5428428649902344, "mode": "train", "epoch": 40}
{"loss": 1.3036754131317139, "acc": 0.4488624930381775, "length": 2.540515184402466, "mode": "test", "epoch": 40}
{"loss": 1.0709662437438965, "acc": 0.5316535234451294, "length": 2.545527219772339, "mode": "train", "epoch": 41}
{"loss": 1.3464473485946655, "acc": 0.4450368285179138, "length": 2.540800094604492, "mode": "test", "epoch": 41}
{"loss": 1.0556929111480713, "acc": 0.5388631224632263, "length": 2.5429701805114746, "mode": "train", "epoch": 42}
{"loss": 1.2653329372406006, "acc": 0.4619673490524292, "length": 2.540759325027466, "mode": "test", "epoch": 42}
{"loss": 1.048018455505371, "acc": 0.5418393611907959, "length": 2.542903423309326, "mode": "train", "epoch": 43}
{"loss": 1.276726245880127, "acc": 0.45386838912963867, "length": 2.541125774383545, "mode": "test", "epoch": 43}
{"loss": 1.0389927625656128, "acc": 0.5456349849700928, "length": 2.543036699295044, "mode": "train", "epoch": 44}
{"loss": 1.2989271879196167, "acc": 0.4582231044769287, "length": 2.5409629344940186, "mode": "test", "epoch": 44}
{"loss": 1.038520097732544, "acc": 0.5450031757354736, "length": 2.542865753173828, "mode": "train", "epoch": 45}
{"loss": 1.2650995254516602, "acc": 0.4616824686527252, "length": 2.540515184402466, "mode": "test", "epoch": 45}
{"loss": 1.0303456783294678, "acc": 0.5490372180938721, "length": 2.5427801609039307, "mode": "train", "epoch": 46}
{"loss": 1.2742817401885986, "acc": 0.46485695242881775, "length": 2.5405967235565186, "mode": "test", "epoch": 46}
{"loss": 1.024914264678955, "acc": 0.5536177754402161, "length": 2.5428645610809326, "mode": "train", "epoch": 47}
{"loss": 1.2712953090667725, "acc": 0.466444194316864, "length": 2.540515184402466, "mode": "test", "epoch": 47}
{"loss": 1.0242124795913696, "acc": 0.5534799098968506, "length": 2.542753219604492, "mode": "train", "epoch": 48}
{"loss": 1.2367315292358398, "acc": 0.47421756386756897, "length": 2.540515184402466, "mode": "test", "epoch": 48}
{"loss": 1.0177160501480103, "acc": 0.5572763085365295, "length": 2.5428178310394287, "mode": "train", "epoch": 49}
{"loss": 1.2323949337005615, "acc": 0.4679907262325287, "length": 2.540515184402466, "mode": "test", "epoch": 49}
{"loss": 1.0160869359970093, "acc": 0.5581480860710144, "length": 2.5429251194000244, "mode": "train", "epoch": 50}
{"loss": 1.241950273513794, "acc": 0.4737699031829834, "length": 2.540515184402466, "mode": "test", "epoch": 50}
{"loss": 1.0129978656768799, "acc": 0.5588668584823608, "length": 2.5428388118743896, "mode": "train", "epoch": 51}
{"loss": 1.260275959968567, "acc": 0.4678686261177063, "length": 2.540515184402466, "mode": "test", "epoch": 51}
{"loss": 1.0081971883773804, "acc": 0.5613453388214111, "length": 2.5427067279815674, "mode": "train", "epoch": 52}
{"loss": 1.2395774126052856, "acc": 0.4760082960128784, "length": 2.540189743041992, "mode": "test", "epoch": 52}
{"loss": 1.0069797039031982, "acc": 0.5624589920043945, "length": 2.5426487922668457, "mode": "train", "epoch": 53}
{"loss": 1.253968358039856, "acc": 0.4751536250114441, "length": 2.540515184402466, "mode": "test", "epoch": 53}
{"loss": 1.0089526176452637, "acc": 0.5628672242164612, "length": 2.5430383682250977, "mode": "train", "epoch": 54}
{"loss": 1.2424397468566895, "acc": 0.4764559864997864, "length": 2.540515184402466, "mode": "test", "epoch": 54}
{"loss": 0.99935382604599, "acc": 0.5679026246070862, "length": 2.5426783561706543, "mode": "train", "epoch": 55}
{"loss": 1.2645015716552734, "acc": 0.4776362478733063, "length": 2.540515184402466, "mode": "test", "epoch": 55}
{"loss": 0.9998432993888855, "acc": 0.5664837956428528, "length": 2.5427215099334717, "mode": "train", "epoch": 56}
{"loss": 1.2675118446350098, "acc": 0.47438037395477295, "length": 2.540515184402466, "mode": "test", "epoch": 56}
{"loss": 0.9959678649902344, "acc": 0.5673257112503052, "length": 2.542711019515991, "mode": "train", "epoch": 57}
{"loss": 1.2271736860275269, "acc": 0.47348499298095703, "length": 2.540515184402466, "mode": "test", "epoch": 57}
{"loss": 1.0001200437545776, "acc": 0.5669003129005432, "length": 2.5433223247528076, "mode": "train", "epoch": 58}
{"loss": 1.2358444929122925, "acc": 0.47568270564079285, "length": 2.541044235229492, "mode": "test", "epoch": 58}
{"loss": 0.9941993355751038, "acc": 0.5695574879646301, "length": 2.5431137084960938, "mode": "train", "epoch": 59}
{"loss": 1.2307002544403076, "acc": 0.4773920476436615, "length": 2.541044235229492, "mode": "test", "epoch": 59}
{"loss": 0.9941795468330383, "acc": 0.5701313614845276, "length": 2.54280948638916, "mode": "train", "epoch": 60}
{"loss": 1.206947922706604, "acc": 0.48394447565078735, "length": 2.5409629344940186, "mode": "test", "epoch": 60}
test accuracy: 0.44873982667922974
