# ["--data_set_name=dim[16, 16, 16]_dist10-0_scale10_upsampleTrue_balancedFalse.ds", "--n_epochs=60", "--batch_size=128", "--learning_rate=0.001", "--hidden_size=128", "--temperature=1.5", "--temp_update=0.97", "--length_cost=0.0", "--vocab_size_factor=3"]
data loaded from: ../zoo/intentional_game/data/dim[16, 16, 16]_dist10-0_scale10_upsampleTrue_balancedFalse.ds

opts
 Namespace(batch_size=128, checkpoint_dir=None, checkpoint_freq=0, cuda=True, data_set_name='dim[16, 16, 16]_dist10-0_scale10_upsampleTrue_balancedFalse.ds', device=device(type='cuda'), distributed_context=DistributedContext(is_distributed=False, rank=0, local_rank=0, world_size=1, mode='none'), distributed_port=18363, fp16=False, hidden_size=128, learning_rate=0.001, length_cost=0.0, load_from_checkpoint=None, lr=0.01, max_len=1, mode='gs', n_epochs=60, no_cuda=False, optimizer='adam', preemptable=False, random_seed=1171847637, receiver_cell='gru', save_interaction_freq=0, sender_cell='gru', temp_update=0.97, temperature=1.5, tensorboard=False, tensorboard_dir='runs/', update_freq=1, validation_freq=1, vocab_size=10, vocab_size_factor=3)
{"loss": 2.2521910667419434, "acc": 0.10093561559915543, "length": 2.9066543579101562, "mode": "train", "epoch": 1}
{"loss": 2.056131362915039, "acc": 0.13727565109729767, "length": 3.3077611923217773, "mode": "test", "epoch": 1}
{"loss": 1.990509033203125, "acc": 0.16239763796329498, "length": 3.38067889213562, "mode": "train", "epoch": 2}
{"loss": 1.983553409576416, "acc": 0.16035163402557373, "length": 3.371983289718628, "mode": "test", "epoch": 2}
{"loss": 1.966440200805664, "acc": 0.16995787620544434, "length": 3.3800883293151855, "mode": "train", "epoch": 3}
{"loss": 1.9598438739776611, "acc": 0.16824711859226227, "length": 3.371983289718628, "mode": "test", "epoch": 3}
{"loss": 1.9411216974258423, "acc": 0.18086357414722443, "length": 3.3799638748168945, "mode": "train", "epoch": 4}
{"loss": 1.9282431602478027, "acc": 0.17943917214870453, "length": 3.371983289718628, "mode": "test", "epoch": 4}
{"loss": 1.9063360691070557, "acc": 0.18960504233837128, "length": 3.380584716796875, "mode": "train", "epoch": 5}
{"loss": 1.8935606479644775, "acc": 0.18717187643051147, "length": 3.3721461296081543, "mode": "test", "epoch": 5}
{"loss": 1.8858996629714966, "acc": 0.1953633427619934, "length": 3.3805620670318604, "mode": "train", "epoch": 6}
{"loss": 1.8577913045883179, "acc": 0.20210817456245422, "length": 3.371983289718628, "mode": "test", "epoch": 6}
{"loss": 1.8164268732070923, "acc": 0.22411805391311646, "length": 3.3805315494537354, "mode": "train", "epoch": 7}
{"loss": 1.7310227155685425, "acc": 0.24105653166770935, "length": 3.371983289718628, "mode": "test", "epoch": 7}
{"loss": 1.6864228248596191, "acc": 0.26499393582344055, "length": 3.38057804107666, "mode": "train", "epoch": 8}
{"loss": 1.662940502166748, "acc": 0.27072563767433167, "length": 3.371983289718628, "mode": "test", "epoch": 8}
{"loss": 1.5805541276931763, "acc": 0.29766541719436646, "length": 3.3827123641967773, "mode": "train", "epoch": 9}
{"loss": 1.569884181022644, "acc": 0.28492939472198486, "length": 3.4025070667266846, "mode": "test", "epoch": 9}
{"loss": 1.5089318752288818, "acc": 0.31430548429489136, "length": 3.4485068321228027, "mode": "train", "epoch": 10}
{"loss": 1.4920380115509033, "acc": 0.3033657670021057, "length": 3.483049154281616, "mode": "test", "epoch": 10}
{"loss": 1.465956687927246, "acc": 0.328095018863678, "length": 3.4884188175201416, "mode": "train", "epoch": 11}
{"loss": 1.4685029983520508, "acc": 0.3193195164203644, "length": 3.483049154281616, "mode": "test", "epoch": 11}
{"loss": 1.4469376802444458, "acc": 0.33683550357818604, "length": 3.4905147552490234, "mode": "train", "epoch": 12}
{"loss": 1.4651521444320679, "acc": 0.3205811679363251, "length": 3.483049154281616, "mode": "test", "epoch": 12}
{"loss": 1.441611409187317, "acc": 0.339434951543808, "length": 3.4906489849090576, "mode": "train", "epoch": 13}
{"loss": 1.4548466205596924, "acc": 0.3240405321121216, "length": 3.483049154281616, "mode": "test", "epoch": 13}
{"loss": 1.4279736280441284, "acc": 0.3445900082588196, "length": 3.49066162109375, "mode": "train", "epoch": 14}
{"loss": 1.448591709136963, "acc": 0.32664522528648376, "length": 3.483049154281616, "mode": "test", "epoch": 14}
{"loss": 1.4213520288467407, "acc": 0.3477516770362854, "length": 3.4907617568969727, "mode": "train", "epoch": 15}
{"loss": 1.4273704290390015, "acc": 0.338284969329834, "length": 3.483049154281616, "mode": "test", "epoch": 15}
{"loss": 1.414044737815857, "acc": 0.3523781895637512, "length": 3.4908649921417236, "mode": "train", "epoch": 16}
{"loss": 1.4187877178192139, "acc": 0.34113386273384094, "length": 3.483049154281616, "mode": "test", "epoch": 16}
{"loss": 1.394007682800293, "acc": 0.3627019226551056, "length": 3.4904582500457764, "mode": "train", "epoch": 17}
{"loss": 1.4195897579193115, "acc": 0.3466281294822693, "length": 3.483049154281616, "mode": "test", "epoch": 17}
{"loss": 1.3888933658599854, "acc": 0.3652604818344116, "length": 3.491671323776245, "mode": "train", "epoch": 18}
{"loss": 1.3970383405685425, "acc": 0.3537503480911255, "length": 3.48325252532959, "mode": "test", "epoch": 18}
{"loss": 1.3795579671859741, "acc": 0.37063485383987427, "length": 3.491952657699585, "mode": "train", "epoch": 19}
{"loss": 1.3803365230560303, "acc": 0.362174928188324, "length": 3.4834561347961426, "mode": "test", "epoch": 19}
{"loss": 1.3483428955078125, "acc": 0.38313719630241394, "length": 3.49078631401062, "mode": "train", "epoch": 20}
{"loss": 1.3613839149475098, "acc": 0.3657970726490021, "length": 3.48325252532959, "mode": "test", "epoch": 20}
{"loss": 1.334947109222412, "acc": 0.3922237753868103, "length": 3.490784168243408, "mode": "train", "epoch": 21}
{"loss": 1.3365447521209717, "acc": 0.3820357322692871, "length": 3.482805013656616, "mode": "test", "epoch": 21}
{"loss": 1.3061376810073853, "acc": 0.39878347516059875, "length": 3.4905030727386475, "mode": "train", "epoch": 22}
{"loss": 1.3245980739593506, "acc": 0.38284969329833984, "length": 3.483049154281616, "mode": "test", "epoch": 22}
{"loss": 1.3029345273971558, "acc": 0.39911606907844543, "length": 3.4906866550445557, "mode": "train", "epoch": 23}
{"loss": 1.32045578956604, "acc": 0.38179153203964233, "length": 3.483049154281616, "mode": "test", "epoch": 23}
{"loss": 1.2958062887191772, "acc": 0.4028627872467041, "length": 3.4906327724456787, "mode": "train", "epoch": 24}
{"loss": 1.33318030834198, "acc": 0.37906473875045776, "length": 3.4832119941711426, "mode": "test", "epoch": 24}
{"loss": 1.2886804342269897, "acc": 0.40534940361976624, "length": 3.4907169342041016, "mode": "train", "epoch": 25}
{"loss": 1.3193557262420654, "acc": 0.38411134481430054, "length": 3.4830899238586426, "mode": "test", "epoch": 25}
{"loss": 1.2794798612594604, "acc": 0.4089416563510895, "length": 3.4909791946411133, "mode": "train", "epoch": 26}
{"loss": 1.277772307395935, "acc": 0.39925116300582886, "length": 3.4848804473876953, "mode": "test", "epoch": 26}
{"loss": 1.21773099899292, "acc": 0.4219876527786255, "length": 3.492774486541748, "mode": "train", "epoch": 27}
{"loss": 1.2194430828094482, "acc": 0.4036058783531189, "length": 3.4873225688934326, "mode": "test", "epoch": 27}
{"loss": 1.196886658668518, "acc": 0.4255508780479431, "length": 3.4955577850341797, "mode": "train", "epoch": 28}
{"loss": 1.2075352668762207, "acc": 0.4098327159881592, "length": 3.4889910221099854, "mode": "test", "epoch": 28}
{"loss": 1.1897684335708618, "acc": 0.4321788251399994, "length": 3.4988150596618652, "mode": "train", "epoch": 29}
{"loss": 1.1966646909713745, "acc": 0.41260021924972534, "length": 3.4887468814849854, "mode": "test", "epoch": 29}
{"loss": 1.1974127292633057, "acc": 0.4272598326206207, "length": 3.4982872009277344, "mode": "train", "epoch": 30}
{"loss": 1.2473983764648438, "acc": 0.3906638026237488, "length": 3.4887876510620117, "mode": "test", "epoch": 30}
{"loss": 1.1912916898727417, "acc": 0.4258494973182678, "length": 3.495654821395874, "mode": "train", "epoch": 31}
{"loss": 1.2015595436096191, "acc": 0.4060884714126587, "length": 3.489072561264038, "mode": "test", "epoch": 31}
{"loss": 1.1710067987442017, "acc": 0.4333930015563965, "length": 3.4963297843933105, "mode": "train", "epoch": 32}
{"loss": 1.1835107803344727, "acc": 0.4158153831958771, "length": 3.49183988571167, "mode": "test", "epoch": 32}
{"loss": 1.1578072309494019, "acc": 0.439209908246994, "length": 3.499953031539917, "mode": "train", "epoch": 33}
{"loss": 1.1733399629592896, "acc": 0.41715842485427856, "length": 3.4931015968322754, "mode": "test", "epoch": 33}
{"loss": 1.1568750143051147, "acc": 0.43820610642433167, "length": 3.508305788040161, "mode": "train", "epoch": 34}
{"loss": 1.1699918508529663, "acc": 0.4227748215198517, "length": 3.5005087852478027, "mode": "test", "epoch": 34}
{"loss": 1.1458133459091187, "acc": 0.4416426420211792, "length": 3.5090689659118652, "mode": "train", "epoch": 35}
{"loss": 1.1572189331054688, "acc": 0.42098408937454224, "length": 3.5044565200805664, "mode": "test", "epoch": 35}
{"loss": 1.1518332958221436, "acc": 0.44173136353492737, "length": 3.510737895965576, "mode": "train", "epoch": 36}
{"loss": 1.2209362983703613, "acc": 0.411745548248291, "length": 3.50054931640625, "mode": "test", "epoch": 36}
{"loss": 1.1926220655441284, "acc": 0.4266037940979004, "length": 3.507352590560913, "mode": "train", "epoch": 37}
{"loss": 1.2004706859588623, "acc": 0.40763500332832336, "length": 3.5011191368103027, "mode": "test", "epoch": 37}
{"loss": 1.1842962503433228, "acc": 0.4332219958305359, "length": 3.511594295501709, "mode": "train", "epoch": 38}
{"loss": 1.1842070817947388, "acc": 0.4131292998790741, "length": 3.5047414302825928, "mode": "test", "epoch": 38}
{"loss": 1.1531707048416138, "acc": 0.43853044509887695, "length": 3.5104775428771973, "mode": "train", "epoch": 39}
{"loss": 1.161422610282898, "acc": 0.42179805040359497, "length": 3.5021774768829346, "mode": "test", "epoch": 39}
{"loss": 1.1452451944351196, "acc": 0.4447483718395233, "length": 3.5163846015930176, "mode": "train", "epoch": 40}
{"loss": 1.157355785369873, "acc": 0.42346668243408203, "length": 3.517317056655884, "mode": "test", "epoch": 40}
{"loss": 1.142589807510376, "acc": 0.44628480076789856, "length": 3.5283892154693604, "mode": "train", "epoch": 41}
{"loss": 1.165864109992981, "acc": 0.41980382800102234, "length": 3.534858226776123, "mode": "test", "epoch": 41}
{"loss": 1.1444823741912842, "acc": 0.4467523992061615, "length": 3.540839672088623, "mode": "train", "epoch": 42}
{"loss": 1.1617398262023926, "acc": 0.4226120114326477, "length": 3.5237882137298584, "mode": "test", "epoch": 42}
{"loss": 1.1272786855697632, "acc": 0.4507834315299988, "length": 3.535407304763794, "mode": "train", "epoch": 43}
{"loss": 1.1463603973388672, "acc": 0.42440274357795715, "length": 3.5294859409332275, "mode": "test", "epoch": 43}
{"loss": 1.128726840019226, "acc": 0.4548036754131317, "length": 3.5371968746185303, "mode": "train", "epoch": 44}
{"loss": 1.1451809406280518, "acc": 0.4259899854660034, "length": 3.5267183780670166, "mode": "test", "epoch": 44}
{"loss": 1.1146867275238037, "acc": 0.4572656452655792, "length": 3.5377631187438965, "mode": "train", "epoch": 45}
{"loss": 1.1239275932312012, "acc": 0.43738552927970886, "length": 3.5302999019622803, "mode": "test", "epoch": 45}
{"loss": 1.1077358722686768, "acc": 0.45815354585647583, "length": 3.5396366119384766, "mode": "train", "epoch": 46}
{"loss": 1.129992127418518, "acc": 0.4300191402435303, "length": 3.5318057537078857, "mode": "test", "epoch": 46}
{"loss": 1.103365421295166, "acc": 0.4591386616230011, "length": 3.538306713104248, "mode": "train", "epoch": 47}
{"loss": 1.1088513135910034, "acc": 0.43885067105293274, "length": 3.528712749481201, "mode": "test", "epoch": 47}
{"loss": 1.1024060249328613, "acc": 0.4649451971054077, "length": 3.5409955978393555, "mode": "train", "epoch": 48}
{"loss": 1.1155394315719604, "acc": 0.44011232256889343, "length": 3.5269219875335693, "mode": "test", "epoch": 48}
{"loss": 1.1166911125183105, "acc": 0.45958006381988525, "length": 3.541016101837158, "mode": "train", "epoch": 49}
{"loss": 1.1192095279693604, "acc": 0.43649017810821533, "length": 3.533555746078491, "mode": "test", "epoch": 49}
{"loss": 1.0788636207580566, "acc": 0.47098425030708313, "length": 3.545602321624756, "mode": "train", "epoch": 50}
{"loss": 1.0937798023223877, "acc": 0.44699034094810486, "length": 3.5374221801757812, "mode": "test", "epoch": 50}
{"loss": 1.0702861547470093, "acc": 0.4747718274593353, "length": 3.5465264320373535, "mode": "train", "epoch": 51}
{"loss": 1.1024117469787598, "acc": 0.44605427980422974, "length": 3.5379512310028076, "mode": "test", "epoch": 51}
{"loss": 1.0649797916412354, "acc": 0.4763891100883484, "length": 3.545830488204956, "mode": "train", "epoch": 52}
{"loss": 1.1060714721679688, "acc": 0.44589149951934814, "length": 3.528183698654175, "mode": "test", "epoch": 52}
{"loss": 1.0787055492401123, "acc": 0.47462382912635803, "length": 3.543933391571045, "mode": "train", "epoch": 53}
{"loss": 1.089841604232788, "acc": 0.45167067646980286, "length": 3.536404609680176, "mode": "test", "epoch": 53}
{"loss": 1.068628191947937, "acc": 0.48226454854011536, "length": 3.5431299209594727, "mode": "train", "epoch": 54}
{"loss": 1.0817222595214844, "acc": 0.46383947134017944, "length": 3.5348987579345703, "mode": "test", "epoch": 54}
{"loss": 1.0593156814575195, "acc": 0.48636069893836975, "length": 3.541754961013794, "mode": "train", "epoch": 55}
{"loss": 1.0735927820205688, "acc": 0.4574905335903168, "length": 3.536567449569702, "mode": "test", "epoch": 55}
{"loss": 1.052468180656433, "acc": 0.49252572655677795, "length": 3.543511152267456, "mode": "train", "epoch": 56}
{"loss": 1.0661582946777344, "acc": 0.46485695242881775, "length": 3.530869722366333, "mode": "test", "epoch": 56}
{"loss": 1.0313454866409302, "acc": 0.4990527033805847, "length": 3.5408244132995605, "mode": "train", "epoch": 57}
{"loss": 1.0218305587768555, "acc": 0.47926416993141174, "length": 3.5351836681365967, "mode": "test", "epoch": 57}
{"loss": 1.002935528755188, "acc": 0.5078914165496826, "length": 3.541837453842163, "mode": "train", "epoch": 58}
{"loss": 1.0142691135406494, "acc": 0.47340360283851624, "length": 3.5340442657470703, "mode": "test", "epoch": 58}
{"loss": 1.030866265296936, "acc": 0.5035059452056885, "length": 3.5405306816101074, "mode": "train", "epoch": 59}
{"loss": 1.0693703889846802, "acc": 0.47071751952171326, "length": 3.529892921447754, "mode": "test", "epoch": 59}
{"loss": 1.0415010452270508, "acc": 0.4979230463504791, "length": 3.5437586307525635, "mode": "train", "epoch": 60}
{"loss": 1.0353662967681885, "acc": 0.47665947675704956, "length": 3.5415327548980713, "mode": "test", "epoch": 60}
test accuracy: 0.41280487179756165
