# ["--data_set_name=dim[16, 16, 16]_dist10-0_scale10_upsampleTrue_balancedFalse.ds", "--n_epochs=60", "--batch_size=128", "--learning_rate=0.001", "--hidden_size=128", "--temperature=1.5", "--temp_update=0.99", "--length_cost=0.0", "--vocab_size_factor=3"]
data loaded from: ../zoo/intentional_game/data/dim[16, 16, 16]_dist10-0_scale10_upsampleTrue_balancedFalse.ds

opts
 Namespace(batch_size=128, checkpoint_dir=None, checkpoint_freq=0, cuda=True, data_set_name='dim[16, 16, 16]_dist10-0_scale10_upsampleTrue_balancedFalse.ds', device=device(type='cuda'), distributed_context=DistributedContext(is_distributed=False, rank=0, local_rank=0, world_size=1, mode='none'), distributed_port=18363, fp16=False, hidden_size=128, learning_rate=0.001, length_cost=0.0, load_from_checkpoint=None, lr=0.01, max_len=1, mode='gs', n_epochs=60, no_cuda=False, optimizer='adam', preemptable=False, random_seed=1261867162, receiver_cell='gru', save_interaction_freq=0, sender_cell='gru', temp_update=0.99, temperature=1.5, tensorboard=False, tensorboard_dir='runs/', update_freq=1, validation_freq=1, vocab_size=10, vocab_size_factor=3)
{"loss": 2.2495009899139404, "acc": 0.09935656934976578, "length": 2.2835497856140137, "mode": "train", "epoch": 1}
{"loss": 2.1474039554595947, "acc": 0.11468804627656937, "length": 2.4596476554870605, "mode": "test", "epoch": 1}
{"loss": 2.021388292312622, "acc": 0.15255866944789886, "length": 2.5520124435424805, "mode": "train", "epoch": 2}
{"loss": 2.018221378326416, "acc": 0.15449106693267822, "length": 2.580888032913208, "mode": "test", "epoch": 2}
{"loss": 1.9623398780822754, "acc": 0.17608444392681122, "length": 2.5767390727996826, "mode": "train", "epoch": 3}
{"loss": 1.9574651718139648, "acc": 0.17471815645694733, "length": 2.580155372619629, "mode": "test", "epoch": 3}
{"loss": 1.9509315490722656, "acc": 0.17731983959674835, "length": 2.5780093669891357, "mode": "train", "epoch": 4}
{"loss": 1.96372652053833, "acc": 0.17085181176662445, "length": 2.580155372619629, "mode": "test", "epoch": 4}
{"loss": 1.9457365274429321, "acc": 0.1780197024345398, "length": 2.577014923095703, "mode": "train", "epoch": 5}
{"loss": 1.952712893486023, "acc": 0.17801472544670105, "length": 2.580155372619629, "mode": "test", "epoch": 5}
{"loss": 1.9393717050552368, "acc": 0.18456706404685974, "length": 2.5788607597351074, "mode": "train", "epoch": 6}
{"loss": 1.9413141012191772, "acc": 0.18066012859344482, "length": 2.5933010578155518, "mode": "test", "epoch": 6}
{"loss": 1.9119597673416138, "acc": 0.1956728994846344, "length": 2.6053407192230225, "mode": "train", "epoch": 7}
{"loss": 1.9071062803268433, "acc": 0.19600342214107513, "length": 2.6213016510009766, "mode": "test", "epoch": 7}
{"loss": 1.8900943994522095, "acc": 0.20270493626594543, "length": 2.610853910446167, "mode": "train", "epoch": 8}
{"loss": 1.8972843885421753, "acc": 0.19803833961486816, "length": 2.617109537124634, "mode": "test", "epoch": 8}
{"loss": 1.8638180494308472, "acc": 0.2085556834936142, "length": 2.61051082611084, "mode": "train", "epoch": 9}
{"loss": 1.8622887134552002, "acc": 0.20634080469608307, "length": 2.6243538856506348, "mode": "test", "epoch": 9}
{"loss": 1.84207284450531, "acc": 0.218344047665596, "length": 2.6109938621520996, "mode": "train", "epoch": 10}
{"loss": 1.8423280715942383, "acc": 0.2155386358499527, "length": 2.6243538856506348, "mode": "test", "epoch": 10}
{"loss": 1.8203305006027222, "acc": 0.22758083045482635, "length": 2.6146183013916016, "mode": "train", "epoch": 11}
{"loss": 1.826303482055664, "acc": 0.22009685635566711, "length": 2.6243538856506348, "mode": "test", "epoch": 11}
{"loss": 1.7714763879776, "acc": 0.24148260056972504, "length": 2.6158289909362793, "mode": "train", "epoch": 12}
{"loss": 1.7624142169952393, "acc": 0.24126002192497253, "length": 2.6243538856506348, "mode": "test", "epoch": 12}
{"loss": 1.7160985469818115, "acc": 0.2532433271408081, "length": 2.6160874366760254, "mode": "train", "epoch": 13}
{"loss": 1.73276686668396, "acc": 0.2463066279888153, "length": 2.6243538856506348, "mode": "test", "epoch": 13}
{"loss": 1.7020033597946167, "acc": 0.2578606903553009, "length": 2.6163463592529297, "mode": "train", "epoch": 14}
{"loss": 1.7216014862060547, "acc": 0.24919620156288147, "length": 2.6242318153381348, "mode": "test", "epoch": 14}
{"loss": 1.697358250617981, "acc": 0.2579262852668762, "length": 2.6168298721313477, "mode": "train", "epoch": 15}
{"loss": 1.7189855575561523, "acc": 0.24541126191616058, "length": 2.6243538856506348, "mode": "test", "epoch": 15}
{"loss": 1.6520549058914185, "acc": 0.27570483088493347, "length": 2.617379903793335, "mode": "train", "epoch": 16}
{"loss": 1.6650004386901855, "acc": 0.2681209444999695, "length": 2.6243538856506348, "mode": "test", "epoch": 16}
{"loss": 1.6172786951065063, "acc": 0.28987348079681396, "length": 2.6176095008850098, "mode": "train", "epoch": 17}
{"loss": 1.6658786535263062, "acc": 0.2674697935581207, "length": 2.6243538856506348, "mode": "test", "epoch": 17}
{"loss": 1.587646245956421, "acc": 0.301867812871933, "length": 2.6174888610839844, "mode": "train", "epoch": 18}
{"loss": 1.6584819555282593, "acc": 0.2727605700492859, "length": 2.6243538856506348, "mode": "test", "epoch": 18}
{"loss": 1.572150707244873, "acc": 0.3051740527153015, "length": 2.6175687313079834, "mode": "train", "epoch": 19}
{"loss": 1.6565229892730713, "acc": 0.27906882762908936, "length": 2.6243538856506348, "mode": "test", "epoch": 19}
{"loss": 1.5542771816253662, "acc": 0.3127403259277344, "length": 2.644395112991333, "mode": "train", "epoch": 20}
{"loss": 1.6643822193145752, "acc": 0.28260958194732666, "length": 2.6962273120880127, "mode": "test", "epoch": 20}
{"loss": 1.5299127101898193, "acc": 0.32251694798469543, "length": 2.686002492904663, "mode": "train", "epoch": 21}
{"loss": 1.6688079833984375, "acc": 0.2799234986305237, "length": 2.7171056270599365, "mode": "test", "epoch": 21}
{"loss": 1.5174826383590698, "acc": 0.3253405690193176, "length": 2.6934309005737305, "mode": "train", "epoch": 22}
{"loss": 1.6898539066314697, "acc": 0.2837084233760834, "length": 2.734198808670044, "mode": "test", "epoch": 22}
{"loss": 1.5125396251678467, "acc": 0.32810574769973755, "length": 2.6934964656829834, "mode": "train", "epoch": 23}
{"loss": 1.6710808277130127, "acc": 0.285580575466156, "length": 2.7344837188720703, "mode": "test", "epoch": 23}
{"loss": 1.5069873332977295, "acc": 0.3302347660064697, "length": 2.696049690246582, "mode": "train", "epoch": 24}
{"loss": 1.6681804656982422, "acc": 0.2870863974094391, "length": 2.722843885421753, "mode": "test", "epoch": 24}
{"loss": 1.5010472536087036, "acc": 0.3368724286556244, "length": 2.6960103511810303, "mode": "train", "epoch": 25}
{"loss": 1.6603692770004272, "acc": 0.29339465498924255, "length": 2.7247161865234375, "mode": "test", "epoch": 25}
{"loss": 1.4886337518692017, "acc": 0.34410977363586426, "length": 2.6944355964660645, "mode": "train", "epoch": 26}
{"loss": 1.6848390102386475, "acc": 0.29575514793395996, "length": 2.721256732940674, "mode": "test", "epoch": 26}
{"loss": 1.4625898599624634, "acc": 0.35556936264038086, "length": 2.6959407329559326, "mode": "train", "epoch": 27}
{"loss": 1.575613260269165, "acc": 0.31834277510643005, "length": 2.71271014213562, "mode": "test", "epoch": 27}
{"loss": 1.4398784637451172, "acc": 0.36247631907463074, "length": 2.7025718688964844, "mode": "train", "epoch": 28}
{"loss": 1.5871599912643433, "acc": 0.30637744069099426, "length": 2.7204020023345947, "mode": "test", "epoch": 28}
{"loss": 1.4095137119293213, "acc": 0.36744406819343567, "length": 2.707643747329712, "mode": "train", "epoch": 29}
{"loss": 1.5612496137619019, "acc": 0.3180985748767853, "length": 2.693622589111328, "mode": "test", "epoch": 29}
{"loss": 1.3818562030792236, "acc": 0.37655648589134216, "length": 2.7692275047302246, "mode": "train", "epoch": 30}
{"loss": 1.5612573623657227, "acc": 0.33800008893013, "length": 2.7683041095733643, "mode": "test", "epoch": 30}
{"loss": 1.355495810508728, "acc": 0.38535550236701965, "length": 2.7841150760650635, "mode": "train", "epoch": 31}
{"loss": 1.541332721710205, "acc": 0.33966872096061707, "length": 2.773228645324707, "mode": "test", "epoch": 31}
{"loss": 1.34024178981781, "acc": 0.39173802733421326, "length": 2.784128189086914, "mode": "train", "epoch": 32}
{"loss": 1.4966199398040771, "acc": 0.3415408432483673, "length": 2.7808799743652344, "mode": "test", "epoch": 32}
{"loss": 1.3261874914169312, "acc": 0.39556685090065, "length": 2.794098377227783, "mode": "train", "epoch": 33}
{"loss": 1.4660109281539917, "acc": 0.3498840034008026, "length": 2.8582067489624023, "mode": "test", "epoch": 33}
{"loss": 1.3213812112808228, "acc": 0.3992146849632263, "length": 2.8155758380889893, "mode": "train", "epoch": 34}
{"loss": 1.502915620803833, "acc": 0.3522852063179016, "length": 2.8426194190979004, "mode": "test", "epoch": 34}
{"loss": 1.303027629852295, "acc": 0.4063597023487091, "length": 2.828472852706909, "mode": "train", "epoch": 35}
{"loss": 1.4731377363204956, "acc": 0.36237841844558716, "length": 2.836189031600952, "mode": "test", "epoch": 35}
{"loss": 1.28473961353302, "acc": 0.4159383177757263, "length": 2.8369555473327637, "mode": "train", "epoch": 36}
{"loss": 1.4505939483642578, "acc": 0.36160513758659363, "length": 2.8152294158935547, "mode": "test", "epoch": 36}
{"loss": 1.2748647928237915, "acc": 0.41900256276130676, "length": 2.843024492263794, "mode": "train", "epoch": 37}
{"loss": 1.4604425430297852, "acc": 0.359326034784317, "length": 2.8682594299316406, "mode": "test", "epoch": 37}
{"loss": 1.2677465677261353, "acc": 0.42045044898986816, "length": 2.8435425758361816, "mode": "train", "epoch": 38}
{"loss": 1.4800204038619995, "acc": 0.3653493821620941, "length": 2.8585731983184814, "mode": "test", "epoch": 38}
{"loss": 1.2612477540969849, "acc": 0.4246607720851898, "length": 2.8466625213623047, "mode": "train", "epoch": 39}
{"loss": 1.4357953071594238, "acc": 0.36160513758659363, "length": 2.848357915878296, "mode": "test", "epoch": 39}
{"loss": 1.2540360689163208, "acc": 0.4260447323322296, "length": 2.8397932052612305, "mode": "train", "epoch": 40}
{"loss": 1.4832834005355835, "acc": 0.3628261089324951, "length": 2.8737943172454834, "mode": "test", "epoch": 40}
{"loss": 1.2512288093566895, "acc": 0.42660534381866455, "length": 2.850532054901123, "mode": "train", "epoch": 41}
{"loss": 1.4895868301391602, "acc": 0.36600056290626526, "length": 2.8734281063079834, "mode": "test", "epoch": 41}
{"loss": 1.2522621154785156, "acc": 0.43046340346336365, "length": 2.849562168121338, "mode": "train", "epoch": 42}
{"loss": 1.432187557220459, "acc": 0.36482033133506775, "length": 2.8675267696380615, "mode": "test", "epoch": 42}
{"loss": 1.2428456544876099, "acc": 0.4296852648258209, "length": 2.8545913696289062, "mode": "train", "epoch": 43}
{"loss": 1.4485185146331787, "acc": 0.3691343367099762, "length": 2.872044324874878, "mode": "test", "epoch": 43}
{"loss": 1.237801432609558, "acc": 0.43304023146629333, "length": 2.8595821857452393, "mode": "train", "epoch": 44}
{"loss": 1.4560871124267578, "acc": 0.3668552339076996, "length": 2.870619773864746, "mode": "test", "epoch": 44}
{"loss": 1.2322787046432495, "acc": 0.43742507696151733, "length": 2.8555431365966797, "mode": "train", "epoch": 45}
{"loss": 1.418983817100525, "acc": 0.3699483275413513, "length": 2.8730616569519043, "mode": "test", "epoch": 45}
{"loss": 1.2289077043533325, "acc": 0.4383072257041931, "length": 2.8575963973999023, "mode": "train", "epoch": 46}
{"loss": 1.4560942649841309, "acc": 0.37690773606300354, "length": 2.8828699588775635, "mode": "test", "epoch": 46}
{"loss": 1.2310763597488403, "acc": 0.4389459192752838, "length": 2.8638675212860107, "mode": "train", "epoch": 47}
{"loss": 1.422070026397705, "acc": 0.37768101692199707, "length": 2.866875648498535, "mode": "test", "epoch": 47}
{"loss": 1.2202469110488892, "acc": 0.44345223903656006, "length": 2.8627448081970215, "mode": "train", "epoch": 48}
{"loss": 1.4373621940612793, "acc": 0.3796752393245697, "length": 2.8804688453674316, "mode": "test", "epoch": 48}
{"loss": 1.2151598930358887, "acc": 0.44787824153900146, "length": 2.8622193336486816, "mode": "train", "epoch": 49}
{"loss": 1.4323465824127197, "acc": 0.38272759318351746, "length": 2.8816490173339844, "mode": "test", "epoch": 49}
{"loss": 1.2066885232925415, "acc": 0.4512934684753418, "length": 2.8629090785980225, "mode": "train", "epoch": 50}
{"loss": 1.4439276456832886, "acc": 0.38048920035362244, "length": 2.8902363777160645, "mode": "test", "epoch": 50}
{"loss": 1.2073743343353271, "acc": 0.4515555799007416, "length": 2.864398717880249, "mode": "train", "epoch": 51}
{"loss": 1.4250335693359375, "acc": 0.3800007998943329, "length": 2.863823175430298, "mode": "test", "epoch": 51}
{"loss": 1.2035471200942993, "acc": 0.4552868604660034, "length": 2.869521141052246, "mode": "train", "epoch": 52}
{"loss": 1.409706473350525, "acc": 0.38984981179237366, "length": 2.883521318435669, "mode": "test", "epoch": 52}
{"loss": 1.1983572244644165, "acc": 0.4563498795032501, "length": 2.8643906116485596, "mode": "train", "epoch": 53}
{"loss": 1.4204914569854736, "acc": 0.3831752836704254, "length": 2.855764865875244, "mode": "test", "epoch": 53}
{"loss": 1.1863889694213867, "acc": 0.46281111240386963, "length": 2.8650786876678467, "mode": "train", "epoch": 54}
{"loss": 1.3905733823776245, "acc": 0.39831507205963135, "length": 2.8873062133789062, "mode": "test", "epoch": 54}
{"loss": 1.1828341484069824, "acc": 0.46368733048439026, "length": 2.865015983581543, "mode": "train", "epoch": 55}
{"loss": 1.398972988128662, "acc": 0.39709413051605225, "length": 2.8884456157684326, "mode": "test", "epoch": 55}
{"loss": 1.1854106187820435, "acc": 0.46406322717666626, "length": 2.8544020652770996, "mode": "train", "epoch": 56}
{"loss": 1.3889707326889038, "acc": 0.39469292759895325, "length": 2.8232061862945557, "mode": "test", "epoch": 56}
{"loss": 1.1931995153427124, "acc": 0.4622810482978821, "length": 2.8068795204162598, "mode": "train", "epoch": 57}
{"loss": 1.437656283378601, "acc": 0.38626837730407715, "length": 2.817915439605713, "mode": "test", "epoch": 57}
{"loss": 1.1864949464797974, "acc": 0.4618222713470459, "length": 2.807779550552368, "mode": "train", "epoch": 58}
{"loss": 1.432445764541626, "acc": 0.3857392966747284, "length": 2.81685733795166, "mode": "test", "epoch": 58}
{"loss": 1.180699348449707, "acc": 0.46489572525024414, "length": 2.804988145828247, "mode": "train", "epoch": 59}
{"loss": 1.4208779335021973, "acc": 0.38765209913253784, "length": 2.8347644805908203, "mode": "test", "epoch": 59}
{"loss": 1.1774097681045532, "acc": 0.4662424623966217, "length": 2.811866283416748, "mode": "train", "epoch": 60}
{"loss": 1.442941427230835, "acc": 0.392535924911499, "length": 2.831468105316162, "mode": "test", "epoch": 60}
test accuracy: 0.34044715762138367
