# ["--data_set_name=dim[4, 4, 4]_dist10-0_scale10_upsampleTrue_balancedFalse.ds", "--n_epochs=60", "--batch_size=32", "--learning_rate=0.001", "--hidden_size=256", "--temperature=1.5", "--temp_update=0.99", "--length_cost=0.0", "--vocab_size_factor=3"]
data loaded from: ../zoo/intentional_game/data/dim[4, 4, 4]_dist10-0_scale10_upsampleTrue_balancedFalse.ds

opts
 Namespace(batch_size=32, checkpoint_dir=None, checkpoint_freq=0, cuda=True, data_set_name='dim[4, 4, 4]_dist10-0_scale10_upsampleTrue_balancedFalse.ds', device=device(type='cuda'), distributed_context=DistributedContext(is_distributed=False, rank=0, local_rank=0, world_size=1, mode='none'), distributed_port=18363, fp16=False, hidden_size=256, learning_rate=0.001, length_cost=0.0, load_from_checkpoint=None, lr=0.01, max_len=1, mode='gs', n_epochs=60, no_cuda=False, optimizer='adam', preemptable=False, random_seed=133900536, receiver_cell='gru', save_interaction_freq=0, sender_cell='gru', temp_update=0.99, temperature=1.5, tensorboard=False, tensorboard_dir='runs/', update_freq=1, validation_freq=1, vocab_size=10, vocab_size_factor=3)
{"loss": 2.4297258853912354, "acc": 0.08485203981399536, "length": 1.981832504272461, "mode": "train", "epoch": 1}
{"loss": 2.4022622108459473, "acc": 0.10182767361402512, "length": 1.0, "mode": "test", "epoch": 1}
{"loss": 2.411076784133911, "acc": 0.07955227047204971, "length": 1.2382053136825562, "mode": "train", "epoch": 2}
{"loss": 2.3890483379364014, "acc": 0.09921670705080032, "length": 1.404699683189392, "mode": "test", "epoch": 2}
{"loss": 2.3159351348876953, "acc": 0.14535212516784668, "length": 1.6393797397613525, "mode": "train", "epoch": 3}
{"loss": 2.2774221897125244, "acc": 0.16971279680728912, "length": 1.5691906213760376, "mode": "test", "epoch": 3}
{"loss": 2.1821839809417725, "acc": 0.18404553830623627, "length": 1.8562135696411133, "mode": "train", "epoch": 4}
{"loss": 2.1952099800109863, "acc": 0.20887728035449982, "length": 1.9164490699768066, "mode": "test", "epoch": 4}
{"loss": 2.076486110687256, "acc": 0.21322359144687653, "length": 2.067077398300171, "mode": "train", "epoch": 5}
{"loss": 2.102198600769043, "acc": 0.23237597942352295, "length": 2.1671018600463867, "mode": "test", "epoch": 5}
{"loss": 1.9806166887283325, "acc": 0.25361311435699463, "length": 2.061429262161255, "mode": "train", "epoch": 6}
{"loss": 2.0610666275024414, "acc": 0.2793733775615692, "length": 2.1174933910369873, "mode": "test", "epoch": 6}
{"loss": 1.9662624597549438, "acc": 0.25308746099472046, "length": 2.0855236053466797, "mode": "train", "epoch": 7}
{"loss": 1.9771302938461304, "acc": 0.2506527304649353, "length": 2.112271547317505, "mode": "test", "epoch": 7}
{"loss": 1.9330689907073975, "acc": 0.2706107497215271, "length": 2.074960947036743, "mode": "train", "epoch": 8}
{"loss": 1.9233474731445312, "acc": 0.2898172438144684, "length": 2.091383695602417, "mode": "test", "epoch": 8}
{"loss": 1.8963167667388916, "acc": 0.27920398116111755, "length": 2.190904378890991, "mode": "train", "epoch": 9}
{"loss": 2.033186912536621, "acc": 0.26631852984428406, "length": 2.2349870204925537, "mode": "test", "epoch": 9}
{"loss": 1.7996739149093628, "acc": 0.3243498206138611, "length": 2.2867729663848877, "mode": "train", "epoch": 10}
{"loss": 1.8363556861877441, "acc": 0.3185378611087799, "length": 2.2898173332214355, "mode": "test", "epoch": 10}
{"loss": 1.705183982849121, "acc": 0.3582531213760376, "length": 2.3722951412200928, "mode": "train", "epoch": 11}
{"loss": 1.729201078414917, "acc": 0.3838120102882385, "length": 2.2323758602142334, "mode": "test", "epoch": 11}
{"loss": 1.6026376485824585, "acc": 0.4011450409889221, "length": 2.4378135204315186, "mode": "train", "epoch": 12}
{"loss": 1.6376045942306519, "acc": 0.4308094084262848, "length": 2.5274150371551514, "mode": "test", "epoch": 12}
{"loss": 1.5346113443374634, "acc": 0.43201255798339844, "length": 2.4989449977874756, "mode": "train", "epoch": 13}
{"loss": 1.6766462326049805, "acc": 0.3942558765411377, "length": 2.50130558013916, "mode": "test", "epoch": 13}
{"loss": 1.5174126625061035, "acc": 0.43378886580467224, "length": 2.5232574939727783, "mode": "train", "epoch": 14}
{"loss": 1.6436882019042969, "acc": 0.4360313415527344, "length": 2.5378589630126953, "mode": "test", "epoch": 14}
{"loss": 1.442959189414978, "acc": 0.46308058500289917, "length": 2.56510329246521, "mode": "train", "epoch": 15}
{"loss": 1.6150355339050293, "acc": 0.44908615946769714, "length": 2.6292428970336914, "mode": "test", "epoch": 15}
{"loss": 1.4279428720474243, "acc": 0.46886447072029114, "length": 2.544778347015381, "mode": "train", "epoch": 16}
{"loss": 1.555385947227478, "acc": 0.45430809259414673, "length": 2.590078353881836, "mode": "test", "epoch": 16}
{"loss": 1.3413150310516357, "acc": 0.5124516487121582, "length": 2.647233009338379, "mode": "train", "epoch": 17}
{"loss": 1.5613954067230225, "acc": 0.5195822715759277, "length": 2.7650129795074463, "mode": "test", "epoch": 17}
{"loss": 1.2527188062667847, "acc": 0.5615600347518921, "length": 2.7744686603546143, "mode": "train", "epoch": 18}
{"loss": 1.407391905784607, "acc": 0.5404699444770813, "length": 2.7806787490844727, "mode": "test", "epoch": 18}
{"loss": 1.0944706201553345, "acc": 0.6252701878547668, "length": 2.7815990447998047, "mode": "train", "epoch": 19}
{"loss": 1.2306088209152222, "acc": 0.5926892757415771, "length": 2.7650129795074463, "mode": "test", "epoch": 19}
{"loss": 0.9284635186195374, "acc": 0.6954086422920227, "length": 2.835803270339966, "mode": "train", "epoch": 20}
{"loss": 1.0792685747146606, "acc": 0.6370757222175598, "length": 3.0992166996002197, "mode": "test", "epoch": 20}
{"loss": 0.8621334433555603, "acc": 0.7089195251464844, "length": 2.9418492317199707, "mode": "train", "epoch": 21}
{"loss": 0.9463030695915222, "acc": 0.6710183024406433, "length": 2.929503917694092, "mode": "test", "epoch": 21}
{"loss": 0.7238066792488098, "acc": 0.755386233329773, "length": 2.988079786300659, "mode": "train", "epoch": 22}
{"loss": 0.8826305866241455, "acc": 0.704960823059082, "length": 3.0182766914367676, "mode": "test", "epoch": 22}
{"loss": 0.6542336940765381, "acc": 0.778400182723999, "length": 3.047515630722046, "mode": "train", "epoch": 23}
{"loss": 0.627426266670227, "acc": 0.8067885041236877, "length": 3.180156707763672, "mode": "test", "epoch": 23}
{"loss": 0.5736399292945862, "acc": 0.8251354694366455, "length": 3.1115951538085938, "mode": "train", "epoch": 24}
{"loss": 0.6612564325332642, "acc": 0.8093994855880737, "length": 3.1305482387542725, "mode": "test", "epoch": 24}
{"loss": 0.5170227289199829, "acc": 0.8481376767158508, "length": 3.1860926151275635, "mode": "train", "epoch": 25}
{"loss": 0.6534899473190308, "acc": 0.8041775226593018, "length": 3.091383695602417, "mode": "test", "epoch": 25}
{"loss": 0.4394848942756653, "acc": 0.8604060411453247, "length": 3.1931915283203125, "mode": "train", "epoch": 26}
{"loss": 0.46781420707702637, "acc": 0.8642297387123108, "length": 3.339425563812256, "mode": "test", "epoch": 26}
{"loss": 0.3173716366291046, "acc": 0.9102394580841064, "length": 3.299543619155884, "mode": "train", "epoch": 27}
{"loss": 0.40719395875930786, "acc": 0.9007833003997803, "length": 3.3342037200927734, "mode": "test", "epoch": 27}
{"loss": 0.21801497042179108, "acc": 0.952515721321106, "length": 3.356391429901123, "mode": "train", "epoch": 28}
{"loss": 0.3525506258010864, "acc": 0.9112271666526794, "length": 3.4490861892700195, "mode": "test", "epoch": 28}
{"loss": 0.16563770174980164, "acc": 0.9654060006141663, "length": 3.362247943878174, "mode": "train", "epoch": 29}
{"loss": 0.2949942350387573, "acc": 0.942558765411377, "length": 3.3916449546813965, "mode": "test", "epoch": 29}
{"loss": 0.11765395104885101, "acc": 0.9759392738342285, "length": 3.4278454780578613, "mode": "train", "epoch": 30}
{"loss": 0.34688040614128113, "acc": 0.9216710329055786, "length": 3.386422872543335, "mode": "test", "epoch": 30}
{"loss": 0.15055756270885468, "acc": 0.9565894603729248, "length": 3.3344171047210693, "mode": "train", "epoch": 31}
{"loss": 0.24179129302501678, "acc": 0.9686684012413025, "length": 3.4621410369873047, "mode": "test", "epoch": 31}
{"loss": 0.09723696857690811, "acc": 0.9833465814590454, "length": 3.399230480194092, "mode": "train", "epoch": 32}
{"loss": 0.21921277046203613, "acc": 0.9712793827056885, "length": 3.3916449546813965, "mode": "test", "epoch": 32}
{"loss": 0.18585805594921112, "acc": 0.9539216756820679, "length": 3.4359867572784424, "mode": "train", "epoch": 33}
{"loss": 0.30914193391799927, "acc": 0.934725821018219, "length": 3.464751958847046, "mode": "test", "epoch": 33}
{"loss": 0.10126043856143951, "acc": 0.9769243597984314, "length": 3.4450058937072754, "mode": "train", "epoch": 34}
{"loss": 0.22882238030433655, "acc": 0.9634464979171753, "length": 3.4621410369873047, "mode": "test", "epoch": 34}
{"loss": 0.049799252301454544, "acc": 0.9902098774909973, "length": 3.457965850830078, "mode": "train", "epoch": 35}
{"loss": 0.19712340831756592, "acc": 0.9686684012413025, "length": 3.47519588470459, "mode": "test", "epoch": 35}
{"loss": 0.06285479664802551, "acc": 0.9857420325279236, "length": 3.4379992485046387, "mode": "train", "epoch": 36}
{"loss": 0.14638036489486694, "acc": 0.9817232489585876, "length": 3.4804177284240723, "mode": "test", "epoch": 36}
{"loss": 0.08086555451154709, "acc": 0.9816573262214661, "length": 3.4300293922424316, "mode": "train", "epoch": 37}
{"loss": 0.2261212170124054, "acc": 0.9556135535240173, "length": 3.477806806564331, "mode": "test", "epoch": 37}
{"loss": 0.0668657124042511, "acc": 0.9865562915802002, "length": 3.4003372192382812, "mode": "train", "epoch": 38}
{"loss": 0.1799924373626709, "acc": 0.9817232489585876, "length": 3.430809497833252, "mode": "test", "epoch": 38}
{"loss": 0.08843857795000076, "acc": 0.981478750705719, "length": 3.41650128364563, "mode": "train", "epoch": 39}
{"loss": 0.17299532890319824, "acc": 0.9660574197769165, "length": 3.543081045150757, "mode": "test", "epoch": 39}
{"loss": 0.08676861226558685, "acc": 0.9802823066711426, "length": 3.5252346992492676, "mode": "train", "epoch": 40}
{"loss": 0.1933206021785736, "acc": 0.9686684012413025, "length": 3.5065274238586426, "mode": "test", "epoch": 40}
{"loss": 0.07484672218561172, "acc": 0.9856088757514954, "length": 3.4789600372314453, "mode": "train", "epoch": 41}
{"loss": 0.10621152818202972, "acc": 0.9791122674942017, "length": 3.4934725761413574, "mode": "test", "epoch": 41}
{"loss": 0.041817255318164825, "acc": 0.9908261299133301, "length": 3.484614133834839, "mode": "train", "epoch": 42}
{"loss": 0.09607633203268051, "acc": 0.9869451522827148, "length": 3.4464752674102783, "mode": "test", "epoch": 42}
{"loss": 0.1007285863161087, "acc": 0.9804158806800842, "length": 3.4634017944335938, "mode": "train", "epoch": 43}
{"loss": 0.10317562520503998, "acc": 0.9765012860298157, "length": 3.4699738025665283, "mode": "test", "epoch": 43}
{"loss": 0.05153009295463562, "acc": 0.9914384484291077, "length": 3.472921848297119, "mode": "train", "epoch": 44}
{"loss": 0.09293268620967865, "acc": 0.9791122674942017, "length": 3.4960834980010986, "mode": "test", "epoch": 44}
{"loss": 0.04477563500404358, "acc": 0.9901644587516785, "length": 3.47744083404541, "mode": "train", "epoch": 45}
{"loss": 0.08976080268621445, "acc": 0.9765012860298157, "length": 3.509138345718384, "mode": "test", "epoch": 45}
{"loss": 0.039693888276815414, "acc": 0.991113007068634, "length": 3.4612996578216553, "mode": "train", "epoch": 46}
{"loss": 0.06396627426147461, "acc": 0.9843342304229736, "length": 3.477806806564331, "mode": "test", "epoch": 46}
{"loss": 0.028986159712076187, "acc": 0.9947615265846252, "length": 3.47843861579895, "mode": "train", "epoch": 47}
{"loss": 0.08176837861537933, "acc": 0.9843342304229736, "length": 3.4804177284240723, "mode": "test", "epoch": 47}
{"loss": 0.02063646726310253, "acc": 0.9954102635383606, "length": 3.469202995300293, "mode": "train", "epoch": 48}
{"loss": 0.06512339413166046, "acc": 0.9869451522827148, "length": 3.47519588470459, "mode": "test", "epoch": 48}
{"loss": 0.014935065992176533, "acc": 0.9982516169548035, "length": 3.4688289165496826, "mode": "train", "epoch": 49}
{"loss": 0.0895962119102478, "acc": 0.9817232489585876, "length": 3.488250732421875, "mode": "test", "epoch": 49}
{"loss": 0.015692168846726418, "acc": 0.9974000453948975, "length": 3.484856605529785, "mode": "train", "epoch": 50}
{"loss": 0.05273192748427391, "acc": 0.9895561337471008, "length": 3.441253185272217, "mode": "test", "epoch": 50}
{"loss": 0.030177563428878784, "acc": 0.9946683049201965, "length": 3.4386281967163086, "mode": "train", "epoch": 51}
{"loss": 0.053937267512083054, "acc": 0.9895561337471008, "length": 3.4699738025665283, "mode": "test", "epoch": 51}
{"loss": 0.02664133347570896, "acc": 0.9947512745857239, "length": 3.4617106914520264, "mode": "train", "epoch": 52}
{"loss": 0.05696042999625206, "acc": 0.9921671152114868, "length": 3.464751958847046, "mode": "test", "epoch": 52}
{"loss": 0.030252357944846153, "acc": 0.9930474162101746, "length": 3.4444477558135986, "mode": "train", "epoch": 53}
{"loss": 0.09297244995832443, "acc": 0.9869451522827148, "length": 3.456918954849243, "mode": "test", "epoch": 53}
{"loss": 0.021591318771243095, "acc": 0.9964838027954102, "length": 3.4455630779266357, "mode": "train", "epoch": 54}
{"loss": 0.073987677693367, "acc": 0.9869451522827148, "length": 3.4621410369873047, "mode": "test", "epoch": 54}
{"loss": 0.011912311427295208, "acc": 0.9982009530067444, "length": 3.4822943210601807, "mode": "train", "epoch": 55}
{"loss": 0.05038905143737793, "acc": 0.9921671152114868, "length": 3.509138345718384, "mode": "test", "epoch": 55}
{"loss": 0.007943813689053059, "acc": 0.999049961566925, "length": 3.483154058456421, "mode": "train", "epoch": 56}
{"loss": 0.05148227512836456, "acc": 0.9921671152114868, "length": 3.488250732421875, "mode": "test", "epoch": 56}
{"loss": 0.005688169505447149, "acc": 0.9999982118606567, "length": 3.4775173664093018, "mode": "train", "epoch": 57}
{"loss": 0.04384726285934448, "acc": 0.9947780966758728, "length": 3.4960834980010986, "mode": "test", "epoch": 57}
{"loss": 0.015472738072276115, "acc": 0.9964773058891296, "length": 3.477208137512207, "mode": "train", "epoch": 58}
{"loss": 0.043368518352508545, "acc": 0.9947780966758728, "length": 3.488250732421875, "mode": "test", "epoch": 58}
{"loss": 0.006049205083400011, "acc": 0.9999223351478577, "length": 3.454709768295288, "mode": "train", "epoch": 59}
{"loss": 0.1024891585111618, "acc": 0.9921671152114868, "length": 3.477806806564331, "mode": "test", "epoch": 59}
{"loss": 0.025771239772439003, "acc": 0.9947627782821655, "length": 3.4685428142547607, "mode": "train", "epoch": 60}
{"loss": 0.04875338077545166, "acc": 0.9921671152114868, "length": 3.488250732421875, "mode": "test", "epoch": 60}
test accuracy: 0.7538461685180664
