# ["--data_set_name=dim[16, 16, 16]_dist10-0_scale10_upsampleTrue_balancedFalse.ds", "--n_epochs=60", "--batch_size=128", "--learning_rate=0.001", "--hidden_size=256", "--temperature=1.5", "--temp_update=0.97", "--length_cost=0.0", "--vocab_size_factor=3"]
data loaded from: ../zoo/intentional_game/data/dim[16, 16, 16]_dist10-0_scale10_upsampleTrue_balancedFalse.ds

opts
 Namespace(batch_size=128, checkpoint_dir=None, checkpoint_freq=0, cuda=True, data_set_name='dim[16, 16, 16]_dist10-0_scale10_upsampleTrue_balancedFalse.ds', device=device(type='cuda'), distributed_context=DistributedContext(is_distributed=False, rank=0, local_rank=0, world_size=1, mode='none'), distributed_port=18363, fp16=False, hidden_size=256, learning_rate=0.001, length_cost=0.0, load_from_checkpoint=None, lr=0.01, max_len=1, mode='gs', n_epochs=60, no_cuda=False, optimizer='adam', preemptable=False, random_seed=434960550, receiver_cell='gru', save_interaction_freq=0, sender_cell='gru', temp_update=0.97, temperature=1.5, tensorboard=False, tensorboard_dir='runs/', update_freq=1, validation_freq=1, vocab_size=10, vocab_size_factor=3)
{"loss": 2.2862465381622314, "acc": 0.09156548231840134, "length": 1.671199083328247, "mode": "train", "epoch": 1}
{"loss": 2.1650142669677734, "acc": 0.1298278421163559, "length": 1.8558462858200073, "mode": "test", "epoch": 1}
{"loss": 1.9841755628585815, "acc": 0.17755955457687378, "length": 2.40982723236084, "mode": "train", "epoch": 2}
{"loss": 1.9385755062103271, "acc": 0.18595091998577118, "length": 2.4396238327026367, "mode": "test", "epoch": 2}
{"loss": 1.7997602224349976, "acc": 0.24150170385837555, "length": 2.581341505050659, "mode": "train", "epoch": 3}
{"loss": 1.7933969497680664, "acc": 0.2404053509235382, "length": 2.636197090148926, "mode": "test", "epoch": 3}
{"loss": 1.6545360088348389, "acc": 0.28174877166748047, "length": 2.6624343395233154, "mode": "train", "epoch": 4}
{"loss": 1.6843570470809937, "acc": 0.2653941512107849, "length": 2.6437671184539795, "mode": "test", "epoch": 4}
{"loss": 1.5809391736984253, "acc": 0.31246712803840637, "length": 2.7272543907165527, "mode": "train", "epoch": 5}
{"loss": 1.567549228668213, "acc": 0.3116275370121002, "length": 2.8883235454559326, "mode": "test", "epoch": 5}
{"loss": 1.4327547550201416, "acc": 0.3564816117286682, "length": 2.9406111240386963, "mode": "train", "epoch": 6}
{"loss": 1.4421963691711426, "acc": 0.35053518414497375, "length": 2.961702823638916, "mode": "test", "epoch": 6}
{"loss": 1.341017484664917, "acc": 0.3938857614994049, "length": 2.996055841445923, "mode": "train", "epoch": 7}
{"loss": 1.3360540866851807, "acc": 0.3902161121368408, "length": 3.0689022541046143, "mode": "test", "epoch": 7}
{"loss": 1.2498451471328735, "acc": 0.4292624294757843, "length": 3.1026570796966553, "mode": "train", "epoch": 8}
{"loss": 1.2611665725708008, "acc": 0.4204142987728119, "length": 3.130479097366333, "mode": "test", "epoch": 8}
{"loss": 1.1710315942764282, "acc": 0.46150270104408264, "length": 3.166656732559204, "mode": "train", "epoch": 9}
{"loss": 1.1953794956207275, "acc": 0.4524032473564148, "length": 3.168654203414917, "mode": "test", "epoch": 9}
{"loss": 1.0768686532974243, "acc": 0.49311745166778564, "length": 3.2352426052093506, "mode": "train", "epoch": 10}
{"loss": 1.0618129968643188, "acc": 0.49122950434684753, "length": 3.271987199783325, "mode": "test", "epoch": 10}
{"loss": 0.9636216759681702, "acc": 0.5243384838104248, "length": 3.3889636993408203, "mode": "train", "epoch": 11}
{"loss": 0.9600028395652771, "acc": 0.5108867883682251, "length": 3.4266817569732666, "mode": "test", "epoch": 11}
{"loss": 0.9075559973716736, "acc": 0.5360713005065918, "length": 3.425914764404297, "mode": "train", "epoch": 12}
{"loss": 0.9167930483818054, "acc": 0.5214684009552002, "length": 3.410076856613159, "mode": "test", "epoch": 12}
{"loss": 0.8846415281295776, "acc": 0.5410742163658142, "length": 3.4240596294403076, "mode": "train", "epoch": 13}
{"loss": 0.9016751646995544, "acc": 0.5250091552734375, "length": 3.4150829315185547, "mode": "test", "epoch": 13}
{"loss": 0.8651316165924072, "acc": 0.5570569634437561, "length": 3.4256651401519775, "mode": "train", "epoch": 14}
{"loss": 0.8810726404190063, "acc": 0.5410036444664001, "length": 3.408815383911133, "mode": "test", "epoch": 14}
{"loss": 0.8309332728385925, "acc": 0.5743765234947205, "length": 3.4407551288604736, "mode": "train", "epoch": 15}
{"loss": 0.8377327919006348, "acc": 0.5618818998336792, "length": 3.4339261054992676, "mode": "test", "epoch": 15}
{"loss": 0.7941843271255493, "acc": 0.5908216238021851, "length": 3.440593719482422, "mode": "train", "epoch": 16}
{"loss": 0.8016031980514526, "acc": 0.5748646855354309, "length": 3.4213504791259766, "mode": "test", "epoch": 16}
{"loss": 0.7705419063568115, "acc": 0.6018549203872681, "length": 3.4373393058776855, "mode": "train", "epoch": 17}
{"loss": 0.8025388121604919, "acc": 0.5725855827331543, "length": 3.432176113128662, "mode": "test", "epoch": 17}
{"loss": 0.7481940388679504, "acc": 0.6098586320877075, "length": 3.4329168796539307, "mode": "train", "epoch": 18}
{"loss": 0.7883607149124146, "acc": 0.586138129234314, "length": 3.42155385017395, "mode": "test", "epoch": 18}
{"loss": 0.7408509850502014, "acc": 0.6146342754364014, "length": 3.436141014099121, "mode": "train", "epoch": 19}
{"loss": 0.7579442262649536, "acc": 0.5970860123634338, "length": 3.4330716133117676, "mode": "test", "epoch": 19}
{"loss": 0.7208101749420166, "acc": 0.6234853863716125, "length": 3.4363558292388916, "mode": "train", "epoch": 20}
{"loss": 0.7398294806480408, "acc": 0.6024988889694214, "length": 3.427699327468872, "mode": "test", "epoch": 20}
{"loss": 0.7199769020080566, "acc": 0.6266646385192871, "length": 3.4422805309295654, "mode": "train", "epoch": 21}
{"loss": 0.7355403900146484, "acc": 0.6050629019737244, "length": 3.4320132732391357, "mode": "test", "epoch": 21}
{"loss": 0.707294762134552, "acc": 0.6313083171844482, "length": 3.4416613578796387, "mode": "train", "epoch": 22}
{"loss": 0.7385220527648926, "acc": 0.6041675209999084, "length": 3.435187816619873, "mode": "test", "epoch": 22}
{"loss": 0.7048070430755615, "acc": 0.6320256590843201, "length": 3.445390462875366, "mode": "train", "epoch": 23}
{"loss": 0.720104455947876, "acc": 0.611818790435791, "length": 3.4360830783843994, "mode": "test", "epoch": 23}
{"loss": 0.6822152733802795, "acc": 0.640676736831665, "length": 3.455247640609741, "mode": "train", "epoch": 24}
{"loss": 0.7048019766807556, "acc": 0.6178421974182129, "length": 3.455252170562744, "mode": "test", "epoch": 24}
{"loss": 0.676336944103241, "acc": 0.6459476351737976, "length": 3.4604599475860596, "mode": "train", "epoch": 25}
{"loss": 0.6950696706771851, "acc": 0.6211387515068054, "length": 3.444467067718506, "mode": "test", "epoch": 25}
{"loss": 0.6552193760871887, "acc": 0.6543216705322266, "length": 3.4578194618225098, "mode": "train", "epoch": 26}
{"loss": 0.6700519323348999, "acc": 0.6353424787521362, "length": 3.4504497051239014, "mode": "test", "epoch": 26}
{"loss": 0.6506447196006775, "acc": 0.6627938151359558, "length": 3.467191457748413, "mode": "train", "epoch": 27}
{"loss": 0.6766124963760376, "acc": 0.6416914463043213, "length": 3.465019702911377, "mode": "test", "epoch": 27}
{"loss": 0.6352265477180481, "acc": 0.6690319776535034, "length": 3.470883369445801, "mode": "train", "epoch": 28}
{"loss": 0.6516126394271851, "acc": 0.6449880003929138, "length": 3.4697813987731934, "mode": "test", "epoch": 28}
{"loss": 0.6070973873138428, "acc": 0.6814175844192505, "length": 3.4922735691070557, "mode": "train", "epoch": 29}
{"loss": 0.641841471195221, "acc": 0.6547148823738098, "length": 3.5059216022491455, "mode": "test", "epoch": 29}
{"loss": 0.5946994423866272, "acc": 0.6871418356895447, "length": 3.5049471855163574, "mode": "train", "epoch": 30}
{"loss": 0.6231777667999268, "acc": 0.6579300761222839, "length": 3.4998576641082764, "mode": "test", "epoch": 30}
{"loss": 0.5884442329406738, "acc": 0.6896857619285583, "length": 3.505948543548584, "mode": "train", "epoch": 31}
{"loss": 0.6115443110466003, "acc": 0.6614708304405212, "length": 3.5030319690704346, "mode": "test", "epoch": 31}
{"loss": 0.5834441184997559, "acc": 0.6933414936065674, "length": 3.509535074234009, "mode": "train", "epoch": 32}
{"loss": 0.6106433868408203, "acc": 0.6625289916992188, "length": 3.5014448165893555, "mode": "test", "epoch": 32}
{"loss": 0.5722756385803223, "acc": 0.6978632211685181, "length": 3.5075337886810303, "mode": "train", "epoch": 33}
{"loss": 0.6181681752204895, "acc": 0.6629359722137451, "length": 3.50404953956604, "mode": "test", "epoch": 33}
{"loss": 0.577781617641449, "acc": 0.6973056197166443, "length": 3.5133728981018066, "mode": "train", "epoch": 34}
{"loss": 0.6103991270065308, "acc": 0.6650115847587585, "length": 3.5121078491210938, "mode": "test", "epoch": 34}
{"loss": 0.5635727643966675, "acc": 0.7008856534957886, "length": 3.5171496868133545, "mode": "train", "epoch": 35}
{"loss": 0.5936475992202759, "acc": 0.6701396107673645, "length": 3.509258985519409, "mode": "test", "epoch": 35}
{"loss": 0.5622537732124329, "acc": 0.7035672068595886, "length": 3.5142714977264404, "mode": "train", "epoch": 36}
{"loss": 0.6110560894012451, "acc": 0.6661918759346008, "length": 3.50478196144104, "mode": "test", "epoch": 36}
{"loss": 0.5842210054397583, "acc": 0.7016262412071228, "length": 3.513435125350952, "mode": "train", "epoch": 37}
{"loss": 0.589556097984314, "acc": 0.6733547449111938, "length": 3.509869337081909, "mode": "test", "epoch": 37}
{"loss": 0.5584940910339355, "acc": 0.7068303823471069, "length": 3.514092206954956, "mode": "train", "epoch": 38}
{"loss": 0.5934825539588928, "acc": 0.6722559332847595, "length": 3.50465989112854, "mode": "test", "epoch": 38}
{"loss": 0.5612618923187256, "acc": 0.7065241932868958, "length": 3.5085289478302, "mode": "train", "epoch": 39}
{"loss": 0.5983163118362427, "acc": 0.6720117330551147, "length": 3.5022995471954346, "mode": "test", "epoch": 39}
{"loss": 0.5518261194229126, "acc": 0.7095187306404114, "length": 3.509775400161743, "mode": "train", "epoch": 40}
{"loss": 0.5958278179168701, "acc": 0.6714012622833252, "length": 3.505026340484619, "mode": "test", "epoch": 40}
{"loss": 0.551759660243988, "acc": 0.7116247415542603, "length": 3.510603666305542, "mode": "train", "epoch": 41}
{"loss": 0.5877385139465332, "acc": 0.6747792363166809, "length": 3.5070204734802246, "mode": "test", "epoch": 41}
{"loss": 0.5570589303970337, "acc": 0.7113852500915527, "length": 3.5120058059692383, "mode": "train", "epoch": 42}
{"loss": 0.6122905611991882, "acc": 0.6690407395362854, "length": 3.5044972896575928, "mode": "test", "epoch": 42}
{"loss": 0.5537593960762024, "acc": 0.7117474675178528, "length": 3.509226083755493, "mode": "train", "epoch": 43}
{"loss": 0.6215935945510864, "acc": 0.6678605079650879, "length": 3.506694793701172, "mode": "test", "epoch": 43}
{"loss": 0.5615043044090271, "acc": 0.7104587554931641, "length": 3.514214277267456, "mode": "train", "epoch": 44}
{"loss": 0.5921154618263245, "acc": 0.6757152676582336, "length": 3.520857810974121, "mode": "test", "epoch": 44}
{"loss": 0.5450187921524048, "acc": 0.7174908518791199, "length": 3.5272819995880127, "mode": "train", "epoch": 45}
{"loss": 0.5914270281791687, "acc": 0.6719710230827332, "length": 3.5215904712677, "mode": "test", "epoch": 45}
{"loss": 0.5478510856628418, "acc": 0.7167811393737793, "length": 3.5281708240509033, "mode": "train", "epoch": 46}
{"loss": 0.597718358039856, "acc": 0.6753489971160889, "length": 3.5219566822052, "mode": "test", "epoch": 46}
{"loss": 0.5636743307113647, "acc": 0.7111842632293701, "length": 3.526343822479248, "mode": "train", "epoch": 47}
{"loss": 0.6137868165969849, "acc": 0.6730698943138123, "length": 3.516462564468384, "mode": "test", "epoch": 47}
{"loss": 0.5823656320571899, "acc": 0.7090100646018982, "length": 3.521068572998047, "mode": "train", "epoch": 48}
{"loss": 0.6638913154602051, "acc": 0.6578486561775208, "length": 3.5444223880767822, "mode": "test", "epoch": 48}
{"loss": 0.5661834478378296, "acc": 0.7123262882232666, "length": 3.522756576538086, "mode": "train", "epoch": 49}
{"loss": 0.605817437171936, "acc": 0.6705873012542725, "length": 3.514468193054199, "mode": "test", "epoch": 49}
{"loss": 0.5593911409378052, "acc": 0.715465247631073, "length": 3.5150935649871826, "mode": "train", "epoch": 50}
{"loss": 0.5969454050064087, "acc": 0.6743722558021545, "length": 3.508974075317383, "mode": "test", "epoch": 50}
{"loss": 0.5492535829544067, "acc": 0.7185250520706177, "length": 3.518993616104126, "mode": "train", "epoch": 51}
{"loss": 0.5908695459365845, "acc": 0.6751047968864441, "length": 3.515282154083252, "mode": "test", "epoch": 51}
{"loss": 0.5472670793533325, "acc": 0.7193563580513, "length": 3.519531726837158, "mode": "train", "epoch": 52}
{"loss": 0.5955058336257935, "acc": 0.6754303574562073, "length": 3.5191078186035156, "mode": "test", "epoch": 52}
{"loss": 0.5441033244132996, "acc": 0.7217825651168823, "length": 3.520887851715088, "mode": "train", "epoch": 53}
{"loss": 0.5931039452552795, "acc": 0.6827154159545898, "length": 3.5118634700775146, "mode": "test", "epoch": 53}
{"loss": 0.531611442565918, "acc": 0.72574782371521, "length": 3.524954319000244, "mode": "train", "epoch": 54}
{"loss": 0.590999186038971, "acc": 0.6790118217468262, "length": 3.5265557765960693, "mode": "test", "epoch": 54}
{"loss": 0.5522319674491882, "acc": 0.7197774052619934, "length": 3.528085470199585, "mode": "train", "epoch": 55}
{"loss": 0.5954949855804443, "acc": 0.6801106929779053, "length": 3.5210206508636475, "mode": "test", "epoch": 55}
{"loss": 0.5639133453369141, "acc": 0.7200743556022644, "length": 3.5287985801696777, "mode": "train", "epoch": 56}
{"loss": 0.5969728231430054, "acc": 0.678360641002655, "length": 3.517683506011963, "mode": "test", "epoch": 56}
{"loss": 0.5525467395782471, "acc": 0.7214018702507019, "length": 3.532519817352295, "mode": "train", "epoch": 57}
{"loss": 0.6031835079193115, "acc": 0.6785234808921814, "length": 3.519148588180542, "mode": "test", "epoch": 57}
{"loss": 0.5422346591949463, "acc": 0.7246553897857666, "length": 3.524271011352539, "mode": "train", "epoch": 58}
{"loss": 0.5918453931808472, "acc": 0.6801514029502869, "length": 3.5173985958099365, "mode": "test", "epoch": 58}
{"loss": 0.5405686497688293, "acc": 0.7285102009773254, "length": 3.5225253105163574, "mode": "train", "epoch": 59}
{"loss": 0.5861342549324036, "acc": 0.6865003705024719, "length": 3.5212647914886475, "mode": "test", "epoch": 59}
{"loss": 0.5493928790092468, "acc": 0.7240731120109558, "length": 3.533196210861206, "mode": "train", "epoch": 60}
{"loss": 0.602529764175415, "acc": 0.6783199906349182, "length": 3.518904447555542, "mode": "test", "epoch": 60}
test accuracy: 0.6071544885635376
