# ["--data_set_name=dim[16, 16, 16]_dist10-0_scale10_upsampleTrue_balancedFalse.ds", "--n_epochs=60", "--batch_size=128", "--learning_rate=0.001", "--hidden_size=256", "--temperature=1.5", "--temp_update=0.99", "--length_cost=0.0", "--vocab_size_factor=3"]
data loaded from: ../zoo/intentional_game/data/dim[16, 16, 16]_dist10-0_scale10_upsampleTrue_balancedFalse.ds

opts
 Namespace(batch_size=128, checkpoint_dir=None, checkpoint_freq=0, cuda=True, data_set_name='dim[16, 16, 16]_dist10-0_scale10_upsampleTrue_balancedFalse.ds', device=device(type='cuda'), distributed_context=DistributedContext(is_distributed=False, rank=0, local_rank=0, world_size=1, mode='none'), distributed_port=18363, fp16=False, hidden_size=256, learning_rate=0.001, length_cost=0.0, load_from_checkpoint=None, lr=0.01, max_len=1, mode='gs', n_epochs=60, no_cuda=False, optimizer='adam', preemptable=False, random_seed=1672704288, receiver_cell='gru', save_interaction_freq=0, sender_cell='gru', temp_update=0.99, temperature=1.5, tensorboard=False, tensorboard_dir='runs/', update_freq=1, validation_freq=1, vocab_size=10, vocab_size_factor=3)
{"loss": 2.297147512435913, "acc": 0.08751968294382095, "length": 2.241856575012207, "mode": "train", "epoch": 1}
{"loss": 2.0734329223632812, "acc": 0.1367465704679489, "length": 3.248626470565796, "mode": "test", "epoch": 1}
{"loss": 1.8061084747314453, "acc": 0.2134985774755478, "length": 3.387681007385254, "mode": "train", "epoch": 2}
{"loss": 1.7079317569732666, "acc": 0.25867894291877747, "length": 3.444955348968506, "mode": "test", "epoch": 2}
{"loss": 1.5245659351348877, "acc": 0.332430899143219, "length": 3.5049333572387695, "mode": "train", "epoch": 3}
{"loss": 1.46234130859375, "acc": 0.3502503037452698, "length": 3.544381618499756, "mode": "test", "epoch": 3}
{"loss": 1.388728141784668, "acc": 0.3753409683704376, "length": 3.5457475185394287, "mode": "train", "epoch": 4}
{"loss": 1.403806209564209, "acc": 0.3691343367099762, "length": 3.5577714443206787, "mode": "test", "epoch": 4}
{"loss": 1.3350082635879517, "acc": 0.4039982259273529, "length": 3.5549657344818115, "mode": "train", "epoch": 5}
{"loss": 1.336247205734253, "acc": 0.40661755204200745, "length": 3.5585038661956787, "mode": "test", "epoch": 5}
{"loss": 1.2811555862426758, "acc": 0.43149036169052124, "length": 3.555837631225586, "mode": "train", "epoch": 6}
{"loss": 1.3293535709381104, "acc": 0.411908358335495, "length": 3.5585038661956787, "mode": "test", "epoch": 6}
{"loss": 1.2568916082382202, "acc": 0.44185981154441833, "length": 3.557548999786377, "mode": "train", "epoch": 7}
{"loss": 1.293251633644104, "acc": 0.42334458231925964, "length": 3.558544635772705, "mode": "test", "epoch": 7}
{"loss": 1.2452878952026367, "acc": 0.4487084448337555, "length": 3.557312488555908, "mode": "train", "epoch": 8}
{"loss": 1.2768328189849854, "acc": 0.4300191402435303, "length": 3.558300495147705, "mode": "test", "epoch": 8}
{"loss": 1.2234195470809937, "acc": 0.4616182744503021, "length": 3.5571868419647217, "mode": "train", "epoch": 9}
{"loss": 1.2504324913024902, "acc": 0.44609498977661133, "length": 3.5585038661956787, "mode": "test", "epoch": 9}
{"loss": 1.1842812299728394, "acc": 0.4802771806716919, "length": 3.557264804840088, "mode": "train", "epoch": 10}
{"loss": 1.2090858221054077, "acc": 0.466566264629364, "length": 3.5576086044311523, "mode": "test", "epoch": 10}
{"loss": 1.1407058238983154, "acc": 0.502508819103241, "length": 3.5556178092956543, "mode": "train", "epoch": 11}
{"loss": 1.2023138999938965, "acc": 0.47547921538352966, "length": 3.5583817958831787, "mode": "test", "epoch": 11}
{"loss": 1.063286542892456, "acc": 0.5357111692428589, "length": 3.556767225265503, "mode": "train", "epoch": 12}
{"loss": 1.0769754648208618, "acc": 0.5214276909828186, "length": 3.568922758102417, "mode": "test", "epoch": 12}
{"loss": 0.8378023505210876, "acc": 0.6150793433189392, "length": 3.5944042205810547, "mode": "train", "epoch": 13}
{"loss": 0.8861176371574402, "acc": 0.5955801606178284, "length": 3.605551242828369, "mode": "test", "epoch": 13}
{"loss": 0.6590152382850647, "acc": 0.6993370056152344, "length": 3.6234517097473145, "mode": "train", "epoch": 14}
{"loss": 0.7802907824516296, "acc": 0.6547555923461914, "length": 3.6372551918029785, "mode": "test", "epoch": 14}
{"loss": 0.5419931411743164, "acc": 0.7559824585914612, "length": 3.639338493347168, "mode": "train", "epoch": 15}
{"loss": 0.7165114879608154, "acc": 0.685604989528656, "length": 3.644418239593506, "mode": "test", "epoch": 15}
{"loss": 0.4850318729877472, "acc": 0.7867485880851746, "length": 3.648883104324341, "mode": "train", "epoch": 16}
{"loss": 0.7256917953491211, "acc": 0.6969191431999207, "length": 3.6595988273620605, "mode": "test", "epoch": 16}
{"loss": 0.41962212324142456, "acc": 0.8116697072982788, "length": 3.6589112281799316, "mode": "train", "epoch": 17}
{"loss": 0.6629401445388794, "acc": 0.7188962697982788, "length": 3.6659069061279297, "mode": "test", "epoch": 17}
{"loss": 0.3895592987537384, "acc": 0.8279402852058411, "length": 3.6798923015594482, "mode": "train", "epoch": 18}
{"loss": 0.614014744758606, "acc": 0.7369256615638733, "length": 3.690610885620117, "mode": "test", "epoch": 18}
{"loss": 0.3615340292453766, "acc": 0.8374424576759338, "length": 3.68255877494812, "mode": "train", "epoch": 19}
{"loss": 0.6232225894927979, "acc": 0.7420536279678345, "length": 3.694192409515381, "mode": "test", "epoch": 19}
{"loss": 0.35206884145736694, "acc": 0.8433530926704407, "length": 3.6859664916992188, "mode": "train", "epoch": 20}
{"loss": 0.5769994854927063, "acc": 0.754385232925415, "length": 3.683732748031616, "mode": "test", "epoch": 20}
{"loss": 0.33510908484458923, "acc": 0.8499736189842224, "length": 3.6934075355529785, "mode": "train", "epoch": 21}
{"loss": 0.5717267990112305, "acc": 0.7678157091140747, "length": 3.6962273120880127, "mode": "test", "epoch": 21}
{"loss": 0.3109179437160492, "acc": 0.8618485331535339, "length": 3.6973729133605957, "mode": "train", "epoch": 22}
{"loss": 0.5426275134086609, "acc": 0.7763217091560364, "length": 3.7077043056488037, "mode": "test", "epoch": 22}
{"loss": 0.2931783199310303, "acc": 0.8695645332336426, "length": 3.70146107673645, "mode": "train", "epoch": 23}
{"loss": 0.5393853783607483, "acc": 0.7776647210121155, "length": 3.716332197189331, "mode": "test", "epoch": 23}
{"loss": 0.2884104251861572, "acc": 0.8718732595443726, "length": 3.707212209701538, "mode": "train", "epoch": 24}
{"loss": 0.5190104246139526, "acc": 0.7846241593360901, "length": 3.7085587978363037, "mode": "test", "epoch": 24}
{"loss": 0.2732168138027191, "acc": 0.8784611225128174, "length": 3.7083241939544678, "mode": "train", "epoch": 25}
{"loss": 0.48326146602630615, "acc": 0.8013511896133423, "length": 3.7129950523376465, "mode": "test", "epoch": 25}
{"loss": 0.27581724524497986, "acc": 0.8802298307418823, "length": 3.7173852920532227, "mode": "train", "epoch": 26}
{"loss": 0.46709975600242615, "acc": 0.8104676008224487, "length": 3.732408046722412, "mode": "test", "epoch": 26}
{"loss": 0.25833913683891296, "acc": 0.8890588879585266, "length": 3.724147081375122, "mode": "train", "epoch": 27}
{"loss": 0.4477154612541199, "acc": 0.8211712837219238, "length": 3.726099967956543, "mode": "test", "epoch": 27}
{"loss": 0.2453560084104538, "acc": 0.8955283761024475, "length": 3.7300333976745605, "mode": "train", "epoch": 28}
{"loss": 0.44139808416366577, "acc": 0.8227992057800293, "length": 3.7378616333007812, "mode": "test", "epoch": 28}
{"loss": 0.2497931569814682, "acc": 0.8948343396186829, "length": 3.734966993331909, "mode": "train", "epoch": 29}
{"loss": 0.42471665143966675, "acc": 0.8306947350502014, "length": 3.7487282752990723, "mode": "test", "epoch": 29}
{"loss": 0.22366012632846832, "acc": 0.9051165580749512, "length": 3.7417640686035156, "mode": "train", "epoch": 30}
{"loss": 0.40645575523376465, "acc": 0.8390378952026367, "length": 3.7563388347625732, "mode": "test", "epoch": 30}
{"loss": 0.23590771853923798, "acc": 0.9013204574584961, "length": 3.7430002689361572, "mode": "train", "epoch": 31}
{"loss": 0.4398019313812256, "acc": 0.8300028443336487, "length": 3.7506816387176514, "mode": "test", "epoch": 31}
{"loss": 0.22294344007968903, "acc": 0.9064382314682007, "length": 3.746913433074951, "mode": "train", "epoch": 32}
{"loss": 0.4277377128601074, "acc": 0.8336250185966492, "length": 3.751577138900757, "mode": "test", "epoch": 32}
{"loss": 0.2205776572227478, "acc": 0.9082580804824829, "length": 3.7470407485961914, "mode": "train", "epoch": 33}
{"loss": 0.4062350392341614, "acc": 0.8406658172607422, "length": 3.7549142837524414, "mode": "test", "epoch": 33}
{"loss": 0.20782266557216644, "acc": 0.9118324518203735, "length": 3.7461605072021484, "mode": "train", "epoch": 34}
{"loss": 0.3684632480144501, "acc": 0.8527125716209412, "length": 3.752065420150757, "mode": "test", "epoch": 34}
{"loss": 0.2019377499818802, "acc": 0.914772093296051, "length": 3.7494235038757324, "mode": "train", "epoch": 35}
{"loss": 0.3825688064098358, "acc": 0.8517764806747437, "length": 3.759431838989258, "mode": "test", "epoch": 35}
{"loss": 0.2023717164993286, "acc": 0.9143065810203552, "length": 3.758765935897827, "mode": "train", "epoch": 36}
{"loss": 0.36468446254730225, "acc": 0.8573521375656128, "length": 3.762484312057495, "mode": "test", "epoch": 36}
{"loss": 0.18934932351112366, "acc": 0.9183948636054993, "length": 3.7579500675201416, "mode": "train", "epoch": 37}
{"loss": 0.4116353690624237, "acc": 0.845142662525177, "length": 3.765129566192627, "mode": "test", "epoch": 37}
{"loss": 0.20358090102672577, "acc": 0.9150455594062805, "length": 3.759319543838501, "mode": "train", "epoch": 38}
{"loss": 0.3455953001976013, "acc": 0.8642708659172058, "length": 3.7575597763061523, "mode": "test", "epoch": 38}
{"loss": 0.19601038098335266, "acc": 0.9188230037689209, "length": 3.7608485221862793, "mode": "train", "epoch": 39}
{"loss": 0.3759169280529022, "acc": 0.8550730347633362, "length": 3.7632575035095215, "mode": "test", "epoch": 39}
{"loss": 0.1892714649438858, "acc": 0.9194918870925903, "length": 3.7630276679992676, "mode": "train", "epoch": 40}
{"loss": 0.3380272090435028, "acc": 0.863904595375061, "length": 3.7661876678466797, "mode": "test", "epoch": 40}
{"loss": 0.17723333835601807, "acc": 0.9243308305740356, "length": 3.7835376262664795, "mode": "train", "epoch": 41}
{"loss": 0.3811175227165222, "acc": 0.8585324287414551, "length": 3.7870659828186035, "mode": "test", "epoch": 41}
{"loss": 0.18087376654148102, "acc": 0.9237461686134338, "length": 3.7833456993103027, "mode": "train", "epoch": 42}
{"loss": 0.3217965364456177, "acc": 0.8702535629272461, "length": 3.786048650741577, "mode": "test", "epoch": 42}
{"loss": 0.17560522258281708, "acc": 0.9258216023445129, "length": 3.782627820968628, "mode": "train", "epoch": 43}
{"loss": 0.31723418831825256, "acc": 0.8783932328224182, "length": 3.799560546875, "mode": "test", "epoch": 43}
{"loss": 0.16720569133758545, "acc": 0.9313324689865112, "length": 3.793444871902466, "mode": "train", "epoch": 44}
{"loss": 0.2924075424671173, "acc": 0.8824223875999451, "length": 3.799560546875, "mode": "test", "epoch": 44}
{"loss": 0.1688743382692337, "acc": 0.931732714176178, "length": 3.7980237007141113, "mode": "train", "epoch": 45}
{"loss": 0.31100308895111084, "acc": 0.8831549286842346, "length": 3.796426773071289, "mode": "test", "epoch": 45}
{"loss": 0.17265205085277557, "acc": 0.9304771423339844, "length": 3.798908233642578, "mode": "train", "epoch": 46}
{"loss": 0.3106623888015747, "acc": 0.8821781873703003, "length": 3.798380136489868, "mode": "test", "epoch": 46}
{"loss": 0.16144901514053345, "acc": 0.9337167739868164, "length": 3.801760196685791, "mode": "train", "epoch": 47}
{"loss": 0.29529449343681335, "acc": 0.8853119611740112, "length": 3.805828094482422, "mode": "test", "epoch": 47}
{"loss": 0.14779968559741974, "acc": 0.9396175742149353, "length": 3.8034958839416504, "mode": "train", "epoch": 48}
{"loss": 0.28405386209487915, "acc": 0.8912945985794067, "length": 3.8068861961364746, "mode": "test", "epoch": 48}
{"loss": 0.14720921218395233, "acc": 0.9409862756729126, "length": 3.8063697814941406, "mode": "train", "epoch": 49}
{"loss": 0.30541157722473145, "acc": 0.8882015347480774, "length": 3.8042407035827637, "mode": "test", "epoch": 49}
{"loss": 0.1528397798538208, "acc": 0.9392551183700562, "length": 3.803107500076294, "mode": "train", "epoch": 50}
{"loss": 0.2773553133010864, "acc": 0.8933702111244202, "length": 3.8075780868530273, "mode": "test", "epoch": 50}
{"loss": 0.14623670279979706, "acc": 0.9411287307739258, "length": 3.8073573112487793, "mode": "train", "epoch": 51}
{"loss": 0.28304678201675415, "acc": 0.8944690823554993, "length": 3.8131537437438965, "mode": "test", "epoch": 51}
{"loss": 0.14634069800376892, "acc": 0.9417057037353516, "length": 3.8152964115142822, "mode": "train", "epoch": 52}
{"loss": 0.2634454369544983, "acc": 0.8997598886489868, "length": 3.8150665760040283, "mode": "test", "epoch": 52}
{"loss": 0.15163582563400269, "acc": 0.9409886002540588, "length": 3.813364028930664, "mode": "train", "epoch": 53}
{"loss": 0.26422351598739624, "acc": 0.8970738053321838, "length": 3.814415454864502, "mode": "test", "epoch": 53}
{"loss": 0.1384790539741516, "acc": 0.9450834393501282, "length": 3.814789295196533, "mode": "train", "epoch": 54}
{"loss": 0.24114811420440674, "acc": 0.9074111580848694, "length": 3.8153107166290283, "mode": "test", "epoch": 54}
{"loss": 0.13870960474014282, "acc": 0.9463635087013245, "length": 3.8149590492248535, "mode": "train", "epoch": 55}
{"loss": 0.2539750039577484, "acc": 0.9043995141983032, "length": 3.824956178665161, "mode": "test", "epoch": 55}
{"loss": 0.13052025437355042, "acc": 0.9482439160346985, "length": 3.8178954124450684, "mode": "train", "epoch": 56}
{"loss": 0.255271315574646, "acc": 0.9040738940238953, "length": 3.8222293853759766, "mode": "test", "epoch": 56}
{"loss": 0.1275087147951126, "acc": 0.9486484527587891, "length": 3.814521551132202, "mode": "train", "epoch": 57}
{"loss": 0.24233458936214447, "acc": 0.9078588485717773, "length": 3.8159213066101074, "mode": "test", "epoch": 57}
{"loss": 0.15556617081165314, "acc": 0.9413464069366455, "length": 3.820091962814331, "mode": "train", "epoch": 58}
{"loss": 0.2771180272102356, "acc": 0.8971144556999207, "length": 3.829758644104004, "mode": "test", "epoch": 58}
{"loss": 0.14960861206054688, "acc": 0.9418146014213562, "length": 3.8194687366485596, "mode": "train", "epoch": 59}
{"loss": 0.23969224095344543, "acc": 0.9083879590034485, "length": 3.81746768951416, "mode": "test", "epoch": 59}
{"loss": 0.13414081931114197, "acc": 0.9465022683143616, "length": 3.8165454864501953, "mode": "train", "epoch": 60}
{"loss": 0.24466554820537567, "acc": 0.9074925780296326, "length": 3.8246712684631348, "mode": "test", "epoch": 60}
test accuracy: 0.8822357654571533
