# ["--data_set_name=dim[4, 4, 4]_dist10-0_scale10_upsampleTrue_balancedFalse.ds", "--n_epochs=60", "--batch_size=64", "--learning_rate=0.0005", "--hidden_size=128", "--temperature=1.5", "--temp_update=0.97", "--length_cost=0.0", "--vocab_size_factor=3"]
data loaded from: ../zoo/intentional_game/data/dim[4, 4, 4]_dist10-0_scale10_upsampleTrue_balancedFalse.ds

opts
 Namespace(batch_size=64, checkpoint_dir=None, checkpoint_freq=0, cuda=True, data_set_name='dim[4, 4, 4]_dist10-0_scale10_upsampleTrue_balancedFalse.ds', device=device(type='cuda'), distributed_context=DistributedContext(is_distributed=False, rank=0, local_rank=0, world_size=1, mode='none'), distributed_port=18363, fp16=False, hidden_size=128, learning_rate=0.0005, length_cost=0.0, load_from_checkpoint=None, lr=0.01, max_len=1, mode='gs', n_epochs=60, no_cuda=False, optimizer='adam', preemptable=False, random_seed=2091700532, receiver_cell='gru', save_interaction_freq=0, sender_cell='gru', temp_update=0.97, temperature=1.5, tensorboard=False, tensorboard_dir='runs/', update_freq=1, validation_freq=1, vocab_size=10, vocab_size_factor=3)
{"loss": 2.404336929321289, "acc": 0.08014700561761856, "length": 3.637472629547119, "mode": "train", "epoch": 1}
{"loss": 2.3962621688842773, "acc": 0.08877284824848175, "length": 1.1488250494003296, "mode": "test", "epoch": 1}
{"loss": 2.397996187210083, "acc": 0.08834705501794815, "length": 3.5810179710388184, "mode": "train", "epoch": 2}
{"loss": 2.398155689239502, "acc": 0.07832898199558258, "length": 1.0, "mode": "test", "epoch": 2}
{"loss": 2.3954174518585205, "acc": 0.08673799782991409, "length": 3.5133442878723145, "mode": "train", "epoch": 3}
{"loss": 2.3830418586730957, "acc": 0.11488250643014908, "length": 1.6344647407531738, "mode": "test", "epoch": 3}
{"loss": 2.389968156814575, "acc": 0.10898726433515549, "length": 3.4245381355285645, "mode": "train", "epoch": 4}
{"loss": 2.3615636825561523, "acc": 0.17232376337051392, "length": 2.2767624855041504, "mode": "test", "epoch": 4}
{"loss": 2.370664358139038, "acc": 0.12627801299095154, "length": 3.301938772201538, "mode": "train", "epoch": 5}
{"loss": 2.3277645111083984, "acc": 0.15665796399116516, "length": 3.365535259246826, "mode": "test", "epoch": 5}
{"loss": 2.3153605461120605, "acc": 0.18656009435653687, "length": 3.5200562477111816, "mode": "train", "epoch": 6}
{"loss": 2.2631773948669434, "acc": 0.1801566630601883, "length": 3.9921669960021973, "mode": "test", "epoch": 6}
{"loss": 2.243419885635376, "acc": 0.21186386048793793, "length": 3.7742421627044678, "mode": "train", "epoch": 7}
{"loss": 2.2336041927337646, "acc": 0.2140992134809494, "length": 4.0, "mode": "test", "epoch": 7}
{"loss": 2.178603410720825, "acc": 0.24610066413879395, "length": 3.8214943408966064, "mode": "train", "epoch": 8}
{"loss": 2.2552297115325928, "acc": 0.2140992134809494, "length": 3.9608354568481445, "mode": "test", "epoch": 8}
{"loss": 2.1199240684509277, "acc": 0.25502142310142517, "length": 3.8629989624023438, "mode": "train", "epoch": 9}
{"loss": 2.232541561126709, "acc": 0.22193211317062378, "length": 3.9608354568481445, "mode": "test", "epoch": 9}
{"loss": 2.079070806503296, "acc": 0.2643781900405884, "length": 3.8487048149108887, "mode": "train", "epoch": 10}
{"loss": 2.2205705642700195, "acc": 0.23759791254997253, "length": 3.9060051441192627, "mode": "test", "epoch": 10}
{"loss": 2.040952444076538, "acc": 0.2938401699066162, "length": 3.8477842807769775, "mode": "train", "epoch": 11}
{"loss": 2.2011914253234863, "acc": 0.24281984567642212, "length": 3.87467360496521, "mode": "test", "epoch": 11}
{"loss": 1.995473861694336, "acc": 0.30236491560935974, "length": 3.8190038204193115, "mode": "train", "epoch": 12}
{"loss": 2.1740169525146484, "acc": 0.2532637119293213, "length": 3.8590078353881836, "mode": "test", "epoch": 12}
{"loss": 1.9648363590240479, "acc": 0.30470362305641174, "length": 3.7954037189483643, "mode": "train", "epoch": 13}
{"loss": 2.0897741317749023, "acc": 0.2793733775615692, "length": 3.851174831390381, "mode": "test", "epoch": 13}
{"loss": 1.924156665802002, "acc": 0.3125149607658386, "length": 3.790398359298706, "mode": "train", "epoch": 14}
{"loss": 2.045710325241089, "acc": 0.2872062623500824, "length": 4.0, "mode": "test", "epoch": 14}
{"loss": 1.9045971632003784, "acc": 0.3116234540939331, "length": 3.784475564956665, "mode": "train", "epoch": 15}
{"loss": 2.0558342933654785, "acc": 0.3185378611087799, "length": 4.0, "mode": "test", "epoch": 15}
{"loss": 1.8579908609390259, "acc": 0.34052810072898865, "length": 3.777554988861084, "mode": "train", "epoch": 16}
{"loss": 2.0252394676208496, "acc": 0.29503917694091797, "length": 4.0, "mode": "test", "epoch": 16}
{"loss": 1.804879903793335, "acc": 0.3609255850315094, "length": 3.8261117935180664, "mode": "train", "epoch": 17}
{"loss": 1.8853987455368042, "acc": 0.36553525924682617, "length": 4.0, "mode": "test", "epoch": 17}
{"loss": 1.740705966949463, "acc": 0.37520426511764526, "length": 3.904656171798706, "mode": "train", "epoch": 18}
{"loss": 1.8167712688446045, "acc": 0.3864229619503021, "length": 4.0, "mode": "test", "epoch": 18}
{"loss": 1.710710883140564, "acc": 0.40744826197624207, "length": 3.939546823501587, "mode": "train", "epoch": 19}
{"loss": 1.8019495010375977, "acc": 0.4020887613296509, "length": 4.0, "mode": "test", "epoch": 19}
{"loss": 1.6891006231307983, "acc": 0.4150857925415039, "length": 3.945314645767212, "mode": "train", "epoch": 20}
{"loss": 1.7655675411224365, "acc": 0.3916448950767517, "length": 4.0, "mode": "test", "epoch": 20}
{"loss": 1.6597009897232056, "acc": 0.4095892012119293, "length": 3.9393765926361084, "mode": "train", "epoch": 21}
{"loss": 1.781511664390564, "acc": 0.3942558765411377, "length": 4.0, "mode": "test", "epoch": 21}
{"loss": 1.6447628736495972, "acc": 0.43774181604385376, "length": 3.941169023513794, "mode": "train", "epoch": 22}
{"loss": 1.7542893886566162, "acc": 0.41775456070899963, "length": 4.0, "mode": "test", "epoch": 22}
{"loss": 1.6135554313659668, "acc": 0.43787166476249695, "length": 3.934831380844116, "mode": "train", "epoch": 23}
{"loss": 1.7256487607955933, "acc": 0.41253262758255005, "length": 4.0, "mode": "test", "epoch": 23}
{"loss": 1.588760495185852, "acc": 0.43826550245285034, "length": 3.941345691680908, "mode": "train", "epoch": 24}
{"loss": 1.6403260231018066, "acc": 0.4725848436355591, "length": 4.0, "mode": "test", "epoch": 24}
{"loss": 1.52215576171875, "acc": 0.4598050117492676, "length": 3.9479219913482666, "mode": "train", "epoch": 25}
{"loss": 1.648863673210144, "acc": 0.45169714093208313, "length": 4.0, "mode": "test", "epoch": 25}
{"loss": 1.5021088123321533, "acc": 0.47206568717956543, "length": 3.9441587924957275, "mode": "train", "epoch": 26}
{"loss": 1.6308977603912354, "acc": 0.4647519588470459, "length": 4.0, "mode": "test", "epoch": 26}
{"loss": 1.4614776372909546, "acc": 0.5000516772270203, "length": 3.9507367610931396, "mode": "train", "epoch": 27}
{"loss": 1.5635855197906494, "acc": 0.48041775822639465, "length": 4.0, "mode": "test", "epoch": 27}
{"loss": 1.4510780572891235, "acc": 0.49610722064971924, "length": 3.9569499492645264, "mode": "train", "epoch": 28}
{"loss": 1.5022573471069336, "acc": 0.498694509267807, "length": 4.0, "mode": "test", "epoch": 28}
{"loss": 1.4018207788467407, "acc": 0.509289562702179, "length": 3.95487642288208, "mode": "train", "epoch": 29}
{"loss": 1.4540622234344482, "acc": 0.5013054609298706, "length": 4.0, "mode": "test", "epoch": 29}
{"loss": 1.3650294542312622, "acc": 0.5207304954528809, "length": 3.9718754291534424, "mode": "train", "epoch": 30}
{"loss": 1.421541690826416, "acc": 0.5039164423942566, "length": 4.0, "mode": "test", "epoch": 30}
{"loss": 1.3266527652740479, "acc": 0.5330311059951782, "length": 3.9815173149108887, "mode": "train", "epoch": 31}
{"loss": 1.3852729797363281, "acc": 0.5326370596885681, "length": 4.0, "mode": "test", "epoch": 31}
{"loss": 1.2783122062683105, "acc": 0.5418261885643005, "length": 3.9841196537017822, "mode": "train", "epoch": 32}
{"loss": 1.3891346454620361, "acc": 0.5169712901115417, "length": 4.0, "mode": "test", "epoch": 32}
{"loss": 1.2607775926589966, "acc": 0.5584881901741028, "length": 3.9813828468322754, "mode": "train", "epoch": 33}
{"loss": 1.3613286018371582, "acc": 0.5561357736587524, "length": 4.0, "mode": "test", "epoch": 33}
{"loss": 1.2075153589248657, "acc": 0.570935070514679, "length": 3.989297389984131, "mode": "train", "epoch": 34}
{"loss": 1.3047187328338623, "acc": 0.5483028888702393, "length": 4.0, "mode": "test", "epoch": 34}
{"loss": 1.174044132232666, "acc": 0.5784766674041748, "length": 3.991246223449707, "mode": "train", "epoch": 35}
{"loss": 1.3087341785430908, "acc": 0.5796344876289368, "length": 4.0, "mode": "test", "epoch": 35}
{"loss": 1.126752495765686, "acc": 0.6106861233711243, "length": 3.9912829399108887, "mode": "train", "epoch": 36}
{"loss": 1.3008813858032227, "acc": 0.5456919074058533, "length": 4.0, "mode": "test", "epoch": 36}
{"loss": 1.151702642440796, "acc": 0.6136603355407715, "length": 3.998318910598755, "mode": "train", "epoch": 37}
{"loss": 1.2329738140106201, "acc": 0.5639686584472656, "length": 4.0, "mode": "test", "epoch": 37}
{"loss": 1.1318833827972412, "acc": 0.6181228756904602, "length": 3.996251344680786, "mode": "train", "epoch": 38}
{"loss": 1.1807847023010254, "acc": 0.584856390953064, "length": 4.0, "mode": "test", "epoch": 38}
{"loss": 1.0863213539123535, "acc": 0.6198155879974365, "length": 3.996591329574585, "mode": "train", "epoch": 39}
{"loss": 1.215320110321045, "acc": 0.5770235061645508, "length": 4.0, "mode": "test", "epoch": 39}
{"loss": 1.0520656108856201, "acc": 0.6380632519721985, "length": 3.9984841346740723, "mode": "train", "epoch": 40}
{"loss": 1.2252345085144043, "acc": 0.582245409488678, "length": 4.0, "mode": "test", "epoch": 40}
{"loss": 1.0411300659179688, "acc": 0.6226335763931274, "length": 3.9971115589141846, "mode": "train", "epoch": 41}
{"loss": 1.1812152862548828, "acc": 0.6057441234588623, "length": 4.0, "mode": "test", "epoch": 41}
{"loss": 0.9906853437423706, "acc": 0.6634228825569153, "length": 3.998091459274292, "mode": "train", "epoch": 42}
{"loss": 1.1436858177185059, "acc": 0.6031331419944763, "length": 4.0, "mode": "test", "epoch": 42}
{"loss": 0.9679296612739563, "acc": 0.6634131073951721, "length": 3.99668288230896, "mode": "train", "epoch": 43}
{"loss": 1.1182314157485962, "acc": 0.6005222201347351, "length": 4.0, "mode": "test", "epoch": 43}
{"loss": 0.9816897511482239, "acc": 0.672173798084259, "length": 3.997870683670044, "mode": "train", "epoch": 44}
{"loss": 1.0737919807434082, "acc": 0.650130569934845, "length": 4.0, "mode": "test", "epoch": 44}
{"loss": 0.9592766165733337, "acc": 0.6748051643371582, "length": 3.9971699714660645, "mode": "train", "epoch": 45}
{"loss": 1.2297974824905396, "acc": 0.5953002572059631, "length": 4.0, "mode": "test", "epoch": 45}
{"loss": 0.9231179356575012, "acc": 0.7009575366973877, "length": 3.9996156692504883, "mode": "train", "epoch": 46}
{"loss": 1.132258653640747, "acc": 0.6292428374290466, "length": 4.0, "mode": "test", "epoch": 46}
{"loss": 0.9134018421173096, "acc": 0.687059760093689, "length": 3.9966800212860107, "mode": "train", "epoch": 47}
{"loss": 1.0983012914657593, "acc": 0.6187989711761475, "length": 4.0, "mode": "test", "epoch": 47}
{"loss": 0.9089401960372925, "acc": 0.6903185248374939, "length": 3.994830369949341, "mode": "train", "epoch": 48}
{"loss": 1.0218127965927124, "acc": 0.6762402057647705, "length": 4.0, "mode": "test", "epoch": 48}
{"loss": 0.8962854743003845, "acc": 0.697471022605896, "length": 3.9986250400543213, "mode": "train", "epoch": 49}
{"loss": 0.9958251714706421, "acc": 0.6710183024406433, "length": 4.0, "mode": "test", "epoch": 49}
{"loss": 0.8609703779220581, "acc": 0.7271249294281006, "length": 3.997509717941284, "mode": "train", "epoch": 50}
{"loss": 0.9690031409263611, "acc": 0.6997389197349548, "length": 4.0, "mode": "test", "epoch": 50}
{"loss": 0.7899752259254456, "acc": 0.7471633553504944, "length": 3.999842882156372, "mode": "train", "epoch": 51}
{"loss": 0.9692594408988953, "acc": 0.6892950534820557, "length": 4.0, "mode": "test", "epoch": 51}
{"loss": 0.8327718377113342, "acc": 0.7382464408874512, "length": 3.996804714202881, "mode": "train", "epoch": 52}
{"loss": 0.97357577085495, "acc": 0.707571804523468, "length": 4.0, "mode": "test", "epoch": 52}
{"loss": 0.7889683246612549, "acc": 0.7471773624420166, "length": 3.999880313873291, "mode": "train", "epoch": 53}
{"loss": 0.9901227951049805, "acc": 0.704960823059082, "length": 4.0, "mode": "test", "epoch": 53}
{"loss": 0.8033641576766968, "acc": 0.7391793131828308, "length": 3.9970664978027344, "mode": "train", "epoch": 54}
{"loss": 0.9414019584655762, "acc": 0.702349841594696, "length": 4.0, "mode": "test", "epoch": 54}
{"loss": 0.7896648049354553, "acc": 0.7619878053665161, "length": 3.99973726272583, "mode": "train", "epoch": 55}
{"loss": 1.020883560180664, "acc": 0.6684073209762573, "length": 4.0, "mode": "test", "epoch": 55}
{"loss": 0.796678364276886, "acc": 0.7444892525672913, "length": 3.999854326248169, "mode": "train", "epoch": 56}
{"loss": 0.9751536846160889, "acc": 0.6945169568061829, "length": 4.0, "mode": "test", "epoch": 56}
{"loss": 0.7870717644691467, "acc": 0.7637303471565247, "length": 3.9999778270721436, "mode": "train", "epoch": 57}
{"loss": 0.8609082102775574, "acc": 0.7310705184936523, "length": 4.0, "mode": "test", "epoch": 57}
{"loss": 0.7397353053092957, "acc": 0.7724498510360718, "length": 3.9985883235931396, "mode": "train", "epoch": 58}
{"loss": 0.9048969745635986, "acc": 0.7154046893119812, "length": 4.0, "mode": "test", "epoch": 58}
{"loss": 0.7409096360206604, "acc": 0.7637240290641785, "length": 3.9984846115112305, "mode": "train", "epoch": 59}
{"loss": 0.984740674495697, "acc": 0.707571804523468, "length": 4.0, "mode": "test", "epoch": 59}
{"loss": 0.7350446581840515, "acc": 0.7707748413085938, "length": 3.9957258701324463, "mode": "train", "epoch": 60}
{"loss": 0.9103996753692627, "acc": 0.7206266522407532, "length": 4.0, "mode": "test", "epoch": 60}
test accuracy: 0.4128205180168152
