# ["--data_set_name=dim[4, 4, 4]_dist10-0_scale10_upsampleTrue_balancedFalse.ds", "--n_epochs=60", "--batch_size=64", "--learning_rate=0.0005", "--hidden_size=128", "--temperature=1.5", "--temp_update=0.99", "--length_cost=0.0", "--vocab_size_factor=3"]
data loaded from: ../zoo/intentional_game/data/dim[4, 4, 4]_dist10-0_scale10_upsampleTrue_balancedFalse.ds

opts
 Namespace(batch_size=64, checkpoint_dir=None, checkpoint_freq=0, cuda=True, data_set_name='dim[4, 4, 4]_dist10-0_scale10_upsampleTrue_balancedFalse.ds', device=device(type='cuda'), distributed_context=DistributedContext(is_distributed=False, rank=0, local_rank=0, world_size=1, mode='none'), distributed_port=18363, fp16=False, hidden_size=128, learning_rate=0.0005, length_cost=0.0, load_from_checkpoint=None, lr=0.01, max_len=1, mode='gs', n_epochs=60, no_cuda=False, optimizer='adam', preemptable=False, random_seed=696766348, receiver_cell='gru', save_interaction_freq=0, sender_cell='gru', temp_update=0.99, temperature=1.5, tensorboard=False, tensorboard_dir='runs/', update_freq=1, validation_freq=1, vocab_size=10, vocab_size_factor=3)
{"loss": 2.4080326557159424, "acc": 0.0829533189535141, "length": 3.6072897911071777, "mode": "train", "epoch": 1}
{"loss": 2.3944084644317627, "acc": 0.08355091512203217, "length": 1.062663197517395, "mode": "test", "epoch": 1}
{"loss": 2.3982415199279785, "acc": 0.07805632799863815, "length": 3.5735559463500977, "mode": "train", "epoch": 2}
{"loss": 2.391378879547119, "acc": 0.0704960823059082, "length": 1.114882469177246, "mode": "test", "epoch": 2}
{"loss": 2.396510601043701, "acc": 0.0898476243019104, "length": 3.5152523517608643, "mode": "train", "epoch": 3}
{"loss": 2.3938093185424805, "acc": 0.09660574048757553, "length": 1.044386386871338, "mode": "test", "epoch": 3}
{"loss": 2.391071081161499, "acc": 0.09423310309648514, "length": 3.260127305984497, "mode": "train", "epoch": 4}
{"loss": 2.383481025695801, "acc": 0.1096605733036995, "length": 1.3133158683776855, "mode": "test", "epoch": 4}
{"loss": 2.3743669986724854, "acc": 0.09753776341676712, "length": 3.0993900299072266, "mode": "train", "epoch": 5}
{"loss": 2.3296096324920654, "acc": 0.12793733179569244, "length": 3.8041775226593018, "mode": "test", "epoch": 5}
{"loss": 2.3247010707855225, "acc": 0.13591718673706055, "length": 3.429440498352051, "mode": "train", "epoch": 6}
{"loss": 2.2765214443206787, "acc": 0.14882506430149078, "length": 4.0, "mode": "test", "epoch": 6}
{"loss": 2.275102376937866, "acc": 0.15838254988193512, "length": 3.8052515983581543, "mode": "train", "epoch": 7}
{"loss": 2.30066180229187, "acc": 0.16971279680728912, "length": 4.0, "mode": "test", "epoch": 7}
{"loss": 2.258896827697754, "acc": 0.1594560146331787, "length": 3.844228506088257, "mode": "train", "epoch": 8}
{"loss": 2.272932767868042, "acc": 0.18276762962341309, "length": 4.0, "mode": "test", "epoch": 8}
{"loss": 2.252753257751465, "acc": 0.1525440812110901, "length": 3.8365437984466553, "mode": "train", "epoch": 9}
{"loss": 2.237614870071411, "acc": 0.18276762962341309, "length": 4.0, "mode": "test", "epoch": 9}
{"loss": 2.2406973838806152, "acc": 0.16506728529930115, "length": 3.8594162464141846, "mode": "train", "epoch": 10}
{"loss": 2.2289538383483887, "acc": 0.19321148097515106, "length": 4.0, "mode": "test", "epoch": 10}
{"loss": 2.230222463607788, "acc": 0.17028726637363434, "length": 3.849837064743042, "mode": "train", "epoch": 11}
{"loss": 2.210163116455078, "acc": 0.20365534722805023, "length": 4.0, "mode": "test", "epoch": 11}
{"loss": 2.2013020515441895, "acc": 0.1803857386112213, "length": 3.866821765899658, "mode": "train", "epoch": 12}
{"loss": 2.1804757118225098, "acc": 0.19843341410160065, "length": 4.0, "mode": "test", "epoch": 12}
{"loss": 2.1542277336120605, "acc": 0.21695177257061005, "length": 3.8668551445007324, "mode": "train", "epoch": 13}
{"loss": 2.104168653488159, "acc": 0.23759791254997253, "length": 4.0, "mode": "test", "epoch": 13}
{"loss": 2.0757884979248047, "acc": 0.2574779689311981, "length": 3.878281354904175, "mode": "train", "epoch": 14}
{"loss": 2.0835776329040527, "acc": 0.2506527304649353, "length": 4.0, "mode": "test", "epoch": 14}
{"loss": 1.9799902439117432, "acc": 0.2988602817058563, "length": 3.8710567951202393, "mode": "train", "epoch": 15}
{"loss": 2.026879072189331, "acc": 0.26631852984428406, "length": 4.0, "mode": "test", "epoch": 15}
{"loss": 1.9115028381347656, "acc": 0.307826966047287, "length": 3.8516335487365723, "mode": "train", "epoch": 16}
{"loss": 2.059445858001709, "acc": 0.2767623960971832, "length": 4.0, "mode": "test", "epoch": 16}
{"loss": 1.866036057472229, "acc": 0.3266221582889557, "length": 3.8491952419281006, "mode": "train", "epoch": 17}
{"loss": 1.9938472509384155, "acc": 0.2872062623500824, "length": 4.0, "mode": "test", "epoch": 17}
{"loss": 1.8381296396255493, "acc": 0.33629703521728516, "length": 3.797163248062134, "mode": "train", "epoch": 18}
{"loss": 2.031055450439453, "acc": 0.2845953106880188, "length": 3.9373369216918945, "mode": "test", "epoch": 18}
{"loss": 1.8005062341690063, "acc": 0.3593558669090271, "length": 3.7817490100860596, "mode": "train", "epoch": 19}
{"loss": 2.0019993782043457, "acc": 0.352480411529541, "length": 3.877284526824951, "mode": "test", "epoch": 19}
{"loss": 1.7697819471359253, "acc": 0.37078580260276794, "length": 3.7188069820404053, "mode": "train", "epoch": 20}
{"loss": 1.9079291820526123, "acc": 0.37597912549972534, "length": 3.853785991668701, "mode": "test", "epoch": 20}
{"loss": 1.6813939809799194, "acc": 0.40736937522888184, "length": 3.759364604949951, "mode": "train", "epoch": 21}
{"loss": 1.7931175231933594, "acc": 0.3838120102882385, "length": 3.9242820739746094, "mode": "test", "epoch": 21}
{"loss": 1.6178702116012573, "acc": 0.42634060978889465, "length": 3.798283338546753, "mode": "train", "epoch": 22}
{"loss": 1.811046838760376, "acc": 0.41775456070899963, "length": 3.9947781562805176, "mode": "test", "epoch": 22}
{"loss": 1.574577808380127, "acc": 0.45242297649383545, "length": 3.817673683166504, "mode": "train", "epoch": 23}
{"loss": 1.7377036809921265, "acc": 0.3838120102882385, "length": 3.986945152282715, "mode": "test", "epoch": 23}
{"loss": 1.537348747253418, "acc": 0.4550963342189789, "length": 3.8354687690734863, "mode": "train", "epoch": 24}
{"loss": 1.68894362449646, "acc": 0.40992167592048645, "length": 3.9921669960021973, "mode": "test", "epoch": 24}
{"loss": 1.4894115924835205, "acc": 0.4660162925720215, "length": 3.8396687507629395, "mode": "train", "epoch": 25}
{"loss": 1.6426112651824951, "acc": 0.44386422634124756, "length": 3.997389078140259, "mode": "test", "epoch": 25}
{"loss": 1.4484726190567017, "acc": 0.4871358573436737, "length": 3.849175214767456, "mode": "train", "epoch": 26}
{"loss": 1.5438084602355957, "acc": 0.4595300257205963, "length": 3.9712793827056885, "mode": "test", "epoch": 26}
{"loss": 1.3803865909576416, "acc": 0.5029706358909607, "length": 3.858098268508911, "mode": "train", "epoch": 27}
{"loss": 1.5626516342163086, "acc": 0.48563969135284424, "length": 3.9738903045654297, "mode": "test", "epoch": 27}
{"loss": 1.3622114658355713, "acc": 0.5227984189987183, "length": 3.880850076675415, "mode": "train", "epoch": 28}
{"loss": 1.477799892425537, "acc": 0.47780677676200867, "length": 3.945169687271118, "mode": "test", "epoch": 28}
{"loss": 1.311991572380066, "acc": 0.5530073046684265, "length": 3.868471384048462, "mode": "train", "epoch": 29}
{"loss": 1.4240870475769043, "acc": 0.5091384053230286, "length": 3.9138381481170654, "mode": "test", "epoch": 29}
{"loss": 1.271933913230896, "acc": 0.5550840497016907, "length": 3.8620657920837402, "mode": "train", "epoch": 30}
{"loss": 1.4566922187805176, "acc": 0.4908616244792938, "length": 3.9268929958343506, "mode": "test", "epoch": 30}
{"loss": 1.2583850622177124, "acc": 0.5694978833198547, "length": 3.8563034534454346, "mode": "train", "epoch": 31}
{"loss": 1.4170658588409424, "acc": 0.5274151563644409, "length": 3.8903393745422363, "mode": "test", "epoch": 31}
{"loss": 1.2373067140579224, "acc": 0.5756815075874329, "length": 3.849799633026123, "mode": "train", "epoch": 32}
{"loss": 1.371010184288025, "acc": 0.5665796399116516, "length": 3.8903393745422363, "mode": "test", "epoch": 32}
{"loss": 1.2239272594451904, "acc": 0.5831717848777771, "length": 3.814646005630493, "mode": "train", "epoch": 33}
{"loss": 1.3233649730682373, "acc": 0.5613576769828796, "length": 3.8590078353881836, "mode": "test", "epoch": 33}
{"loss": 1.177891731262207, "acc": 0.6144099235534668, "length": 3.823157548904419, "mode": "train", "epoch": 34}
{"loss": 1.2687547206878662, "acc": 0.6005222201347351, "length": 3.8590078353881836, "mode": "test", "epoch": 34}
{"loss": 1.1279360055923462, "acc": 0.6511524319648743, "length": 3.798515558242798, "mode": "train", "epoch": 35}
{"loss": 1.232858657836914, "acc": 0.6005222201347351, "length": 3.8590078353881836, "mode": "test", "epoch": 35}
{"loss": 1.0873184204101562, "acc": 0.6599829792976379, "length": 3.7761640548706055, "mode": "train", "epoch": 36}
{"loss": 1.16559636592865, "acc": 0.642297625541687, "length": 3.751958131790161, "mode": "test", "epoch": 36}
{"loss": 1.0443134307861328, "acc": 0.6822117567062378, "length": 3.752981662750244, "mode": "train", "epoch": 37}
{"loss": 1.1783130168914795, "acc": 0.6083551049232483, "length": 3.8146214485168457, "mode": "test", "epoch": 37}
{"loss": 1.0051798820495605, "acc": 0.7038300037384033, "length": 3.7588388919830322, "mode": "train", "epoch": 38}
{"loss": 1.1470059156417847, "acc": 0.6344647407531738, "length": 3.793733596801758, "mode": "test", "epoch": 38}
{"loss": 0.9910823106765747, "acc": 0.704491376876831, "length": 3.781062364578247, "mode": "train", "epoch": 39}
{"loss": 1.133060336112976, "acc": 0.6266318559646606, "length": 3.8015666007995605, "mode": "test", "epoch": 39}
{"loss": 0.9487131834030151, "acc": 0.7263384461402893, "length": 3.7546634674072266, "mode": "train", "epoch": 40}
{"loss": 1.0857529640197754, "acc": 0.6579634547233582, "length": 3.759791135787964, "mode": "test", "epoch": 40}
{"loss": 0.917174756526947, "acc": 0.7160314917564392, "length": 3.7576048374176025, "mode": "train", "epoch": 41}
{"loss": 1.0647872686386108, "acc": 0.6631853580474854, "length": 3.7545692920684814, "mode": "test", "epoch": 41}
{"loss": 0.8847296833992004, "acc": 0.7354541420936584, "length": 3.7569432258605957, "mode": "train", "epoch": 42}
{"loss": 1.0219576358795166, "acc": 0.6736292243003845, "length": 3.7206265926361084, "mode": "test", "epoch": 42}
{"loss": 0.8744304776191711, "acc": 0.7302767038345337, "length": 3.738767385482788, "mode": "train", "epoch": 43}
{"loss": 0.9973982572555542, "acc": 0.6788511872291565, "length": 3.7362923622131348, "mode": "test", "epoch": 43}
{"loss": 0.8074213266372681, "acc": 0.7673366665840149, "length": 3.7707386016845703, "mode": "train", "epoch": 44}
{"loss": 1.0181188583374023, "acc": 0.6710183024406433, "length": 3.7806787490844727, "mode": "test", "epoch": 44}
{"loss": 0.7745154500007629, "acc": 0.777305006980896, "length": 3.7738239765167236, "mode": "train", "epoch": 45}
{"loss": 0.9535207748413086, "acc": 0.7127937078475952, "length": 3.7545692920684814, "mode": "test", "epoch": 45}
{"loss": 0.7576829791069031, "acc": 0.7890780568122864, "length": 3.740997552871704, "mode": "train", "epoch": 46}
{"loss": 0.9462336301803589, "acc": 0.702349841594696, "length": 3.7545692920684814, "mode": "test", "epoch": 46}
{"loss": 0.7306203842163086, "acc": 0.7943918704986572, "length": 3.756542205810547, "mode": "train", "epoch": 47}
{"loss": 0.9071164131164551, "acc": 0.7310705184936523, "length": 3.7206265926361084, "mode": "test", "epoch": 47}
{"loss": 0.6933236718177795, "acc": 0.8015702962875366, "length": 3.7722458839416504, "mode": "train", "epoch": 48}
{"loss": 0.8382014632225037, "acc": 0.7389034032821655, "length": 3.7989556789398193, "mode": "test", "epoch": 48}
{"loss": 0.6557243466377258, "acc": 0.8257230520248413, "length": 3.7756502628326416, "mode": "train", "epoch": 49}
{"loss": 0.7981513738632202, "acc": 0.770235002040863, "length": 3.8041775226593018, "mode": "test", "epoch": 49}
{"loss": 0.6317540407180786, "acc": 0.8190427422523499, "length": 3.7944064140319824, "mode": "train", "epoch": 50}
{"loss": 0.7919673323631287, "acc": 0.767624020576477, "length": 3.840731143951416, "mode": "test", "epoch": 50}
{"loss": 0.6030252575874329, "acc": 0.8263586759567261, "length": 3.8121254444122314, "mode": "train", "epoch": 51}
{"loss": 0.7762273550033569, "acc": 0.7754569053649902, "length": 3.8328981399536133, "mode": "test", "epoch": 51}
{"loss": 0.5828877091407776, "acc": 0.8407297730445862, "length": 3.775214910507202, "mode": "train", "epoch": 52}
{"loss": 0.7309720516204834, "acc": 0.7885117530822754, "length": 3.8250653743743896, "mode": "test", "epoch": 52}
{"loss": 0.5588930249214172, "acc": 0.8434250950813293, "length": 3.8021240234375, "mode": "train", "epoch": 53}
{"loss": 0.6877249479293823, "acc": 0.8015666007995605, "length": 3.838120222091675, "mode": "test", "epoch": 53}
{"loss": 0.5292644500732422, "acc": 0.8453915119171143, "length": 3.7996931076049805, "mode": "train", "epoch": 54}
{"loss": 0.6769210696220398, "acc": 0.8276762366294861, "length": 3.838120222091675, "mode": "test", "epoch": 54}
{"loss": 0.5018709301948547, "acc": 0.8597273230552673, "length": 3.7865729331970215, "mode": "train", "epoch": 55}
{"loss": 0.7154989242553711, "acc": 0.8093994855880737, "length": 3.8224542140960693, "mode": "test", "epoch": 55}
{"loss": 0.5261345505714417, "acc": 0.8505219221115112, "length": 3.7697913646698, "mode": "train", "epoch": 56}
{"loss": 0.6656990051269531, "acc": 0.8146213889122009, "length": 3.819843292236328, "mode": "test", "epoch": 56}
{"loss": 0.5039017796516418, "acc": 0.8520762920379639, "length": 3.8025193214416504, "mode": "train", "epoch": 57}
{"loss": 0.6978132128715515, "acc": 0.8093994855880737, "length": 3.8224542140960693, "mode": "test", "epoch": 57}
{"loss": 0.4747985303401947, "acc": 0.8638886213302612, "length": 3.7869369983673096, "mode": "train", "epoch": 58}
{"loss": 0.6726951003074646, "acc": 0.8198433518409729, "length": 3.8120105266571045, "mode": "test", "epoch": 58}
{"loss": 0.43747755885124207, "acc": 0.8790300488471985, "length": 3.766432523727417, "mode": "train", "epoch": 59}
{"loss": 0.6519263982772827, "acc": 0.8172323703765869, "length": 3.8224542140960693, "mode": "test", "epoch": 59}
{"loss": 0.4510570764541626, "acc": 0.8747861385345459, "length": 3.7770087718963623, "mode": "train", "epoch": 60}
{"loss": 0.6000908613204956, "acc": 0.8407310843467712, "length": 3.8146214485168457, "mode": "test", "epoch": 60}
test accuracy: 0.48974359035491943
